

================================================================
== Synthesis Summary Report of 'BackGrRemovalStream'
================================================================
+ General Information: 
    * Date:           Wed Oct 29 16:03:33 2025
    * Version:        2023.1 (Build 3854077 on May  4 2023)
    * Project:        BaGrRe_AXIs
    * Solution:       solution1 (Vivado IP Flow Target)
    * Product family: zynq
    * Target device:  xc7z020-clg484-1
    

+ Performance & Resource Estimates: 
    
    PS: '+' for module; 'o' for loop; '*' for dataflow
    +------------------------+------+------+---------+-----------+----------+---------+-------+----------+---------+----+-----------+-----------+-----+
    |         Modules        | Issue|      | Latency |  Latency  | Iteration|         |  Trip |          |         |    |           |           |     |
    |         & Loops        | Type | Slack| (cycles)|    (ns)   |  Latency | Interval| Count | Pipelined|  BRAM   | DSP|     FF    |    LUT    | URAM|
    +------------------------+------+------+---------+-----------+----------+---------+-------+----------+---------+----+-----------+-----------+-----+
    |+ BackGrRemovalStream*  |     -|  0.23|    76825|  7.682e+05|         -|    76826|      -|  dataflow|  10 (3%)|   -|  3674 (3%)|  3433 (6%)|    -|
    | + Loop_row_loop_proc1  |     -|  0.23|    76825|  7.682e+05|         -|    76825|      -|        no|  10 (3%)|   -|  3674 (3%)|  3433 (6%)|    -|
    |  o row_loop_col_loop   |     -|  7.30|    76823|  7.682e+05|        25|        1|  76800|  yes(flp)|        -|   -|          -|          -|    -|
    +------------------------+------+------+---------+-----------+----------+---------+-------+----------+---------+----+-----------+-----------+-----+


================================================================
== HW Interfaces
================================================================
* AXIS
+---------------+-----------+---------------+-------+-------+-----+-------+-------+--------+-------+-------+--------+
| Interface     | Direction | Register Mode | TDATA | TDEST | TID | TKEEP | TLAST | TREADY | TSTRB | TUSER | TVALID |
+---------------+-----------+---------------+-------+-------+-----+-------+-------+--------+-------+-------+--------+
| input_stream  | in        | both          | 24    | 1     | 1   | 3     | 1     | 1      | 3     | 1     | 1      |
| output_stream | out       | both          | 24    | 1     | 1   | 3     | 1     | 1      | 3     | 1     | 1      |
+---------------+-----------+---------------+-------+-------+-----+-------+-------+--------+-------+-------+--------+

* TOP LEVEL CONTROL
+-----------+--------------+----------+
| Interface | Type         | Ports    |
+-----------+--------------+----------+
| ap_clk    | clock        | ap_clk   |
| ap_rst_n  | reset        | ap_rst_n |
| ap_ctrl   | ap_ctrl_none |          |
+-----------+--------------+----------+


================================================================
== SW I/O Information
================================================================
* Top Function Arguments
+---------------+-----------+---------------------------------------------+
| Argument      | Direction | Datatype                                    |
+---------------+-----------+---------------------------------------------+
| input_stream  | in        | stream<hls::axis<ap_uint<24>, 1, 1, 1>, 0>& |
| output_stream | out       | stream<hls::axis<ap_uint<24>, 1, 1, 1>, 0>& |
+---------------+-----------+---------------------------------------------+

* SW-to-HW Mapping
+---------------+---------------+-----------+
| Argument      | HW Interface  | HW Type   |
+---------------+---------------+-----------+
| input_stream  | input_stream  | interface |
| output_stream | output_stream | interface |
+---------------+---------------+-----------+


================================================================
== Bind Op Report
================================================================
+--------------------------+-----+--------+------------+-----+--------+---------+
| Name                     | DSP | Pragma | Variable   | Op  | Impl   | Latency |
+--------------------------+-----+--------+------------+-----+--------+---------+
| + BackGrRemovalStream    | 0   |        |            |     |        |         |
|  + Loop_row_loop_proc1   | 0   |        |            |     |        |         |
|    yy_fu_892_p2          | -   |        | yy         | add | fabric | 0       |
|    yy_1_fu_904_p2        | -   |        | yy_1       | add | fabric | 0       |
|    yy_2_fu_916_p2        | -   |        | yy_2       | add | fabric | 0       |
|    yy_3_fu_928_p2        | -   |        | yy_3       | add | fabric | 0       |
|    yy_4_fu_940_p2        | -   |        | yy_4       | add | fabric | 0       |
|    y_fu_952_p2           | -   |        | y          | add | fabric | 0       |
|    yy_7_fu_964_p2        | -   |        | yy_7       | add | fabric | 0       |
|    yy_8_fu_976_p2        | -   |        | yy_8       | add | fabric | 0       |
|    yy_9_fu_988_p2        | -   |        | yy_9       | add | fabric | 0       |
|    yy_10_fu_1000_p2      | -   |        | yy_10      | add | fabric | 0       |
|    add_ln23_fu_463_p2    | -   |        | add_ln23   | add | fabric | 0       |
|    yy_mid1_fu_1037_p2    | -   |        | yy_mid1    | add | fabric | 0       |
|    yy_1_mid1_fu_1049_p2  | -   |        | yy_1_mid1  | add | fabric | 0       |
|    yy_2_mid1_fu_1068_p2  | -   |        | yy_2_mid1  | add | fabric | 0       |
|    yy_3_mid1_fu_1087_p2  | -   |        | yy_3_mid1  | add | fabric | 0       |
|    yy_4_mid1_fu_1106_p2  | -   |        | yy_4_mid1  | add | fabric | 0       |
|    yy_10_mid1_fu_1153_p2 | -   |        | yy_10_mid1 | add | fabric | 0       |
|    diff_fu_601_p2        | -   |        | diff       | sub | fabric | 0       |
|    sub_ln42_fu_629_p2    | -   |        | sub_ln42   | sub | fabric | 0       |
|    sub_ln44_fu_686_p2    | -   |        | sub_ln44   | sub | fabric | 0       |
|    tmp_2_fu_1517_p2      | -   |        | tmp_2      | add | fabric | 0       |
|    sub_ln43_fu_738_p2    | -   |        | sub_ln43   | sub | fabric | 0       |
|    tmp_1_fu_1527_p2      | -   |        | tmp_1      | add | fabric | 0       |
|    add_ln46_fu_1545_p2   | -   |        | add_ln46   | add | fabric | 0       |
|    total_2_fu_1262_p2    | -   |        | total_2    | add | fabric | 0       |
|    count_5_fu_1268_p2    | -   |        | count_5    | add | fabric | 0       |
|    total_4_fu_1322_p2    | -   |        | total_4    | add | fabric | 0       |
|    count_8_fu_1299_p2    | -   |        | count_8    | add | fabric | 0       |
|    total_6_fu_1335_p2    | -   |        | total_6    | add | fabric | 0       |
|    count_11_fu_1341_p2   | -   |        | count_11   | add | fabric | 0       |
|    count_14_fu_1365_p2   | -   |        | count_14   | add | fabric | 0       |
|    count_16_fu_1391_p2   | -   |        | count_16   | add | fabric | 0       |
|    total_8_fu_1385_p2    | -   |        | total_8    | add | fabric | 0       |
|    total_9_fu_1415_p2    | -   |        | total_9    | add | fabric | 0       |
|    count_19_fu_1421_p2   | -   |        | count_19   | add | fabric | 0       |
|    total_11_fu_1448_p2   | -   |        | total_11   | add | fabric | 0       |
|    count_22_fu_1461_p2   | -   |        | count_22   | add | fabric | 0       |
|    total_13_fu_1478_p2   | -   |        | total_13   | add | fabric | 0       |
|    count_25_fu_1483_p2   | -   |        | count_25   | add | fabric | 0       |
|    total_15_fu_1590_p2   | -   |        | total_15   | add | fabric | 0       |
|    count_28_fu_1585_p2   | -   |        | count_28   | add | fabric | 0       |
|    add_ln72_fu_1626_p2   | -   |        | add_ln72   | add | fabric | 0       |
|    add_ln24_fu_790_p2    | -   |        | add_ln24   | add | fabric | 0       |
+--------------------------+-----+--------+------------+-----+--------+---------+


================================================================
== Bind Storage Report
================================================================
+----------------------------------------------------------------------------------------+------+------+--------+-----------------------------------------------------------------------------------+---------+------+---------+
| Name                                                                                   | BRAM | URAM | Pragma | Variable                                                                          | Storage | Impl | Latency |
+----------------------------------------------------------------------------------------+------+------+--------+-----------------------------------------------------------------------------------+---------+------+---------+
| + BackGrRemovalStream                                                                  | 10   | 0    |        |                                                                                   |         |      |         |
|  + Loop_row_loop_proc1                                                                 | 10   | 0    |        |                                                                                   |         |      |         |
|    BackGrRemovalStream_stream_stream_axis_ap_uint_24_1ul_1ul_1ul_0_h_line_8_U          | 1    | -    |        | BackGrRemovalStream_stream_stream_axis_ap_uint_24_1ul_1ul_1ul_0_h_line_8          | ram_1p  | auto | 1       |
|    BackGrRemovalStream_stream_stream_axis_ap_uint_24_1ul_1ul_1ul_0_h_line_7_U          | 1    | -    |        | BackGrRemovalStream_stream_stream_axis_ap_uint_24_1ul_1ul_1ul_0_h_line_7          | ram_s2p | auto | 1       |
|    BackGrRemovalStream_stream_stream_axis_ap_uint_24_1ul_1ul_1ul_0_h_line_6_U          | 1    | -    |        | BackGrRemovalStream_stream_stream_axis_ap_uint_24_1ul_1ul_1ul_0_h_line_6          | ram_s2p | auto | 1       |
|    BackGrRemovalStream_stream_stream_axis_ap_uint_24_1ul_1ul_1ul_0_h_line_5_U          | 1    | -    |        | BackGrRemovalStream_stream_stream_axis_ap_uint_24_1ul_1ul_1ul_0_h_line_5          | ram_s2p | auto | 1       |
|    BackGrRemovalStream_stream_stream_axis_ap_uint_24_1ul_1ul_1ul_0_h_line_4_U          | 1    | -    |        | BackGrRemovalStream_stream_stream_axis_ap_uint_24_1ul_1ul_1ul_0_h_line_4          | ram_s2p | auto | 1       |
|    BackGrRemovalStream_stream_stream_axis_ap_uint_24_1ul_1ul_1ul_0_h_line_3_U          | 1    | -    |        | BackGrRemovalStream_stream_stream_axis_ap_uint_24_1ul_1ul_1ul_0_h_line_3          | ram_s2p | auto | 1       |
|    BackGrRemovalStream_stream_stream_axis_ap_uint_24_1ul_1ul_1ul_0_h_line_2_U          | 1    | -    |        | BackGrRemovalStream_stream_stream_axis_ap_uint_24_1ul_1ul_1ul_0_h_line_2          | ram_s2p | auto | 1       |
|    BackGrRemovalStream_stream_stream_axis_ap_uint_24_1ul_1ul_1ul_0_h_line_1_U          | 1    | -    |        | BackGrRemovalStream_stream_stream_axis_ap_uint_24_1ul_1ul_1ul_0_h_line_1          | ram_s2p | auto | 1       |
|    BackGrRemovalStream_stream_stream_axis_ap_uint_24_1ul_1ul_1ul_0_h_line_U            | 1    | -    |        | BackGrRemovalStream_stream_stream_axis_ap_uint_24_1ul_1ul_1ul_0_h_line            | ram_s2p | auto | 1       |
|    p_ZZ19BackGrRemovalStreamRN3hls6streamINS_4axisI7ap_uintILi24EELm1ELm1ELm1EEELi0E_U | 1    | -    |        | p_ZZ19BackGrRemovalStreamRN3hls6streamINS_4axisI7ap_uintILi24EELm1ELm1ELm1EEELi0E | ram_s2p | auto | 1       |
+----------------------------------------------------------------------------------------+------+------+--------+-----------------------------------------------------------------------------------+---------+------+---------+


================================================================
== Pragma Report
================================================================
* Pragmas with Warnings
+----------+---------+---------------------------------------------+------------------------------------------------------------------------------------------------------------------------------------------------------------------------------------+
| Type     | Options | Location                                    | Messages                                                                                                                                                                           |
+----------+---------+---------------------------------------------+------------------------------------------------------------------------------------------------------------------------------------------------------------------------------------+
| dataflow |         | BackGrRemoval.cpp:16 in backgrremovalstream | Since the only kind of statements allowed in a canonical dataflow region are variable declarations and function calls, the compiler may not be able to correctly handle the region |
+----------+---------+---------------------------------------------+------------------------------------------------------------------------------------------------------------------------------------------------------------------------------------+

* Valid Pragma Syntax
+-----------------+--------------------------------------+------------------------------------------------------------+
| Type            | Options                              | Location                                                   |
+-----------------+--------------------------------------+------------------------------------------------------------+
| interface       | axis port=input_stream               | BackGrRemoval.cpp:13 in backgrremovalstream, input_stream  |
| interface       | axis port=output_stream              | BackGrRemoval.cpp:14 in backgrremovalstream, output_stream |
| interface       | ap_ctrl_none port=return             | BackGrRemoval.cpp:15 in backgrremovalstream, return        |
| array_partition | variable=h_line complete dim=1       | BackGrRemoval.cpp:20 in backgrremovalstream, h_line        |
| pipeline        | II=1                                 | BackGrRemoval.cpp:25 in backgrremovalstream                |
| unroll          |                                      | BackGrRemoval.cpp:52 in backgrremovalstream                |
| unroll          |                                      | BackGrRemoval.cpp:62 in backgrremovalstream                |
| inline          |                                      | RGB2HSV.cpp:7 in maxof3                                    |
| inline          |                                      | RGB2HSV.cpp:15 in minof3                                   |
| inline          | off                                  | RGB2HSV.cpp:23 in findhsv                                  |
| array_partition | variable=out_s cyclic factor=8 dim=1 | RGB2HSV.cpp:24 in findhsv, out_s                           |
| pipeline        | II=1                                 | RGB2HSV.cpp:30 in findhsv                                  |
| unroll          | factor=4                             | RGB2HSV.cpp:31 in findhsv                                  |
+-----------------+--------------------------------------+------------------------------------------------------------+


