

================================================================
== Vitis HLS Report for 'Loop_row_loop_proc1'
================================================================
* Date:           Wed Oct 22 18:21:26 2025

* Version:        2023.1 (Build 3854077 on May  4 2023)
* Project:        BaGr_Removal_AXIs_ver3
* Solution:       solution1 (Vivado IP Flow Target)
* Product family: zynq
* Target device:  xc7z020-clg484-1


================================================================
== Performance Estimates
================================================================
+ Timing: 
    * Summary: 
    +--------+----------+----------+------------+
    |  Clock |  Target  | Estimated| Uncertainty|
    +--------+----------+----------+------------+
    |ap_clk  |  10.00 ns|  7.074 ns|     2.70 ns|
    +--------+----------+----------+------------+

+ Latency: 
    * Summary: 
    +---------+---------+----------+----------+-------+-------+---------+
    |  Latency (cycles) |  Latency (absolute) |    Interval   | Pipeline|
    |   min   |   max   |    min   |    max   |  min  |  max  |   Type  |
    +---------+---------+----------+----------+-------+-------+---------+
    |    76825|    76825|  0.768 ms|  0.768 ms|  76825|  76825|       no|
    +---------+---------+----------+----------+-------+-------+---------+

    + Detail: 
        * Instance: 
        N/A

        * Loop: 
        +---------------------+---------+---------+----------+-----------+-----------+-------+----------+
        |                     |  Latency (cycles) | Iteration|  Initiation Interval  |  Trip |          |
        |      Loop Name      |   min   |   max   |  Latency |  achieved |   target  | Count | Pipelined|
        +---------------------+---------+---------+----------+-----------+-----------+-------+----------+
        |- row_loop_col_loop  |    76823|    76823|        25|          1|          1|  76800|       yes|
        +---------------------+---------+---------+----------+-----------+-----------+-------+----------+



================================================================
== Utilization Estimates
================================================================
* Summary: 
+-----------------+---------+-----+--------+-------+-----+
|       Name      | BRAM_18K| DSP |   FF   |  LUT  | URAM|
+-----------------+---------+-----+--------+-------+-----+
|DSP              |        -|    -|       -|      -|    -|
|Expression       |        -|    -|       0|   1462|    -|
|FIFO             |        -|    -|       -|      -|    -|
|Instance         |        -|    -|    1905|   1461|    -|
|Memory           |       10|    -|       0|      0|    0|
|Multiplexer      |        -|    -|       -|    122|    -|
|Register         |        -|    -|    2169|    704|    -|
+-----------------+---------+-----+--------+-------+-----+
|Total            |       10|    0|    4074|   3749|    0|
+-----------------+---------+-----+--------+-------+-----+
|Available        |      280|  220|  106400|  53200|    0|
+-----------------+---------+-----+--------+-------+-----+
|Utilization (%)  |        3|    0|       3|      7|    0|
+-----------------+---------+-----+--------+-------+-----+

+ Detail: 
    * Instance: 
    +--------------------------+-----------------------+---------+----+-----+-----+-----+
    |         Instance         |         Module        | BRAM_18K| DSP|  FF | LUT | URAM|
    +--------------------------+-----------------------+---------+----+-----+-----+-----+
    |sdiv_16ns_9ns_16_20_1_U1  |sdiv_16ns_9ns_16_20_1  |        0|   0|  635|  487|    0|
    |sdiv_16ns_9ns_16_20_1_U2  |sdiv_16ns_9ns_16_20_1  |        0|   0|  635|  487|    0|
    |sdiv_16ns_9ns_16_20_1_U3  |sdiv_16ns_9ns_16_20_1  |        0|   0|  635|  487|    0|
    +--------------------------+-----------------------+---------+----+-----+-----+-----+
    |Total                     |                       |        0|   0| 1905| 1461|    0|
    +--------------------------+-----------------------+---------+----+-----+-----+-----+

    * DSP: 
    N/A

    * Memory: 
    +-------------------------------------------------------------------------------------+----------------------------------------------------------------------------------+---------+---+----+-----+------+-----+------+-------------+
    |                                        Memory                                       |                                      Module                                      | BRAM_18K| FF| LUT| URAM| Words| Bits| Banks| W*Bits*Banks|
    +-------------------------------------------------------------------------------------+----------------------------------------------------------------------------------+---------+---+----+-----+------+-----+------+-------------+
    |BackGrRemovalStream_stream_stream_axis_0_ap_uint_8_h_line_8_U                        |Loop_row_loop_proc1_BackGrRemovalStream_stream_stream_axis_0_ap_uint_8_h_linebkb  |        1|  0|   0|    0|   320|    8|     1|         2560|
    |BackGrRemovalStream_stream_stream_axis_0_ap_uint_8_h_line_7_U                        |Loop_row_loop_proc1_BackGrRemovalStream_stream_stream_axis_0_ap_uint_8_h_linecud  |        1|  0|   0|    0|   320|    8|     1|         2560|
    |BackGrRemovalStream_stream_stream_axis_0_ap_uint_8_h_line_6_U                        |Loop_row_loop_proc1_BackGrRemovalStream_stream_stream_axis_0_ap_uint_8_h_linecud  |        1|  0|   0|    0|   320|    8|     1|         2560|
    |BackGrRemovalStream_stream_stream_axis_0_ap_uint_8_h_line_5_U                        |Loop_row_loop_proc1_BackGrRemovalStream_stream_stream_axis_0_ap_uint_8_h_linecud  |        1|  0|   0|    0|   320|    8|     1|         2560|
    |BackGrRemovalStream_stream_stream_axis_0_ap_uint_8_h_line_4_U                        |Loop_row_loop_proc1_BackGrRemovalStream_stream_stream_axis_0_ap_uint_8_h_linecud  |        1|  0|   0|    0|   320|    8|     1|         2560|
    |BackGrRemovalStream_stream_stream_axis_0_ap_uint_8_h_line_3_U                        |Loop_row_loop_proc1_BackGrRemovalStream_stream_stream_axis_0_ap_uint_8_h_linecud  |        1|  0|   0|    0|   320|    8|     1|         2560|
    |BackGrRemovalStream_stream_stream_axis_0_ap_uint_8_h_line_2_U                        |Loop_row_loop_proc1_BackGrRemovalStream_stream_stream_axis_0_ap_uint_8_h_linecud  |        1|  0|   0|    0|   320|    8|     1|         2560|
    |BackGrRemovalStream_stream_stream_axis_0_ap_uint_8_h_line_1_U                        |Loop_row_loop_proc1_BackGrRemovalStream_stream_stream_axis_0_ap_uint_8_h_linecud  |        1|  0|   0|    0|   320|    8|     1|         2560|
    |BackGrRemovalStream_stream_stream_axis_0_ap_uint_8_h_line_U                          |Loop_row_loop_proc1_BackGrRemovalStream_stream_stream_axis_0_ap_uint_8_h_linecud  |        1|  0|   0|    0|   320|    8|     1|         2560|
    |p_ZZ19BackGrRemovalStreamRN3hls6streamINS_4axisI7ap_uintILi24EELm1ELm1ELm1EEELi0E_U  |Loop_row_loop_proc1_BackGrRemovalStream_stream_stream_axis_0_ap_uint_8_h_linecud  |        1|  0|   0|    0|   320|    8|     1|         2560|
    +-------------------------------------------------------------------------------------+----------------------------------------------------------------------------------+---------+---+----+-----+------+-----+------+-------------+
    |Total                                                                                |                                                                                  |       10|  0|   0|    0|  3200|   80|    10|        25600|
    +-------------------------------------------------------------------------------------+----------------------------------------------------------------------------------+---------+---+----+-----+------+-----+------+-------------+

    * FIFO: 
    N/A

    * Expression: 
    +------------------------------------+----------+----+---+----+------------+------------+
    |            Variable Name           | Operation| DSP| FF| LUT| Bitwidth P0| Bitwidth P1|
    +------------------------------------+----------+----+---+----+------------+------------+
    |add_ln141_fu_470_p2                 |         +|   0|  0|  24|          17|           1|
    |add_ln143_fu_587_p2                 |         +|   0|  0|  14|           9|           1|
    |add_ln161_fu_687_p2                 |         +|   0|  0|  16|          16|          16|
    |add_ln162_fu_796_p2                 |         +|   0|  0|  16|          16|          16|
    |add_ln163_fu_744_p2                 |         +|   0|  0|  16|          16|          16|
    |add_ln165_fu_1512_p2                |         +|   0|  0|  14|           9|           9|
    |add_ln191_fu_1592_p2                |         +|   0|  0|  14|           7|           7|
    |count_11_fu_1308_p2                 |         +|   0|  0|  11|           3|           1|
    |count_14_fu_1332_p2                 |         +|   0|  0|  11|           3|           1|
    |count_16_fu_1358_p2                 |         +|   0|  0|  11|           3|           1|
    |count_19_fu_1388_p2                 |         +|   0|  0|  13|           4|           1|
    |count_22_fu_1428_p2                 |         +|   0|  0|  13|           4|           1|
    |count_25_fu_1450_p2                 |         +|   0|  0|  13|           4|           1|
    |count_28_fu_1551_p2                 |         +|   0|  0|  13|           4|           1|
    |count_5_fu_1235_p2                  |         +|   0|  0|  10|           2|           1|
    |count_8_fu_1266_p2                  |         +|   0|  0|  11|           3|           1|
    |tmp_1_fu_1494_p2                    |         +|   0|  0|  24|          17|           7|
    |tmp_2_fu_1484_p2                    |         +|   0|  0|  24|          17|           8|
    |total_11_fu_1415_p2                 |         +|   0|  0|  13|           4|           1|
    |total_13_fu_1445_p2                 |         +|   0|  0|  13|           4|           1|
    |total_15_fu_1556_p2                 |         +|   0|  0|  13|           4|           1|
    |total_2_fu_1229_p2                  |         +|   0|  0|  10|           2|           1|
    |total_4_fu_1289_p2                  |         +|   0|  0|  11|           3|           1|
    |total_6_fu_1302_p2                  |         +|   0|  0|  11|           3|           1|
    |total_8_fu_1352_p2                  |         +|   0|  0|  11|           3|           3|
    |total_9_fu_1382_p2                  |         +|   0|  0|  13|           4|           1|
    |y_fu_914_p2                         |         +|   0|  0|  15|           8|           1|
    |yy_10_fu_962_p2                     |         +|   0|  0|  15|           8|           3|
    |yy_10_mid1_fu_1102_p2               |         +|   0|  0|  15|           8|           3|
    |yy_1_fu_866_p2                      |         +|   0|  0|  14|           9|           4|
    |yy_1_mid1_fu_998_p2                 |         +|   0|  0|  14|           9|           4|
    |yy_2_fu_878_p2                      |         +|   0|  0|  14|           9|           3|
    |yy_2_mid1_fu_1017_p2                |         +|   0|  0|  14|           9|           3|
    |yy_3_fu_890_p2                      |         +|   0|  0|  14|           9|           3|
    |yy_3_mid1_fu_1036_p2                |         +|   0|  0|  14|           9|           3|
    |yy_4_fu_902_p2                      |         +|   0|  0|  14|           9|           2|
    |yy_4_mid1_fu_1055_p2                |         +|   0|  0|  14|           9|           2|
    |yy_7_fu_926_p2                      |         +|   0|  0|  15|           8|           2|
    |yy_8_fu_938_p2                      |         +|   0|  0|  15|           8|           2|
    |yy_9_fu_950_p2                      |         +|   0|  0|  15|           8|           3|
    |yy_fu_854_p2                        |         +|   0|  0|  14|           9|           4|
    |yy_mid1_fu_986_p2                   |         +|   0|  0|  14|           9|           4|
    |diff_fu_619_p2                      |         -|   0|  0|  15|           8|           8|
    |sub_ln161_1_fu_677_p2               |         -|   0|  0|  16|          16|          16|
    |sub_ln161_fu_647_p2                 |         -|   0|  0|  14|           9|           9|
    |sub_ln162_1_fu_786_p2               |         -|   0|  0|  16|          16|          16|
    |sub_ln162_fu_756_p2                 |         -|   0|  0|  14|           9|           9|
    |sub_ln163_1_fu_734_p2               |         -|   0|  0|  16|          16|          16|
    |sub_ln163_fu_704_p2                 |         -|   0|  0|  14|           9|           9|
    |ap_condition_1004                   |       and|   0|  0|   2|           1|           1|
    |ap_condition_897                    |       and|   0|  0|   2|           1|           1|
    |ap_condition_930                    |       and|   0|  0|   2|           1|           1|
    |ap_condition_934                    |       and|   0|  0|   2|           1|           1|
    |count_1_fu_1193_p2                  |       and|   0|  0|   2|           1|           1|
    |count_fu_1180_p2                    |      icmp|   0|  0|  15|           8|           8|
    |empty_53_fu_860_p2                  |      icmp|   0|  0|  14|           9|           8|
    |empty_54_fu_872_p2                  |      icmp|   0|  0|  14|           9|           8|
    |empty_55_fu_884_p2                  |      icmp|   0|  0|  14|           9|           8|
    |empty_56_fu_896_p2                  |      icmp|   0|  0|  14|           9|           8|
    |empty_57_fu_908_p2                  |      icmp|   0|  0|  14|           9|           8|
    |empty_58_fu_920_p2                  |      icmp|   0|  0|  15|           8|           6|
    |empty_59_fu_932_p2                  |      icmp|   0|  0|  15|           8|           6|
    |empty_60_fu_944_p2                  |      icmp|   0|  0|  15|           8|           6|
    |empty_61_fu_956_p2                  |      icmp|   0|  0|  15|           8|           6|
    |empty_62_fu_968_p2                  |      icmp|   0|  0|  15|           8|           6|
    |icmp_ln10_fu_555_p2                 |      icmp|   0|  0|  15|           8|           8|
    |icmp_ln141_fu_464_p2                |      icmp|   0|  0|  24|          17|          17|
    |icmp_ln143_fu_479_p2                |      icmp|   0|  0|  14|           9|           9|
    |icmp_ln160_fu_625_p2                |      icmp|   0|  0|  15|           8|           8|
    |icmp_ln162_fu_693_p2                |      icmp|   0|  0|  15|           8|           8|
    |icmp_ln17_fu_561_p2                 |      icmp|   0|  0|  15|           8|           8|
    |icmp_ln187_1_fu_807_p2              |      icmp|   0|  0|  15|           8|           8|
    |icmp_ln187_2_fu_812_p2              |      icmp|   0|  0|  15|           8|           8|
    |icmp_ln187_3_fu_817_p2              |      icmp|   0|  0|  15|           8|           8|
    |icmp_ln187_4_fu_822_p2              |      icmp|   0|  0|  15|           8|           8|
    |icmp_ln187_5_fu_827_p2              |      icmp|   0|  0|  15|           8|           8|
    |icmp_ln187_6_fu_832_p2              |      icmp|   0|  0|  15|           8|           8|
    |icmp_ln187_7_fu_837_p2              |      icmp|   0|  0|  15|           8|           8|
    |icmp_ln187_8_fu_842_p2              |      icmp|   0|  0|  15|           8|           8|
    |icmp_ln187_9_fu_1546_p2             |      icmp|   0|  0|  15|           8|           8|
    |icmp_ln187_fu_802_p2                |      icmp|   0|  0|  15|           8|           8|
    |icmp_ln18_fu_581_p2                 |      icmp|   0|  0|  15|           8|           8|
    |icmp_ln191_fu_1612_p2               |      icmp|   0|  0|  14|           7|           7|
    |icmp_ln9_fu_535_p2                  |      icmp|   0|  0|  15|           8|           8|
    |p_mid111_fu_1004_p2                 |      icmp|   0|  0|  14|           9|           8|
    |p_mid113_fu_1023_p2                 |      icmp|   0|  0|  14|           9|           8|
    |p_mid115_fu_1042_p2                 |      icmp|   0|  0|  14|           9|           8|
    |p_mid117_fu_1061_p2                 |      icmp|   0|  0|  14|           9|           8|
    |p_mid127_fu_1108_p2                 |      icmp|   0|  0|  15|           8|           6|
    |p_mid1_fu_992_p2                    |      icmp|   0|  0|  14|           9|           8|
    |ap_block_pp0_stage0_01001           |        or|   0|  0|   2|           1|           1|
    |ap_block_state1_pp0_stage0_iter0    |        or|   0|  0|   2|           1|           1|
    |ap_block_state24_pp0_stage0_iter23  |        or|   0|  0|   2|           1|           1|
    |count_10_fu_1279_p3                 |    select|   0|  0|   3|           1|           3|
    |count_12_fu_1313_p3                 |    select|   0|  0|   3|           1|           3|
    |count_13_fu_1319_p3                 |    select|   0|  0|   3|           1|           3|
    |count_15_fu_1338_p3                 |    select|   0|  0|   3|           1|           3|
    |count_17_fu_1363_p3                 |    select|   0|  0|   3|           1|           3|
    |count_18_fu_1369_p3                 |    select|   0|  0|   3|           1|           3|
    |count_20_fu_1394_p3                 |    select|   0|  0|   4|           1|           4|
    |count_21_fu_1401_p3                 |    select|   0|  0|   4|           1|           4|
    |count_23_fu_1433_p3                 |    select|   0|  0|   4|           1|           4|
    |count_24_fu_1439_p3                 |    select|   0|  0|   4|           1|           4|
    |count_26_fu_1456_p3                 |    select|   0|  0|   4|           1|           4|
    |count_27_fu_1463_p3                 |    select|   0|  0|   4|           1|           4|
    |count_29_fu_1561_p3                 |    select|   0|  0|   4|           1|           4|
    |count_2_fu_1201_p3                  |    select|   0|  0|   3|           1|           3|
    |count_30_fu_1566_p3                 |    select|   0|  0|   4|           1|           4|
    |count_3_fu_1209_p3                  |    select|   0|  0|   2|           1|           2|
    |count_4_fu_1216_p3                  |    select|   0|  0|   2|           1|           2|
    |count_6_fu_1241_p3                  |    select|   0|  0|   2|           1|           2|
    |count_7_fu_1248_p3                  |    select|   0|  0|   2|           1|           2|
    |count_9_fu_1272_p3                  |    select|   0|  0|   3|           1|           3|
    |empty_63_fu_1598_p3                 |    select|   0|  0|   4|           1|           4|
    |h_neighbor_10_fu_1538_p3            |    select|   0|  0|   8|           1|           8|
    |max_1_fu_547_p3                     |    select|   0|  0|   8|           1|           8|
    |max_3_fu_603_p3                     |    select|   0|  0|   8|           1|           8|
    |min_1_fu_573_p3                     |    select|   0|  0|   8|           1|           8|
    |min_3_fu_613_p3                     |    select|   0|  0|   8|           1|           8|
    |out_px_b_1_fu_1632_p3               |    select|   0|  0|   8|           1|           8|
    |out_px_g_1_fu_1618_p3               |    select|   0|  0|   8|           1|           8|
    |out_px_r_1_fu_1625_p3               |    select|   0|  0|   8|           1|           8|
    |select_ln141_10_fu_1121_p3          |    select|   0|  0|   2|           1|           1|
    |select_ln141_11_fu_1142_p3          |    select|   0|  0|   2|           1|           2|
    |select_ln141_12_fu_1149_p3          |    select|   0|  0|   8|           1|           8|
    |select_ln141_1_fu_1010_p3           |    select|   0|  0|   2|           1|           1|
    |select_ln141_2_fu_1029_p3           |    select|   0|  0|   2|           1|           1|
    |select_ln141_3_fu_1048_p3           |    select|   0|  0|   2|           1|           1|
    |select_ln141_4_fu_1067_p3           |    select|   0|  0|   2|           1|           1|
    |select_ln141_5_fu_1074_p3           |    select|   0|  0|   2|           1|           1|
    |select_ln141_6_fu_1081_p3           |    select|   0|  0|   2|           1|           1|
    |select_ln141_7_fu_1088_p3           |    select|   0|  0|   2|           1|           1|
    |select_ln141_8_fu_1095_p3           |    select|   0|  0|   2|           1|           1|
    |select_ln141_9_fu_1114_p3           |    select|   0|  0|   2|           1|           1|
    |select_ln141_fu_485_p3              |    select|   0|  0|   9|           1|           1|
    |total_10_fu_1408_p3                 |    select|   0|  0|   4|           1|           4|
    |total_11_v_cast_cast_fu_1345_p3     |    select|   0|  0|   2|           1|           1|
    |total_12_fu_1421_p3                 |    select|   0|  0|   4|           1|           4|
    |total_14_fu_1470_p3                 |    select|   0|  0|   4|           1|           4|
    |total_1_fu_1223_p3                  |    select|   0|  0|   2|           1|           2|
    |total_1_mid1_fu_1134_p3             |    select|   0|  0|   3|           1|           1|
    |total_3_fu_1255_p3                  |    select|   0|  0|   2|           1|           2|
    |total_5_fu_1295_p3                  |    select|   0|  0|   3|           1|           3|
    |total_7_fu_1325_p3                  |    select|   0|  0|   3|           1|           3|
    |total_fu_974_p3                     |    select|   0|  0|   3|           1|           1|
    |ap_enable_pp0                       |       xor|   0|  0|   2|           1|           2|
    |xor_ln141_fu_1128_p2                |       xor|   0|  0|   2|           1|           2|
    |xor_ln17_fu_567_p2                  |       xor|   0|  0|   2|           1|           2|
    |xor_ln18_fu_608_p2                  |       xor|   0|  0|   2|           1|           2|
    |xor_ln9_fu_541_p2                   |       xor|   0|  0|   2|           1|           2|
    +------------------------------------+----------+----+---+----+------------+------------+
    |Total                               |          |   0|  0|1462|         774|         710|
    +------------------------------------+----------+----+---+----+------------+------------+

    * Multiplexer: 
    +--------------------------------------+----+-----------+-----+-----------+
    |                 Name                 | LUT| Input Size| Bits| Total Bits|
    +--------------------------------------+----+-----------+-----+-----------+
    |ap_done_int                           |   9|          2|    1|          2|
    |ap_enable_reg_pp0_iter3               |   9|          2|    1|          2|
    |ap_phi_mux_tmp_3_phi_fu_435_p8        |  14|          3|   17|         51|
    |ap_phi_reg_pp0_iter22_tmp_3_reg_431   |   9|          2|   17|         34|
    |ap_phi_reg_pp0_iter2_tmp_3_reg_431    |   9|          2|   17|         34|
    |ap_sig_allocacmp_indvar_flatten_load  |   9|          2|   17|         34|
    |ap_sig_allocacmp_x_load               |   9|          2|    9|         18|
    |ap_sig_allocacmp_y_3                  |   9|          2|    8|         16|
    |indvar_flatten_fu_198                 |   9|          2|   17|         34|
    |input_stream_TDATA_blk_n              |   9|          2|    1|          2|
    |output_stream_TDATA_blk_n             |   9|          2|    1|          2|
    |x_fu_190                              |   9|          2|    9|         18|
    |y_1_fu_194                            |   9|          2|    8|         16|
    +--------------------------------------+----+-----------+-----+-----------+
    |Total                                 | 122|         27|  123|        263|
    +--------------------------------------+----+-----------+-----+-----------+

    * Register: 
    +----------------------------------------------------------------------------------------------+----+----+-----+-----------+
    |                                             Name                                             | FF | LUT| Bits| Const Bits|
    +----------------------------------------------------------------------------------------------+----+----+-----+-----------+
    |BackGrRemovalStream_stream_stream_axis_0_ap_uint_8_h_line_1_addr_reg_1791                     |   9|   0|    9|          0|
    |BackGrRemovalStream_stream_stream_axis_0_ap_uint_8_h_line_2_addr_reg_1785                     |   9|   0|    9|          0|
    |BackGrRemovalStream_stream_stream_axis_0_ap_uint_8_h_line_3_addr_reg_1779                     |   9|   0|    9|          0|
    |BackGrRemovalStream_stream_stream_axis_0_ap_uint_8_h_line_4_addr_reg_1773                     |   9|   0|    9|          0|
    |BackGrRemovalStream_stream_stream_axis_0_ap_uint_8_h_line_5_addr_reg_1767                     |   9|   0|    9|          0|
    |BackGrRemovalStream_stream_stream_axis_0_ap_uint_8_h_line_6_addr_reg_1761                     |   9|   0|    9|          0|
    |BackGrRemovalStream_stream_stream_axis_0_ap_uint_8_h_line_7_addr_reg_1755                     |   9|   0|    9|          0|
    |BackGrRemovalStream_stream_stream_axis_0_ap_uint_8_h_line_8_addr_reg_1750                     |   9|   0|    9|          0|
    |BackGrRemovalStream_stream_stream_axis_0_ap_uint_8_h_line_addr_reg_1797                       |   9|   0|    9|          0|
    |add_ln161_reg_1820                                                                            |  16|   0|   16|          0|
    |add_ln162_reg_1834                                                                            |  16|   0|   16|          0|
    |add_ln163_reg_1829                                                                            |  16|   0|   16|          0|
    |ap_CS_fsm                                                                                     |   1|   0|    1|          0|
    |ap_done_reg                                                                                   |   1|   0|    1|          0|
    |ap_enable_reg_pp0_iter1                                                                       |   1|   0|    1|          0|
    |ap_enable_reg_pp0_iter10                                                                      |   1|   0|    1|          0|
    |ap_enable_reg_pp0_iter11                                                                      |   1|   0|    1|          0|
    |ap_enable_reg_pp0_iter12                                                                      |   1|   0|    1|          0|
    |ap_enable_reg_pp0_iter13                                                                      |   1|   0|    1|          0|
    |ap_enable_reg_pp0_iter14                                                                      |   1|   0|    1|          0|
    |ap_enable_reg_pp0_iter15                                                                      |   1|   0|    1|          0|
    |ap_enable_reg_pp0_iter16                                                                      |   1|   0|    1|          0|
    |ap_enable_reg_pp0_iter17                                                                      |   1|   0|    1|          0|
    |ap_enable_reg_pp0_iter18                                                                      |   1|   0|    1|          0|
    |ap_enable_reg_pp0_iter19                                                                      |   1|   0|    1|          0|
    |ap_enable_reg_pp0_iter2                                                                       |   1|   0|    1|          0|
    |ap_enable_reg_pp0_iter20                                                                      |   1|   0|    1|          0|
    |ap_enable_reg_pp0_iter21                                                                      |   1|   0|    1|          0|
    |ap_enable_reg_pp0_iter22                                                                      |   1|   0|    1|          0|
    |ap_enable_reg_pp0_iter23                                                                      |   1|   0|    1|          0|
    |ap_enable_reg_pp0_iter24                                                                      |   1|   0|    1|          0|
    |ap_enable_reg_pp0_iter3                                                                       |   1|   0|    1|          0|
    |ap_enable_reg_pp0_iter4                                                                       |   1|   0|    1|          0|
    |ap_enable_reg_pp0_iter5                                                                       |   1|   0|    1|          0|
    |ap_enable_reg_pp0_iter6                                                                       |   1|   0|    1|          0|
    |ap_enable_reg_pp0_iter7                                                                       |   1|   0|    1|          0|
    |ap_enable_reg_pp0_iter8                                                                       |   1|   0|    1|          0|
    |ap_enable_reg_pp0_iter9                                                                       |   1|   0|    1|          0|
    |ap_loop_exit_ready_pp0_iter10_reg                                                             |   1|   0|    1|          0|
    |ap_loop_exit_ready_pp0_iter11_reg                                                             |   1|   0|    1|          0|
    |ap_loop_exit_ready_pp0_iter12_reg                                                             |   1|   0|    1|          0|
    |ap_loop_exit_ready_pp0_iter13_reg                                                             |   1|   0|    1|          0|
    |ap_loop_exit_ready_pp0_iter14_reg                                                             |   1|   0|    1|          0|
    |ap_loop_exit_ready_pp0_iter15_reg                                                             |   1|   0|    1|          0|
    |ap_loop_exit_ready_pp0_iter16_reg                                                             |   1|   0|    1|          0|
    |ap_loop_exit_ready_pp0_iter17_reg                                                             |   1|   0|    1|          0|
    |ap_loop_exit_ready_pp0_iter18_reg                                                             |   1|   0|    1|          0|
    |ap_loop_exit_ready_pp0_iter19_reg                                                             |   1|   0|    1|          0|
    |ap_loop_exit_ready_pp0_iter1_reg                                                              |   1|   0|    1|          0|
    |ap_loop_exit_ready_pp0_iter20_reg                                                             |   1|   0|    1|          0|
    |ap_loop_exit_ready_pp0_iter21_reg                                                             |   1|   0|    1|          0|
    |ap_loop_exit_ready_pp0_iter22_reg                                                             |   1|   0|    1|          0|
    |ap_loop_exit_ready_pp0_iter23_reg                                                             |   1|   0|    1|          0|
    |ap_loop_exit_ready_pp0_iter2_reg                                                              |   1|   0|    1|          0|
    |ap_loop_exit_ready_pp0_iter3_reg                                                              |   1|   0|    1|          0|
    |ap_loop_exit_ready_pp0_iter4_reg                                                              |   1|   0|    1|          0|
    |ap_loop_exit_ready_pp0_iter5_reg                                                              |   1|   0|    1|          0|
    |ap_loop_exit_ready_pp0_iter6_reg                                                              |   1|   0|    1|          0|
    |ap_loop_exit_ready_pp0_iter7_reg                                                              |   1|   0|    1|          0|
    |ap_loop_exit_ready_pp0_iter8_reg                                                              |   1|   0|    1|          0|
    |ap_loop_exit_ready_pp0_iter9_reg                                                              |   1|   0|    1|          0|
    |ap_loop_init_pp0_iter1_reg                                                                    |   1|   0|    1|          0|
    |ap_loop_init_pp0_iter2_reg                                                                    |   1|   0|    1|          0|
    |ap_phi_reg_pp0_iter10_tmp_3_reg_431                                                           |  17|   0|   17|          0|
    |ap_phi_reg_pp0_iter11_tmp_3_reg_431                                                           |  17|   0|   17|          0|
    |ap_phi_reg_pp0_iter12_tmp_3_reg_431                                                           |  17|   0|   17|          0|
    |ap_phi_reg_pp0_iter13_tmp_3_reg_431                                                           |  17|   0|   17|          0|
    |ap_phi_reg_pp0_iter14_tmp_3_reg_431                                                           |  17|   0|   17|          0|
    |ap_phi_reg_pp0_iter15_tmp_3_reg_431                                                           |  17|   0|   17|          0|
    |ap_phi_reg_pp0_iter16_tmp_3_reg_431                                                           |  17|   0|   17|          0|
    |ap_phi_reg_pp0_iter17_tmp_3_reg_431                                                           |  17|   0|   17|          0|
    |ap_phi_reg_pp0_iter18_tmp_3_reg_431                                                           |  17|   0|   17|          0|
    |ap_phi_reg_pp0_iter19_tmp_3_reg_431                                                           |  17|   0|   17|          0|
    |ap_phi_reg_pp0_iter1_tmp_3_reg_431                                                            |  17|   0|   17|          0|
    |ap_phi_reg_pp0_iter20_tmp_3_reg_431                                                           |  17|   0|   17|          0|
    |ap_phi_reg_pp0_iter21_tmp_3_reg_431                                                           |  17|   0|   17|          0|
    |ap_phi_reg_pp0_iter22_tmp_3_reg_431                                                           |  17|   0|   17|          0|
    |ap_phi_reg_pp0_iter2_tmp_3_reg_431                                                            |  17|   0|   17|          0|
    |ap_phi_reg_pp0_iter3_tmp_3_reg_431                                                            |  17|   0|   17|          0|
    |ap_phi_reg_pp0_iter4_tmp_3_reg_431                                                            |  17|   0|   17|          0|
    |ap_phi_reg_pp0_iter5_tmp_3_reg_431                                                            |  17|   0|   17|          0|
    |ap_phi_reg_pp0_iter6_tmp_3_reg_431                                                            |  17|   0|   17|          0|
    |ap_phi_reg_pp0_iter7_tmp_3_reg_431                                                            |  17|   0|   17|          0|
    |ap_phi_reg_pp0_iter8_tmp_3_reg_431                                                            |  17|   0|   17|          0|
    |ap_phi_reg_pp0_iter9_tmp_3_reg_431                                                            |  17|   0|   17|          0|
    |count_10_reg_1974                                                                             |   3|   0|    3|          0|
    |count_15_reg_1981                                                                             |   3|   0|    3|          0|
    |count_21_reg_1993                                                                             |   4|   0|    4|          0|
    |count_27_reg_2006                                                                             |   4|   0|    4|          0|
    |count_28_reg_2044                                                                             |   4|   0|    4|          0|
    |count_reg_1964                                                                                |   1|   0|    1|          0|
    |diff_reg_1809                                                                                 |   8|   0|    8|          0|
    |h_neighbor_10_reg_2034                                                                        |   8|   0|    8|          0|
    |icmp_ln10_reg_1735                                                                            |   1|   0|    1|          0|
    |icmp_ln141_reg_1686                                                                           |   1|   0|    1|          0|
    |icmp_ln143_reg_1690                                                                           |   1|   0|    1|          0|
    |icmp_ln143_reg_1690_pp0_iter1_reg                                                             |   1|   0|    1|          0|
    |icmp_ln160_reg_1816                                                                           |   1|   0|    1|          0|
    |icmp_ln162_reg_1825                                                                           |   1|   0|    1|          0|
    |icmp_ln187_1_reg_1844                                                                         |   1|   0|    1|          0|
    |icmp_ln187_1_reg_1844_pp0_iter2_reg                                                           |   1|   0|    1|          0|
    |icmp_ln187_2_reg_1849                                                                         |   1|   0|    1|          0|
    |icmp_ln187_2_reg_1849_pp0_iter2_reg                                                           |   1|   0|    1|          0|
    |icmp_ln187_3_reg_1854                                                                         |   1|   0|    1|          0|
    |icmp_ln187_4_reg_1859                                                                         |   1|   0|    1|          0|
    |icmp_ln187_5_reg_1864                                                                         |   1|   0|    1|          0|
    |icmp_ln187_6_reg_1869                                                                         |   1|   0|    1|          0|
    |icmp_ln187_7_reg_1874                                                                         |   1|   0|    1|          0|
    |icmp_ln187_8_reg_1879                                                                         |   1|   0|    1|          0|
    |icmp_ln187_9_reg_2039                                                                         |   1|   0|    1|          0|
    |icmp_ln187_reg_1839                                                                           |   1|   0|    1|          0|
    |icmp_ln187_reg_1839_pp0_iter2_reg                                                             |   1|   0|    1|          0|
    |icmp_ln18_reg_1745                                                                            |   1|   0|    1|          0|
    |indvar_flatten_fu_198                                                                         |  17|   0|   17|          0|
    |max_1_reg_1730                                                                                |   8|   0|    8|          0|
    |min_1_reg_1740                                                                                |   8|   0|    8|          0|
    |p_ZZ19BackGrRemovalStreamRN3hls6streamINS_4axisI7ap_uintILi24EELm1ELm1ELm1EEELi0E_1_reg_1803  |   9|   0|    9|          0|
    |px_b_reg_1723                                                                                 |   8|   0|    8|          0|
    |px_g_reg_1715                                                                                 |   8|   0|    8|          0|
    |px_r_reg_1706                                                                                 |   8|   0|    8|          0|
    |select_ln141_11_reg_1944                                                                      |   2|   0|    2|          0|
    |select_ln141_1_reg_1884                                                                       |   1|   0|    1|          0|
    |select_ln141_2_reg_1890                                                                       |   1|   0|    1|          0|
    |select_ln141_3_reg_1896                                                                       |   1|   0|    1|          0|
    |select_ln141_3_reg_1896_pp0_iter3_reg                                                         |   1|   0|    1|          0|
    |select_ln141_4_reg_1902                                                                       |   1|   0|    1|          0|
    |select_ln141_4_reg_1902_pp0_iter3_reg                                                         |   1|   0|    1|          0|
    |select_ln141_5_reg_1908                                                                       |   1|   0|    1|          0|
    |select_ln141_6_reg_1914                                                                       |   1|   0|    1|          0|
    |select_ln141_7_reg_1920                                                                       |   1|   0|    1|          0|
    |select_ln141_8_reg_1926                                                                       |   1|   0|    1|          0|
    |select_ln141_9_reg_1932                                                                       |   1|   0|    1|          0|
    |threshold_read_reg_1671                                                                       |   8|   0|    8|          0|
    |tmp_1_reg_2029                                                                                |  17|   0|   17|          0|
    |tmp_2_reg_2024                                                                                |  17|   0|   17|          0|
    |total_12_reg_2000                                                                             |   4|   0|    4|          0|
    |total_14_reg_2013                                                                             |   4|   0|    4|          0|
    |total_3_reg_1969                                                                              |   2|   0|    2|          0|
    |total_8_reg_1988                                                                              |   3|   0|    3|          0|
    |x_fu_190                                                                                      |   9|   0|    9|          0|
    |xor_ln141_reg_1938                                                                            |   1|   0|    1|          0|
    |y_1_fu_194                                                                                    |   8|   0|    8|          0|
    |count_27_reg_2006                                                                             |  64|  32|    4|          0|
    |icmp_ln10_reg_1735                                                                            |  64|  32|    1|          0|
    |icmp_ln141_reg_1686                                                                           |  64|  32|    1|          0|
    |icmp_ln160_reg_1816                                                                           |  64|  32|    1|          0|
    |icmp_ln162_reg_1825                                                                           |  64|  32|    1|          0|
    |icmp_ln187_3_reg_1854                                                                         |  64|  32|    1|          0|
    |icmp_ln187_4_reg_1859                                                                         |  64|  32|    1|          0|
    |icmp_ln187_5_reg_1864                                                                         |  64|  32|    1|          0|
    |icmp_ln187_6_reg_1869                                                                         |  64|  32|    1|          0|
    |icmp_ln187_7_reg_1874                                                                         |  64|  32|    1|          0|
    |icmp_ln187_8_reg_1879                                                                         |  64|  32|    1|          0|
    |p_ZZ19BackGrRemovalStreamRN3hls6streamINS_4axisI7ap_uintILi24EELm1ELm1ELm1EEELi0E_1_reg_1803  |  64|  32|    9|          0|
    |px_b_reg_1723                                                                                 |  64|  32|    8|          0|
    |px_g_reg_1715                                                                                 |  64|  32|    8|          0|
    |px_r_reg_1706                                                                                 |  64|  32|    8|          0|
    |select_ln141_5_reg_1908                                                                       |  64|  32|    1|          0|
    |select_ln141_6_reg_1914                                                                       |  64|  32|    1|          0|
    |select_ln141_7_reg_1920                                                                       |  64|  32|    1|          0|
    |select_ln141_8_reg_1926                                                                       |  64|  32|    1|          0|
    |select_ln141_9_reg_1932                                                                       |  64|  32|    1|          0|
    |threshold_read_reg_1671                                                                       |  64|  32|    8|          0|
    |total_14_reg_2013                                                                             |  64|  32|    4|          0|
    +----------------------------------------------------------------------------------------------+----+----+-----+-----------+
    |Total                                                                                         |2169| 704|  825|          0|
    +----------------------------------------------------------------------------------------------+----+----+-----+-----------+



================================================================
== Interface
================================================================
* Summary: 
+----------------------+-----+-----+------------+------------------------+--------------+
|       RTL Ports      | Dir | Bits|  Protocol  |      Source Object     |    C Type    |
+----------------------+-----+-----+------------+------------------------+--------------+
|ap_clk                |   in|    1|  ap_ctrl_hs|     Loop_row_loop_proc1|  return value|
|ap_rst                |   in|    1|  ap_ctrl_hs|     Loop_row_loop_proc1|  return value|
|ap_start              |   in|    1|  ap_ctrl_hs|     Loop_row_loop_proc1|  return value|
|ap_done               |  out|    1|  ap_ctrl_hs|     Loop_row_loop_proc1|  return value|
|ap_continue           |   in|    1|  ap_ctrl_hs|     Loop_row_loop_proc1|  return value|
|ap_idle               |  out|    1|  ap_ctrl_hs|     Loop_row_loop_proc1|  return value|
|ap_ready              |  out|    1|  ap_ctrl_hs|     Loop_row_loop_proc1|  return value|
|input_stream_TVALID   |   in|    1|        axis|   input_stream_V_dest_V|       pointer|
|input_stream_TREADY   |  out|    1|        axis|   input_stream_V_dest_V|       pointer|
|input_stream_TDEST    |   in|    1|        axis|   input_stream_V_dest_V|       pointer|
|output_stream_TREADY  |   in|    1|        axis|  output_stream_V_dest_V|       pointer|
|output_stream_TVALID  |  out|    1|        axis|  output_stream_V_dest_V|       pointer|
|output_stream_TDEST   |  out|    1|        axis|  output_stream_V_dest_V|       pointer|
|output_stream_TDATA   |  out|   24|        axis|  output_stream_V_data_V|       pointer|
|output_stream_TKEEP   |  out|    3|        axis|  output_stream_V_keep_V|       pointer|
|output_stream_TSTRB   |  out|    3|        axis|  output_stream_V_strb_V|       pointer|
|output_stream_TUSER   |  out|    1|        axis|  output_stream_V_user_V|       pointer|
|output_stream_TLAST   |  out|    1|        axis|  output_stream_V_last_V|       pointer|
|output_stream_TID     |  out|    1|        axis|    output_stream_V_id_V|       pointer|
|threshold             |   in|    8|     ap_none|               threshold|        scalar|
|input_stream_TDATA    |   in|   24|        axis|   input_stream_V_data_V|       pointer|
|input_stream_TKEEP    |   in|    3|        axis|   input_stream_V_keep_V|       pointer|
|input_stream_TSTRB    |   in|    3|        axis|   input_stream_V_strb_V|       pointer|
|input_stream_TUSER    |   in|    1|        axis|   input_stream_V_user_V|       pointer|
|input_stream_TLAST    |   in|    1|        axis|   input_stream_V_last_V|       pointer|
|input_stream_TID      |   in|    1|        axis|     input_stream_V_id_V|       pointer|
+----------------------+-----+-----+------------+------------------------+--------------+

