/home/dell3561-49/Vitis_HLS_folder/BackGrRemoval_AXIS_ver3/BaGr_Removal_AXIs_ver3/solution1/.autopilot/db/BackGrRemoval.pp.0.cpp:1336:7: warning: Added loop label VITIS_LOOP_1213_1:   [xilinx-label-all-loops]
      for (i = 0; i < __N - 1; ++i) {
      ^~~
      VITIS_LOOP_1213_1: 
/home/dell3561-49/Vitis_HLS_folder/BackGrRemoval_AXIS_ver3/BaGr_Removal_AXIs_ver3/solution1/.autopilot/db/BackGrRemoval.pp.0.cpp:1336:7: note: FIX-IT applied suggested code changes
/home/dell3561-49/Vitis_HLS_folder/BackGrRemoval_AXIS_ver3/BaGr_Removal_AXIs_ver3/solution1/.autopilot/db/BackGrRemoval.pp.0.cpp:2310:5: warning: Added loop label VITIS_LOOP_676_1:   [xilinx-label-all-loops]
    for (unsigned i = low; i != high; ++i) {
    ^~~
    VITIS_LOOP_676_1: 
/home/dell3561-49/Vitis_HLS_folder/BackGrRemoval_AXIS_ver3/BaGr_Removal_AXIs_ver3/solution1/.autopilot/db/BackGrRemoval.pp.0.cpp:2310:5: note: FIX-IT applied suggested code changes
/home/dell3561-49/Vitis_HLS_folder/BackGrRemoval_AXIS_ver3/BaGr_Removal_AXIs_ver3/solution1/.autopilot/db/BackGrRemoval.pp.0.cpp:2324:5: warning: Added loop label VITIS_LOOP_690_1:   [xilinx-label-all-loops]
    for (unsigned i = low; i != high; ++i) {
    ^~~
    VITIS_LOOP_690_1: 
/home/dell3561-49/Vitis_HLS_folder/BackGrRemoval_AXIS_ver3/BaGr_Removal_AXIs_ver3/solution1/.autopilot/db/BackGrRemoval.pp.0.cpp:2324:5: note: FIX-IT applied suggested code changes
/home/dell3561-49/Vitis_HLS_folder/BackGrRemoval_AXIS_ver3/BaGr_Removal_AXIs_ver3/solution1/.autopilot/db/BackGrRemoval.pp.0.cpp:2338:5: warning: Added loop label VITIS_LOOP_704_1:   [xilinx-label-all-loops]
    for (unsigned i = low; i != high; ++i) {
    ^~~
    VITIS_LOOP_704_1: 
/home/dell3561-49/Vitis_HLS_folder/BackGrRemoval_AXIS_ver3/BaGr_Removal_AXIs_ver3/solution1/.autopilot/db/BackGrRemoval.pp.0.cpp:2338:5: note: FIX-IT applied suggested code changes
/home/dell3561-49/Vitis_HLS_folder/BackGrRemoval_AXIS_ver3/BaGr_Removal_AXIs_ver3/solution1/.autopilot/db/BackGrRemoval.pp.0.cpp:3937:7: warning: Added loop label VITIS_LOOP_1247_1:   [xilinx-label-all-loops]
      for (i = 0; i < __N - 1; ++i) {
      ^~~
      VITIS_LOOP_1247_1: 
/home/dell3561-49/Vitis_HLS_folder/BackGrRemoval_AXIS_ver3/BaGr_Removal_AXIs_ver3/solution1/.autopilot/db/BackGrRemoval.pp.0.cpp:3937:7: note: FIX-IT applied suggested code changes
/home/dell3561-49/Vitis_HLS_folder/BackGrRemoval_AXIS_ver3/BaGr_Removal_AXIs_ver3/solution1/.autopilot/db/BackGrRemoval.pp.0.cpp:6383:13: warning: Added loop label VITIS_LOOP_170_1:   [xilinx-label-all-loops]
            for (u32 k = 0; k < 11 -1; k++) {
            ^~~
            VITIS_LOOP_170_1: 
/home/dell3561-49/Vitis_HLS_folder/BackGrRemoval_AXIS_ver3/BaGr_Removal_AXIs_ver3/solution1/.autopilot/db/BackGrRemoval.pp.0.cpp:6383:13: note: FIX-IT applied suggested code changes
