INFO-FLOW: Workspace /home/dell3561-49/Vitis_HLS_folder/Object_Detection_DS_version/Object_Detection/solution1 opened at Thu Oct 09 09:57:32 CEST 2025
Execute     ap_set_clock -name default -period 10 -default=false 
INFO: [SYN 201-201] Setting up clock 'default' with a period of 10ns.
Execute     set_part xc7a12ti-csg325-1L 
Execute       create_platform xc7a12ti-csg325-1L -board  
DBG:HLSDevice: Trying to load device library: /tools/Xilinx/Vitis_HLS/2023.1/lib/lnx64.o/libxv_hlsvwrap.so
DBG:HLSDevice: first parts/arch.xml in RDI_DATADIR: /tools/Xilinx/Vivado/2023.1/data/parts/arch.xml
DBG:HLSDevice: init success
INFO: [HLS 200-1611] Setting target device to 'xc7a12ti-csg325-1L'
Command       create_platform done; 0.19 sec.
Execute       source /tools/Xilinx/Vitis_HLS/2023.1/common/technology/xilinx/common/xilinx.gen 
Execute         source /tools/Xilinx/Vitis_HLS/2023.1/common/technology/xilinx/interface/plb46.gen 
Execute         source /tools/Xilinx/Vitis_HLS/2023.1/common/technology/xilinx/interface/axi4.gen 
Execute         source /tools/Xilinx/Vitis_HLS/2023.1/common/technology/xilinx/interface/nativeAXI4.gen 
Execute           source /tools/Xilinx/Vitis_HLS/2023.1/common/technology/xilinx/interface/saxilite.gen 
Execute         source /tools/Xilinx/Vitis_HLS/2023.1/common/technology/xilinx/scripts/xilinxcoregen.gen 
Execute         source /tools/Xilinx/Vitis_HLS/2023.1/common/technology/xilinx/interface/XilEDKCoreGen.gen 
Execute         source /tools/Xilinx/Vitis_HLS/2023.1/common/technology/xilinx/ip/dds_compiler.gen 
Execute         source /tools/Xilinx/Vitis_HLS/2023.1/common/technology/xilinx/ip/util.gen 
Execute         source /tools/Xilinx/Vitis_HLS/2023.1/common/technology/xilinx/ip/xfft.gen 
Execute         source /tools/Xilinx/Vitis_HLS/2023.1/common/technology/xilinx/ip/xfir.gen 
Execute         source /tools/Xilinx/Vitis_HLS/2023.1/common/technology/xilinx/DSP48/dsp48.gen 
Execute       ap_part_info -name xc7a12ti-csg325-1L -data info 
Execute       config_compile -quiet -complex-mul-dsp=0 
Command     set_part done; 0.28 sec.
Execute     send_msg_by_id INFO @200-1505@%s%s  vivado 
INFO: [HLS 200-1505] Using flow_target 'vivado'
Command   open_solution done; 0.34 sec.
Execute   set_part xc7a12ti-csg325-1L 
INFO: [HLS 200-1510] Running: set_part xc7a12ti-csg325-1L 
Execute     create_platform xc7a12ti-csg325-1L -board  
Execute     source /tools/Xilinx/Vitis_HLS/2023.1/common/technology/xilinx/common/xilinx.gen 
Execute       source /tools/Xilinx/Vitis_HLS/2023.1/common/technology/xilinx/interface/plb46.gen 
Execute       source /tools/Xilinx/Vitis_HLS/2023.1/common/technology/xilinx/interface/axi4.gen 
Execute       source /tools/Xilinx/Vitis_HLS/2023.1/common/technology/xilinx/interface/nativeAXI4.gen 
Execute         source /tools/Xilinx/Vitis_HLS/2023.1/common/technology/xilinx/interface/saxilite.gen 
Execute       source /tools/Xilinx/Vitis_HLS/2023.1/common/technology/xilinx/scripts/xilinxcoregen.gen 
Execute       source /tools/Xilinx/Vitis_HLS/2023.1/common/technology/xilinx/interface/XilEDKCoreGen.gen 
Execute       source /tools/Xilinx/Vitis_HLS/2023.1/common/technology/xilinx/ip/dds_compiler.gen 
Execute       source /tools/Xilinx/Vitis_HLS/2023.1/common/technology/xilinx/ip/util.gen 
Execute       source /tools/Xilinx/Vitis_HLS/2023.1/common/technology/xilinx/ip/xfft.gen 
Execute       source /tools/Xilinx/Vitis_HLS/2023.1/common/technology/xilinx/ip/xfir.gen 
Execute       source /tools/Xilinx/Vitis_HLS/2023.1/common/technology/xilinx/DSP48/dsp48.gen 
Execute     ap_part_info -name xc7a12ti-csg325-1L -data info 
Execute     config_compile -quiet -complex-mul-dsp=0 
Execute   create_clock -period 10 -name default 
INFO: [HLS 200-1510] Running: create_clock -period 10 -name default 
Execute   csynth_design 
INFO: [HLS 200-1510] Running: csynth_design 
INFO-FLOW: Running SLX 'csynth' proc: ::SLX::run_csynth
Execute     elaborate -effort=medium -skip_syncheck=0 -keep_printf=0 -skip_cdt=0 -skip_transform=0 -ng=0 -g=0 -opt_fp=0 -from_csynth_design=1 
INFO: [HLS 200-111] Finished File checks and directory preparation: CPU user time: 0.04 seconds. CPU system time: 0 seconds. Elapsed time: 0.05 seconds; current allocated memory: 203.324 MB.
Execute       set_directive_top objectDetection -name=objectDetection 
Execute       source /tools/Xilinx/Vitis_HLS/2023.1/tps/tcl/tcllib1.11.1/yaml/huddle.tcl 
Execute       source /tools/Xilinx/Vitis_HLS/2023.1/tps/tcl/tcllib1.11.1/yaml/json2huddle.tcl 
Execute         source /tools/Xilinx/Vitis_HLS/2023.1/tps/tcl/tcllib1.11.1/try/try.tcl 
INFO: [HLS 200-10] Analyzing design file 'main.cpp' ... 
INFO-FLOW: Compiling one TU...
INFO-FLOW: Handling main.cpp as C++
Execute       ap_part_info -name xc7a12ti-csg325-1L -data info 
INFO-FLOW: Running: GCC PP 39
INFO-FLOW: Source preprocessing
INFO-FLOW: run_clang exec: /tools/Xilinx/Vitis_HLS/2023.1/lnx64/tools/clang-3.9-csynth/bin/clang main.cpp -foptimization-record-file=/home/dell3561-49/Vitis_HLS_folder/Object_Detection_DS_version/Object_Detection/solution1/.autopilot/db/main.cpp.clang.diag.yml -mllvm -pass-remarks-missed=reflow|pasta|unroll -mllvm -pass-remarks=reflow|pasta|unroll|inline -fno-limit-debug-info -gcc-toolchain /tools/Xilinx/Vitis_HLS/2023.1/tps/lnx64/gcc-8.3.0 -fhls -fno-exceptions -insert-hls-directive=/home/dell3561-49/Vitis_HLS_folder/Object_Detection_DS_version/Object_Detection/solution1/.autopilot/db/all.directive.json -E -fno-math-errno -c -emit-llvm -mllvm -disable-llvm-optzns -Werror=implicit-function-declaration -Werror=implicit-hls-streams -Werror=return-type -Wpragmas -Wunused-parameter -Wdump-hls-pragmas -Wno-error=dump-hls-pragmas -fno-threadsafe-statics -fno-use-cxa-atexit -std=gnu++14 -target fpga64-xilinx-linux-gnu -fno-threadsafe-statics -fno-use-cxa-atexit -D__VITIS_HLS__ -DAESL_SYN -D__SYNTHESIS__ -D__HLS_SYN__ -I /tools/Xilinx/Vitis_HLS/2023.1/common/technology/autopilot -I /tools/Xilinx/Vitis_HLS/2023.1/common/technology/autopilot/ap_sysc -include etc/autopilot_ssdm_op.h -D__DSP48E1__ -I /usr/include/x86_64-linux-gnu -o /home/dell3561-49/Vitis_HLS_folder/Object_Detection_DS_version/Object_Detection/solution1/.autopilot/db/main.pp.0.cpp -hls-platform-db-name=/tools/Xilinx/Vitis_HLS/2023.1/common/technology/xilinx/common/platform.db -hls-platform-name=artix7_slow -device-resource-info=BRAM_40.000000_DSP_40.000000_FF_16000.000000_LUT_8000.000000_SLICE_3650.000000_URAM_0.000000 -device-name-info=xc7a12ticsg325-1L > /home/dell3561-49/Vitis_HLS_folder/Object_Detection_DS_version/Object_Detection/solution1/.autopilot/db/main.cpp.clang.out.log 2> /home/dell3561-49/Vitis_HLS_folder/Object_Detection_DS_version/Object_Detection/solution1/.autopilot/db/main.cpp.clang.err.log
INFO-FLOW: Done: GCC PP 39 time: 0.1 seconds per iteration
INFO-FLOW: Source syntax check for synthesis
INFO-FLOW: run_clang exec: /tools/Xilinx/Vitis_HLS/2023.1/lnx64/tools/clang-3.9-csynth/bin/clang -foptimization-record-file=/home/dell3561-49/Vitis_HLS_folder/Object_Detection_DS_version/Object_Detection/solution1/.autopilot/db/clang.diag.yml -mllvm -pass-remarks-missed=reflow|pasta|unroll -mllvm -pass-remarks=reflow|pasta|unroll|inline -fsyntax-only -fhls -target fpga64-xilinx-linux-gnu /home/dell3561-49/Vitis_HLS_folder/Object_Detection_DS_version/Object_Detection/solution1/.autopilot/db/main.pp.0.cpp -hls-platform-db-name=/tools/Xilinx/Vitis_HLS/2023.1/common/technology/xilinx/common/platform.db -hls-platform-name=artix7_slow -device-resource-info=BRAM_40.000000_DSP_40.000000_FF_16000.000000_LUT_8000.000000_SLICE_3650.000000_URAM_0.000000 -device-name-info=xc7a12ticsg325-1L > /home/dell3561-49/Vitis_HLS_folder/Object_Detection_DS_version/Object_Detection/solution1/.autopilot/db/clang.out.log 2> /home/dell3561-49/Vitis_HLS_folder/Object_Detection_DS_version/Object_Detection/solution1/.autopilot/db/clang.err.log
Execute       clang_tidy xilinx-systemc-detector -desc systemc-detector /home/dell3561-49/Vitis_HLS_folder/Object_Detection_DS_version/Object_Detection/solution1/.autopilot/db/main.pp.0.cpp std=gnu++14 -target fpga  -directive=/home/dell3561-49/Vitis_HLS_folder/Object_Detection_DS_version/Object_Detection/solution1/.autopilot/db/.systemc_flag 
INFO-FLOW: exec /tools/Xilinx/Vitis_HLS/2023.1/lnx64/tools/clang-3.9-csynth/bin/clang-tidy -header-filter=.* --checks=-*,xilinx-systemc-detector -import-directive=/home/dell3561-49/Vitis_HLS_folder/Object_Detection_DS_version/Object_Detection/solution1/.autopilot/db/.systemc_flag -fix-errors /home/dell3561-49/Vitis_HLS_folder/Object_Detection_DS_version/Object_Detection/solution1/.autopilot/db/main.pp.0.cpp -- -std=gnu++14 -target fpga -fhls -ferror-limit=0
Command       clang_tidy done; 1.9 sec.
INFO-FLOW: Running: clang-tidy CDT preprocess 39
Execute       clang_tidy xilinx-directive2pragma -desc directive2pragma /home/dell3561-49/Vitis_HLS_folder/Object_Detection_DS_version/Object_Detection/solution1/.autopilot/db/main.pp.0.cpp std=gnu++14 -target fpga  -directive=/home/dell3561-49/Vitis_HLS_folder/Object_Detection_DS_version/Object_Detection/solution1/.autopilot/db/all.directive.json 
INFO-FLOW: exec /tools/Xilinx/Vitis_HLS/2023.1/lnx64/tools/clang-3.9-csynth/bin/clang-tidy -header-filter=.* --checks=-*,xilinx-directive2pragma -import-directive=/home/dell3561-49/Vitis_HLS_folder/Object_Detection_DS_version/Object_Detection/solution1/.autopilot/db/all.directive.json -fix-errors /home/dell3561-49/Vitis_HLS_folder/Object_Detection_DS_version/Object_Detection/solution1/.autopilot/db/main.pp.0.cpp -- -std=gnu++14 -target fpga -fhls -ferror-limit=0
Command       clang_tidy done; 2.11 sec.
INFO-FLOW: Done: clang-tidy CDT preprocess 39 time: 2.1 seconds per iteration
INFO-FLOW: Calling xilinx-label-all-loops ... 
INFO-FLOW: Calling xilinx-aggregate-on-hls-vector ... 
Execute       clang_tidy -errorcheck -desc loop-label xilinx-label-all-loops,xilinx-aggregate-on-hls-vector,,xilinx-warn-mayneed-no-ctor-attribute /home/dell3561-49/Vitis_HLS_folder/Object_Detection_DS_version/Object_Detection/solution1/.autopilot/db/main.pp.0.cpp std=gnu++14 -target fpga  
INFO-FLOW: run_clang exec: /tools/Xilinx/Vitis_HLS/2023.1/lnx64/tools/clang-3.9-csynth/bin/clang-tidy -export-fixes=/home/dell3561-49/Vitis_HLS_folder/Object_Detection_DS_version/Object_Detection/solution1/.autopilot/db/main.pp.0.cpp.clang-tidy.loop-label.diag.yml -header-filter=.* --checks=-*,xilinx-label-all-loops,xilinx-aggregate-on-hls-vector,,xilinx-warn-mayneed-no-ctor-attribute -fix-errors /home/dell3561-49/Vitis_HLS_folder/Object_Detection_DS_version/Object_Detection/solution1/.autopilot/db/main.pp.0.cpp -- -std=gnu++14 -target fpga -fhls -ferror-limit=0 > /home/dell3561-49/Vitis_HLS_folder/Object_Detection_DS_version/Object_Detection/solution1/.autopilot/db/main.pp.0.cpp.clang-tidy.loop-label.out.log 2> /home/dell3561-49/Vitis_HLS_folder/Object_Detection_DS_version/Object_Detection/solution1/.autopilot/db/main.pp.0.cpp.clang-tidy.loop-label.err.log
Execute         source /tools/Xilinx/Vitis_HLS/2023.1/tps/tcl/tcllib1.11.1/yaml/yaml.tcl 
Command       clang_tidy done; 4.01 sec.
INFO-FLOW: run_clang exec: /tools/Xilinx/Vitis_HLS/2023.1/lnx64/tools/clang-3.9-csynth/bin/xilinx-dataflow-lawyer -export-fixes=/home/dell3561-49/Vitis_HLS_folder/Object_Detection_DS_version/Object_Detection/solution1/.autopilot/db/main.pp.0.cpp.xilinx-dataflow-lawyer.diag.yml /home/dell3561-49/Vitis_HLS_folder/Object_Detection_DS_version/Object_Detection/solution1/.autopilot/db/main.pp.0.cpp -- -std=gnu++14 -target fpga -fhls -ferror-limit=0 -fstrict-dataflow > /home/dell3561-49/Vitis_HLS_folder/Object_Detection_DS_version/Object_Detection/solution1/.autopilot/db/main.pp.0.cpp.xilinx-dataflow-lawyer.out.log 2> /home/dell3561-49/Vitis_HLS_folder/Object_Detection_DS_version/Object_Detection/solution1/.autopilot/db/main.pp.0.cpp.xilinx-dataflow-lawyer.err.log
WARNING: [HLS 214-114] Since the only kind of statements allowed in a canonical dataflow region are variable declarations and function calls, the compiler may not be able to correctly handle the region (main.cpp:181:9)
Execute       send_msg_by_id WARNING @200-471@%s%s 1 main.cpp 
WARNING: [HLS 200-471] Dataflow form checks found 1 issue(s) in file main.cpp
Execute       ap_part_info -name xc7a12ti-csg325-1L -data info 
INFO-FLOW: compiling source code to llvm bc
INFO-FLOW: run_clang exec: /tools/Xilinx/Vitis_HLS/2023.1/lnx64/tools/clang-3.9-csynth/bin/clang -foptimization-record-file=/home/dell3561-49/Vitis_HLS_folder/Object_Detection_DS_version/Object_Detection/solution1/.autopilot/db/main.pp.0.cpp.clang.diag.yml -mllvm -pass-remarks-missed=reflow|pasta|unroll -mllvm -pass-remarks=reflow|pasta|unroll|inline -fno-limit-debug-info -fhls -flto -fno-exceptions -Wno-error=c++11-narrowing /home/dell3561-49/Vitis_HLS_folder/Object_Detection_DS_version/Object_Detection/solution1/.autopilot/db/main.pp.0.cpp -fno-math-errno -c -emit-llvm -mllvm -disable-llvm-optzns -Werror=implicit-function-declaration -Werror=implicit-hls-streams -Werror=return-type -Wpragmas -Wunused-parameter -Wdump-hls-pragmas -Wno-error=dump-hls-pragmas -fno-threadsafe-statics -fno-use-cxa-atexit -std=gnu++14 -target fpga64-xilinx-linux-gnu -D__VITIS_HLS__ -DAESL_SYN -D__SYNTHESIS__ -D__HLS_SYN__ -I /tools/Xilinx/Vitis_HLS/2023.1/common/technology/autopilot -I /tools/Xilinx/Vitis_HLS/2023.1/common/technology/autopilot/ap_sysc -include etc/autopilot_ssdm_op.h -D__DSP48E1__ -g -o /home/dell3561-49/Vitis_HLS_folder/Object_Detection_DS_version/Object_Detection/solution1/.autopilot/db/main.bc -hls-platform-db-name=/tools/Xilinx/Vitis_HLS/2023.1/common/technology/xilinx/common/platform.db -hls-platform-name=artix7_slow -device-resource-info=BRAM_40.000000_DSP_40.000000_FF_16000.000000_LUT_8000.000000_SLICE_3650.000000_URAM_0.000000 -device-name-info=xc7a12ticsg325-1L > /home/dell3561-49/Vitis_HLS_folder/Object_Detection_DS_version/Object_Detection/solution1/.autopilot/db/main.pp.0.cpp.clang.out.log 2> /home/dell3561-49/Vitis_HLS_folder/Object_Detection_DS_version/Object_Detection/solution1/.autopilot/db/main.pp.0.cpp.clang.err.log
WARNING: [HLS 207-5292] unused parameter 'epsilon' (./parameters.h:159:34)
INFO: [HLS 200-111] Finished Source Code Analysis and Preprocessing: CPU user time: 13.18 seconds. CPU system time: 0.71 seconds. Elapsed time: 13.91 seconds; current allocated memory: 207.969 MB.
INFO-FLOW: Linking Debug ...
INFO-FLOW: Linking dut bc code.
Execute       run_link_or_opt -out /home/dell3561-49/Vitis_HLS_folder/Object_Detection_DS_version/Object_Detection/solution1/.autopilot/db/a.g.ld.0.bc -args  "/home/dell3561-49/Vitis_HLS_folder/Object_Detection_DS_version/Object_Detection/solution1/.autopilot/db/main.g.bc"  
INFO-FLOW: run_clang exec: /tools/Xilinx/Vitis_HLS/2023.1/lnx64/tools/clang-3.9-csynth/bin/llvm-link /home/dell3561-49/Vitis_HLS_folder/Object_Detection_DS_version/Object_Detection/solution1/.autopilot/db/main.g.bc -o /home/dell3561-49/Vitis_HLS_folder/Object_Detection_DS_version/Object_Detection/solution1/.autopilot/db/a.g.ld.0.bc > /home/dell3561-49/Vitis_HLS_folder/Object_Detection_DS_version/Object_Detection/solution1/.autopilot/db/a.g.ld.0.bc.llvm-link.out.log 2> /home/dell3561-49/Vitis_HLS_folder/Object_Detection_DS_version/Object_Detection/solution1/.autopilot/db/a.g.ld.0.bc.llvm-link.err.log
INFO-FLOW: 
Execute       run_link_or_opt -opt -out /home/dell3561-49/Vitis_HLS_folder/Object_Detection_DS_version/Object_Detection/solution1/.autopilot/db/a.g.ld.1.lower.bc -args /home/dell3561-49/Vitis_HLS_folder/Object_Detection_DS_version/Object_Detection/solution1/.autopilot/db/a.g.ld.0.bc -reflow-lower-math-intrinsics 
INFO-FLOW: run_clang exec: /tools/Xilinx/Vitis_HLS/2023.1/lnx64/tools/clang-3.9-csynth/bin/opt -pass-remarks-missed=reflow|pasta|unroll -pass-remarks=reflow|pasta|unroll|inline -pass-remarks-output=/home/dell3561-49/Vitis_HLS_folder/Object_Detection_DS_version/Object_Detection/solution1/.autopilot/db/a.g.ld.1.lower.bc.opt.diag.yml /home/dell3561-49/Vitis_HLS_folder/Object_Detection_DS_version/Object_Detection/solution1/.autopilot/db/a.g.ld.0.bc -reflow-lower-math-intrinsics -o /home/dell3561-49/Vitis_HLS_folder/Object_Detection_DS_version/Object_Detection/solution1/.autopilot/db/a.g.ld.1.lower.bc > /home/dell3561-49/Vitis_HLS_folder/Object_Detection_DS_version/Object_Detection/solution1/.autopilot/db/a.g.ld.1.lower.bc.opt.out.log 2> /home/dell3561-49/Vitis_HLS_folder/Object_Detection_DS_version/Object_Detection/solution1/.autopilot/db/a.g.ld.1.lower.bc.opt.err.log
INFO-FLOW: 
INFO-FLOW: Running: gen_design_size_report post-opt
INFO-FLOW: Done: gen_design_size_report post-opt time: 0 seconds per iteration
INFO-FLOW: Linking math bc lib
Execute       run_link_or_opt -out /home/dell3561-49/Vitis_HLS_folder/Object_Detection_DS_version/Object_Detection/solution1/.autopilot/db/a.g.ld.2.m1.bc -args /home/dell3561-49/Vitis_HLS_folder/Object_Detection_DS_version/Object_Detection/solution1/.autopilot/db/a.g.ld.1.lower.bc -only-needed /tools/Xilinx/Vitis_HLS/2023.1/lnx64/lib/libhlsm_39.bc /tools/Xilinx/Vitis_HLS/2023.1/lnx64/lib/libhlsmc++_39.bc 
INFO-FLOW: run_clang exec: /tools/Xilinx/Vitis_HLS/2023.1/lnx64/tools/clang-3.9-csynth/bin/llvm-link /home/dell3561-49/Vitis_HLS_folder/Object_Detection_DS_version/Object_Detection/solution1/.autopilot/db/a.g.ld.1.lower.bc -only-needed /tools/Xilinx/Vitis_HLS/2023.1/lnx64/lib/libhlsm_39.bc /tools/Xilinx/Vitis_HLS/2023.1/lnx64/lib/libhlsmc++_39.bc -o /home/dell3561-49/Vitis_HLS_folder/Object_Detection_DS_version/Object_Detection/solution1/.autopilot/db/a.g.ld.2.m1.bc > /home/dell3561-49/Vitis_HLS_folder/Object_Detection_DS_version/Object_Detection/solution1/.autopilot/db/a.g.ld.2.m1.bc.llvm-link.out.log 2> /home/dell3561-49/Vitis_HLS_folder/Object_Detection_DS_version/Object_Detection/solution1/.autopilot/db/a.g.ld.2.m1.bc.llvm-link.err.log
INFO-FLOW: 
Command       run_link_or_opt done; 1.22 sec.
Execute       run_link_or_opt -opt -out /home/dell3561-49/Vitis_HLS_folder/Object_Detection_DS_version/Object_Detection/solution1/.autopilot/db/a.g.ld.3.fpc.bc -args /home/dell3561-49/Vitis_HLS_folder/Object_Detection_DS_version/Object_Detection/solution1/.autopilot/db/a.g.ld.2.m1.bc -reflow-globaldce -hls-top-function-name=objectDetection -reflow-float-conversion 
INFO-FLOW: run_clang exec: /tools/Xilinx/Vitis_HLS/2023.1/lnx64/tools/clang-3.9-csynth/bin/opt -pass-remarks-missed=reflow|pasta|unroll -pass-remarks=reflow|pasta|unroll|inline -pass-remarks-output=/home/dell3561-49/Vitis_HLS_folder/Object_Detection_DS_version/Object_Detection/solution1/.autopilot/db/a.g.ld.3.fpc.bc.opt.diag.yml /home/dell3561-49/Vitis_HLS_folder/Object_Detection_DS_version/Object_Detection/solution1/.autopilot/db/a.g.ld.2.m1.bc -reflow-globaldce -hls-top-function-name=objectDetection -reflow-float-conversion -o /home/dell3561-49/Vitis_HLS_folder/Object_Detection_DS_version/Object_Detection/solution1/.autopilot/db/a.g.ld.3.fpc.bc > /home/dell3561-49/Vitis_HLS_folder/Object_Detection_DS_version/Object_Detection/solution1/.autopilot/db/a.g.ld.3.fpc.bc.opt.out.log 2> /home/dell3561-49/Vitis_HLS_folder/Object_Detection_DS_version/Object_Detection/solution1/.autopilot/db/a.g.ld.3.fpc.bc.opt.err.log
INFO-FLOW: 
INFO-FLOW: Running: gen_design_size_report post-opt
INFO-FLOW: Done: gen_design_size_report post-opt time: 0 seconds per iteration
Command       run_link_or_opt done; 0.5 sec.
Execute       run_link_or_opt -out /home/dell3561-49/Vitis_HLS_folder/Object_Detection_DS_version/Object_Detection/solution1/.autopilot/db/a.g.ld.4.m2.bc -args /home/dell3561-49/Vitis_HLS_folder/Object_Detection_DS_version/Object_Detection/solution1/.autopilot/db/a.g.ld.3.fpc.bc -only-needed /tools/Xilinx/Vitis_HLS/2023.1/lnx64/lib/libfloatconversion_39.bc 
INFO-FLOW: run_clang exec: /tools/Xilinx/Vitis_HLS/2023.1/lnx64/tools/clang-3.9-csynth/bin/llvm-link /home/dell3561-49/Vitis_HLS_folder/Object_Detection_DS_version/Object_Detection/solution1/.autopilot/db/a.g.ld.3.fpc.bc -only-needed /tools/Xilinx/Vitis_HLS/2023.1/lnx64/lib/libfloatconversion_39.bc -o /home/dell3561-49/Vitis_HLS_folder/Object_Detection_DS_version/Object_Detection/solution1/.autopilot/db/a.g.ld.4.m2.bc > /home/dell3561-49/Vitis_HLS_folder/Object_Detection_DS_version/Object_Detection/solution1/.autopilot/db/a.g.ld.4.m2.bc.llvm-link.out.log 2> /home/dell3561-49/Vitis_HLS_folder/Object_Detection_DS_version/Object_Detection/solution1/.autopilot/db/a.g.ld.4.m2.bc.llvm-link.err.log
INFO-FLOW: 
Execute       run_link_or_opt -opt -out /home/dell3561-49/Vitis_HLS_folder/Object_Detection_DS_version/Object_Detection/solution1/.autopilot/db/a.g.ld.5.gdce.bc -args /home/dell3561-49/Vitis_HLS_folder/Object_Detection_DS_version/Object_Detection/solution1/.autopilot/db/a.g.ld.4.m2.bc -reflow-globaldce -hls-top-function-name=objectDetection 
INFO-FLOW: run_clang exec: /tools/Xilinx/Vitis_HLS/2023.1/lnx64/tools/clang-3.9-csynth/bin/opt -pass-remarks-missed=reflow|pasta|unroll -pass-remarks=reflow|pasta|unroll|inline -pass-remarks-output=/home/dell3561-49/Vitis_HLS_folder/Object_Detection_DS_version/Object_Detection/solution1/.autopilot/db/a.g.ld.5.gdce.bc.opt.diag.yml /home/dell3561-49/Vitis_HLS_folder/Object_Detection_DS_version/Object_Detection/solution1/.autopilot/db/a.g.ld.4.m2.bc -reflow-globaldce -hls-top-function-name=objectDetection -o /home/dell3561-49/Vitis_HLS_folder/Object_Detection_DS_version/Object_Detection/solution1/.autopilot/db/a.g.ld.5.gdce.bc > /home/dell3561-49/Vitis_HLS_folder/Object_Detection_DS_version/Object_Detection/solution1/.autopilot/db/a.g.ld.5.gdce.bc.opt.out.log 2> /home/dell3561-49/Vitis_HLS_folder/Object_Detection_DS_version/Object_Detection/solution1/.autopilot/db/a.g.ld.5.gdce.bc.opt.err.log
INFO-FLOW: 
INFO-FLOW: Running: gen_design_size_report post-opt
INFO-FLOW: Done: gen_design_size_report post-opt time: 0 seconds per iteration
Execute       send_msg_by_id INFO @200-777@%s Vivado 
INFO: [HLS 200-777] Using interface defaults for 'Vivado' flow target.
Execute       is_m_axi_addr64 
INFO-FLOW: Doing LTO.
INFO-FLOW: run_clang (background poll_ms 5000) exec: /tools/Xilinx/Vitis_HLS/2023.1/lnx64/tools/clang-3.9-csynth/bin/clang -foptimization-record-file=/home/dell3561-49/Vitis_HLS_folder/Object_Detection_DS_version/Object_Detection/solution1/.autopilot/db/a.g.ld.0.bc.clang.reflow.diag.yml -mllvm -pass-remarks-missed=reflow|pasta|unroll -mllvm -pass-remarks=reflow|pasta|unroll|inline -fhls -mllvm -hls-top-function-name=objectDetection -mllvm -hls-db-dir -mllvm /home/dell3561-49/Vitis_HLS_folder/Object_Detection_DS_version/Object_Detection/solution1/.autopilot/db -emit-llvm -c -target fpga64-xilinx-none -mllvm -xcl-xmlinfo=/home/dell3561-49/Vitis_HLS_folder/Object_Detection_DS_version/Object_Detection/solution1/.autopilot/db/kernel.internal.xml -mllvm -top-io-mapping-info=/home/dell3561-49/Vitis_HLS_folder/Object_Detection_DS_version/Object_Detection/solution1/.autopilot/db/top-io-fe.xml -mllvm -hls-bitcode-version=3.1 -mllvm -reflow-enable-slave-interface-default-setting=true -mllvm -gen-kernel-xml=false -mllvm -default-maxi-offset=slave -mllvm -maxi-latency=0 -mllvm -hls-maxi-data-size-in-bits=8 -mllvm -hls-maxi-max-data-size-in-bits=1024 -mllvm -hls-max-widen-size-in-bits=0 -mllvm -xcl-kernel-max-mem-ports=0 -mllvm -maxi-read-trans=16 -mllvm -maxi-write-trans=16 -mllvm -maxi-read-burst-len=16 -mllvm -maxi-write-burst-len=16 -mllvm -reflow-enable-saxi-64bits=0 -mllvm -reflow-basic-block-instr-threshold=200000 -mllvm -reflow-auto-pipeline-threshold=64 -mllvm -reflow-enable-maxi-auto-id-channel=0 -mllvm -enable-fp-thr=0 -mllvm -reflow-bdd-simplify-threshold=1024 -mllvm -reflow-fanout-threshold=16 -mllvm -assume-maxi-align=1 -mllvm -reflow-pipeline-style-llvm-setting=2 -mllvm -reflow-enable-dataflow-strict-mode-checking=1 -ftime-report -mllvm -time-passes -mllvm -reflow-auto-array-partition-mode=default -mllvm -reflow-enable-auto-array-partition=true -mllvm -reflow-enable-auto-parallel-performance-driven=true -mllvm -reflow-enable-partition-for-automation=true -mllvm -reflow-aggregate-bitwidth-threshold=4096 -mllvm -reflow-reserved-saxilite-registers=1024 -mllvm -reflow-assume-no-address-wrap=true -mllvm -reflow-enable-occurrence-inference=true -mllvm -hls -mllvm -disable-inlined-alloca-merging=true -mllvm -default-clock-period=10 -x ir /home/dell3561-49/Vitis_HLS_folder/Object_Detection_DS_version/Object_Detection/solution1/.autopilot/db/a.g.ld.5.gdce.bc -o /home/dell3561-49/Vitis_HLS_folder/Object_Detection_DS_version/Object_Detection/solution1/.autopilot/db/a.g.lto.bc -hls-platform-db-name=/tools/Xilinx/Vitis_HLS/2023.1/common/technology/xilinx/common/platform.db -hls-platform-name=artix7_slow -device-resource-info=BRAM_40.000000_DSP_40.000000_FF_16000.000000_LUT_8000.000000_SLICE_3650.000000_URAM_0.000000 -device-name-info=xc7a12ticsg325-1L 2> /home/dell3561-49/Vitis_HLS_folder/Object_Detection_DS_version/Object_Detection/solution1/.autopilot/db/a.g.ld.0.bc.clang.reflow.err.log
Execute       send_msg_by_id INFO @200-1995@%s%s%s 6,400 Compile/Link /home/dell3561-49/Vitis_HLS_folder/Object_Detection_DS_version/Object_Detection/solution1/syn/report/csynth_design_size.rpt 
INFO-FLOW: Workspace /home/dell3561-49/Vitis_HLS_folder/Object_Detection_DS_version/Object_Detection/solution1 opened at Thu Oct 09 10:11:45 CEST 2025
Execute     ap_set_clock -name default -period 10 -default=false 
INFO: [SYN 201-201] Setting up clock 'default' with a period of 10ns.
Execute     set_part xc7a12ti-csg325-1L 
Execute       create_platform xc7a12ti-csg325-1L -board  
DBG:HLSDevice: Trying to load device library: /tools/Xilinx/Vitis_HLS/2023.1/lib/lnx64.o/libxv_hlsvwrap.so
DBG:HLSDevice: first parts/arch.xml in RDI_DATADIR: /tools/Xilinx/Vivado/2023.1/data/parts/arch.xml
DBG:HLSDevice: init success
INFO: [HLS 200-1611] Setting target device to 'xc7a12ti-csg325-1L'
Command       create_platform done; 0.2 sec.
Execute       source /tools/Xilinx/Vitis_HLS/2023.1/common/technology/xilinx/common/xilinx.gen 
Execute         source /tools/Xilinx/Vitis_HLS/2023.1/common/technology/xilinx/interface/plb46.gen 
Execute         source /tools/Xilinx/Vitis_HLS/2023.1/common/technology/xilinx/interface/axi4.gen 
Execute         source /tools/Xilinx/Vitis_HLS/2023.1/common/technology/xilinx/interface/nativeAXI4.gen 
Execute           source /tools/Xilinx/Vitis_HLS/2023.1/common/technology/xilinx/interface/saxilite.gen 
Execute         source /tools/Xilinx/Vitis_HLS/2023.1/common/technology/xilinx/scripts/xilinxcoregen.gen 
Execute         source /tools/Xilinx/Vitis_HLS/2023.1/common/technology/xilinx/interface/XilEDKCoreGen.gen 
Execute         source /tools/Xilinx/Vitis_HLS/2023.1/common/technology/xilinx/ip/dds_compiler.gen 
Execute         source /tools/Xilinx/Vitis_HLS/2023.1/common/technology/xilinx/ip/util.gen 
Execute         source /tools/Xilinx/Vitis_HLS/2023.1/common/technology/xilinx/ip/xfft.gen 
Execute         source /tools/Xilinx/Vitis_HLS/2023.1/common/technology/xilinx/ip/xfir.gen 
Execute         source /tools/Xilinx/Vitis_HLS/2023.1/common/technology/xilinx/DSP48/dsp48.gen 
Execute       ap_part_info -name xc7a12ti-csg325-1L -data info 
Execute       config_compile -quiet -complex-mul-dsp=0 
Command     set_part done; 0.27 sec.
Execute     send_msg_by_id INFO @200-1505@%s%s  vivado 
INFO: [HLS 200-1505] Using flow_target 'vivado'
Command   open_solution done; 0.33 sec.
Execute   set_part xc7a12ti-csg325-1L 
INFO: [HLS 200-1510] Running: set_part xc7a12ti-csg325-1L 
Execute     create_platform xc7a12ti-csg325-1L -board  
Execute     source /tools/Xilinx/Vitis_HLS/2023.1/common/technology/xilinx/common/xilinx.gen 
Execute       source /tools/Xilinx/Vitis_HLS/2023.1/common/technology/xilinx/interface/plb46.gen 
Execute       source /tools/Xilinx/Vitis_HLS/2023.1/common/technology/xilinx/interface/axi4.gen 
Execute       source /tools/Xilinx/Vitis_HLS/2023.1/common/technology/xilinx/interface/nativeAXI4.gen 
Execute         source /tools/Xilinx/Vitis_HLS/2023.1/common/technology/xilinx/interface/saxilite.gen 
Execute       source /tools/Xilinx/Vitis_HLS/2023.1/common/technology/xilinx/scripts/xilinxcoregen.gen 
Execute       source /tools/Xilinx/Vitis_HLS/2023.1/common/technology/xilinx/interface/XilEDKCoreGen.gen 
Execute       source /tools/Xilinx/Vitis_HLS/2023.1/common/technology/xilinx/ip/dds_compiler.gen 
Execute       source /tools/Xilinx/Vitis_HLS/2023.1/common/technology/xilinx/ip/util.gen 
Execute       source /tools/Xilinx/Vitis_HLS/2023.1/common/technology/xilinx/ip/xfft.gen 
Execute       source /tools/Xilinx/Vitis_HLS/2023.1/common/technology/xilinx/ip/xfir.gen 
Execute       source /tools/Xilinx/Vitis_HLS/2023.1/common/technology/xilinx/DSP48/dsp48.gen 
Execute     ap_part_info -name xc7a12ti-csg325-1L -data info 
Execute     config_compile -quiet -complex-mul-dsp=0 
Execute   create_clock -period 10 -name default 
INFO: [HLS 200-1510] Running: create_clock -period 10 -name default 
Execute   csim_design -quiet 
INFO: [HLS 200-1510] Running: csim_design -quiet 
INFO-FLOW: Running SLX 'csim' proc: ::SLX::run_csim
INFO: [SIM 211-2] *************** CSIM start ***************
INFO: [SIM 211-4] CSIM will launch GCC as the compiler.
Execute     source csim/.lst_opt.tcl 
Execute     send_msg_by_id INFO @200-2036@%s debug 
INFO: [HLS 200-2036] Building debug C Simulation binaries
Execute     ap_part_info -name xc7a12ti-csg325-1L -data info 
ERROR: [SIM 211-100] 'csim_design' failed: compilation error(s).
INFO: [SIM 211-3] *************** CSIM finish ***************
INFO-FLOW: AESL_CSIM::csim_cmd_wrap errorInfo:
4
    while executing
"::AESL_CSIM::csim_cmd_wrap $args"
INFO-FLOW: Caught error in csim_design: 4
    while executing
"ap_internal_csim_design "
Command   csim_design done; error code: 2; 4.41 sec.
INFO: [HLS 200-111] Finished Command csim_design CPU user time: 4.15 seconds. CPU system time: 0.26 seconds. Elapsed time: 4.41 seconds; current allocated memory: 0.000 MB.
Command ap_source done; error code: 1; 4.82 sec.
Execute cleanup_all 
