INFO: [SIM 2] *************** CSIM start ***************
INFO: [SIM 4] CSIM will launch GCC as the compiler.
   Compiling(apcc) ../../../../../../C_PROGRAM/5.Ping_pong_HLS/tb.c in debug mode
INFO: [HLS 200-10] Running '/tools/Xilinx/Vitis_HLS/2023.1/bin/unwrapped/lnx64.o/apcc'
INFO: [HLS 200-10] For user 'dell3561-49' on host 'dell3561-49' (Linux_x86_64 version 6.8.0-85-generic) on Tue Oct 07 16:12:11 CEST 2025
INFO: [HLS 200-10] On os Ubuntu 22.04.5 LTS
INFO: [HLS 200-10] In directory '/home/dell3561-49/Vitis_HLS_folder/ping_pong/ping_pong/solution1/csim/build'
INFO: [APCC 202-3] Tmp directory is /tmp/apcc_db_dell3561-49/371641759846331073083
INFO: [APCC 202-1] APCC is done.
INFO: [HLS 200-112] Total CPU user time: 1.55 seconds. Total CPU system time: 0.14 seconds. Total elapsed time: 1.61 seconds; peak allocated memory: 99.008 MB.
   Compiling(apcc) ../../../../../../C_PROGRAM/5.Ping_pong_HLS/ping_pong.c in debug mode
INFO: [HLS 200-10] Running '/tools/Xilinx/Vitis_HLS/2023.1/bin/unwrapped/lnx64.o/apcc'
INFO: [HLS 200-10] For user 'dell3561-49' on host 'dell3561-49' (Linux_x86_64 version 6.8.0-85-generic) on Tue Oct 07 16:12:13 CEST 2025
INFO: [HLS 200-10] On os Ubuntu 22.04.5 LTS
INFO: [HLS 200-10] In directory '/home/dell3561-49/Vitis_HLS_folder/ping_pong/ping_pong/solution1/csim/build'
INFO: [APCC 202-3] Tmp directory is /tmp/apcc_db_dell3561-49/372261759846333658741
INFO: [APCC 202-1] APCC is done.
INFO: [HLS 200-112] Total CPU user time: 1.43 seconds. Total CPU system time: 0.13 seconds. Total elapsed time: 1.44 seconds; peak allocated memory: 99.008 MB.
   Generating csim.exe
INFO: [SIM 1] CSim done with 0 errors.
INFO: [SIM 3] *************** CSIM finish ***************
