/home/dell3561-49/Vitis_HLS_folder/BackGrRemoval_AXIS_ver2/BaGrRemoval_AXIs_ver2/solution1/.autopilot/db/RGB2HSV.pp.0.cpp:1335:7: warning: Added loop label VITIS_LOOP_1213_1:   [xilinx-label-all-loops]
      for (i = 0; i < __N - 1; ++i) {
      ^~~
      VITIS_LOOP_1213_1: 
/home/dell3561-49/Vitis_HLS_folder/BackGrRemoval_AXIS_ver2/BaGrRemoval_AXIs_ver2/solution1/.autopilot/db/RGB2HSV.pp.0.cpp:1335:7: note: FIX-IT applied suggested code changes
/home/dell3561-49/Vitis_HLS_folder/BackGrRemoval_AXIS_ver2/BaGrRemoval_AXIs_ver2/solution1/.autopilot/db/RGB2HSV.pp.0.cpp:2309:5: warning: Added loop label VITIS_LOOP_676_1:   [xilinx-label-all-loops]
    for (unsigned i = low; i != high; ++i) {
    ^~~
    VITIS_LOOP_676_1: 
/home/dell3561-49/Vitis_HLS_folder/BackGrRemoval_AXIS_ver2/BaGrRemoval_AXIs_ver2/solution1/.autopilot/db/RGB2HSV.pp.0.cpp:2309:5: note: FIX-IT applied suggested code changes
/home/dell3561-49/Vitis_HLS_folder/BackGrRemoval_AXIS_ver2/BaGrRemoval_AXIs_ver2/solution1/.autopilot/db/RGB2HSV.pp.0.cpp:2323:5: warning: Added loop label VITIS_LOOP_690_1:   [xilinx-label-all-loops]
    for (unsigned i = low; i != high; ++i) {
    ^~~
    VITIS_LOOP_690_1: 
/home/dell3561-49/Vitis_HLS_folder/BackGrRemoval_AXIS_ver2/BaGrRemoval_AXIs_ver2/solution1/.autopilot/db/RGB2HSV.pp.0.cpp:2323:5: note: FIX-IT applied suggested code changes
/home/dell3561-49/Vitis_HLS_folder/BackGrRemoval_AXIS_ver2/BaGrRemoval_AXIs_ver2/solution1/.autopilot/db/RGB2HSV.pp.0.cpp:2337:5: warning: Added loop label VITIS_LOOP_704_1:   [xilinx-label-all-loops]
    for (unsigned i = low; i != high; ++i) {
    ^~~
    VITIS_LOOP_704_1: 
/home/dell3561-49/Vitis_HLS_folder/BackGrRemoval_AXIS_ver2/BaGrRemoval_AXIs_ver2/solution1/.autopilot/db/RGB2HSV.pp.0.cpp:2337:5: note: FIX-IT applied suggested code changes
/home/dell3561-49/Vitis_HLS_folder/BackGrRemoval_AXIS_ver2/BaGrRemoval_AXIs_ver2/solution1/.autopilot/db/RGB2HSV.pp.0.cpp:3936:7: warning: Added loop label VITIS_LOOP_1247_1:   [xilinx-label-all-loops]
      for (i = 0; i < __N - 1; ++i) {
      ^~~
      VITIS_LOOP_1247_1: 
/home/dell3561-49/Vitis_HLS_folder/BackGrRemoval_AXIS_ver2/BaGrRemoval_AXIs_ver2/solution1/.autopilot/db/RGB2HSV.pp.0.cpp:3936:7: note: FIX-IT applied suggested code changes
