

================================================================
== Vitis HLS Report for 'hls_object_green_classification_Pipeline_Pass3_outer_Pass3_inner'
================================================================
* Date:           Wed Nov 12 16:31:51 2025

* Version:        2023.1 (Build 3854077 on May  4 2023)
* Project:        Obj_Detect_ver3
* Solution:       solution1 (Vivado IP Flow Target)
* Product family: zynq
* Target device:  xc7z020-clg484-1


================================================================
== Performance Estimates
================================================================
+ Timing: 
    * Summary: 
    +--------+----------+----------+------------+
    |  Clock |  Target  | Estimated| Uncertainty|
    +--------+----------+----------+------------+
    |ap_clk  |  10.00 ns|  8.423 ns|     2.70 ns|
    +--------+----------+----------+------------+

+ Latency: 
    * Summary: 
    +---------+---------+----------+----------+--------+--------+---------+
    |  Latency (cycles) |  Latency (absolute) |     Interval    | Pipeline|
    |   min   |   max   |    min   |    max   |   min  |   max  |   Type  |
    +---------+---------+----------+----------+--------+--------+---------+
    |   153604|   153604|  1.536 ms|  1.536 ms|  153604|  153604|       no|
    +---------+---------+----------+----------+--------+--------+---------+

    + Detail: 
        * Instance: 
        N/A

        * Loop: 
        +---------------------------+---------+---------+----------+-----------+-----------+-------+----------+
        |                           |  Latency (cycles) | Iteration|  Initiation Interval  |  Trip |          |
        |         Loop Name         |   min   |   max   |  Latency |  achieved |   target  | Count | Pipelined|
        +---------------------------+---------+---------+----------+-----------+-----------+-------+----------+
        |- Pass3_outer_Pass3_inner  |   153602|   153602|         5|          2|          2|  76800|       yes|
        +---------------------------+---------+---------+----------+-----------+-----------+-------+----------+

============================================================
+ Verbose Summary: Synthesis Manager
============================================================
InlineROM: 1
ExposeGlobal: 0
============================================================
+ Verbose Summary: CDFG Model
============================================================
IsTopModel: 0
ResetActiveHigh: 1
IsCombinational: 0
IsDatapathOnly: 0
HasWiredReturn: 1
HasMFsm: 2
HasVarLatency: 1
IsPipeline: 0
IsRtlPipelined: 0
IsInstanceOverlapped: 0
IsDontTouch: 0
HasImplIP: 0
IsGatedGlobalClock: 0

+ Individual pipeline summary: 
  * Pipeline-0: initiation interval (II) = 2, depth = 6


============================================================
+ Verbose Summary: Schedule
============================================================
* Number of FSM states : 6
* Pipeline : 1
  Pipeline-0 : II = 2, D = 6, States = { 1 2 3 4 5 6 }
* Dataflow Pipeline: 0

* FSM state transitions: 
1 --> 2 
2 --> 3 
3 --> 4 
4 --> 5 
5 --> 6 
6 --> 

* FSM state operations: 

State 1 <SV = 0> <Delay = 1.58>
ST_1 : Operation 8 [1/1] (0.00ns)   --->   "%x = alloca i32 1"   --->   Operation 8 'alloca' 'x' <Predicate = true> <Delay = 0.00>
ST_1 : Operation 9 [1/1] (0.00ns)   --->   "%y = alloca i32 1"   --->   Operation 9 'alloca' 'y' <Predicate = true> <Delay = 0.00>
ST_1 : Operation 10 [1/1] (0.00ns)   --->   "%indvar_flatten = alloca i32 1"   --->   Operation 10 'alloca' 'indvar_flatten' <Predicate = true> <Delay = 0.00>
ST_1 : Operation 11 [1/1] (0.00ns)   --->   "%specmemcore_ln0 = specmemcore void @_ssdm_op_SpecMemCore, i8 %max_y, i64 666, i64 22, i64 18446744073709551615"   --->   Operation 11 'specmemcore' 'specmemcore_ln0' <Predicate = true> <Delay = 0.00>
ST_1 : Operation 12 [1/1] (0.00ns)   --->   "%specmemcore_ln0 = specmemcore void @_ssdm_op_SpecMemCore, i8 %min_y, i64 666, i64 22, i64 18446744073709551615"   --->   Operation 12 'specmemcore' 'specmemcore_ln0' <Predicate = true> <Delay = 0.00>
ST_1 : Operation 13 [1/1] (0.00ns)   --->   "%specmemcore_ln0 = specmemcore void @_ssdm_op_SpecMemCore, i9 %max_x, i64 666, i64 22, i64 18446744073709551615"   --->   Operation 13 'specmemcore' 'specmemcore_ln0' <Predicate = true> <Delay = 0.00>
ST_1 : Operation 14 [1/1] (0.00ns)   --->   "%specmemcore_ln0 = specmemcore void @_ssdm_op_SpecMemCore, i9 %min_x, i64 666, i64 22, i64 18446744073709551615"   --->   Operation 14 'specmemcore' 'specmemcore_ln0' <Predicate = true> <Delay = 0.00>
ST_1 : Operation 15 [1/1] (0.00ns)   --->   "%specmemcore_ln0 = specmemcore void @_ssdm_op_SpecMemCore, i16 %parent, i64 666, i64 22, i64 18446744073709551615"   --->   Operation 15 'specmemcore' 'specmemcore_ln0' <Predicate = true> <Delay = 0.00>
ST_1 : Operation 16 [1/1] (0.00ns)   --->   "%specmemcore_ln0 = specmemcore void @_ssdm_op_SpecMemCore, i16 %label_map, i64 666, i64 22, i64 18446744073709551615"   --->   Operation 16 'specmemcore' 'specmemcore_ln0' <Predicate = true> <Delay = 0.00>
ST_1 : Operation 17 [1/1] (1.58ns)   --->   "%store_ln0 = store i17 0, i17 %indvar_flatten"   --->   Operation 17 'store' 'store_ln0' <Predicate = true> <Delay = 1.58>
ST_1 : Operation 18 [1/1] (1.58ns)   --->   "%store_ln0 = store i8 0, i8 %y"   --->   Operation 18 'store' 'store_ln0' <Predicate = true> <Delay = 1.58>
ST_1 : Operation 19 [1/1] (1.58ns)   --->   "%store_ln0 = store i9 0, i9 %x"   --->   Operation 19 'store' 'store_ln0' <Predicate = true> <Delay = 1.58>
ST_1 : Operation 20 [1/1] (0.00ns)   --->   "%br_ln0 = br void %for.body408"   --->   Operation 20 'br' 'br_ln0' <Predicate = true> <Delay = 0.00>

State 2 <SV = 1> <Delay = 6.20>
ST_2 : Operation 21 [1/1] (0.00ns)   --->   "%indvar_flatten_load = load i17 %indvar_flatten" [obj_detect.cpp:209]   --->   Operation 21 'load' 'indvar_flatten_load' <Predicate = true> <Delay = 0.00>
ST_2 : Operation 22 [1/1] (2.10ns)   --->   "%icmp_ln209 = icmp_eq  i17 %indvar_flatten_load, i17 76800" [obj_detect.cpp:209]   --->   Operation 22 'icmp' 'icmp_ln209' <Predicate = true> <Delay = 2.10> <CoreInst = "Cmp">   --->   Core 9 'Cmp' <Latency = 0> <II = 1> <Delay = 2.10> <FuncUnit> <Opcode : 'icmp'> <InPorts = 2> <OutPorts = 1>
ST_2 : Operation 23 [1/1] (2.10ns)   --->   "%add_ln209 = add i17 %indvar_flatten_load, i17 1" [obj_detect.cpp:209]   --->   Operation 23 'add' 'add_ln209' <Predicate = true> <Delay = 2.10> <CoreInst = "Adder">   --->   Core 1 'Adder' <Latency = 0> <II = 1> <Delay = 2.10> <FuncUnit> <Opcode : 'add' 'sub'> <InPorts = 2> <OutPorts = 1>
ST_2 : Operation 24 [1/1] (0.00ns)   --->   "%br_ln209 = br i1 %icmp_ln209, void %for.inc458, void %init.end469.exitStub" [obj_detect.cpp:209]   --->   Operation 24 'br' 'br_ln209' <Predicate = true> <Delay = 0.00>
ST_2 : Operation 25 [1/1] (0.00ns)   --->   "%x_load = load i9 %x" [obj_detect.cpp:210]   --->   Operation 25 'load' 'x_load' <Predicate = (!icmp_ln209)> <Delay = 0.00>
ST_2 : Operation 26 [1/1] (0.00ns)   --->   "%y_load = load i8 %y" [obj_detect.cpp:209]   --->   Operation 26 'load' 'y_load' <Predicate = (!icmp_ln209)> <Delay = 0.00>
ST_2 : Operation 27 [1/1] (1.91ns)   --->   "%y_2 = add i8 %y_load, i8 1" [obj_detect.cpp:209]   --->   Operation 27 'add' 'y_2' <Predicate = (!icmp_ln209)> <Delay = 1.91> <CoreInst = "Adder">   --->   Core 1 'Adder' <Latency = 0> <II = 1> <Delay = 1.91> <FuncUnit> <Opcode : 'add' 'sub'> <InPorts = 2> <OutPorts = 1>
ST_2 : Operation 28 [1/1] (1.82ns)   --->   "%icmp_ln210 = icmp_eq  i9 %x_load, i9 320" [obj_detect.cpp:210]   --->   Operation 28 'icmp' 'icmp_ln210' <Predicate = (!icmp_ln209)> <Delay = 1.82> <CoreInst = "Cmp">   --->   Core 9 'Cmp' <Latency = 0> <II = 1> <Delay = 1.82> <FuncUnit> <Opcode : 'icmp'> <InPorts = 2> <OutPorts = 1>
ST_2 : Operation 29 [1/1] (0.96ns)   --->   "%select_ln209 = select i1 %icmp_ln210, i9 0, i9 %x_load" [obj_detect.cpp:209]   --->   Operation 29 'select' 'select_ln209' <Predicate = (!icmp_ln209)> <Delay = 0.96> <CoreInst = "Sel">   --->   Core 73 'Sel' <Latency = 0> <II = 1> <Delay = 0.96> <FuncUnit> <Opcode : 'select'> <InPorts = 3> <OutPorts = 1>
ST_2 : Operation 30 [1/1] (1.24ns)   --->   "%select_ln209_1 = select i1 %icmp_ln210, i8 %y_2, i8 %y_load" [obj_detect.cpp:209]   --->   Operation 30 'select' 'select_ln209_1' <Predicate = (!icmp_ln209)> <Delay = 1.24> <CoreInst = "Sel">   --->   Core 73 'Sel' <Latency = 0> <II = 1> <Delay = 1.24> <FuncUnit> <Opcode : 'select'> <InPorts = 3> <OutPorts = 1>
ST_2 : Operation 31 [1/1] (1.82ns)   --->   "%x_1 = add i9 %select_ln209, i9 1" [obj_detect.cpp:210]   --->   Operation 31 'add' 'x_1' <Predicate = (!icmp_ln209)> <Delay = 1.82> <CoreInst = "Adder">   --->   Core 1 'Adder' <Latency = 0> <II = 1> <Delay = 1.82> <FuncUnit> <Opcode : 'add' 'sub'> <InPorts = 2> <OutPorts = 1>
ST_2 : Operation 32 [1/1] (1.58ns)   --->   "%store_ln210 = store i17 %add_ln209, i17 %indvar_flatten" [obj_detect.cpp:210]   --->   Operation 32 'store' 'store_ln210' <Predicate = (!icmp_ln209)> <Delay = 1.58>
ST_2 : Operation 33 [1/1] (1.58ns)   --->   "%store_ln210 = store i8 %select_ln209_1, i8 %y" [obj_detect.cpp:210]   --->   Operation 33 'store' 'store_ln210' <Predicate = (!icmp_ln209)> <Delay = 1.58>
ST_2 : Operation 34 [1/1] (1.58ns)   --->   "%store_ln210 = store i9 %x_1, i9 %x" [obj_detect.cpp:210]   --->   Operation 34 'store' 'store_ln210' <Predicate = (!icmp_ln209)> <Delay = 1.58>
ST_2 : Operation 35 [1/1] (0.00ns)   --->   "%br_ln210 = br void %for.body408" [obj_detect.cpp:210]   --->   Operation 35 'br' 'br_ln210' <Predicate = (!icmp_ln209)> <Delay = 0.00>

State 3 <SV = 2> <Delay = 7.18>
ST_3 : Operation 36 [1/1] (0.00ns)   --->   "%tmp_s = bitconcatenate i16 @_ssdm_op_BitConcatenate.i16.i8.i8, i8 %select_ln209_1, i8 0" [obj_detect.cpp:213]   --->   Operation 36 'bitconcatenate' 'tmp_s' <Predicate = (!icmp_ln209)> <Delay = 0.00>
ST_3 : Operation 37 [1/1] (0.00ns)   --->   "%zext_ln213 = zext i16 %tmp_s" [obj_detect.cpp:213]   --->   Operation 37 'zext' 'zext_ln213' <Predicate = (!icmp_ln209)> <Delay = 0.00>
ST_3 : Operation 38 [1/1] (0.00ns)   --->   "%tmp_7 = bitconcatenate i14 @_ssdm_op_BitConcatenate.i14.i8.i6, i8 %select_ln209_1, i6 0" [obj_detect.cpp:213]   --->   Operation 38 'bitconcatenate' 'tmp_7' <Predicate = (!icmp_ln209)> <Delay = 0.00>
ST_3 : Operation 39 [1/1] (0.00ns)   --->   "%zext_ln213_1 = zext i14 %tmp_7" [obj_detect.cpp:213]   --->   Operation 39 'zext' 'zext_ln213_1' <Predicate = (!icmp_ln209)> <Delay = 0.00>
ST_3 : Operation 40 [1/1] (0.00ns) (grouped into TernaryAdder)   --->   "%add_ln213 = add i17 %zext_ln213, i17 %zext_ln213_1" [obj_detect.cpp:213]   --->   Operation 40 'add' 'add_ln213' <Predicate = (!icmp_ln209)> <Delay = 0.00> <CoreInst = "TAddSub">   --->   Core 10 'TAddSub' <Latency = 0> <II = 1> <Delay = 1.96> <IPBlock> <Opcode : '<invalid operator> ' 'add' 'sub'> <InPorts = 3> <OutPorts = 1> <Sync> <CReg>
ST_3 : Operation 41 [1/1] (0.00ns)   --->   "%zext_ln213_2 = zext i9 %select_ln209" [obj_detect.cpp:213]   --->   Operation 41 'zext' 'zext_ln213_2' <Predicate = (!icmp_ln209)> <Delay = 0.00>
ST_3 : Operation 42 [1/1] (3.93ns) (root node of TernaryAdder)   --->   "%add_ln213_1 = add i17 %add_ln213, i17 %zext_ln213_2" [obj_detect.cpp:213]   --->   Operation 42 'add' 'add_ln213_1' <Predicate = (!icmp_ln209)> <Delay = 3.93> <CoreInst = "TAddSub">   --->   Core 10 'TAddSub' <Latency = 0> <II = 1> <Delay = 1.96> <IPBlock> <Opcode : '<invalid operator> ' 'add' 'sub'> <InPorts = 3> <OutPorts = 1> <Sync> <CReg>
ST_3 : Operation 43 [1/1] (0.00ns)   --->   "%zext_ln213_3 = zext i17 %add_ln213_1" [obj_detect.cpp:213]   --->   Operation 43 'zext' 'zext_ln213_3' <Predicate = (!icmp_ln209)> <Delay = 0.00>
ST_3 : Operation 44 [1/1] (0.00ns)   --->   "%label_map_addr = getelementptr i16 %label_map, i64 0, i64 %zext_ln213_3" [obj_detect.cpp:213]   --->   Operation 44 'getelementptr' 'label_map_addr' <Predicate = (!icmp_ln209)> <Delay = 0.00>
ST_3 : Operation 45 [2/2] (3.25ns)   --->   "%lbl = load i17 %label_map_addr" [obj_detect.cpp:213]   --->   Operation 45 'load' 'lbl' <Predicate = (!icmp_ln209)> <Delay = 3.25> <CoreInst = "RAM_2P_BRAM">   --->   Core 91 'RAM_2P_BRAM' <Latency = 1> <II = 1> <Delay = 3.25> <Storage> <Opcode : 'load' 'store'> <Ports = 2> <Width = 16> <Depth = 76800> <RAM>

State 4 <SV = 3> <Delay = 6.50>
ST_4 : Operation 46 [1/1] (0.00ns)   --->   "%specloopname_ln0 = specloopname void @_ssdm_op_SpecLoopName, void @Pass3_outer_Pass3_inner_str"   --->   Operation 46 'specloopname' 'specloopname_ln0' <Predicate = true> <Delay = 0.00>
ST_4 : Operation 47 [1/1] (0.00ns)   --->   "%speclooptripcount_ln0 = speclooptripcount void @_ssdm_op_SpecLoopTripCount, i64 76800, i64 76800, i64 76800"   --->   Operation 47 'speclooptripcount' 'speclooptripcount_ln0' <Predicate = true> <Delay = 0.00>
ST_4 : Operation 48 [1/1] (0.00ns)   --->   "%specpipeline_ln212 = specpipeline void @_ssdm_op_SpecPipeline, i32 2, i32 0, i32 0, i32 0, void @empty_13" [obj_detect.cpp:212]   --->   Operation 48 'specpipeline' 'specpipeline_ln212' <Predicate = true> <Delay = 0.00>
ST_4 : Operation 49 [1/1] (0.00ns)   --->   "%specloopname_ln210 = specloopname void @_ssdm_op_SpecLoopName, void @empty_23" [obj_detect.cpp:210]   --->   Operation 49 'specloopname' 'specloopname_ln210' <Predicate = true> <Delay = 0.00>
ST_4 : Operation 50 [1/2] (3.25ns)   --->   "%lbl = load i17 %label_map_addr" [obj_detect.cpp:213]   --->   Operation 50 'load' 'lbl' <Predicate = true> <Delay = 3.25> <CoreInst = "RAM_2P_BRAM">   --->   Core 91 'RAM_2P_BRAM' <Latency = 1> <II = 1> <Delay = 3.25> <Storage> <Opcode : 'load' 'store'> <Ports = 2> <Width = 16> <Depth = 76800> <RAM>
ST_4 : Operation 51 [1/1] (2.07ns)   --->   "%icmp_ln214 = icmp_eq  i16 %lbl, i16 0" [obj_detect.cpp:214]   --->   Operation 51 'icmp' 'icmp_ln214' <Predicate = true> <Delay = 2.07> <CoreInst = "Cmp">   --->   Core 9 'Cmp' <Latency = 0> <II = 1> <Delay = 2.07> <FuncUnit> <Opcode : 'icmp'> <InPorts = 2> <OutPorts = 1>
ST_4 : Operation 52 [1/1] (0.00ns)   --->   "%br_ln214 = br i1 %icmp_ln214, void %if.then415, void %for.inc455" [obj_detect.cpp:214]   --->   Operation 52 'br' 'br_ln214' <Predicate = true> <Delay = 0.00>
ST_4 : Operation 53 [1/1] (0.00ns)   --->   "%zext_ln215 = zext i16 %lbl" [obj_detect.cpp:215]   --->   Operation 53 'zext' 'zext_ln215' <Predicate = (!icmp_ln214)> <Delay = 0.00>
ST_4 : Operation 54 [1/1] (0.00ns)   --->   "%parent_addr = getelementptr i16 %parent, i64 0, i64 %zext_ln215" [obj_detect.cpp:215]   --->   Operation 54 'getelementptr' 'parent_addr' <Predicate = (!icmp_ln214)> <Delay = 0.00>
ST_4 : Operation 55 [2/2] (3.25ns)   --->   "%root = load i9 %parent_addr" [obj_detect.cpp:215]   --->   Operation 55 'load' 'root' <Predicate = (!icmp_ln214)> <Delay = 3.25> <CoreInst = "RAM_2P_BRAM">   --->   Core 91 'RAM_2P_BRAM' <Latency = 1> <II = 1> <Delay = 3.25> <Storage> <Opcode : 'load' 'store'> <Ports = 2> <Width = 16> <Depth = 512> <RAM>
ST_4 : Operation 56 [1/1] (0.00ns)   --->   "%br_ln221 = br void %for.inc455" [obj_detect.cpp:221]   --->   Operation 56 'br' 'br_ln221' <Predicate = (!icmp_ln214)> <Delay = 0.00>
ST_4 : Operation 88 [1/1] (0.00ns)   --->   "%ret_ln0 = ret"   --->   Operation 88 'ret' 'ret_ln0' <Predicate = (icmp_ln209)> <Delay = 0.00>

State 5 <SV = 4> <Delay = 6.50>
ST_5 : Operation 57 [1/2] (3.25ns)   --->   "%root = load i9 %parent_addr" [obj_detect.cpp:215]   --->   Operation 57 'load' 'root' <Predicate = (!icmp_ln214)> <Delay = 3.25> <CoreInst = "RAM_2P_BRAM">   --->   Core 91 'RAM_2P_BRAM' <Latency = 1> <II = 1> <Delay = 3.25> <Storage> <Opcode : 'load' 'store'> <Ports = 2> <Width = 16> <Depth = 512> <RAM>
ST_5 : Operation 58 [1/1] (3.25ns)   --->   "%store_ln216 = store i16 %root, i17 %label_map_addr" [obj_detect.cpp:216]   --->   Operation 58 'store' 'store_ln216' <Predicate = (!icmp_ln214)> <Delay = 3.25> <CoreInst = "RAM_2P_BRAM">   --->   Core 91 'RAM_2P_BRAM' <Latency = 1> <II = 1> <Delay = 3.25> <Storage> <Opcode : 'load' 'store'> <Ports = 2> <Width = 16> <Depth = 76800> <RAM>
ST_5 : Operation 59 [1/1] (0.00ns)   --->   "%zext_ln217 = zext i16 %root" [obj_detect.cpp:217]   --->   Operation 59 'zext' 'zext_ln217' <Predicate = (!icmp_ln214)> <Delay = 0.00>
ST_5 : Operation 60 [1/1] (0.00ns)   --->   "%min_x_addr = getelementptr i9 %min_x, i64 0, i64 %zext_ln217" [obj_detect.cpp:217]   --->   Operation 60 'getelementptr' 'min_x_addr' <Predicate = (!icmp_ln214)> <Delay = 0.00>
ST_5 : Operation 61 [2/2] (3.25ns)   --->   "%min_x_load = load i9 %min_x_addr" [obj_detect.cpp:217]   --->   Operation 61 'load' 'min_x_load' <Predicate = (!icmp_ln214)> <Delay = 3.25> <CoreInst = "RAM_2P_BRAM">   --->   Core 91 'RAM_2P_BRAM' <Latency = 1> <II = 1> <Delay = 3.25> <Storage> <Opcode : 'load' 'store'> <Ports = 2> <Width = 9> <Depth = 512> <RAM>
ST_5 : Operation 62 [1/1] (0.00ns)   --->   "%max_x_addr = getelementptr i9 %max_x, i64 0, i64 %zext_ln217" [obj_detect.cpp:218]   --->   Operation 62 'getelementptr' 'max_x_addr' <Predicate = (!icmp_ln214)> <Delay = 0.00>
ST_5 : Operation 63 [2/2] (3.25ns)   --->   "%max_x_load = load i9 %max_x_addr" [obj_detect.cpp:218]   --->   Operation 63 'load' 'max_x_load' <Predicate = (!icmp_ln214)> <Delay = 3.25> <CoreInst = "RAM_2P_BRAM">   --->   Core 91 'RAM_2P_BRAM' <Latency = 1> <II = 1> <Delay = 3.25> <Storage> <Opcode : 'load' 'store'> <Ports = 2> <Width = 9> <Depth = 512> <RAM>
ST_5 : Operation 64 [1/1] (0.00ns)   --->   "%min_y_addr = getelementptr i8 %min_y, i64 0, i64 %zext_ln217" [obj_detect.cpp:219]   --->   Operation 64 'getelementptr' 'min_y_addr' <Predicate = (!icmp_ln214)> <Delay = 0.00>
ST_5 : Operation 65 [2/2] (3.25ns)   --->   "%min_y_load = load i9 %min_y_addr" [obj_detect.cpp:219]   --->   Operation 65 'load' 'min_y_load' <Predicate = (!icmp_ln214)> <Delay = 3.25> <CoreInst = "RAM_2P_BRAM">   --->   Core 91 'RAM_2P_BRAM' <Latency = 1> <II = 1> <Delay = 3.25> <Storage> <Opcode : 'load' 'store'> <Ports = 2> <Width = 8> <Depth = 512> <RAM>
ST_5 : Operation 66 [1/1] (0.00ns)   --->   "%max_y_addr = getelementptr i8 %max_y, i64 0, i64 %zext_ln217" [obj_detect.cpp:220]   --->   Operation 66 'getelementptr' 'max_y_addr' <Predicate = (!icmp_ln214)> <Delay = 0.00>
ST_5 : Operation 67 [2/2] (3.25ns)   --->   "%max_y_load = load i9 %max_y_addr" [obj_detect.cpp:220]   --->   Operation 67 'load' 'max_y_load' <Predicate = (!icmp_ln214)> <Delay = 3.25> <CoreInst = "RAM_2P_BRAM">   --->   Core 91 'RAM_2P_BRAM' <Latency = 1> <II = 1> <Delay = 3.25> <Storage> <Opcode : 'load' 'store'> <Ports = 2> <Width = 8> <Depth = 512> <RAM>

State 6 <SV = 5> <Delay = 8.42>
ST_6 : Operation 68 [1/2] (3.25ns)   --->   "%min_x_load = load i9 %min_x_addr" [obj_detect.cpp:217]   --->   Operation 68 'load' 'min_x_load' <Predicate = (!icmp_ln214)> <Delay = 3.25> <CoreInst = "RAM_2P_BRAM">   --->   Core 91 'RAM_2P_BRAM' <Latency = 1> <II = 1> <Delay = 3.25> <Storage> <Opcode : 'load' 'store'> <Ports = 2> <Width = 9> <Depth = 512> <RAM>
ST_6 : Operation 69 [1/1] (1.82ns)   --->   "%icmp_ln217 = icmp_ult  i9 %select_ln209, i9 %min_x_load" [obj_detect.cpp:217]   --->   Operation 69 'icmp' 'icmp_ln217' <Predicate = (!icmp_ln214)> <Delay = 1.82> <CoreInst = "Cmp">   --->   Core 9 'Cmp' <Latency = 0> <II = 1> <Delay = 1.82> <FuncUnit> <Opcode : 'icmp'> <InPorts = 2> <OutPorts = 1>
ST_6 : Operation 70 [1/1] (0.00ns)   --->   "%br_ln217 = br i1 %icmp_ln217, void %if.end429, void %if.then425" [obj_detect.cpp:217]   --->   Operation 70 'br' 'br_ln217' <Predicate = (!icmp_ln214)> <Delay = 0.00>
ST_6 : Operation 71 [1/1] (3.25ns)   --->   "%store_ln217 = store i9 %select_ln209, i9 %min_x_addr" [obj_detect.cpp:217]   --->   Operation 71 'store' 'store_ln217' <Predicate = (!icmp_ln214 & icmp_ln217)> <Delay = 3.25> <CoreInst = "RAM_2P_BRAM">   --->   Core 91 'RAM_2P_BRAM' <Latency = 1> <II = 1> <Delay = 3.25> <Storage> <Opcode : 'load' 'store'> <Ports = 2> <Width = 9> <Depth = 512> <RAM>
ST_6 : Operation 72 [1/1] (0.00ns)   --->   "%br_ln217 = br void %if.end429" [obj_detect.cpp:217]   --->   Operation 72 'br' 'br_ln217' <Predicate = (!icmp_ln214 & icmp_ln217)> <Delay = 0.00>
ST_6 : Operation 73 [1/2] (3.25ns)   --->   "%max_x_load = load i9 %max_x_addr" [obj_detect.cpp:218]   --->   Operation 73 'load' 'max_x_load' <Predicate = (!icmp_ln214)> <Delay = 3.25> <CoreInst = "RAM_2P_BRAM">   --->   Core 91 'RAM_2P_BRAM' <Latency = 1> <II = 1> <Delay = 3.25> <Storage> <Opcode : 'load' 'store'> <Ports = 2> <Width = 9> <Depth = 512> <RAM>
ST_6 : Operation 74 [1/1] (1.82ns)   --->   "%icmp_ln218 = icmp_ugt  i9 %select_ln209, i9 %max_x_load" [obj_detect.cpp:218]   --->   Operation 74 'icmp' 'icmp_ln218' <Predicate = (!icmp_ln214)> <Delay = 1.82> <CoreInst = "Cmp">   --->   Core 9 'Cmp' <Latency = 0> <II = 1> <Delay = 1.82> <FuncUnit> <Opcode : 'icmp'> <InPorts = 2> <OutPorts = 1>
ST_6 : Operation 75 [1/1] (0.00ns)   --->   "%br_ln218 = br i1 %icmp_ln218, void %if.end437, void %if.then433" [obj_detect.cpp:218]   --->   Operation 75 'br' 'br_ln218' <Predicate = (!icmp_ln214)> <Delay = 0.00>
ST_6 : Operation 76 [1/1] (3.25ns)   --->   "%store_ln218 = store i9 %select_ln209, i9 %max_x_addr" [obj_detect.cpp:218]   --->   Operation 76 'store' 'store_ln218' <Predicate = (!icmp_ln214 & icmp_ln218)> <Delay = 3.25> <CoreInst = "RAM_2P_BRAM">   --->   Core 91 'RAM_2P_BRAM' <Latency = 1> <II = 1> <Delay = 3.25> <Storage> <Opcode : 'load' 'store'> <Ports = 2> <Width = 9> <Depth = 512> <RAM>
ST_6 : Operation 77 [1/1] (0.00ns)   --->   "%br_ln218 = br void %if.end437" [obj_detect.cpp:218]   --->   Operation 77 'br' 'br_ln218' <Predicate = (!icmp_ln214 & icmp_ln218)> <Delay = 0.00>
ST_6 : Operation 78 [1/2] (3.25ns)   --->   "%min_y_load = load i9 %min_y_addr" [obj_detect.cpp:219]   --->   Operation 78 'load' 'min_y_load' <Predicate = (!icmp_ln214)> <Delay = 3.25> <CoreInst = "RAM_2P_BRAM">   --->   Core 91 'RAM_2P_BRAM' <Latency = 1> <II = 1> <Delay = 3.25> <Storage> <Opcode : 'load' 'store'> <Ports = 2> <Width = 8> <Depth = 512> <RAM>
ST_6 : Operation 79 [1/1] (1.91ns)   --->   "%icmp_ln219 = icmp_ult  i8 %select_ln209_1, i8 %min_y_load" [obj_detect.cpp:219]   --->   Operation 79 'icmp' 'icmp_ln219' <Predicate = (!icmp_ln214)> <Delay = 1.91> <CoreInst = "Cmp">   --->   Core 9 'Cmp' <Latency = 0> <II = 1> <Delay = 1.91> <FuncUnit> <Opcode : 'icmp'> <InPorts = 2> <OutPorts = 1>
ST_6 : Operation 80 [1/1] (0.00ns)   --->   "%br_ln219 = br i1 %icmp_ln219, void %if.end445, void %if.then441" [obj_detect.cpp:219]   --->   Operation 80 'br' 'br_ln219' <Predicate = (!icmp_ln214)> <Delay = 0.00>
ST_6 : Operation 81 [1/1] (3.25ns)   --->   "%store_ln219 = store i8 %select_ln209_1, i9 %min_y_addr" [obj_detect.cpp:219]   --->   Operation 81 'store' 'store_ln219' <Predicate = (!icmp_ln214 & icmp_ln219)> <Delay = 3.25> <CoreInst = "RAM_2P_BRAM">   --->   Core 91 'RAM_2P_BRAM' <Latency = 1> <II = 1> <Delay = 3.25> <Storage> <Opcode : 'load' 'store'> <Ports = 2> <Width = 8> <Depth = 512> <RAM>
ST_6 : Operation 82 [1/1] (0.00ns)   --->   "%br_ln219 = br void %if.end445" [obj_detect.cpp:219]   --->   Operation 82 'br' 'br_ln219' <Predicate = (!icmp_ln214 & icmp_ln219)> <Delay = 0.00>
ST_6 : Operation 83 [1/2] (3.25ns)   --->   "%max_y_load = load i9 %max_y_addr" [obj_detect.cpp:220]   --->   Operation 83 'load' 'max_y_load' <Predicate = (!icmp_ln214)> <Delay = 3.25> <CoreInst = "RAM_2P_BRAM">   --->   Core 91 'RAM_2P_BRAM' <Latency = 1> <II = 1> <Delay = 3.25> <Storage> <Opcode : 'load' 'store'> <Ports = 2> <Width = 8> <Depth = 512> <RAM>
ST_6 : Operation 84 [1/1] (1.91ns)   --->   "%icmp_ln220 = icmp_ugt  i8 %select_ln209_1, i8 %max_y_load" [obj_detect.cpp:220]   --->   Operation 84 'icmp' 'icmp_ln220' <Predicate = (!icmp_ln214)> <Delay = 1.91> <CoreInst = "Cmp">   --->   Core 9 'Cmp' <Latency = 0> <II = 1> <Delay = 1.91> <FuncUnit> <Opcode : 'icmp'> <InPorts = 2> <OutPorts = 1>
ST_6 : Operation 85 [1/1] (0.00ns)   --->   "%br_ln220 = br i1 %icmp_ln220, void %if.end453, void %if.then449" [obj_detect.cpp:220]   --->   Operation 85 'br' 'br_ln220' <Predicate = (!icmp_ln214)> <Delay = 0.00>
ST_6 : Operation 86 [1/1] (3.25ns)   --->   "%store_ln220 = store i8 %select_ln209_1, i9 %max_y_addr" [obj_detect.cpp:220]   --->   Operation 86 'store' 'store_ln220' <Predicate = (!icmp_ln214 & icmp_ln220)> <Delay = 3.25> <CoreInst = "RAM_2P_BRAM">   --->   Core 91 'RAM_2P_BRAM' <Latency = 1> <II = 1> <Delay = 3.25> <Storage> <Opcode : 'load' 'store'> <Ports = 2> <Width = 8> <Depth = 512> <RAM>
ST_6 : Operation 87 [1/1] (0.00ns)   --->   "%br_ln220 = br void %if.end453" [obj_detect.cpp:220]   --->   Operation 87 'br' 'br_ln220' <Predicate = (!icmp_ln214 & icmp_ln220)> <Delay = 0.00>


============================================================
+ Verbose Summary: Binding
============================================================
STG Binding: 
---------------- STG Properties BEGIN ----------------
- Is combinational: 0
- Is one-state seq: 0
- Is datapath-only: 0
- Is pipelined: 0
- Is top level: 0
Port [ Return ] is wired: 1; IO mode=ap_ctrl_hs:ce=0
Port [ label_map]:  wired=1; compound=1; hidden=0; nouse=0; global=1; static=1; extern=0; dir=2; type=1; pingpong=0; private_global=0; MemPort=[10]; IO mode=ap_memory:ce=0
Port [ max_y]:  wired=1; compound=1; hidden=0; nouse=0; global=1; static=1; extern=0; dir=2; type=1; pingpong=0; private_global=0; MemPort=[10]; IO mode=ap_memory:ce=0
Port [ min_y]:  wired=1; compound=1; hidden=0; nouse=0; global=1; static=1; extern=0; dir=2; type=1; pingpong=0; private_global=0; MemPort=[10]; IO mode=ap_memory:ce=0
Port [ max_x]:  wired=1; compound=1; hidden=0; nouse=0; global=1; static=1; extern=0; dir=2; type=1; pingpong=0; private_global=0; MemPort=[10]; IO mode=ap_memory:ce=0
Port [ parent]:  wired=1; compound=1; hidden=0; nouse=0; global=1; static=1; extern=0; dir=0; type=1; pingpong=0; private_global=0; MemPort=[13]; IO mode=ap_memory:ce=0
Port [ min_x]:  wired=1; compound=1; hidden=0; nouse=0; global=1; static=1; extern=0; dir=2; type=1; pingpong=0; private_global=0; MemPort=[10]; IO mode=ap_memory:ce=0
---------------- STG Properties END ------------------

---------------- Datapath Model BEGIN ----------------

<LifeTime>
<method=bitvector/>
x                     (alloca           ) [ 0110000]
y                     (alloca           ) [ 0110000]
indvar_flatten        (alloca           ) [ 0110000]
specmemcore_ln0       (specmemcore      ) [ 0000000]
specmemcore_ln0       (specmemcore      ) [ 0000000]
specmemcore_ln0       (specmemcore      ) [ 0000000]
specmemcore_ln0       (specmemcore      ) [ 0000000]
specmemcore_ln0       (specmemcore      ) [ 0000000]
specmemcore_ln0       (specmemcore      ) [ 0000000]
store_ln0             (store            ) [ 0000000]
store_ln0             (store            ) [ 0000000]
store_ln0             (store            ) [ 0000000]
br_ln0                (br               ) [ 0000000]
indvar_flatten_load   (load             ) [ 0000000]
icmp_ln209            (icmp             ) [ 0111100]
add_ln209             (add              ) [ 0000000]
br_ln209              (br               ) [ 0000000]
x_load                (load             ) [ 0000000]
y_load                (load             ) [ 0000000]
y_2                   (add              ) [ 0000000]
icmp_ln210            (icmp             ) [ 0000000]
select_ln209          (select           ) [ 0111111]
select_ln209_1        (select           ) [ 0111111]
x_1                   (add              ) [ 0000000]
store_ln210           (store            ) [ 0000000]
store_ln210           (store            ) [ 0000000]
store_ln210           (store            ) [ 0000000]
br_ln210              (br               ) [ 0000000]
tmp_s                 (bitconcatenate   ) [ 0000000]
zext_ln213            (zext             ) [ 0000000]
tmp_7                 (bitconcatenate   ) [ 0000000]
zext_ln213_1          (zext             ) [ 0000000]
add_ln213             (add              ) [ 0000000]
zext_ln213_2          (zext             ) [ 0000000]
add_ln213_1           (add              ) [ 0000000]
zext_ln213_3          (zext             ) [ 0000000]
label_map_addr        (getelementptr    ) [ 0110110]
specloopname_ln0      (specloopname     ) [ 0000000]
speclooptripcount_ln0 (speclooptripcount) [ 0000000]
specpipeline_ln212    (specpipeline     ) [ 0000000]
specloopname_ln210    (specloopname     ) [ 0000000]
lbl                   (load             ) [ 0000000]
icmp_ln214            (icmp             ) [ 0110111]
br_ln214              (br               ) [ 0000000]
zext_ln215            (zext             ) [ 0000000]
parent_addr           (getelementptr    ) [ 0100010]
br_ln221              (br               ) [ 0000000]
root                  (load             ) [ 0000000]
store_ln216           (store            ) [ 0000000]
zext_ln217            (zext             ) [ 0000000]
min_x_addr            (getelementptr    ) [ 0010001]
max_x_addr            (getelementptr    ) [ 0010001]
min_y_addr            (getelementptr    ) [ 0010001]
max_y_addr            (getelementptr    ) [ 0010001]
min_x_load            (load             ) [ 0000000]
icmp_ln217            (icmp             ) [ 0010001]
br_ln217              (br               ) [ 0000000]
store_ln217           (store            ) [ 0000000]
br_ln217              (br               ) [ 0000000]
max_x_load            (load             ) [ 0000000]
icmp_ln218            (icmp             ) [ 0010001]
br_ln218              (br               ) [ 0000000]
store_ln218           (store            ) [ 0000000]
br_ln218              (br               ) [ 0000000]
min_y_load            (load             ) [ 0000000]
icmp_ln219            (icmp             ) [ 0010001]
br_ln219              (br               ) [ 0000000]
store_ln219           (store            ) [ 0000000]
br_ln219              (br               ) [ 0000000]
max_y_load            (load             ) [ 0000000]
icmp_ln220            (icmp             ) [ 0010001]
br_ln220              (br               ) [ 0000000]
store_ln220           (store            ) [ 0000000]
br_ln220              (br               ) [ 0000000]
ret_ln0               (ret              ) [ 0000000]
</LifeTime>

<model>

<comp_list>
<comp id="0" class="1000" name="label_map">
<pin_list>
<pin id="1" dir="1" index="0" bw="1" slack="0"/>
</pin_list>
<bind>
<StgValue><ssdm name="label_map"/><MemPortTyVec>1 0 </MemPortTyVec>
</StgValue>
</bind>
</comp>

<comp id="2" class="1000" name="max_y">
<pin_list>
<pin id="3" dir="1" index="0" bw="1" slack="0"/>
</pin_list>
<bind>
<StgValue><ssdm name="max_y"/><MemPortTyVec>1 0 </MemPortTyVec>
</StgValue>
</bind>
</comp>

<comp id="4" class="1000" name="min_y">
<pin_list>
<pin id="5" dir="1" index="0" bw="1" slack="0"/>
</pin_list>
<bind>
<StgValue><ssdm name="min_y"/><MemPortTyVec>1 0 </MemPortTyVec>
</StgValue>
</bind>
</comp>

<comp id="6" class="1000" name="max_x">
<pin_list>
<pin id="7" dir="1" index="0" bw="1" slack="0"/>
</pin_list>
<bind>
<StgValue><ssdm name="max_x"/><MemPortTyVec>1 0 </MemPortTyVec>
</StgValue>
</bind>
</comp>

<comp id="8" class="1000" name="parent">
<pin_list>
<pin id="9" dir="1" index="0" bw="1" slack="0"/>
</pin_list>
<bind>
<StgValue><ssdm name="parent"/><MemPortTyVec>1 3 </MemPortTyVec>
</StgValue>
</bind>
</comp>

<comp id="10" class="1000" name="min_x">
<pin_list>
<pin id="11" dir="1" index="0" bw="1" slack="0"/>
</pin_list>
<bind>
<StgValue><ssdm name="min_x"/><MemPortTyVec>1 0 </MemPortTyVec>
</StgValue>
</bind>
</comp>

<comp id="12" class="1001" name="const_12">
<pin_list>
<pin id="13" dir="1" index="0" bw="1" slack="0"/>
</pin_list>
<bind>
<StgValue><ssdm name=""/></StgValue>
</bind>
</comp>

<comp id="14" class="1001" name="const_14">
<pin_list>
<pin id="15" dir="1" index="0" bw="1" slack="2147483647"/>
</pin_list>
<bind>
<StgValue><ssdm name="_ssdm_op_SpecMemCore"/></StgValue>
</bind>
</comp>

<comp id="16" class="1001" name="const_16">
<pin_list>
<pin id="17" dir="1" index="0" bw="1" slack="2147483647"/>
</pin_list>
<bind>
<StgValue><ssdm name=""/></StgValue>
</bind>
</comp>

<comp id="18" class="1001" name="const_18">
<pin_list>
<pin id="19" dir="1" index="0" bw="1" slack="2147483647"/>
</pin_list>
<bind>
<StgValue><ssdm name=""/></StgValue>
</bind>
</comp>

<comp id="20" class="1001" name="const_20">
<pin_list>
<pin id="21" dir="1" index="0" bw="1" slack="2147483647"/>
</pin_list>
<bind>
<StgValue><ssdm name=""/></StgValue>
</bind>
</comp>

<comp id="22" class="1001" name="const_22">
<pin_list>
<pin id="23" dir="1" index="0" bw="1" slack="0"/>
</pin_list>
<bind>
<StgValue><ssdm name=""/></StgValue>
</bind>
</comp>

<comp id="24" class="1001" name="const_24">
<pin_list>
<pin id="25" dir="1" index="0" bw="1" slack="0"/>
</pin_list>
<bind>
<StgValue><ssdm name=""/></StgValue>
</bind>
</comp>

<comp id="26" class="1001" name="const_26">
<pin_list>
<pin id="27" dir="1" index="0" bw="1" slack="0"/>
</pin_list>
<bind>
<StgValue><ssdm name=""/></StgValue>
</bind>
</comp>

<comp id="28" class="1001" name="const_28">
<pin_list>
<pin id="29" dir="1" index="0" bw="1" slack="0"/>
</pin_list>
<bind>
<StgValue><ssdm name=""/></StgValue>
</bind>
</comp>

<comp id="30" class="1001" name="const_30">
<pin_list>
<pin id="31" dir="1" index="0" bw="1" slack="0"/>
</pin_list>
<bind>
<StgValue><ssdm name=""/></StgValue>
</bind>
</comp>

<comp id="32" class="1001" name="const_32">
<pin_list>
<pin id="33" dir="1" index="0" bw="1" slack="0"/>
</pin_list>
<bind>
<StgValue><ssdm name=""/></StgValue>
</bind>
</comp>

<comp id="34" class="1001" name="const_34">
<pin_list>
<pin id="35" dir="1" index="0" bw="1" slack="0"/>
</pin_list>
<bind>
<StgValue><ssdm name=""/></StgValue>
</bind>
</comp>

<comp id="36" class="1001" name="const_36">
<pin_list>
<pin id="37" dir="1" index="0" bw="1" slack="0"/>
</pin_list>
<bind>
<StgValue><ssdm name=""/></StgValue>
</bind>
</comp>

<comp id="38" class="1001" name="const_38">
<pin_list>
<pin id="39" dir="1" index="0" bw="1" slack="0"/>
</pin_list>
<bind>
<StgValue><ssdm name="_ssdm_op_BitConcatenate.i16.i8.i8"/></StgValue>
</bind>
</comp>

<comp id="40" class="1001" name="const_40">
<pin_list>
<pin id="41" dir="1" index="0" bw="1" slack="0"/>
</pin_list>
<bind>
<StgValue><ssdm name="_ssdm_op_BitConcatenate.i14.i8.i6"/></StgValue>
</bind>
</comp>

<comp id="42" class="1001" name="const_42">
<pin_list>
<pin id="43" dir="1" index="0" bw="1" slack="0"/>
</pin_list>
<bind>
<StgValue><ssdm name=""/></StgValue>
</bind>
</comp>

<comp id="44" class="1001" name="const_44">
<pin_list>
<pin id="45" dir="1" index="0" bw="1" slack="0"/>
</pin_list>
<bind>
<StgValue><ssdm name=""/></StgValue>
</bind>
</comp>

<comp id="46" class="1001" name="const_46">
<pin_list>
<pin id="47" dir="1" index="0" bw="1" slack="2147483647"/>
</pin_list>
<bind>
<StgValue><ssdm name="_ssdm_op_SpecLoopName"/></StgValue>
</bind>
</comp>

<comp id="48" class="1001" name="const_48">
<pin_list>
<pin id="49" dir="1" index="0" bw="1" slack="2147483647"/>
</pin_list>
<bind>
<StgValue><ssdm name="Pass3_outer_Pass3_inner_str"/></StgValue>
</bind>
</comp>

<comp id="50" class="1001" name="const_50">
<pin_list>
<pin id="51" dir="1" index="0" bw="1" slack="2147483647"/>
</pin_list>
<bind>
<StgValue><ssdm name="_ssdm_op_SpecLoopTripCount"/></StgValue>
</bind>
</comp>

<comp id="52" class="1001" name="const_52">
<pin_list>
<pin id="53" dir="1" index="0" bw="1" slack="2147483647"/>
</pin_list>
<bind>
<StgValue><ssdm name=""/></StgValue>
</bind>
</comp>

<comp id="54" class="1001" name="const_54">
<pin_list>
<pin id="55" dir="1" index="0" bw="1" slack="2147483647"/>
</pin_list>
<bind>
<StgValue><ssdm name="_ssdm_op_SpecPipeline"/></StgValue>
</bind>
</comp>

<comp id="56" class="1001" name="const_56">
<pin_list>
<pin id="57" dir="1" index="0" bw="1" slack="2147483647"/>
</pin_list>
<bind>
<StgValue><ssdm name=""/></StgValue>
</bind>
</comp>

<comp id="58" class="1001" name="const_58">
<pin_list>
<pin id="59" dir="1" index="0" bw="1" slack="2147483647"/>
</pin_list>
<bind>
<StgValue><ssdm name=""/></StgValue>
</bind>
</comp>

<comp id="60" class="1001" name="const_60">
<pin_list>
<pin id="61" dir="1" index="0" bw="1" slack="2147483647"/>
</pin_list>
<bind>
<StgValue><ssdm name="empty_13"/></StgValue>
</bind>
</comp>

<comp id="62" class="1001" name="const_62">
<pin_list>
<pin id="63" dir="1" index="0" bw="1" slack="2147483647"/>
</pin_list>
<bind>
<StgValue><ssdm name="empty_23"/></StgValue>
</bind>
</comp>

<comp id="64" class="1001" name="const_64">
<pin_list>
<pin id="65" dir="1" index="0" bw="1" slack="0"/>
</pin_list>
<bind>
<StgValue><ssdm name=""/></StgValue>
</bind>
</comp>

<comp id="66" class="1004" name="x_fu_66">
<pin_list>
<pin id="67" dir="0" index="0" bw="1" slack="0"/>
<pin id="68" dir="1" index="1" bw="9" slack="0"/>
</pin_list>
<bind>
<opcode="alloca(26) " fcode="alloca"/>
<opset="x/1 "/>
</bind>
</comp>

<comp id="70" class="1004" name="y_fu_70">
<pin_list>
<pin id="71" dir="0" index="0" bw="1" slack="0"/>
<pin id="72" dir="1" index="1" bw="8" slack="0"/>
</pin_list>
<bind>
<opcode="alloca(26) " fcode="alloca"/>
<opset="y/1 "/>
</bind>
</comp>

<comp id="74" class="1004" name="indvar_flatten_fu_74">
<pin_list>
<pin id="75" dir="0" index="0" bw="1" slack="0"/>
<pin id="76" dir="1" index="1" bw="17" slack="0"/>
</pin_list>
<bind>
<opcode="alloca(26) " fcode="alloca"/>
<opset="indvar_flatten/1 "/>
</bind>
</comp>

<comp id="78" class="1004" name="label_map_addr_gep_fu_78">
<pin_list>
<pin id="79" dir="0" index="0" bw="16" slack="0"/>
<pin id="80" dir="0" index="1" bw="1" slack="0"/>
<pin id="81" dir="0" index="2" bw="17" slack="0"/>
<pin id="82" dir="1" index="3" bw="17" slack="0"/>
</pin_list>
<bind>
<opcode="getelementptr(29) " fcode="getelementptr"/>
<opset="label_map_addr/3 "/>
</bind>
</comp>

<comp id="85" class="1004" name="grp_access_fu_85">
<pin_list>
<pin id="86" dir="0" index="0" bw="17" slack="0"/>
<pin id="87" dir="0" index="1" bw="16" slack="2147483647"/>
<pin id="88" dir="0" index="2" bw="0" slack="2"/>
<pin id="104" dir="0" index="4" bw="17" slack="0"/>
<pin id="105" dir="0" index="5" bw="16" slack="2147483647"/>
<pin id="106" dir="0" index="6" bw="0" slack="2147483647"/>
<pin id="89" dir="1" index="3" bw="16" slack="0"/>
<pin id="107" dir="1" index="7" bw="16" slack="2147483647"/>
</pin_list>
<bind>
<opcode="load(27) store(28) " fcode="store"/>
<opset="lbl/3 store_ln216/5 "/>
</bind>
</comp>

<comp id="91" class="1004" name="parent_addr_gep_fu_91">
<pin_list>
<pin id="92" dir="0" index="0" bw="16" slack="0"/>
<pin id="93" dir="0" index="1" bw="1" slack="0"/>
<pin id="94" dir="0" index="2" bw="16" slack="0"/>
<pin id="95" dir="1" index="3" bw="9" slack="0"/>
</pin_list>
<bind>
<opcode="getelementptr(29) " fcode="getelementptr"/>
<opset="parent_addr/4 "/>
</bind>
</comp>

<comp id="98" class="1004" name="grp_access_fu_98">
<pin_list>
<pin id="99" dir="0" index="0" bw="9" slack="0"/>
<pin id="100" dir="0" index="1" bw="16" slack="2147483647"/>
<pin id="101" dir="0" index="2" bw="0" slack="2147483647"/>
<pin id="102" dir="1" index="3" bw="16" slack="0"/>
</pin_list>
<bind>
<opcode="load(27) " fcode="load"/>
<opset="root/4 "/>
</bind>
</comp>

<comp id="109" class="1004" name="min_x_addr_gep_fu_109">
<pin_list>
<pin id="110" dir="0" index="0" bw="9" slack="0"/>
<pin id="111" dir="0" index="1" bw="1" slack="0"/>
<pin id="112" dir="0" index="2" bw="16" slack="0"/>
<pin id="113" dir="1" index="3" bw="9" slack="0"/>
</pin_list>
<bind>
<opcode="getelementptr(29) " fcode="getelementptr"/>
<opset="min_x_addr/5 "/>
</bind>
</comp>

<comp id="116" class="1004" name="grp_access_fu_116">
<pin_list>
<pin id="117" dir="0" index="0" bw="9" slack="0"/>
<pin id="118" dir="0" index="1" bw="9" slack="2147483647"/>
<pin id="119" dir="0" index="2" bw="0" slack="1"/>
<pin id="161" dir="0" index="4" bw="9" slack="4"/>
<pin id="162" dir="0" index="5" bw="9" slack="2147483647"/>
<pin id="163" dir="0" index="6" bw="0" slack="2147483647"/>
<pin id="120" dir="1" index="3" bw="9" slack="0"/>
<pin id="164" dir="1" index="7" bw="9" slack="2147483647"/>
</pin_list>
<bind>
<opcode="load(27) store(28) " fcode="store"/>
<opset="min_x_load/5 store_ln217/6 "/>
</bind>
</comp>

<comp id="122" class="1004" name="max_x_addr_gep_fu_122">
<pin_list>
<pin id="123" dir="0" index="0" bw="9" slack="0"/>
<pin id="124" dir="0" index="1" bw="1" slack="0"/>
<pin id="125" dir="0" index="2" bw="16" slack="0"/>
<pin id="126" dir="1" index="3" bw="9" slack="0"/>
</pin_list>
<bind>
<opcode="getelementptr(29) " fcode="getelementptr"/>
<opset="max_x_addr/5 "/>
</bind>
</comp>

<comp id="129" class="1004" name="grp_access_fu_129">
<pin_list>
<pin id="130" dir="0" index="0" bw="9" slack="0"/>
<pin id="131" dir="0" index="1" bw="9" slack="2147483647"/>
<pin id="132" dir="0" index="2" bw="0" slack="1"/>
<pin id="165" dir="0" index="4" bw="9" slack="4"/>
<pin id="166" dir="0" index="5" bw="9" slack="2147483647"/>
<pin id="167" dir="0" index="6" bw="0" slack="2147483647"/>
<pin id="133" dir="1" index="3" bw="9" slack="0"/>
<pin id="168" dir="1" index="7" bw="9" slack="2147483647"/>
</pin_list>
<bind>
<opcode="load(27) store(28) " fcode="store"/>
<opset="max_x_load/5 store_ln218/6 "/>
</bind>
</comp>

<comp id="135" class="1004" name="min_y_addr_gep_fu_135">
<pin_list>
<pin id="136" dir="0" index="0" bw="8" slack="0"/>
<pin id="137" dir="0" index="1" bw="1" slack="0"/>
<pin id="138" dir="0" index="2" bw="16" slack="0"/>
<pin id="139" dir="1" index="3" bw="9" slack="0"/>
</pin_list>
<bind>
<opcode="getelementptr(29) " fcode="getelementptr"/>
<opset="min_y_addr/5 "/>
</bind>
</comp>

<comp id="142" class="1004" name="grp_access_fu_142">
<pin_list>
<pin id="143" dir="0" index="0" bw="9" slack="0"/>
<pin id="144" dir="0" index="1" bw="8" slack="2147483647"/>
<pin id="145" dir="0" index="2" bw="0" slack="1"/>
<pin id="169" dir="0" index="4" bw="9" slack="4"/>
<pin id="170" dir="0" index="5" bw="8" slack="2147483647"/>
<pin id="171" dir="0" index="6" bw="0" slack="2147483647"/>
<pin id="146" dir="1" index="3" bw="8" slack="0"/>
<pin id="172" dir="1" index="7" bw="8" slack="2147483647"/>
</pin_list>
<bind>
<opcode="load(27) store(28) " fcode="store"/>
<opset="min_y_load/5 store_ln219/6 "/>
</bind>
</comp>

<comp id="148" class="1004" name="max_y_addr_gep_fu_148">
<pin_list>
<pin id="149" dir="0" index="0" bw="8" slack="0"/>
<pin id="150" dir="0" index="1" bw="1" slack="0"/>
<pin id="151" dir="0" index="2" bw="16" slack="0"/>
<pin id="152" dir="1" index="3" bw="9" slack="0"/>
</pin_list>
<bind>
<opcode="getelementptr(29) " fcode="getelementptr"/>
<opset="max_y_addr/5 "/>
</bind>
</comp>

<comp id="155" class="1004" name="grp_access_fu_155">
<pin_list>
<pin id="156" dir="0" index="0" bw="9" slack="0"/>
<pin id="157" dir="0" index="1" bw="8" slack="2147483647"/>
<pin id="158" dir="0" index="2" bw="0" slack="1"/>
<pin id="173" dir="0" index="4" bw="9" slack="4"/>
<pin id="174" dir="0" index="5" bw="8" slack="2147483647"/>
<pin id="175" dir="0" index="6" bw="0" slack="2147483647"/>
<pin id="159" dir="1" index="3" bw="8" slack="0"/>
<pin id="176" dir="1" index="7" bw="8" slack="2147483647"/>
</pin_list>
<bind>
<opcode="load(27) store(28) " fcode="store"/>
<opset="max_y_load/5 store_ln220/6 "/>
</bind>
</comp>

<comp id="177" class="1004" name="store_ln0_store_fu_177">
<pin_list>
<pin id="178" dir="0" index="0" bw="1" slack="0"/>
<pin id="179" dir="0" index="1" bw="17" slack="0"/>
<pin id="180" dir="1" index="2" bw="0" slack="2147483647"/>
</pin_list>
<bind>
<opcode="store(28) " fcode="store"/>
<opset="store_ln0/1 "/>
</bind>
</comp>

<comp id="182" class="1004" name="store_ln0_store_fu_182">
<pin_list>
<pin id="183" dir="0" index="0" bw="1" slack="0"/>
<pin id="184" dir="0" index="1" bw="8" slack="0"/>
<pin id="185" dir="1" index="2" bw="0" slack="2147483647"/>
</pin_list>
<bind>
<opcode="store(28) " fcode="store"/>
<opset="store_ln0/1 "/>
</bind>
</comp>

<comp id="187" class="1004" name="store_ln0_store_fu_187">
<pin_list>
<pin id="188" dir="0" index="0" bw="1" slack="0"/>
<pin id="189" dir="0" index="1" bw="9" slack="0"/>
<pin id="190" dir="1" index="2" bw="0" slack="2147483647"/>
</pin_list>
<bind>
<opcode="store(28) " fcode="store"/>
<opset="store_ln0/1 "/>
</bind>
</comp>

<comp id="192" class="1004" name="indvar_flatten_load_load_fu_192">
<pin_list>
<pin id="193" dir="0" index="0" bw="17" slack="1"/>
<pin id="194" dir="1" index="1" bw="17" slack="0"/>
</pin_list>
<bind>
<opcode="load(27) " fcode="load"/>
<opset="indvar_flatten_load/2 "/>
</bind>
</comp>

<comp id="195" class="1004" name="icmp_ln209_fu_195">
<pin_list>
<pin id="196" dir="0" index="0" bw="17" slack="0"/>
<pin id="197" dir="0" index="1" bw="17" slack="0"/>
<pin id="198" dir="1" index="2" bw="1" slack="1"/>
</pin_list>
<bind>
<opcode="icmp(45) " fcode="icmp"/>
<opset="icmp_ln209/2 "/>
</bind>
</comp>

<comp id="201" class="1004" name="add_ln209_fu_201">
<pin_list>
<pin id="202" dir="0" index="0" bw="17" slack="0"/>
<pin id="203" dir="0" index="1" bw="1" slack="0"/>
<pin id="204" dir="1" index="2" bw="17" slack="0"/>
</pin_list>
<bind>
<opcode="add(8) " fcode="add"/>
<opset="add_ln209/2 "/>
</bind>
</comp>

<comp id="207" class="1004" name="x_load_load_fu_207">
<pin_list>
<pin id="208" dir="0" index="0" bw="9" slack="1"/>
<pin id="209" dir="1" index="1" bw="9" slack="0"/>
</pin_list>
<bind>
<opcode="load(27) " fcode="load"/>
<opset="x_load/2 "/>
</bind>
</comp>

<comp id="210" class="1004" name="y_load_load_fu_210">
<pin_list>
<pin id="211" dir="0" index="0" bw="8" slack="1"/>
<pin id="212" dir="1" index="1" bw="8" slack="0"/>
</pin_list>
<bind>
<opcode="load(27) " fcode="load"/>
<opset="y_load/2 "/>
</bind>
</comp>

<comp id="213" class="1004" name="y_2_fu_213">
<pin_list>
<pin id="214" dir="0" index="0" bw="8" slack="0"/>
<pin id="215" dir="0" index="1" bw="1" slack="0"/>
<pin id="216" dir="1" index="2" bw="8" slack="0"/>
</pin_list>
<bind>
<opcode="add(8) " fcode="add"/>
<opset="y_2/2 "/>
</bind>
</comp>

<comp id="219" class="1004" name="icmp_ln210_fu_219">
<pin_list>
<pin id="220" dir="0" index="0" bw="9" slack="0"/>
<pin id="221" dir="0" index="1" bw="9" slack="0"/>
<pin id="222" dir="1" index="2" bw="1" slack="0"/>
</pin_list>
<bind>
<opcode="icmp(45) " fcode="icmp"/>
<opset="icmp_ln210/2 "/>
</bind>
</comp>

<comp id="225" class="1004" name="select_ln209_fu_225">
<pin_list>
<pin id="226" dir="0" index="0" bw="1" slack="0"/>
<pin id="227" dir="0" index="1" bw="1" slack="0"/>
<pin id="228" dir="0" index="2" bw="9" slack="0"/>
<pin id="229" dir="1" index="3" bw="9" slack="0"/>
</pin_list>
<bind>
<opcode="select(49) " fcode="select"/>
<opset="select_ln209/2 "/>
</bind>
</comp>

<comp id="233" class="1004" name="select_ln209_1_fu_233">
<pin_list>
<pin id="234" dir="0" index="0" bw="1" slack="0"/>
<pin id="235" dir="0" index="1" bw="8" slack="0"/>
<pin id="236" dir="0" index="2" bw="8" slack="0"/>
<pin id="237" dir="1" index="3" bw="8" slack="0"/>
</pin_list>
<bind>
<opcode="select(49) " fcode="select"/>
<opset="select_ln209_1/2 "/>
</bind>
</comp>

<comp id="241" class="1004" name="x_1_fu_241">
<pin_list>
<pin id="242" dir="0" index="0" bw="9" slack="0"/>
<pin id="243" dir="0" index="1" bw="1" slack="0"/>
<pin id="244" dir="1" index="2" bw="9" slack="0"/>
</pin_list>
<bind>
<opcode="add(8) " fcode="add"/>
<opset="x_1/2 "/>
</bind>
</comp>

<comp id="247" class="1004" name="store_ln210_store_fu_247">
<pin_list>
<pin id="248" dir="0" index="0" bw="17" slack="0"/>
<pin id="249" dir="0" index="1" bw="17" slack="1"/>
<pin id="250" dir="1" index="2" bw="0" slack="2147483647"/>
</pin_list>
<bind>
<opcode="store(28) " fcode="store"/>
<opset="store_ln210/2 "/>
</bind>
</comp>

<comp id="252" class="1004" name="store_ln210_store_fu_252">
<pin_list>
<pin id="253" dir="0" index="0" bw="8" slack="0"/>
<pin id="254" dir="0" index="1" bw="8" slack="1"/>
<pin id="255" dir="1" index="2" bw="0" slack="2147483647"/>
</pin_list>
<bind>
<opcode="store(28) " fcode="store"/>
<opset="store_ln210/2 "/>
</bind>
</comp>

<comp id="257" class="1004" name="store_ln210_store_fu_257">
<pin_list>
<pin id="258" dir="0" index="0" bw="9" slack="0"/>
<pin id="259" dir="0" index="1" bw="9" slack="1"/>
<pin id="260" dir="1" index="2" bw="0" slack="2147483647"/>
</pin_list>
<bind>
<opcode="store(28) " fcode="store"/>
<opset="store_ln210/2 "/>
</bind>
</comp>

<comp id="262" class="1004" name="tmp_s_fu_262">
<pin_list>
<pin id="263" dir="0" index="0" bw="16" slack="0"/>
<pin id="264" dir="0" index="1" bw="8" slack="1"/>
<pin id="265" dir="0" index="2" bw="1" slack="0"/>
<pin id="266" dir="1" index="3" bw="16" slack="0"/>
</pin_list>
<bind>
<opcode="bitconcatenate(1004) " fcode="bitconcatenate"/>
<opset="tmp_s/3 "/>
</bind>
</comp>

<comp id="269" class="1004" name="zext_ln213_fu_269">
<pin_list>
<pin id="270" dir="0" index="0" bw="16" slack="0"/>
<pin id="271" dir="1" index="1" bw="17" slack="0"/>
</pin_list>
<bind>
<opcode="zext(34) " fcode="zext"/>
<opset="zext_ln213/3 "/>
</bind>
</comp>

<comp id="273" class="1004" name="tmp_7_fu_273">
<pin_list>
<pin id="274" dir="0" index="0" bw="14" slack="0"/>
<pin id="275" dir="0" index="1" bw="8" slack="1"/>
<pin id="276" dir="0" index="2" bw="1" slack="0"/>
<pin id="277" dir="1" index="3" bw="14" slack="0"/>
</pin_list>
<bind>
<opcode="bitconcatenate(1004) " fcode="bitconcatenate"/>
<opset="tmp_7/3 "/>
</bind>
</comp>

<comp id="280" class="1004" name="zext_ln213_1_fu_280">
<pin_list>
<pin id="281" dir="0" index="0" bw="14" slack="0"/>
<pin id="282" dir="1" index="1" bw="17" slack="0"/>
</pin_list>
<bind>
<opcode="zext(34) " fcode="zext"/>
<opset="zext_ln213_1/3 "/>
</bind>
</comp>

<comp id="284" class="1004" name="add_ln213_fu_284">
<pin_list>
<pin id="285" dir="0" index="0" bw="16" slack="0"/>
<pin id="286" dir="0" index="1" bw="14" slack="0"/>
<pin id="287" dir="1" index="2" bw="17" slack="0"/>
</pin_list>
<bind>
<opcode="add(8) " fcode="add"/>
<opset="add_ln213/3 "/>
</bind>
</comp>

<comp id="290" class="1004" name="zext_ln213_2_fu_290">
<pin_list>
<pin id="291" dir="0" index="0" bw="9" slack="1"/>
<pin id="292" dir="1" index="1" bw="17" slack="0"/>
</pin_list>
<bind>
<opcode="zext(34) " fcode="zext"/>
<opset="zext_ln213_2/3 "/>
</bind>
</comp>

<comp id="293" class="1004" name="add_ln213_1_fu_293">
<pin_list>
<pin id="294" dir="0" index="0" bw="17" slack="0"/>
<pin id="295" dir="0" index="1" bw="9" slack="0"/>
<pin id="296" dir="1" index="2" bw="17" slack="0"/>
</pin_list>
<bind>
<opcode="add(8) " fcode="add"/>
<opset="add_ln213_1/3 "/>
</bind>
</comp>

<comp id="299" class="1004" name="zext_ln213_3_fu_299">
<pin_list>
<pin id="300" dir="0" index="0" bw="17" slack="0"/>
<pin id="301" dir="1" index="1" bw="64" slack="0"/>
</pin_list>
<bind>
<opcode="zext(34) " fcode="zext"/>
<opset="zext_ln213_3/3 "/>
</bind>
</comp>

<comp id="304" class="1004" name="icmp_ln214_fu_304">
<pin_list>
<pin id="305" dir="0" index="0" bw="16" slack="0"/>
<pin id="306" dir="0" index="1" bw="1" slack="0"/>
<pin id="307" dir="1" index="2" bw="1" slack="1"/>
</pin_list>
<bind>
<opcode="icmp(45) " fcode="icmp"/>
<opset="icmp_ln214/4 "/>
</bind>
</comp>

<comp id="310" class="1004" name="zext_ln215_fu_310">
<pin_list>
<pin id="311" dir="0" index="0" bw="16" slack="0"/>
<pin id="312" dir="1" index="1" bw="64" slack="0"/>
</pin_list>
<bind>
<opcode="zext(34) " fcode="zext"/>
<opset="zext_ln215/4 "/>
</bind>
</comp>

<comp id="315" class="1004" name="zext_ln217_fu_315">
<pin_list>
<pin id="316" dir="0" index="0" bw="16" slack="0"/>
<pin id="317" dir="1" index="1" bw="64" slack="0"/>
</pin_list>
<bind>
<opcode="zext(34) " fcode="zext"/>
<opset="zext_ln217/5 "/>
</bind>
</comp>

<comp id="323" class="1004" name="icmp_ln217_fu_323">
<pin_list>
<pin id="324" dir="0" index="0" bw="9" slack="4"/>
<pin id="325" dir="0" index="1" bw="9" slack="0"/>
<pin id="326" dir="1" index="2" bw="1" slack="2147483647"/>
</pin_list>
<bind>
<opcode="icmp(45) " fcode="icmp"/>
<opset="icmp_ln217/6 "/>
</bind>
</comp>

<comp id="328" class="1004" name="icmp_ln218_fu_328">
<pin_list>
<pin id="329" dir="0" index="0" bw="9" slack="4"/>
<pin id="330" dir="0" index="1" bw="9" slack="0"/>
<pin id="331" dir="1" index="2" bw="1" slack="2147483647"/>
</pin_list>
<bind>
<opcode="icmp(45) " fcode="icmp"/>
<opset="icmp_ln218/6 "/>
</bind>
</comp>

<comp id="333" class="1004" name="icmp_ln219_fu_333">
<pin_list>
<pin id="334" dir="0" index="0" bw="8" slack="4"/>
<pin id="335" dir="0" index="1" bw="8" slack="0"/>
<pin id="336" dir="1" index="2" bw="1" slack="2147483647"/>
</pin_list>
<bind>
<opcode="icmp(45) " fcode="icmp"/>
<opset="icmp_ln219/6 "/>
</bind>
</comp>

<comp id="338" class="1004" name="icmp_ln220_fu_338">
<pin_list>
<pin id="339" dir="0" index="0" bw="8" slack="4"/>
<pin id="340" dir="0" index="1" bw="8" slack="0"/>
<pin id="341" dir="1" index="2" bw="1" slack="2147483647"/>
</pin_list>
<bind>
<opcode="icmp(45) " fcode="icmp"/>
<opset="icmp_ln220/6 "/>
</bind>
</comp>

<comp id="343" class="1005" name="x_reg_343">
<pin_list>
<pin id="344" dir="0" index="0" bw="9" slack="0"/>
<pin id="345" dir="1" index="1" bw="9" slack="0"/>
</pin_list>
<bind>
<opset="x "/>
</bind>
</comp>

<comp id="350" class="1005" name="y_reg_350">
<pin_list>
<pin id="351" dir="0" index="0" bw="8" slack="0"/>
<pin id="352" dir="1" index="1" bw="8" slack="0"/>
</pin_list>
<bind>
<opset="y "/>
</bind>
</comp>

<comp id="357" class="1005" name="indvar_flatten_reg_357">
<pin_list>
<pin id="358" dir="0" index="0" bw="17" slack="0"/>
<pin id="359" dir="1" index="1" bw="17" slack="0"/>
</pin_list>
<bind>
<opset="indvar_flatten "/>
</bind>
</comp>

<comp id="364" class="1005" name="icmp_ln209_reg_364">
<pin_list>
<pin id="365" dir="0" index="0" bw="1" slack="1"/>
<pin id="366" dir="1" index="1" bw="1" slack="2147483647"/>
</pin_list>
<bind>
<opset="icmp_ln209 "/>
</bind>
</comp>

<comp id="368" class="1005" name="select_ln209_reg_368">
<pin_list>
<pin id="369" dir="0" index="0" bw="9" slack="1"/>
<pin id="370" dir="1" index="1" bw="9" slack="1"/>
</pin_list>
<bind>
<opset="select_ln209 "/>
</bind>
</comp>

<comp id="377" class="1005" name="select_ln209_1_reg_377">
<pin_list>
<pin id="378" dir="0" index="0" bw="8" slack="1"/>
<pin id="379" dir="1" index="1" bw="8" slack="1"/>
</pin_list>
<bind>
<opset="select_ln209_1 "/>
</bind>
</comp>

<comp id="387" class="1005" name="label_map_addr_reg_387">
<pin_list>
<pin id="388" dir="0" index="0" bw="17" slack="1"/>
<pin id="389" dir="1" index="1" bw="17" slack="1"/>
</pin_list>
<bind>
<opset="label_map_addr "/>
</bind>
</comp>

<comp id="393" class="1005" name="icmp_ln214_reg_393">
<pin_list>
<pin id="394" dir="0" index="0" bw="1" slack="1"/>
<pin id="395" dir="1" index="1" bw="1" slack="2147483647"/>
</pin_list>
<bind>
<opset="icmp_ln214 "/>
</bind>
</comp>

<comp id="397" class="1005" name="parent_addr_reg_397">
<pin_list>
<pin id="398" dir="0" index="0" bw="9" slack="1"/>
<pin id="399" dir="1" index="1" bw="9" slack="1"/>
</pin_list>
<bind>
<opset="parent_addr "/>
</bind>
</comp>

<comp id="402" class="1005" name="min_x_addr_reg_402">
<pin_list>
<pin id="403" dir="0" index="0" bw="9" slack="1"/>
<pin id="404" dir="1" index="1" bw="9" slack="1"/>
</pin_list>
<bind>
<opset="min_x_addr "/>
</bind>
</comp>

<comp id="408" class="1005" name="max_x_addr_reg_408">
<pin_list>
<pin id="409" dir="0" index="0" bw="9" slack="1"/>
<pin id="410" dir="1" index="1" bw="9" slack="1"/>
</pin_list>
<bind>
<opset="max_x_addr "/>
</bind>
</comp>

<comp id="414" class="1005" name="min_y_addr_reg_414">
<pin_list>
<pin id="415" dir="0" index="0" bw="9" slack="1"/>
<pin id="416" dir="1" index="1" bw="9" slack="1"/>
</pin_list>
<bind>
<opset="min_y_addr "/>
</bind>
</comp>

<comp id="420" class="1005" name="max_y_addr_reg_420">
<pin_list>
<pin id="421" dir="0" index="0" bw="9" slack="1"/>
<pin id="422" dir="1" index="1" bw="9" slack="1"/>
</pin_list>
<bind>
<opset="max_y_addr "/>
</bind>
</comp>

</comp_list>

<net_list>
<net id="69"><net_src comp="12" pin="0"/><net_sink comp="66" pin=0"/></net>

<net id="73"><net_src comp="12" pin="0"/><net_sink comp="70" pin=0"/></net>

<net id="77"><net_src comp="12" pin="0"/><net_sink comp="74" pin=0"/></net>

<net id="83"><net_src comp="0" pin="0"/><net_sink comp="78" pin=0"/></net>

<net id="84"><net_src comp="44" pin="0"/><net_sink comp="78" pin=1"/></net>

<net id="90"><net_src comp="78" pin="3"/><net_sink comp="85" pin=0"/></net>

<net id="96"><net_src comp="8" pin="0"/><net_sink comp="91" pin=0"/></net>

<net id="97"><net_src comp="44" pin="0"/><net_sink comp="91" pin=1"/></net>

<net id="103"><net_src comp="91" pin="3"/><net_sink comp="98" pin=0"/></net>

<net id="108"><net_src comp="98" pin="3"/><net_sink comp="85" pin=4"/></net>

<net id="114"><net_src comp="10" pin="0"/><net_sink comp="109" pin=0"/></net>

<net id="115"><net_src comp="44" pin="0"/><net_sink comp="109" pin=1"/></net>

<net id="121"><net_src comp="109" pin="3"/><net_sink comp="116" pin=0"/></net>

<net id="127"><net_src comp="6" pin="0"/><net_sink comp="122" pin=0"/></net>

<net id="128"><net_src comp="44" pin="0"/><net_sink comp="122" pin=1"/></net>

<net id="134"><net_src comp="122" pin="3"/><net_sink comp="129" pin=0"/></net>

<net id="140"><net_src comp="4" pin="0"/><net_sink comp="135" pin=0"/></net>

<net id="141"><net_src comp="44" pin="0"/><net_sink comp="135" pin=1"/></net>

<net id="147"><net_src comp="135" pin="3"/><net_sink comp="142" pin=0"/></net>

<net id="153"><net_src comp="2" pin="0"/><net_sink comp="148" pin=0"/></net>

<net id="154"><net_src comp="44" pin="0"/><net_sink comp="148" pin=1"/></net>

<net id="160"><net_src comp="148" pin="3"/><net_sink comp="155" pin=0"/></net>

<net id="181"><net_src comp="22" pin="0"/><net_sink comp="177" pin=0"/></net>

<net id="186"><net_src comp="24" pin="0"/><net_sink comp="182" pin=0"/></net>

<net id="191"><net_src comp="26" pin="0"/><net_sink comp="187" pin=0"/></net>

<net id="199"><net_src comp="192" pin="1"/><net_sink comp="195" pin=0"/></net>

<net id="200"><net_src comp="28" pin="0"/><net_sink comp="195" pin=1"/></net>

<net id="205"><net_src comp="192" pin="1"/><net_sink comp="201" pin=0"/></net>

<net id="206"><net_src comp="30" pin="0"/><net_sink comp="201" pin=1"/></net>

<net id="217"><net_src comp="210" pin="1"/><net_sink comp="213" pin=0"/></net>

<net id="218"><net_src comp="32" pin="0"/><net_sink comp="213" pin=1"/></net>

<net id="223"><net_src comp="207" pin="1"/><net_sink comp="219" pin=0"/></net>

<net id="224"><net_src comp="34" pin="0"/><net_sink comp="219" pin=1"/></net>

<net id="230"><net_src comp="219" pin="2"/><net_sink comp="225" pin=0"/></net>

<net id="231"><net_src comp="26" pin="0"/><net_sink comp="225" pin=1"/></net>

<net id="232"><net_src comp="207" pin="1"/><net_sink comp="225" pin=2"/></net>

<net id="238"><net_src comp="219" pin="2"/><net_sink comp="233" pin=0"/></net>

<net id="239"><net_src comp="213" pin="2"/><net_sink comp="233" pin=1"/></net>

<net id="240"><net_src comp="210" pin="1"/><net_sink comp="233" pin=2"/></net>

<net id="245"><net_src comp="225" pin="3"/><net_sink comp="241" pin=0"/></net>

<net id="246"><net_src comp="36" pin="0"/><net_sink comp="241" pin=1"/></net>

<net id="251"><net_src comp="201" pin="2"/><net_sink comp="247" pin=0"/></net>

<net id="256"><net_src comp="233" pin="3"/><net_sink comp="252" pin=0"/></net>

<net id="261"><net_src comp="241" pin="2"/><net_sink comp="257" pin=0"/></net>

<net id="267"><net_src comp="38" pin="0"/><net_sink comp="262" pin=0"/></net>

<net id="268"><net_src comp="24" pin="0"/><net_sink comp="262" pin=2"/></net>

<net id="272"><net_src comp="262" pin="3"/><net_sink comp="269" pin=0"/></net>

<net id="278"><net_src comp="40" pin="0"/><net_sink comp="273" pin=0"/></net>

<net id="279"><net_src comp="42" pin="0"/><net_sink comp="273" pin=2"/></net>

<net id="283"><net_src comp="273" pin="3"/><net_sink comp="280" pin=0"/></net>

<net id="288"><net_src comp="269" pin="1"/><net_sink comp="284" pin=0"/></net>

<net id="289"><net_src comp="280" pin="1"/><net_sink comp="284" pin=1"/></net>

<net id="297"><net_src comp="284" pin="2"/><net_sink comp="293" pin=0"/></net>

<net id="298"><net_src comp="290" pin="1"/><net_sink comp="293" pin=1"/></net>

<net id="302"><net_src comp="293" pin="2"/><net_sink comp="299" pin=0"/></net>

<net id="303"><net_src comp="299" pin="1"/><net_sink comp="78" pin=2"/></net>

<net id="308"><net_src comp="85" pin="3"/><net_sink comp="304" pin=0"/></net>

<net id="309"><net_src comp="64" pin="0"/><net_sink comp="304" pin=1"/></net>

<net id="313"><net_src comp="85" pin="3"/><net_sink comp="310" pin=0"/></net>

<net id="314"><net_src comp="310" pin="1"/><net_sink comp="91" pin=2"/></net>

<net id="318"><net_src comp="98" pin="3"/><net_sink comp="315" pin=0"/></net>

<net id="319"><net_src comp="315" pin="1"/><net_sink comp="109" pin=2"/></net>

<net id="320"><net_src comp="315" pin="1"/><net_sink comp="122" pin=2"/></net>

<net id="321"><net_src comp="315" pin="1"/><net_sink comp="135" pin=2"/></net>

<net id="322"><net_src comp="315" pin="1"/><net_sink comp="148" pin=2"/></net>

<net id="327"><net_src comp="116" pin="3"/><net_sink comp="323" pin=1"/></net>

<net id="332"><net_src comp="129" pin="3"/><net_sink comp="328" pin=1"/></net>

<net id="337"><net_src comp="142" pin="3"/><net_sink comp="333" pin=1"/></net>

<net id="342"><net_src comp="155" pin="3"/><net_sink comp="338" pin=1"/></net>

<net id="346"><net_src comp="66" pin="1"/><net_sink comp="343" pin=0"/></net>

<net id="347"><net_src comp="343" pin="1"/><net_sink comp="187" pin=1"/></net>

<net id="348"><net_src comp="343" pin="1"/><net_sink comp="207" pin=0"/></net>

<net id="349"><net_src comp="343" pin="1"/><net_sink comp="257" pin=1"/></net>

<net id="353"><net_src comp="70" pin="1"/><net_sink comp="350" pin=0"/></net>

<net id="354"><net_src comp="350" pin="1"/><net_sink comp="182" pin=1"/></net>

<net id="355"><net_src comp="350" pin="1"/><net_sink comp="210" pin=0"/></net>

<net id="356"><net_src comp="350" pin="1"/><net_sink comp="252" pin=1"/></net>

<net id="360"><net_src comp="74" pin="1"/><net_sink comp="357" pin=0"/></net>

<net id="361"><net_src comp="357" pin="1"/><net_sink comp="177" pin=1"/></net>

<net id="362"><net_src comp="357" pin="1"/><net_sink comp="192" pin=0"/></net>

<net id="363"><net_src comp="357" pin="1"/><net_sink comp="247" pin=1"/></net>

<net id="367"><net_src comp="195" pin="2"/><net_sink comp="364" pin=0"/></net>

<net id="371"><net_src comp="225" pin="3"/><net_sink comp="368" pin=0"/></net>

<net id="372"><net_src comp="368" pin="1"/><net_sink comp="290" pin=0"/></net>

<net id="373"><net_src comp="368" pin="1"/><net_sink comp="323" pin=0"/></net>

<net id="374"><net_src comp="368" pin="1"/><net_sink comp="116" pin=4"/></net>

<net id="375"><net_src comp="368" pin="1"/><net_sink comp="328" pin=0"/></net>

<net id="376"><net_src comp="368" pin="1"/><net_sink comp="129" pin=4"/></net>

<net id="380"><net_src comp="233" pin="3"/><net_sink comp="377" pin=0"/></net>

<net id="381"><net_src comp="377" pin="1"/><net_sink comp="262" pin=1"/></net>

<net id="382"><net_src comp="377" pin="1"/><net_sink comp="273" pin=1"/></net>

<net id="383"><net_src comp="377" pin="1"/><net_sink comp="333" pin=0"/></net>

<net id="384"><net_src comp="377" pin="1"/><net_sink comp="142" pin=4"/></net>

<net id="385"><net_src comp="377" pin="1"/><net_sink comp="338" pin=0"/></net>

<net id="386"><net_src comp="377" pin="1"/><net_sink comp="155" pin=4"/></net>

<net id="390"><net_src comp="78" pin="3"/><net_sink comp="387" pin=0"/></net>

<net id="391"><net_src comp="387" pin="1"/><net_sink comp="85" pin=0"/></net>

<net id="392"><net_src comp="387" pin="1"/><net_sink comp="85" pin=2"/></net>

<net id="396"><net_src comp="304" pin="2"/><net_sink comp="393" pin=0"/></net>

<net id="400"><net_src comp="91" pin="3"/><net_sink comp="397" pin=0"/></net>

<net id="401"><net_src comp="397" pin="1"/><net_sink comp="98" pin=0"/></net>

<net id="405"><net_src comp="109" pin="3"/><net_sink comp="402" pin=0"/></net>

<net id="406"><net_src comp="402" pin="1"/><net_sink comp="116" pin=0"/></net>

<net id="407"><net_src comp="402" pin="1"/><net_sink comp="116" pin=2"/></net>

<net id="411"><net_src comp="122" pin="3"/><net_sink comp="408" pin=0"/></net>

<net id="412"><net_src comp="408" pin="1"/><net_sink comp="129" pin=0"/></net>

<net id="413"><net_src comp="408" pin="1"/><net_sink comp="129" pin=2"/></net>

<net id="417"><net_src comp="135" pin="3"/><net_sink comp="414" pin=0"/></net>

<net id="418"><net_src comp="414" pin="1"/><net_sink comp="142" pin=0"/></net>

<net id="419"><net_src comp="414" pin="1"/><net_sink comp="142" pin=2"/></net>

<net id="423"><net_src comp="148" pin="3"/><net_sink comp="420" pin=0"/></net>

<net id="424"><net_src comp="420" pin="1"/><net_sink comp="155" pin=0"/></net>

<net id="425"><net_src comp="420" pin="1"/><net_sink comp="155" pin=2"/></net>

</net_list>

</model> 
---------------- Datapath Model END ------------------

* FSMD analyzer results:
  - Output states:
	Port: label_map | {5 }
	Port: max_y | {6 }
	Port: min_y | {6 }
	Port: max_x | {6 }
	Port: min_x | {6 }
 - Input state : 
	Port: hls_object_green_classification_Pipeline_Pass3_outer_Pass3_inner : label_map | {3 4 }
	Port: hls_object_green_classification_Pipeline_Pass3_outer_Pass3_inner : max_y | {5 6 }
	Port: hls_object_green_classification_Pipeline_Pass3_outer_Pass3_inner : min_y | {5 6 }
	Port: hls_object_green_classification_Pipeline_Pass3_outer_Pass3_inner : max_x | {5 6 }
	Port: hls_object_green_classification_Pipeline_Pass3_outer_Pass3_inner : parent | {4 5 }
	Port: hls_object_green_classification_Pipeline_Pass3_outer_Pass3_inner : min_x | {5 6 }
  - Chain level:
	State 1
		store_ln0 : 1
		store_ln0 : 1
		store_ln0 : 1
	State 2
		icmp_ln209 : 1
		add_ln209 : 1
		br_ln209 : 2
		y_2 : 1
		icmp_ln210 : 1
		select_ln209 : 2
		select_ln209_1 : 2
		x_1 : 3
		store_ln210 : 2
		store_ln210 : 3
		store_ln210 : 4
	State 3
		zext_ln213 : 1
		zext_ln213_1 : 1
		add_ln213 : 2
		add_ln213_1 : 3
		zext_ln213_3 : 4
		label_map_addr : 5
		lbl : 6
	State 4
		icmp_ln214 : 1
		br_ln214 : 2
		zext_ln215 : 1
		parent_addr : 2
		root : 3
	State 5
		store_ln216 : 1
		zext_ln217 : 1
		min_x_addr : 2
		min_x_load : 3
		max_x_addr : 2
		max_x_load : 3
		min_y_addr : 2
		min_y_load : 3
		max_y_addr : 2
		max_y_load : 3
	State 6
		icmp_ln217 : 1
		br_ln217 : 2
		icmp_ln218 : 1
		br_ln218 : 2
		icmp_ln219 : 1
		br_ln219 : 2
		icmp_ln220 : 1
		br_ln220 : 2


============================================================
+ Verbose Summary: Datapath Resource usage 
============================================================

* Functional unit list:
|----------|-----------------------|---------|---------|
| Operation|    Functional Unit    |    FF   |   LUT   |
|----------|-----------------------|---------|---------|
|          |   icmp_ln209_fu_195   |    0    |    24   |
|          |   icmp_ln210_fu_219   |    0    |    14   |
|          |   icmp_ln214_fu_304   |    0    |    23   |
|   icmp   |   icmp_ln217_fu_323   |    0    |    14   |
|          |   icmp_ln218_fu_328   |    0    |    14   |
|          |   icmp_ln219_fu_333   |    0    |    15   |
|          |   icmp_ln220_fu_338   |    0    |    15   |
|----------|-----------------------|---------|---------|
|          |    add_ln209_fu_201   |    0    |    24   |
|          |       y_2_fu_213      |    0    |    15   |
|    add   |       x_1_fu_241      |    0    |    14   |
|          |    add_ln213_fu_284   |    0    |    16   |
|          |   add_ln213_1_fu_293  |    0    |    17   |
|----------|-----------------------|---------|---------|
|  select  |  select_ln209_fu_225  |    0    |    9    |
|          | select_ln209_1_fu_233 |    0    |    8    |
|----------|-----------------------|---------|---------|
|bitconcatenate|      tmp_s_fu_262     |    0    |    0    |
|          |      tmp_7_fu_273     |    0    |    0    |
|----------|-----------------------|---------|---------|
|          |   zext_ln213_fu_269   |    0    |    0    |
|          |  zext_ln213_1_fu_280  |    0    |    0    |
|   zext   |  zext_ln213_2_fu_290  |    0    |    0    |
|          |  zext_ln213_3_fu_299  |    0    |    0    |
|          |   zext_ln215_fu_310   |    0    |    0    |
|          |   zext_ln217_fu_315   |    0    |    0    |
|----------|-----------------------|---------|---------|
|   Total  |                       |    0    |   222   |
|----------|-----------------------|---------|---------|

Memories:
N/A

* Register list:
+----------------------+--------+
|                      |   FF   |
+----------------------+--------+
|  icmp_ln209_reg_364  |    1   |
|  icmp_ln214_reg_393  |    1   |
|indvar_flatten_reg_357|   17   |
|label_map_addr_reg_387|   17   |
|  max_x_addr_reg_408  |    9   |
|  max_y_addr_reg_420  |    9   |
|  min_x_addr_reg_402  |    9   |
|  min_y_addr_reg_414  |    9   |
|  parent_addr_reg_397 |    9   |
|select_ln209_1_reg_377|    8   |
| select_ln209_reg_368 |    9   |
|       x_reg_343      |    9   |
|       y_reg_350      |    8   |
+----------------------+--------+
|         Total        |   115  |
+----------------------+--------+

* Multiplexer (MUX) list: 
|-------------------|------|------|------|--------||---------||---------|
|        Comp       |  Pin | Size |  BW  | S x BW ||  Delay  ||   LUT   |
|-------------------|------|------|------|--------||---------||---------|
|  grp_access_fu_85 |  p0  |   2  |  17  |   34   ||    9    |
|  grp_access_fu_98 |  p0  |   2  |   9  |   18   ||    9    |
| grp_access_fu_116 |  p0  |   2  |   9  |   18   ||    9    |
| grp_access_fu_129 |  p0  |   2  |   9  |   18   ||    9    |
| grp_access_fu_142 |  p0  |   2  |   9  |   18   ||    9    |
| grp_access_fu_155 |  p0  |   2  |   9  |   18   ||    9    |
|-------------------|------|------|------|--------||---------||---------|
|       Total       |      |      |      |   124  ||  9.528  ||    54   |
|-------------------|------|------|------|--------||---------||---------|



* Summary:
+-----------+--------+--------+--------+
|           |  Delay |   FF   |   LUT  |
+-----------+--------+--------+--------+
|  Function |    -   |    0   |   222  |
|   Memory  |    -   |    -   |    -   |
|Multiplexer|    9   |    -   |   54   |
|  Register |    -   |   115  |    -   |
+-----------+--------+--------+--------+
|   Total   |    9   |   115  |   276  |
+-----------+--------+--------+--------+
