/home/dell3561-49/Vitis_HLS_folder/Obj_Detect_ver3/Obj_Detect_ver3/solution1/.autopilot/db/obj_detect.pp.0.cpp:1452:7: warning: Added loop label VITIS_LOOP_1213_1:   [xilinx-label-all-loops]
      for (i = 0; i < __N - 1; ++i) {
      ^~~
      VITIS_LOOP_1213_1: 
/home/dell3561-49/Vitis_HLS_folder/Obj_Detect_ver3/Obj_Detect_ver3/solution1/.autopilot/db/obj_detect.pp.0.cpp:1452:7: note: FIX-IT applied suggested code changes
/home/dell3561-49/Vitis_HLS_folder/Obj_Detect_ver3/Obj_Detect_ver3/solution1/.autopilot/db/obj_detect.pp.0.cpp:2426:5: warning: Added loop label VITIS_LOOP_676_1:   [xilinx-label-all-loops]
    for (unsigned i = low; i != high; ++i) {
    ^~~
    VITIS_LOOP_676_1: 
/home/dell3561-49/Vitis_HLS_folder/Obj_Detect_ver3/Obj_Detect_ver3/solution1/.autopilot/db/obj_detect.pp.0.cpp:2426:5: note: FIX-IT applied suggested code changes
/home/dell3561-49/Vitis_HLS_folder/Obj_Detect_ver3/Obj_Detect_ver3/solution1/.autopilot/db/obj_detect.pp.0.cpp:2440:5: warning: Added loop label VITIS_LOOP_690_1:   [xilinx-label-all-loops]
    for (unsigned i = low; i != high; ++i) {
    ^~~
    VITIS_LOOP_690_1: 
/home/dell3561-49/Vitis_HLS_folder/Obj_Detect_ver3/Obj_Detect_ver3/solution1/.autopilot/db/obj_detect.pp.0.cpp:2440:5: note: FIX-IT applied suggested code changes
/home/dell3561-49/Vitis_HLS_folder/Obj_Detect_ver3/Obj_Detect_ver3/solution1/.autopilot/db/obj_detect.pp.0.cpp:2454:5: warning: Added loop label VITIS_LOOP_704_1:   [xilinx-label-all-loops]
    for (unsigned i = low; i != high; ++i) {
    ^~~
    VITIS_LOOP_704_1: 
/home/dell3561-49/Vitis_HLS_folder/Obj_Detect_ver3/Obj_Detect_ver3/solution1/.autopilot/db/obj_detect.pp.0.cpp:2454:5: note: FIX-IT applied suggested code changes
/home/dell3561-49/Vitis_HLS_folder/Obj_Detect_ver3/Obj_Detect_ver3/solution1/.autopilot/db/obj_detect.pp.0.cpp:4065:7: warning: Added loop label VITIS_LOOP_1247_1:   [xilinx-label-all-loops]
      for (i = 0; i < __N - 1; ++i) {
      ^~~
      VITIS_LOOP_1247_1: 
/home/dell3561-49/Vitis_HLS_folder/Obj_Detect_ver3/Obj_Detect_ver3/solution1/.autopilot/db/obj_detect.pp.0.cpp:4065:7: note: FIX-IT applied suggested code changes
/home/dell3561-49/Vitis_HLS_folder/Obj_Detect_ver3/Obj_Detect_ver3/solution1/.autopilot/db/obj_detect.pp.0.cpp:6574:2: warning: Added loop label VITIS_LOOP_24_1:   [xilinx-label-all-loops]
 while(parent[root] != root) root = parent[root];
 ^~~~~
 VITIS_LOOP_24_1: 
/home/dell3561-49/Vitis_HLS_folder/Obj_Detect_ver3/Obj_Detect_ver3/solution1/.autopilot/db/obj_detect.pp.0.cpp:6574:2: note: FIX-IT applied suggested code changes
/home/dell3561-49/Vitis_HLS_folder/Obj_Detect_ver3/Obj_Detect_ver3/solution1/.autopilot/db/obj_detect.pp.0.cpp:6576:2: warning: Added loop label VITIS_LOOP_26_2:   [xilinx-label-all-loops]
 while(parent[cur] != root) {
 ^~~~~
 VITIS_LOOP_26_2: 
/home/dell3561-49/Vitis_HLS_folder/Obj_Detect_ver3/Obj_Detect_ver3/solution1/.autopilot/db/obj_detect.pp.0.cpp:6576:2: note: FIX-IT applied suggested code changes
/home/dell3561-49/Vitis_HLS_folder/Obj_Detect_ver3/Obj_Detect_ver3/solution1/.autopilot/db/obj_detect.pp.0.cpp:6616:45: error: Invalid Directive: for current device, ram_2p + bram is invalid combination for BIND_STORAGE's option 'type + impl' [clang-diagnostic-error]
#pragma HLS BIND_STORAGE variable=imgR type=ram_2p impl=bram
                                            ^
/home/dell3561-49/Vitis_HLS_folder/Obj_Detect_ver3/Obj_Detect_ver3/solution1/.autopilot/db/obj_detect.pp.0.cpp:6617:45: error: Invalid Directive: for current device, ram_2p + bram is invalid combination for BIND_STORAGE's option 'type + impl' [clang-diagnostic-error]
#pragma HLS BIND_STORAGE variable=imgG type=ram_2p impl=bram
                                            ^
/home/dell3561-49/Vitis_HLS_folder/Obj_Detect_ver3/Obj_Detect_ver3/solution1/.autopilot/db/obj_detect.pp.0.cpp:6618:45: error: Invalid Directive: for current device, ram_2p + bram is invalid combination for BIND_STORAGE's option 'type + impl' [clang-diagnostic-error]
#pragma HLS BIND_STORAGE variable=imgB type=ram_2p impl=bram
                                            ^
/home/dell3561-49/Vitis_HLS_folder/Obj_Detect_ver3/Obj_Detect_ver3/solution1/.autopilot/db/obj_detect.pp.0.cpp:6622:50: error: Invalid Directive: for current device, ram_2p + bram is invalid combination for BIND_STORAGE's option 'type + impl' [clang-diagnostic-error]
#pragma HLS BIND_STORAGE variable=edge_mask type=ram_2p impl=bram
                                                 ^
/home/dell3561-49/Vitis_HLS_folder/Obj_Detect_ver3/Obj_Detect_ver3/solution1/.autopilot/db/obj_detect.pp.0.cpp:6626:50: error: Invalid Directive: for current device, ram_2p + bram is invalid combination for BIND_STORAGE's option 'type + impl' [clang-diagnostic-error]
#pragma HLS BIND_STORAGE variable=label_map type=ram_2p impl=bram
                                                 ^
/home/dell3561-49/Vitis_HLS_folder/Obj_Detect_ver3/Obj_Detect_ver3/solution1/.autopilot/db/obj_detect.pp.0.cpp:6630:47: error: Invalid Directive: for current device, ram_2p + bram is invalid combination for BIND_STORAGE's option 'type + impl' [clang-diagnostic-error]
#pragma HLS BIND_STORAGE variable=parent type=ram_2p impl=bram
                                              ^
/home/dell3561-49/Vitis_HLS_folder/Obj_Detect_ver3/Obj_Detect_ver3/solution1/.autopilot/db/obj_detect.pp.0.cpp:6639:46: error: Invalid Directive: for current device, ram_2p + bram is invalid combination for BIND_STORAGE's option 'type + impl' [clang-diagnostic-error]
#pragma HLS BIND_STORAGE variable=min_x type=ram_2p impl=bram
                                             ^
/home/dell3561-49/Vitis_HLS_folder/Obj_Detect_ver3/Obj_Detect_ver3/solution1/.autopilot/db/obj_detect.pp.0.cpp:6640:46: error: Invalid Directive: for current device, ram_2p + bram is invalid combination for BIND_STORAGE's option 'type + impl' [clang-diagnostic-error]
#pragma HLS BIND_STORAGE variable=max_x type=ram_2p impl=bram
                                             ^
/home/dell3561-49/Vitis_HLS_folder/Obj_Detect_ver3/Obj_Detect_ver3/solution1/.autopilot/db/obj_detect.pp.0.cpp:6641:46: error: Invalid Directive: for current device, ram_2p + bram is invalid combination for BIND_STORAGE's option 'type + impl' [clang-diagnostic-error]
#pragma HLS BIND_STORAGE variable=min_y type=ram_2p impl=bram
                                             ^
/home/dell3561-49/Vitis_HLS_folder/Obj_Detect_ver3/Obj_Detect_ver3/solution1/.autopilot/db/obj_detect.pp.0.cpp:6642:46: error: Invalid Directive: for current device, ram_2p + bram is invalid combination for BIND_STORAGE's option 'type + impl' [clang-diagnostic-error]
#pragma HLS BIND_STORAGE variable=max_y type=ram_2p impl=bram
                                             ^
/home/dell3561-49/Vitis_HLS_folder/Obj_Detect_ver3/Obj_Detect_ver3/solution1/.autopilot/db/obj_detect.pp.0.cpp:6643:56: error: Invalid Directive: for current device, ram_2p + bram is invalid combination for BIND_STORAGE's option 'type + impl' [clang-diagnostic-error]
#pragma HLS BIND_STORAGE variable=center_is_green type=ram_2p impl=bram
                                                       ^
/home/dell3561-49/Vitis_HLS_folder/Obj_Detect_ver3/Obj_Detect_ver3/solution1/.autopilot/db/obj_detect.pp.0.cpp:6764:52: error: Invalid Directive: for current device, ram_2p + bram is invalid combination for BIND_STORAGE's option 'type + impl' [clang-diagnostic-error]
#pragma HLS BIND_STORAGE variable=is_external type=ram_2p impl=bram
                                                   ^
