INFO: [HLS 200-10] Running '/tools/Xilinx/Vitis_HLS/2023.1/bin/unwrapped/lnx64.o/vitis_hls'
INFO: [HLS 200-10] For user 'dell3561-49' on host 'dell3561-49' (Linux_x86_64 version 6.8.0-88-generic) on Mon Dec 15 18:25:21 CET 2025
INFO: [HLS 200-10] On os Ubuntu 22.04.5 LTS
INFO: [HLS 200-10] In directory '/home/dell3561-49/Vitis_HLS_folder/Obj_detect_ver6'
Sourcing Tcl script '/home/dell3561-49/Vitis_HLS_folder/Obj_detect_ver6/Obj_Detect_ver6/solution1/export.tcl'
INFO: [HLS 200-1510] Running: source /home/dell3561-49/Vitis_HLS_folder/Obj_detect_ver6/Obj_Detect_ver6/solution1/export.tcl
INFO: [HLS 200-1510] Running: open_project Obj_Detect_ver6 
INFO: [HLS 200-10] Opening project '/home/dell3561-49/Vitis_HLS_folder/Obj_detect_ver6/Obj_Detect_ver6'.
INFO: [HLS 200-1510] Running: set_top hls_object_green_classification 
INFO: [HLS 200-1510] Running: add_files obj_detect.cpp 
INFO: [HLS 200-10] Adding design file 'obj_detect.cpp' to the project
INFO: [HLS 200-1510] Running: add_files -tb _output.bmp -cflags -Wno-unknown-pragmas 
INFO: [HLS 200-10] Adding test bench file '_output.bmp' to the project
INFO: [HLS 200-1510] Running: add_files -tb output_.bmp -cflags -Wno-unknown-pragmas 
INFO: [HLS 200-10] Adding test bench file 'output_.bmp' to the project
INFO: [HLS 200-1510] Running: add_files -tb output_BackGrRemoval.bmp 
INFO: [HLS 200-10] Adding test bench file 'output_BackGrRemoval.bmp' to the project
INFO: [HLS 200-1510] Running: add_files -tb rb.cpp -cflags -Wno-unknown-pragmas 
INFO: [HLS 200-10] Adding test bench file 'rb.cpp' to the project
INFO: [HLS 200-1510] Running: open_solution solution1 -flow_target vivado 
INFO: [HLS 200-10] Opening solution '/home/dell3561-49/Vitis_HLS_folder/Obj_detect_ver6/Obj_Detect_ver6/solution1'.
INFO: [SYN 201-201] Setting up clock 'default' with a period of 10ns.
INFO: [HLS 200-1611] Setting target device to 'xc7z020-clg484-1'
INFO: [HLS 200-1505] Using flow_target 'vivado'
Resolution: For help on HLS 200-1505 see www.xilinx.com/cgi-bin/docs/rdoc?v=2023.1;t=hls+guidance;d=200-1505.html
INFO: [HLS 200-1464] Running solution command: config_export -display_name=obj_detect
INFO: [HLS 200-1464] Running solution command: config_export -format=ip_catalog
INFO: [HLS 200-1464] Running solution command: config_export -output=/home/dell3561-49/Vivado_Project_2023.1/ip_repo/Obj_Detect_ver1
INFO: [HLS 200-1464] Running solution command: config_export -rtl=verilog
INFO: [HLS 200-1464] Running solution command: config_export -vendor=DuyManhNGUYEN
INFO: [HLS 200-1510] Running: set_part xc7z020-clg484-1 
INFO: [HLS 200-1510] Running: create_clock -period 10 -name default 
INFO: [HLS 200-1510] Running: config_export -display_name obj_detect -format ip_catalog -output /home/dell3561-49/Vivado_Project_2023.1/ip_repo/Obj_Detect_ver1 -rtl verilog -vendor DuyManhNGUYEN 
INFO: [HLS 200-1510] Running: source ./Obj_Detect_ver6/solution1/directives.tcl
INFO: [HLS 200-1510] Running: set_directive_top -name hls_object_green_classification hls_object_green_classification 
INFO: [HLS 200-1510] Running: export_design -rtl verilog -format ip_catalog -output /home/dell3561-49/Vivado_Project_2023.1/ip_repo/Obj_Detect_ver1 
INFO: [IMPL 213-8] Exporting RTL as a Vivado IP.

****** Vivado v2023.1 (64-bit)
  **** SW Build 3865809 on Sun May  7 15:04:56 MDT 2023
  **** IP Build 3864474 on Sun May  7 20:36:21 MDT 2023
  **** SharedData Build 3865790 on Sun May 07 13:33:03 MDT 2023
    ** Copyright 1986-2022 Xilinx, Inc. All Rights Reserved.
    ** Copyright 2022-2023 Advanced Micro Devices, Inc. All Rights Reserved.

source run_ippack.tcl -notrace
INFO: [IP_Flow 19-234] Refreshing IP repositories
INFO: [IP_Flow 19-1704] No user IP repositories specified
INFO: [IP_Flow 19-2313] Loaded Vivado IP repository '/tools/Xilinx/Vivado/2023.1/data/ip'.
INFO: [Common 17-206] Exiting Vivado at Mon Dec 15 18:25:31 2025...
INFO: [HLS 200-802] Generated output file /home/dell3561-49/Vivado_Project_2023.1/ip_repo/Obj_Detect_ver1/export.zip
INFO: [HLS 200-111] Finished Command export_design CPU user time: 9.48 seconds. CPU system time: 0.32 seconds. Elapsed time: 12.17 seconds; current allocated memory: 9.633 MB.
INFO: [HLS 200-112] Total CPU user time: 10.3 seconds. Total CPU system time: 0.44 seconds. Total elapsed time: 12.96 seconds; peak allocated memory: 199.395 MB.
