INFO: [HLS 200-10] Running '/tools/Xilinx/Vitis_HLS/2023.1/bin/unwrapped/lnx64.o/vitis_hls'
INFO: [HLS 200-10] For user 'dell3561-49' on host 'dell3561-49' (Linux_x86_64 version 6.8.0-87-generic) on Wed Nov 12 09:58:53 CET 2025
INFO: [HLS 200-10] On os Ubuntu 22.04.5 LTS
INFO: [HLS 200-10] In directory '/home/dell3561-49/Vitis_HLS_folder/Obj_Detect_ver2'
Sourcing Tcl script '/home/dell3561-49/Vitis_HLS_folder/Obj_Detect_ver2/Obj_Detect_ver2/solution1/csim.tcl'
INFO: [HLS 200-1510] Running: source /home/dell3561-49/Vitis_HLS_folder/Obj_Detect_ver2/Obj_Detect_ver2/solution1/csim.tcl
INFO: [HLS 200-1510] Running: open_project Obj_Detect_ver2 
INFO: [HLS 200-10] Opening project '/home/dell3561-49/Vitis_HLS_folder/Obj_Detect_ver2/Obj_Detect_ver2'.
INFO: [HLS 200-1510] Running: add_files obj_detect.cpp 
INFO: [HLS 200-10] Adding design file 'obj_detect.cpp' to the project
INFO: [HLS 200-1510] Running: add_files -tb _output.bmp -cflags -Wno-unknown-pragmas 
INFO: [HLS 200-10] Adding test bench file '_output.bmp' to the project
INFO: [HLS 200-1510] Running: add_files -tb output_.bmp -cflags -Wno-unknown-pragmas 
INFO: [HLS 200-10] Adding test bench file 'output_.bmp' to the project
INFO: [HLS 200-1510] Running: add_files -tb tb.cpp -cflags -Wno-unknown-pragmas 
INFO: [HLS 200-10] Adding test bench file 'tb.cpp' to the project
INFO: [HLS 200-1510] Running: open_solution solution1 -flow_target vivado 
INFO: [HLS 200-10] Opening solution '/home/dell3561-49/Vitis_HLS_folder/Obj_Detect_ver2/Obj_Detect_ver2/solution1'.
INFO: [SYN 201-201] Setting up clock 'default' with a period of 10ns.
INFO: [HLS 200-1611] Setting target device to 'xc7z020-clg484-1'
INFO: [HLS 200-1505] Using flow_target 'vivado'
Resolution: For help on HLS 200-1505 see www.xilinx.com/cgi-bin/docs/rdoc?v=2023.1;t=hls+guidance;d=200-1505.html
INFO: [HLS 200-1510] Running: set_part xc7z020-clg484-1 
INFO: [HLS 200-1510] Running: create_clock -period 10 -name default 
INFO: [HLS 200-1510] Running: csim_design -quiet 
INFO: [SIM 211-2] *************** CSIM start ***************
INFO: [SIM 211-4] CSIM will launch GCC as the compiler.
INFO: [HLS 200-2036] Building debug C Simulation binaries
   Compiling ../../../../tb.cpp in debug mode
   Generating csim.exe
✅ Output image written: output_320x240.bmp
Detected objects: 24
Object 0: center(-85, 28), color = GREEN
Object 1: center(132, 0), color = RED
Object 2: center(107, -2), color = RED
Object 3: center(113, -2), color = RED
Object 4: center(-36, -4), color = RED
Object 5: center(113, 1), color = RED
Object 6: center(-37, -7), color = RED
Object 7: center(-38, -8), color = RED
Object 8: center(71, -8), color = RED
Object 9: center(-64, -9), color = RED
Object 10: center(-39, -10), color = RED
Object 11: center(-66, -10), color = RED
Object 12: center(-69, -12), color = RED
Object 13: center(-63, -13), color = RED
Object 14: center(-72, -15), color = RED
Object 15: center(-61, -13), color = RED
Object 16: center(92, -15), color = RED
Object 17: center(95, 2), color = RED
Object 18: center(-83, -23), color = RED
Object 19: center(-80, -22), color = RED
Object 20: center(-77, -24), color = RED
Object 21: center(-54, -22), color = RED
Object 22: center(-60, -40), color = RED
Object 23: center(-53, -41), color = RED
INFO [HLS SIM]: The maximum depth reached by any hls::stream() instance in the design is 76800
INFO: [SIM 211-1] CSim done with 0 errors.
INFO: [SIM 211-3] *************** CSIM finish ***************
INFO: [HLS 200-111] Finished Command csim_design CPU user time: 4.48 seconds. CPU system time: 0.25 seconds. Elapsed time: 4.74 seconds; current allocated memory: 0.000 MB.
INFO: [HLS 200-112] Total CPU user time: 5.28 seconds. Total CPU system time: 0.36 seconds. Total elapsed time: 5.52 seconds; peak allocated memory: 225.070 MB.
