

================================================================
== Vitis HLS Report for 'hls_object_green_classification_Pipeline_pass_4'
================================================================
* Date:           Mon Dec 15 18:24:27 2025

* Version:        2023.1 (Build 3854077 on May  4 2023)
* Project:        Obj_Detect_ver6
* Solution:       solution1 (Vivado IP Flow Target)
* Product family: zynq
* Target device:  xc7z020-clg484-1


================================================================
== Performance Estimates
================================================================
+ Timing: 
    * Summary: 
    +--------+----------+----------+------------+
    |  Clock |  Target  | Estimated| Uncertainty|
    +--------+----------+----------+------------+
    |ap_clk  |  10.00 ns|  7.186 ns|     2.70 ns|
    +--------+----------+----------+------------+

+ Latency: 
    * Summary: 
    +---------+---------+----------+----------+-----+-----+---------+
    |  Latency (cycles) |  Latency (absolute) |  Interval | Pipeline|
    |   min   |   max   |    min   |    max   | min | max |   Type  |
    +---------+---------+----------+----------+-----+-----+---------+
    |        ?|        ?|         ?|         ?|    ?|    ?|       no|
    +---------+---------+----------+----------+-----+-----+---------+

    + Detail: 
        * Instance: 
        N/A

        * Loop: 
        +----------+---------+---------+----------+-----------+-----------+------+----------+
        |          |  Latency (cycles) | Iteration|  Initiation Interval  | Trip |          |
        | Loop Name|   min   |   max   |  Latency |  achieved |   target  | Count| Pipelined|
        +----------+---------+---------+----------+-----------+-----------+------+----------+
        |- pass_4  |        ?|        ?|         8|          3|          3|     ?|       yes|
        +----------+---------+---------+----------+-----------+-----------+------+----------+

============================================================
+ Verbose Summary: Synthesis Manager
============================================================
InlineROM: 1
ExposeGlobal: 0
============================================================
+ Verbose Summary: CDFG Model
============================================================
IsTopModel: 0
ResetActiveHigh: 1
IsCombinational: 0
IsDatapathOnly: 0
HasWiredReturn: 1
HasMFsm: 2
HasVarLatency: 1
IsPipeline: 0
IsRtlPipelined: 0
IsInstanceOverlapped: 0
IsDontTouch: 0
HasImplIP: 0
IsGatedGlobalClock: 0

+ Individual pipeline summary: 
  * Pipeline-0: initiation interval (II) = 3, depth = 8


============================================================
+ Verbose Summary: Schedule
============================================================
* Number of FSM states : 8
* Pipeline : 1
  Pipeline-0 : II = 3, D = 8, States = { 1 2 3 4 5 6 7 8 }
* Dataflow Pipeline: 0

* FSM state transitions: 
1 --> 2 
2 --> 3 
3 --> 4 
4 --> 5 
5 --> 6 
6 --> 7 
7 --> 8 
8 --> 

* FSM state operations: 

State 1 <SV = 0> <Delay = 3.25>
ST_1 : Operation 11 [1/1] (0.00ns)   --->   "%i = alloca i32 1"   --->   Operation 11 'alloca' 'i' <Predicate = true> <Delay = 0.00>
ST_1 : Operation 12 [1/1] (0.00ns)   --->   "%count = alloca i32 1"   --->   Operation 12 'alloca' 'count' <Predicate = true> <Delay = 0.00>
ST_1 : Operation 13 [1/1] (0.00ns)   --->   "%specmemcore_ln0 = specmemcore void @_ssdm_op_SpecMemCore, i1 %is_external, i64 666, i64 22, i64 18446744073709551615"   --->   Operation 13 'specmemcore' 'specmemcore_ln0' <Predicate = true> <Delay = 0.00>
ST_1 : Operation 14 [1/1] (0.00ns)   --->   "%specmemcore_ln0 = specmemcore void @_ssdm_op_SpecMemCore, i16 %pixel_count, i64 666, i64 23, i64 18446744073709551615"   --->   Operation 14 'specmemcore' 'specmemcore_ln0' <Predicate = true> <Delay = 0.00>
ST_1 : Operation 15 [1/1] (0.00ns)   --->   "%specmemcore_ln0 = specmemcore void @_ssdm_op_SpecMemCore, i8 %max_y, i64 666, i64 22, i64 18446744073709551615"   --->   Operation 15 'specmemcore' 'specmemcore_ln0' <Predicate = true> <Delay = 0.00>
ST_1 : Operation 16 [1/1] (0.00ns)   --->   "%specmemcore_ln0 = specmemcore void @_ssdm_op_SpecMemCore, i8 %min_y, i64 666, i64 22, i64 18446744073709551615"   --->   Operation 16 'specmemcore' 'specmemcore_ln0' <Predicate = true> <Delay = 0.00>
ST_1 : Operation 17 [1/1] (0.00ns)   --->   "%specmemcore_ln0 = specmemcore void @_ssdm_op_SpecMemCore, i9 %max_x, i64 666, i64 22, i64 18446744073709551615"   --->   Operation 17 'specmemcore' 'specmemcore_ln0' <Predicate = true> <Delay = 0.00>
ST_1 : Operation 18 [1/1] (0.00ns)   --->   "%specmemcore_ln0 = specmemcore void @_ssdm_op_SpecMemCore, i9 %min_x, i64 666, i64 22, i64 18446744073709551615"   --->   Operation 18 'specmemcore' 'specmemcore_ln0' <Predicate = true> <Delay = 0.00>
ST_1 : Operation 19 [1/1] (0.00ns)   --->   "%specmemcore_ln0 = specmemcore void @_ssdm_op_SpecMemCore, i16 %parent, i64 666, i64 22, i64 18446744073709551615"   --->   Operation 19 'specmemcore' 'specmemcore_ln0' <Predicate = true> <Delay = 0.00>
ST_1 : Operation 20 [1/1] (0.00ns)   --->   "%specmemcore_ln0 = specmemcore void @_ssdm_op_SpecMemCore, i8 %imgB, i64 666, i64 22, i64 18446744073709551615"   --->   Operation 20 'specmemcore' 'specmemcore_ln0' <Predicate = true> <Delay = 0.00>
ST_1 : Operation 21 [1/1] (0.00ns)   --->   "%specmemcore_ln0 = specmemcore void @_ssdm_op_SpecMemCore, i8 %imgG, i64 666, i64 22, i64 18446744073709551615"   --->   Operation 21 'specmemcore' 'specmemcore_ln0' <Predicate = true> <Delay = 0.00>
ST_1 : Operation 22 [1/1] (0.00ns)   --->   "%specmemcore_ln0 = specmemcore void @_ssdm_op_SpecMemCore, i8 %imgR, i64 666, i64 22, i64 18446744073709551615"   --->   Operation 22 'specmemcore' 'specmemcore_ln0' <Predicate = true> <Delay = 0.00>
ST_1 : Operation 23 [1/1] (0.00ns)   --->   "%specmemcore_ln0 = specmemcore void @_ssdm_op_SpecMemCore, i1 %obj_is_green, i64 666, i64 207, i64 1"   --->   Operation 23 'specmemcore' 'specmemcore_ln0' <Predicate = true> <Delay = 0.00>
ST_1 : Operation 24 [1/1] (0.00ns)   --->   "%specmemcore_ln0 = specmemcore void @_ssdm_op_SpecMemCore, i16 %obj_y, i64 666, i64 207, i64 1"   --->   Operation 24 'specmemcore' 'specmemcore_ln0' <Predicate = true> <Delay = 0.00>
ST_1 : Operation 25 [1/1] (0.00ns)   --->   "%specmemcore_ln0 = specmemcore void @_ssdm_op_SpecMemCore, i16 %obj_x, i64 666, i64 207, i64 1"   --->   Operation 25 'specmemcore' 'specmemcore_ln0' <Predicate = true> <Delay = 0.00>
ST_1 : Operation 26 [1/1] (0.00ns)   --->   "%specinterface_ln0 = specinterface void @_ssdm_op_SpecInterface, i1 %obj_is_green, void @empty, i32 0, i32 0, void @empty_0, i32 1, i32 0, void @empty_0, void @empty_0, void @empty_0, i32 0, i32 0, i32 0, i32 0, void @empty_0, void @empty_0, i32 4294967295, i32 0"   --->   Operation 26 'specinterface' 'specinterface_ln0' <Predicate = true> <Delay = 0.00>
ST_1 : Operation 27 [1/1] (0.00ns)   --->   "%specinterface_ln0 = specinterface void @_ssdm_op_SpecInterface, i16 %obj_y, void @empty, i32 0, i32 0, void @empty_0, i32 1, i32 0, void @empty_0, void @empty_0, void @empty_0, i32 0, i32 0, i32 0, i32 0, void @empty_0, void @empty_0, i32 4294967295, i32 0"   --->   Operation 27 'specinterface' 'specinterface_ln0' <Predicate = true> <Delay = 0.00>
ST_1 : Operation 28 [1/1] (0.00ns)   --->   "%specinterface_ln0 = specinterface void @_ssdm_op_SpecInterface, i16 %obj_x, void @empty, i32 0, i32 0, void @empty_0, i32 1, i32 0, void @empty_0, void @empty_0, void @empty_0, i32 0, i32 0, i32 0, i32 0, void @empty_0, void @empty_0, i32 4294967295, i32 0"   --->   Operation 28 'specinterface' 'specinterface_ln0' <Predicate = true> <Delay = 0.00>
ST_1 : Operation 29 [1/1] (0.00ns)   --->   "%next_label_5_read = read i16 @_ssdm_op_Read.ap_auto.i16, i16 %next_label_5"   --->   Operation 29 'read' 'next_label_5_read' <Predicate = true> <Delay = 0.00>
ST_1 : Operation 30 [1/1] (1.58ns)   --->   "%store_ln0 = store i16 0, i16 %count"   --->   Operation 30 'store' 'store_ln0' <Predicate = true> <Delay = 1.58>
ST_1 : Operation 31 [1/1] (1.58ns)   --->   "%store_ln0 = store i16 1, i16 %i"   --->   Operation 31 'store' 'store_ln0' <Predicate = true> <Delay = 1.58>
ST_1 : Operation 32 [1/1] (0.00ns)   --->   "%br_ln0 = br void %for.cond590"   --->   Operation 32 'br' 'br_ln0' <Predicate = true> <Delay = 0.00>
ST_1 : Operation 33 [1/1] (0.00ns)   --->   "%i_1 = load i16 %i" [obj_detect.cpp:260]   --->   Operation 33 'load' 'i_1' <Predicate = true> <Delay = 0.00>
ST_1 : Operation 34 [1/1] (0.00ns)   --->   "%count_1 = load i16 %count" [obj_detect.cpp:260]   --->   Operation 34 'load' 'count_1' <Predicate = true> <Delay = 0.00>
ST_1 : Operation 35 [1/1] (2.07ns)   --->   "%icmp_ln260 = icmp_ult  i16 %i_1, i16 %next_label_5_read" [obj_detect.cpp:260]   --->   Operation 35 'icmp' 'icmp_ln260' <Predicate = true> <Delay = 2.07> <CoreInst = "Cmp">   --->   Core 9 'Cmp' <Latency = 0> <II = 1> <Delay = 2.07> <FuncUnit> <Opcode : 'icmp'> <InPorts = 2> <OutPorts = 1>
ST_1 : Operation 36 [1/1] (0.00ns)   --->   "%tmp = partselect i11 @_ssdm_op_PartSelect.i11.i16.i32.i32, i16 %count_1, i32 5, i32 15" [obj_detect.cpp:260]   --->   Operation 36 'partselect' 'tmp' <Predicate = true> <Delay = 0.00>
ST_1 : Operation 37 [1/1] (1.63ns)   --->   "%icmp_ln260_1 = icmp_eq  i11 %tmp, i11 0" [obj_detect.cpp:260]   --->   Operation 37 'icmp' 'icmp_ln260_1' <Predicate = true> <Delay = 1.63> <CoreInst = "Cmp">   --->   Core 9 'Cmp' <Latency = 0> <II = 1> <Delay = 1.63> <FuncUnit> <Opcode : 'icmp'> <InPorts = 2> <OutPorts = 1>
ST_1 : Operation 38 [1/1] (0.97ns)   --->   "%and_ln260 = and i1 %icmp_ln260, i1 %icmp_ln260_1" [obj_detect.cpp:260]   --->   Operation 38 'and' 'and_ln260' <Predicate = true> <Delay = 0.97> <CoreInst = "LogicGate">   --->   Core 74 'LogicGate' <Latency = 0> <II = 1> <Delay = 0.97> <FuncUnit> <Opcode : 'and' 'or' 'xor'> <InPorts = 2> <OutPorts = 1>
ST_1 : Operation 39 [1/1] (0.00ns)   --->   "%br_ln260 = br i1 %and_ln260, void %for.inc678.preheader.exitStub, void %for.body596" [obj_detect.cpp:260]   --->   Operation 39 'br' 'br_ln260' <Predicate = true> <Delay = 0.00>
ST_1 : Operation 40 [1/1] (0.00ns)   --->   "%zext_ln262 = zext i16 %i_1" [obj_detect.cpp:262]   --->   Operation 40 'zext' 'zext_ln262' <Predicate = (and_ln260)> <Delay = 0.00>
ST_1 : Operation 41 [1/1] (0.00ns)   --->   "%parent_addr = getelementptr i16 %parent, i64 0, i64 %zext_ln262" [obj_detect.cpp:262]   --->   Operation 41 'getelementptr' 'parent_addr' <Predicate = (and_ln260)> <Delay = 0.00>
ST_1 : Operation 42 [2/2] (3.25ns)   --->   "%parent_load = load i9 %parent_addr" [obj_detect.cpp:262]   --->   Operation 42 'load' 'parent_load' <Predicate = (and_ln260)> <Delay = 3.25> <CoreInst = "RAM_2P_BRAM">   --->   Core 91 'RAM_2P_BRAM' <Latency = 1> <II = 1> <Delay = 3.25> <Storage> <Opcode : 'load' 'store'> <Ports = 2> <Width = 16> <Depth = 512> <RAM>

State 2 <SV = 1> <Delay = 5.33>
ST_2 : Operation 43 [1/1] (0.00ns)   --->   "%specpipeline_ln261 = specpipeline void @_ssdm_op_SpecPipeline, i32 3, i32 0, i32 0, i32 0, void @empty_0" [obj_detect.cpp:261]   --->   Operation 43 'specpipeline' 'specpipeline_ln261' <Predicate = (and_ln260)> <Delay = 0.00>
ST_2 : Operation 44 [1/1] (0.00ns)   --->   "%specloopname_ln260 = specloopname void @_ssdm_op_SpecLoopName, void @empty_7" [obj_detect.cpp:260]   --->   Operation 44 'specloopname' 'specloopname_ln260' <Predicate = (and_ln260)> <Delay = 0.00>
ST_2 : Operation 45 [1/2] (3.25ns)   --->   "%parent_load = load i9 %parent_addr" [obj_detect.cpp:262]   --->   Operation 45 'load' 'parent_load' <Predicate = (and_ln260)> <Delay = 3.25> <CoreInst = "RAM_2P_BRAM">   --->   Core 91 'RAM_2P_BRAM' <Latency = 1> <II = 1> <Delay = 3.25> <Storage> <Opcode : 'load' 'store'> <Ports = 2> <Width = 16> <Depth = 512> <RAM>
ST_2 : Operation 46 [1/1] (2.07ns)   --->   "%icmp_ln262 = icmp_eq  i16 %parent_load, i16 %i_1" [obj_detect.cpp:262]   --->   Operation 46 'icmp' 'icmp_ln262' <Predicate = (and_ln260)> <Delay = 2.07> <CoreInst = "Cmp">   --->   Core 9 'Cmp' <Latency = 0> <II = 1> <Delay = 2.07> <FuncUnit> <Opcode : 'icmp'> <InPorts = 2> <OutPorts = 1>
ST_2 : Operation 47 [1/1] (0.00ns)   --->   "%br_ln262 = br i1 %icmp_ln262, void %for.inc659, void %land.lhs.true600" [obj_detect.cpp:262]   --->   Operation 47 'br' 'br_ln262' <Predicate = (and_ln260)> <Delay = 0.00>
ST_2 : Operation 48 [1/1] (0.00ns)   --->   "%is_external_addr = getelementptr i1 %is_external, i64 0, i64 %zext_ln262" [obj_detect.cpp:263]   --->   Operation 48 'getelementptr' 'is_external_addr' <Predicate = (and_ln260 & icmp_ln262)> <Delay = 0.00>
ST_2 : Operation 49 [2/2] (3.25ns)   --->   "%is_external_load = load i9 %is_external_addr" [obj_detect.cpp:263]   --->   Operation 49 'load' 'is_external_load' <Predicate = (and_ln260 & icmp_ln262)> <Delay = 3.25> <CoreInst = "RAM_2P_BRAM">   --->   Core 91 'RAM_2P_BRAM' <Latency = 1> <II = 1> <Delay = 3.25> <Storage> <Opcode : 'load' 'store'> <Ports = 2> <Width = 1> <Depth = 512> <RAM>
ST_2 : Operation 50 [1/1] (2.07ns)   --->   "%i_2 = add i16 %i_1, i16 1" [obj_detect.cpp:260]   --->   Operation 50 'add' 'i_2' <Predicate = (and_ln260)> <Delay = 2.07> <CoreInst = "Adder">   --->   Core 1 'Adder' <Latency = 0> <II = 1> <Delay = 2.07> <FuncUnit> <Opcode : 'add' 'sub'> <InPorts = 2> <OutPorts = 1>
ST_2 : Operation 51 [1/1] (1.58ns)   --->   "%store_ln260 = store i16 %i_2, i16 %i" [obj_detect.cpp:260]   --->   Operation 51 'store' 'store_ln260' <Predicate = (and_ln260)> <Delay = 1.58>
ST_2 : Operation 52 [1/1] (0.00ns)   --->   "%br_ln260 = br void %for.cond590" [obj_detect.cpp:260]   --->   Operation 52 'br' 'br_ln260' <Predicate = (and_ln260)> <Delay = 0.00>

State 3 <SV = 2> <Delay = 3.25>
ST_3 : Operation 53 [1/2] (3.25ns)   --->   "%is_external_load = load i9 %is_external_addr" [obj_detect.cpp:263]   --->   Operation 53 'load' 'is_external_load' <Predicate = (and_ln260 & icmp_ln262)> <Delay = 3.25> <CoreInst = "RAM_2P_BRAM">   --->   Core 91 'RAM_2P_BRAM' <Latency = 1> <II = 1> <Delay = 3.25> <Storage> <Opcode : 'load' 'store'> <Ports = 2> <Width = 1> <Depth = 512> <RAM>
ST_3 : Operation 54 [1/1] (0.00ns)   --->   "%br_ln263 = br i1 %is_external_load, void %for.inc659, void %land.lhs.true605" [obj_detect.cpp:263]   --->   Operation 54 'br' 'br_ln263' <Predicate = (and_ln260 & icmp_ln262)> <Delay = 0.00>
ST_3 : Operation 55 [1/1] (0.00ns)   --->   "%pixel_count_addr = getelementptr i16 %pixel_count, i64 0, i64 %zext_ln262" [obj_detect.cpp:264]   --->   Operation 55 'getelementptr' 'pixel_count_addr' <Predicate = (and_ln260 & icmp_ln262 & is_external_load)> <Delay = 0.00>
ST_3 : Operation 56 [2/2] (2.32ns)   --->   "%pixel_count_load = load i9 %pixel_count_addr" [obj_detect.cpp:264]   --->   Operation 56 'load' 'pixel_count_load' <Predicate = (and_ln260 & icmp_ln262 & is_external_load)> <Delay = 2.32> <CoreInst = "RAM_2P_LUTRAM">   --->   Core 90 'RAM_2P_LUTRAM' <Latency = 1> <II = 1> <Delay = 2.32> <Storage> <Opcode : 'load' 'store'> <Ports = 2> <Width = 16> <Depth = 512> <RAM>

State 4 <SV = 3> <Delay = 5.98>
ST_4 : Operation 57 [1/2] (2.32ns)   --->   "%pixel_count_load = load i9 %pixel_count_addr" [obj_detect.cpp:264]   --->   Operation 57 'load' 'pixel_count_load' <Predicate = (icmp_ln262 & is_external_load)> <Delay = 2.32> <CoreInst = "RAM_2P_LUTRAM">   --->   Core 90 'RAM_2P_LUTRAM' <Latency = 1> <II = 1> <Delay = 2.32> <Storage> <Opcode : 'load' 'store'> <Ports = 2> <Width = 16> <Depth = 512> <RAM>
ST_4 : Operation 58 [1/1] (2.07ns)   --->   "%icmp_ln264 = icmp_ugt  i16 %pixel_count_load, i16 199" [obj_detect.cpp:264]   --->   Operation 58 'icmp' 'icmp_ln264' <Predicate = (icmp_ln262 & is_external_load)> <Delay = 2.07> <CoreInst = "Cmp">   --->   Core 9 'Cmp' <Latency = 0> <II = 1> <Delay = 2.07> <FuncUnit> <Opcode : 'icmp'> <InPorts = 2> <OutPorts = 1>
ST_4 : Operation 59 [1/1] (0.00ns)   --->   "%br_ln262 = br i1 %icmp_ln264, void %for.inc659, void %if.then609" [obj_detect.cpp:262]   --->   Operation 59 'br' 'br_ln262' <Predicate = (icmp_ln262 & is_external_load)> <Delay = 0.00>
ST_4 : Operation 60 [1/1] (0.00ns)   --->   "%min_x_addr = getelementptr i9 %min_x, i64 0, i64 %zext_ln262" [obj_detect.cpp:265]   --->   Operation 60 'getelementptr' 'min_x_addr' <Predicate = (icmp_ln262 & is_external_load & icmp_ln264)> <Delay = 0.00>
ST_4 : Operation 61 [2/2] (3.25ns)   --->   "%min_x_load = load i9 %min_x_addr" [obj_detect.cpp:265]   --->   Operation 61 'load' 'min_x_load' <Predicate = (icmp_ln262 & is_external_load & icmp_ln264)> <Delay = 3.25> <CoreInst = "RAM_2P_BRAM">   --->   Core 91 'RAM_2P_BRAM' <Latency = 1> <II = 1> <Delay = 3.25> <Storage> <Opcode : 'load' 'store'> <Ports = 2> <Width = 9> <Depth = 512> <RAM>
ST_4 : Operation 62 [1/1] (0.00ns)   --->   "%max_x_addr = getelementptr i9 %max_x, i64 0, i64 %zext_ln262" [obj_detect.cpp:265]   --->   Operation 62 'getelementptr' 'max_x_addr' <Predicate = (icmp_ln262 & is_external_load & icmp_ln264)> <Delay = 0.00>
ST_4 : Operation 63 [2/2] (3.25ns)   --->   "%max_x_load = load i9 %max_x_addr" [obj_detect.cpp:265]   --->   Operation 63 'load' 'max_x_load' <Predicate = (icmp_ln262 & is_external_load & icmp_ln264)> <Delay = 3.25> <CoreInst = "RAM_2P_BRAM">   --->   Core 91 'RAM_2P_BRAM' <Latency = 1> <II = 1> <Delay = 3.25> <Storage> <Opcode : 'load' 'store'> <Ports = 2> <Width = 9> <Depth = 512> <RAM>
ST_4 : Operation 64 [1/1] (0.00ns)   --->   "%min_y_addr = getelementptr i8 %min_y, i64 0, i64 %zext_ln262" [obj_detect.cpp:266]   --->   Operation 64 'getelementptr' 'min_y_addr' <Predicate = (icmp_ln262 & is_external_load & icmp_ln264)> <Delay = 0.00>
ST_4 : Operation 65 [2/2] (3.25ns)   --->   "%min_y_load = load i9 %min_y_addr" [obj_detect.cpp:266]   --->   Operation 65 'load' 'min_y_load' <Predicate = (icmp_ln262 & is_external_load & icmp_ln264)> <Delay = 3.25> <CoreInst = "RAM_2P_BRAM">   --->   Core 91 'RAM_2P_BRAM' <Latency = 1> <II = 1> <Delay = 3.25> <Storage> <Opcode : 'load' 'store'> <Ports = 2> <Width = 8> <Depth = 512> <RAM>
ST_4 : Operation 66 [1/1] (0.00ns)   --->   "%max_y_addr = getelementptr i8 %max_y, i64 0, i64 %zext_ln262" [obj_detect.cpp:266]   --->   Operation 66 'getelementptr' 'max_y_addr' <Predicate = (icmp_ln262 & is_external_load & icmp_ln264)> <Delay = 0.00>
ST_4 : Operation 67 [2/2] (3.25ns)   --->   "%max_y_load = load i9 %max_y_addr" [obj_detect.cpp:266]   --->   Operation 67 'load' 'max_y_load' <Predicate = (icmp_ln262 & is_external_load & icmp_ln264)> <Delay = 3.25> <CoreInst = "RAM_2P_BRAM">   --->   Core 91 'RAM_2P_BRAM' <Latency = 1> <II = 1> <Delay = 3.25> <Storage> <Opcode : 'load' 'store'> <Ports = 2> <Width = 8> <Depth = 512> <RAM>
ST_4 : Operation 68 [1/1] (2.07ns)   --->   "%count_2 = add i16 %count_1, i16 1" [obj_detect.cpp:271]   --->   Operation 68 'add' 'count_2' <Predicate = (icmp_ln262 & is_external_load & icmp_ln264)> <Delay = 2.07> <CoreInst = "Adder">   --->   Core 1 'Adder' <Latency = 0> <II = 1> <Delay = 2.07> <FuncUnit> <Opcode : 'add' 'sub'> <InPorts = 2> <OutPorts = 1>
ST_4 : Operation 69 [1/1] (1.58ns)   --->   "%store_ln272 = store i16 %count_2, i16 %count" [obj_detect.cpp:272]   --->   Operation 69 'store' 'store_ln272' <Predicate = (icmp_ln262 & is_external_load & icmp_ln264)> <Delay = 1.58>

State 5 <SV = 4> <Delay = 5.16>
ST_5 : Operation 70 [1/2] (3.25ns)   --->   "%min_x_load = load i9 %min_x_addr" [obj_detect.cpp:265]   --->   Operation 70 'load' 'min_x_load' <Predicate = (icmp_ln262 & is_external_load & icmp_ln264)> <Delay = 3.25> <CoreInst = "RAM_2P_BRAM">   --->   Core 91 'RAM_2P_BRAM' <Latency = 1> <II = 1> <Delay = 3.25> <Storage> <Opcode : 'load' 'store'> <Ports = 2> <Width = 9> <Depth = 512> <RAM>
ST_5 : Operation 71 [1/1] (0.00ns)   --->   "%zext_ln265 = zext i9 %min_x_load" [obj_detect.cpp:265]   --->   Operation 71 'zext' 'zext_ln265' <Predicate = (icmp_ln262 & is_external_load & icmp_ln264)> <Delay = 0.00>
ST_5 : Operation 72 [1/2] (3.25ns)   --->   "%max_x_load = load i9 %max_x_addr" [obj_detect.cpp:265]   --->   Operation 72 'load' 'max_x_load' <Predicate = (icmp_ln262 & is_external_load & icmp_ln264)> <Delay = 3.25> <CoreInst = "RAM_2P_BRAM">   --->   Core 91 'RAM_2P_BRAM' <Latency = 1> <II = 1> <Delay = 3.25> <Storage> <Opcode : 'load' 'store'> <Ports = 2> <Width = 9> <Depth = 512> <RAM>
ST_5 : Operation 73 [1/1] (0.00ns)   --->   "%zext_ln265_1 = zext i9 %max_x_load" [obj_detect.cpp:265]   --->   Operation 73 'zext' 'zext_ln265_1' <Predicate = (icmp_ln262 & is_external_load & icmp_ln264)> <Delay = 0.00>
ST_5 : Operation 74 [1/1] (1.82ns)   --->   "%add_ln265 = add i10 %zext_ln265_1, i10 %zext_ln265" [obj_detect.cpp:265]   --->   Operation 74 'add' 'add_ln265' <Predicate = (icmp_ln262 & is_external_load & icmp_ln264)> <Delay = 1.82> <CoreInst = "Adder">   --->   Core 1 'Adder' <Latency = 0> <II = 1> <Delay = 1.82> <FuncUnit> <Opcode : 'add' 'sub'> <InPorts = 2> <OutPorts = 1>
ST_5 : Operation 75 [1/1] (0.00ns)   --->   "%lshr_ln = partselect i9 @_ssdm_op_PartSelect.i9.i10.i32.i32, i10 %add_ln265, i32 1, i32 9" [obj_detect.cpp:265]   --->   Operation 75 'partselect' 'lshr_ln' <Predicate = (icmp_ln262 & is_external_load & icmp_ln264)> <Delay = 0.00>
ST_5 : Operation 76 [1/2] (3.25ns)   --->   "%min_y_load = load i9 %min_y_addr" [obj_detect.cpp:266]   --->   Operation 76 'load' 'min_y_load' <Predicate = (icmp_ln262 & is_external_load & icmp_ln264)> <Delay = 3.25> <CoreInst = "RAM_2P_BRAM">   --->   Core 91 'RAM_2P_BRAM' <Latency = 1> <II = 1> <Delay = 3.25> <Storage> <Opcode : 'load' 'store'> <Ports = 2> <Width = 8> <Depth = 512> <RAM>
ST_5 : Operation 77 [1/1] (0.00ns)   --->   "%zext_ln266 = zext i8 %min_y_load" [obj_detect.cpp:266]   --->   Operation 77 'zext' 'zext_ln266' <Predicate = (icmp_ln262 & is_external_load & icmp_ln264)> <Delay = 0.00>
ST_5 : Operation 78 [1/2] (3.25ns)   --->   "%max_y_load = load i9 %max_y_addr" [obj_detect.cpp:266]   --->   Operation 78 'load' 'max_y_load' <Predicate = (icmp_ln262 & is_external_load & icmp_ln264)> <Delay = 3.25> <CoreInst = "RAM_2P_BRAM">   --->   Core 91 'RAM_2P_BRAM' <Latency = 1> <II = 1> <Delay = 3.25> <Storage> <Opcode : 'load' 'store'> <Ports = 2> <Width = 8> <Depth = 512> <RAM>
ST_5 : Operation 79 [1/1] (0.00ns)   --->   "%zext_ln266_1 = zext i8 %max_y_load" [obj_detect.cpp:266]   --->   Operation 79 'zext' 'zext_ln266_1' <Predicate = (icmp_ln262 & is_external_load & icmp_ln264)> <Delay = 0.00>
ST_5 : Operation 80 [1/1] (1.91ns)   --->   "%add_ln266 = add i9 %zext_ln266_1, i9 %zext_ln266" [obj_detect.cpp:266]   --->   Operation 80 'add' 'add_ln266' <Predicate = (icmp_ln262 & is_external_load & icmp_ln264)> <Delay = 1.91> <CoreInst = "Adder">   --->   Core 1 'Adder' <Latency = 0> <II = 1> <Delay = 1.91> <FuncUnit> <Opcode : 'add' 'sub'> <InPorts = 2> <OutPorts = 1>
ST_5 : Operation 81 [1/1] (0.00ns)   --->   "%lshr_ln1 = partselect i8 @_ssdm_op_PartSelect.i8.i9.i32.i32, i9 %add_ln266, i32 1, i32 8" [obj_detect.cpp:266]   --->   Operation 81 'partselect' 'lshr_ln1' <Predicate = (icmp_ln262 & is_external_load & icmp_ln264)> <Delay = 0.00>
ST_5 : Operation 120 [1/1] (0.00ns)   --->   "%write_ln260 = write void @_ssdm_op_Write.ap_auto.i16P0A, i16 %count_out, i16 %count_1" [obj_detect.cpp:260]   --->   Operation 120 'write' 'write_ln260' <Predicate = (!and_ln260)> <Delay = 0.00>
ST_5 : Operation 121 [1/1] (0.00ns)   --->   "%ret_ln0 = ret"   --->   Operation 121 'ret' 'ret_ln0' <Predicate = (!and_ln260)> <Delay = 0.00>

State 6 <SV = 5> <Delay = 7.18>
ST_6 : Operation 82 [1/1] (0.00ns)   --->   "%zext_ln265_2 = zext i9 %lshr_ln" [obj_detect.cpp:265]   --->   Operation 82 'zext' 'zext_ln265_2' <Predicate = (icmp_ln262 & is_external_load & icmp_ln264)> <Delay = 0.00>
ST_6 : Operation 83 [1/1] (0.00ns)   --->   "%zext_ln266_2 = zext i8 %lshr_ln1" [obj_detect.cpp:266]   --->   Operation 83 'zext' 'zext_ln266_2' <Predicate = (icmp_ln262 & is_external_load & icmp_ln264)> <Delay = 0.00>
ST_6 : Operation 84 [1/1] (0.00ns)   --->   "%tmp_s = bitconcatenate i16 @_ssdm_op_BitConcatenate.i16.i8.i8, i8 %lshr_ln1, i8 0" [obj_detect.cpp:267]   --->   Operation 84 'bitconcatenate' 'tmp_s' <Predicate = (icmp_ln262 & is_external_load & icmp_ln264)> <Delay = 0.00>
ST_6 : Operation 85 [1/1] (0.00ns)   --->   "%zext_ln267 = zext i16 %tmp_s" [obj_detect.cpp:267]   --->   Operation 85 'zext' 'zext_ln267' <Predicate = (icmp_ln262 & is_external_load & icmp_ln264)> <Delay = 0.00>
ST_6 : Operation 86 [1/1] (0.00ns)   --->   "%tmp_1 = bitconcatenate i14 @_ssdm_op_BitConcatenate.i14.i8.i6, i8 %lshr_ln1, i6 0" [obj_detect.cpp:267]   --->   Operation 86 'bitconcatenate' 'tmp_1' <Predicate = (icmp_ln262 & is_external_load & icmp_ln264)> <Delay = 0.00>
ST_6 : Operation 87 [1/1] (0.00ns)   --->   "%zext_ln267_1 = zext i14 %tmp_1" [obj_detect.cpp:267]   --->   Operation 87 'zext' 'zext_ln267_1' <Predicate = (icmp_ln262 & is_external_load & icmp_ln264)> <Delay = 0.00>
ST_6 : Operation 88 [1/1] (0.00ns) (grouped into TernaryAdder)   --->   "%add_ln267 = add i17 %zext_ln267, i17 %zext_ln267_1" [obj_detect.cpp:267]   --->   Operation 88 'add' 'add_ln267' <Predicate = (icmp_ln262 & is_external_load & icmp_ln264)> <Delay = 0.00> <CoreInst = "TAddSub">   --->   Core 10 'TAddSub' <Latency = 0> <II = 1> <Delay = 1.96> <IPBlock> <Opcode : '<invalid operator> ' 'add' 'sub'> <InPorts = 3> <OutPorts = 1> <Sync> <CReg>
ST_6 : Operation 89 [1/1] (0.00ns)   --->   "%zext_ln267_2 = zext i9 %lshr_ln" [obj_detect.cpp:267]   --->   Operation 89 'zext' 'zext_ln267_2' <Predicate = (icmp_ln262 & is_external_load & icmp_ln264)> <Delay = 0.00>
ST_6 : Operation 90 [1/1] (3.93ns) (root node of TernaryAdder)   --->   "%add_ln267_1 = add i17 %add_ln267, i17 %zext_ln267_2" [obj_detect.cpp:267]   --->   Operation 90 'add' 'add_ln267_1' <Predicate = (icmp_ln262 & is_external_load & icmp_ln264)> <Delay = 3.93> <CoreInst = "TAddSub">   --->   Core 10 'TAddSub' <Latency = 0> <II = 1> <Delay = 1.96> <IPBlock> <Opcode : '<invalid operator> ' 'add' 'sub'> <InPorts = 3> <OutPorts = 1> <Sync> <CReg>
ST_6 : Operation 91 [1/1] (0.00ns)   --->   "%zext_ln267_3 = zext i17 %add_ln267_1" [obj_detect.cpp:267]   --->   Operation 91 'zext' 'zext_ln267_3' <Predicate = (icmp_ln262 & is_external_load & icmp_ln264)> <Delay = 0.00>
ST_6 : Operation 92 [1/1] (0.00ns)   --->   "%imgB_addr = getelementptr i8 %imgB, i64 0, i64 %zext_ln267_3" [obj_detect.cpp:267]   --->   Operation 92 'getelementptr' 'imgB_addr' <Predicate = (icmp_ln262 & is_external_load & icmp_ln264)> <Delay = 0.00>
ST_6 : Operation 93 [1/1] (0.00ns)   --->   "%imgG_addr = getelementptr i8 %imgG, i64 0, i64 %zext_ln267_3" [obj_detect.cpp:267]   --->   Operation 93 'getelementptr' 'imgG_addr' <Predicate = (icmp_ln262 & is_external_load & icmp_ln264)> <Delay = 0.00>
ST_6 : Operation 94 [1/1] (0.00ns)   --->   "%imgR_addr = getelementptr i8 %imgR, i64 0, i64 %zext_ln267_3" [obj_detect.cpp:267]   --->   Operation 94 'getelementptr' 'imgR_addr' <Predicate = (icmp_ln262 & is_external_load & icmp_ln264)> <Delay = 0.00>
ST_6 : Operation 95 [2/2] (3.25ns)   --->   "%R = load i17 %imgR_addr" [obj_detect.cpp:267]   --->   Operation 95 'load' 'R' <Predicate = (icmp_ln262 & is_external_load & icmp_ln264)> <Delay = 3.25> <CoreInst = "RAM_2P_BRAM">   --->   Core 91 'RAM_2P_BRAM' <Latency = 1> <II = 1> <Delay = 3.25> <Storage> <Opcode : 'load' 'store'> <Ports = 2> <Width = 8> <Depth = 76800> <RAM>
ST_6 : Operation 96 [2/2] (3.25ns)   --->   "%G = load i17 %imgG_addr" [obj_detect.cpp:267]   --->   Operation 96 'load' 'G' <Predicate = (icmp_ln262 & is_external_load & icmp_ln264)> <Delay = 3.25> <CoreInst = "RAM_2P_BRAM">   --->   Core 91 'RAM_2P_BRAM' <Latency = 1> <II = 1> <Delay = 3.25> <Storage> <Opcode : 'load' 'store'> <Ports = 2> <Width = 8> <Depth = 76800> <RAM>
ST_6 : Operation 97 [2/2] (3.25ns)   --->   "%B = load i17 %imgB_addr" [obj_detect.cpp:267]   --->   Operation 97 'load' 'B' <Predicate = (icmp_ln262 & is_external_load & icmp_ln264)> <Delay = 3.25> <CoreInst = "RAM_2P_BRAM">   --->   Core 91 'RAM_2P_BRAM' <Latency = 1> <II = 1> <Delay = 3.25> <Storage> <Opcode : 'load' 'store'> <Ports = 2> <Width = 8> <Depth = 76800> <RAM>
ST_6 : Operation 98 [1/1] (1.82ns)   --->   "%add_ln268 = add i10 %zext_ln265_2, i10 864" [obj_detect.cpp:268]   --->   Operation 98 'add' 'add_ln268' <Predicate = (icmp_ln262 & is_external_load & icmp_ln264)> <Delay = 1.82> <CoreInst = "Adder">   --->   Core 1 'Adder' <Latency = 0> <II = 1> <Delay = 1.82> <FuncUnit> <Opcode : 'add' 'sub'> <InPorts = 2> <OutPorts = 1>
ST_6 : Operation 99 [1/1] (0.00ns)   --->   "%sext_ln268 = sext i10 %add_ln268" [obj_detect.cpp:268]   --->   Operation 99 'sext' 'sext_ln268' <Predicate = (icmp_ln262 & is_external_load & icmp_ln264)> <Delay = 0.00>
ST_6 : Operation 100 [1/1] (0.00ns)   --->   "%zext_ln268 = zext i16 %count_1" [obj_detect.cpp:268]   --->   Operation 100 'zext' 'zext_ln268' <Predicate = (icmp_ln262 & is_external_load & icmp_ln264)> <Delay = 0.00>
ST_6 : Operation 101 [1/1] (0.00ns)   --->   "%obj_x_addr = getelementptr i16 %obj_x, i64 0, i64 %zext_ln268" [obj_detect.cpp:268]   --->   Operation 101 'getelementptr' 'obj_x_addr' <Predicate = (icmp_ln262 & is_external_load & icmp_ln264)> <Delay = 0.00>
ST_6 : Operation 102 [1/1] (2.32ns)   --->   "%store_ln268 = store i16 %sext_ln268, i5 %obj_x_addr" [obj_detect.cpp:268]   --->   Operation 102 'store' 'store_ln268' <Predicate = (icmp_ln262 & is_external_load & icmp_ln264)> <Delay = 2.32> <CoreInst = "RAM_1P">   --->   Core 86 'RAM_1P' <Latency = 1> <II = 1> <Delay = 2.32> <Storage> <Opcode : 'load' 'store'> <Ports = 1> <Width = 16> <Depth = 32> <RAM>
ST_6 : Operation 103 [1/1] (1.91ns)   --->   "%sub_ln269 = sub i9 120, i9 %zext_ln266_2" [obj_detect.cpp:269]   --->   Operation 103 'sub' 'sub_ln269' <Predicate = (icmp_ln262 & is_external_load & icmp_ln264)> <Delay = 1.91> <CoreInst = "Adder">   --->   Core 1 'Adder' <Latency = 0> <II = 1> <Delay = 1.91> <FuncUnit> <Opcode : 'add' 'sub'> <InPorts = 2> <OutPorts = 1>
ST_6 : Operation 104 [1/1] (0.00ns)   --->   "%sext_ln269 = sext i9 %sub_ln269" [obj_detect.cpp:269]   --->   Operation 104 'sext' 'sext_ln269' <Predicate = (icmp_ln262 & is_external_load & icmp_ln264)> <Delay = 0.00>
ST_6 : Operation 105 [1/1] (0.00ns)   --->   "%obj_y_addr = getelementptr i16 %obj_y, i64 0, i64 %zext_ln268" [obj_detect.cpp:269]   --->   Operation 105 'getelementptr' 'obj_y_addr' <Predicate = (icmp_ln262 & is_external_load & icmp_ln264)> <Delay = 0.00>
ST_6 : Operation 106 [1/1] (2.32ns)   --->   "%store_ln269 = store i16 %sext_ln269, i5 %obj_y_addr" [obj_detect.cpp:269]   --->   Operation 106 'store' 'store_ln269' <Predicate = (icmp_ln262 & is_external_load & icmp_ln264)> <Delay = 2.32> <CoreInst = "RAM_1P">   --->   Core 86 'RAM_1P' <Latency = 1> <II = 1> <Delay = 2.32> <Storage> <Opcode : 'load' 'store'> <Ports = 1> <Width = 16> <Depth = 32> <RAM>

State 7 <SV = 6> <Delay = 6.14>
ST_7 : Operation 107 [1/2] (3.25ns)   --->   "%R = load i17 %imgR_addr" [obj_detect.cpp:267]   --->   Operation 107 'load' 'R' <Predicate = (icmp_ln262 & is_external_load & icmp_ln264)> <Delay = 3.25> <CoreInst = "RAM_2P_BRAM">   --->   Core 91 'RAM_2P_BRAM' <Latency = 1> <II = 1> <Delay = 3.25> <Storage> <Opcode : 'load' 'store'> <Ports = 2> <Width = 8> <Depth = 76800> <RAM>
ST_7 : Operation 108 [1/2] (3.25ns)   --->   "%G = load i17 %imgG_addr" [obj_detect.cpp:267]   --->   Operation 108 'load' 'G' <Predicate = (icmp_ln262 & is_external_load & icmp_ln264)> <Delay = 3.25> <CoreInst = "RAM_2P_BRAM">   --->   Core 91 'RAM_2P_BRAM' <Latency = 1> <II = 1> <Delay = 3.25> <Storage> <Opcode : 'load' 'store'> <Ports = 2> <Width = 8> <Depth = 76800> <RAM>
ST_7 : Operation 109 [1/2] (3.25ns)   --->   "%B = load i17 %imgB_addr" [obj_detect.cpp:267]   --->   Operation 109 'load' 'B' <Predicate = (icmp_ln262 & is_external_load & icmp_ln264)> <Delay = 3.25> <CoreInst = "RAM_2P_BRAM">   --->   Core 91 'RAM_2P_BRAM' <Latency = 1> <II = 1> <Delay = 3.25> <Storage> <Opcode : 'load' 'store'> <Ports = 2> <Width = 8> <Depth = 76800> <RAM>
ST_7 : Operation 110 [1/1] (1.91ns)   --->   "%icmp_ln18 = icmp_ugt  i8 %G, i8 %R" [obj_detect.cpp:18->obj_detect.cpp:267]   --->   Operation 110 'icmp' 'icmp_ln18' <Predicate = (icmp_ln262 & is_external_load & icmp_ln264)> <Delay = 1.91> <CoreInst = "Cmp">   --->   Core 9 'Cmp' <Latency = 0> <II = 1> <Delay = 1.91> <FuncUnit> <Opcode : 'icmp'> <InPorts = 2> <OutPorts = 1>
ST_7 : Operation 111 [1/1] (1.91ns)   --->   "%icmp_ln18_1 = icmp_ugt  i8 %G, i8 %B" [obj_detect.cpp:18->obj_detect.cpp:267]   --->   Operation 111 'icmp' 'icmp_ln18_1' <Predicate = (icmp_ln262 & is_external_load & icmp_ln264)> <Delay = 1.91> <CoreInst = "Cmp">   --->   Core 9 'Cmp' <Latency = 0> <II = 1> <Delay = 1.91> <FuncUnit> <Opcode : 'icmp'> <InPorts = 2> <OutPorts = 1>
ST_7 : Operation 112 [1/1] (1.91ns)   --->   "%icmp_ln18_2 = icmp_ugt  i8 %G, i8 80" [obj_detect.cpp:18->obj_detect.cpp:267]   --->   Operation 112 'icmp' 'icmp_ln18_2' <Predicate = (icmp_ln262 & is_external_load & icmp_ln264)> <Delay = 1.91> <CoreInst = "Cmp">   --->   Core 9 'Cmp' <Latency = 0> <II = 1> <Delay = 1.91> <FuncUnit> <Opcode : 'icmp'> <InPorts = 2> <OutPorts = 1>
ST_7 : Operation 113 [1/1] (0.00ns) (grouped into LUT with out node and_ln18_1)   --->   "%and_ln18 = and i1 %icmp_ln18_1, i1 %icmp_ln18_2" [obj_detect.cpp:18->obj_detect.cpp:267]   --->   Operation 113 'and' 'and_ln18' <Predicate = (icmp_ln262 & is_external_load & icmp_ln264)> <Delay = 0.00> <CoreInst = "LogicGate">   --->   Core 74 'LogicGate' <Latency = 0> <II = 1> <Delay = 0.97> <FuncUnit> <Opcode : 'and' 'or' 'xor'> <InPorts = 2> <OutPorts = 1>
ST_7 : Operation 114 [1/1] (0.97ns) (out node of the LUT)   --->   "%and_ln18_1 = and i1 %and_ln18, i1 %icmp_ln18" [obj_detect.cpp:18->obj_detect.cpp:267]   --->   Operation 114 'and' 'and_ln18_1' <Predicate = (icmp_ln262 & is_external_load & icmp_ln264)> <Delay = 0.97> <CoreInst = "LogicGate">   --->   Core 74 'LogicGate' <Latency = 0> <II = 1> <Delay = 0.97> <FuncUnit> <Opcode : 'and' 'or' 'xor'> <InPorts = 2> <OutPorts = 1>

State 8 <SV = 7> <Delay = 2.32>
ST_8 : Operation 115 [1/1] (0.00ns)   --->   "%center_is_green_addr = getelementptr i1 %center_is_green, i64 0, i64 %zext_ln262" [obj_detect.cpp:267]   --->   Operation 115 'getelementptr' 'center_is_green_addr' <Predicate = (icmp_ln262 & is_external_load & icmp_ln264)> <Delay = 0.00>
ST_8 : Operation 116 [1/1] (2.32ns)   --->   "%store_ln267 = store i1 %and_ln18_1, i9 %center_is_green_addr" [obj_detect.cpp:267]   --->   Operation 116 'store' 'store_ln267' <Predicate = (icmp_ln262 & is_external_load & icmp_ln264)> <Delay = 2.32> <CoreInst = "RAM">   --->   Core 82 'RAM' <Latency = 1> <II = 1> <Delay = 2.32> <Storage> <Opcode : 'load' 'store'> <Ports = 2> <Width = 1> <Depth = 512> <RAM>
ST_8 : Operation 117 [1/1] (0.00ns)   --->   "%obj_is_green_addr = getelementptr i1 %obj_is_green, i64 0, i64 %zext_ln268" [obj_detect.cpp:270]   --->   Operation 117 'getelementptr' 'obj_is_green_addr' <Predicate = (icmp_ln262 & is_external_load & icmp_ln264)> <Delay = 0.00>
ST_8 : Operation 118 [1/1] (2.32ns)   --->   "%store_ln270 = store i1 %and_ln18_1, i5 %obj_is_green_addr" [obj_detect.cpp:270]   --->   Operation 118 'store' 'store_ln270' <Predicate = (icmp_ln262 & is_external_load & icmp_ln264)> <Delay = 2.32> <CoreInst = "RAM_1P">   --->   Core 86 'RAM_1P' <Latency = 1> <II = 1> <Delay = 2.32> <Storage> <Opcode : 'load' 'store'> <Ports = 1> <Width = 1> <Depth = 32> <RAM>
ST_8 : Operation 119 [1/1] (0.00ns)   --->   "%br_ln272 = br void %for.inc659" [obj_detect.cpp:272]   --->   Operation 119 'br' 'br_ln272' <Predicate = (icmp_ln262 & is_external_load & icmp_ln264)> <Delay = 0.00>


============================================================
+ Verbose Summary: Timing violations
============================================================
Target clock period: 10.000ns, clock uncertainty: 2.700ns.

 <State 1>: 3.254ns
The critical path consists of the following:
	'alloca' operation ('i') [17]  (0.000 ns)
	'load' operation ('i', obj_detect.cpp:260) on local variable 'i' [40]  (0.000 ns)
	'getelementptr' operation ('parent_addr', obj_detect.cpp:262) [51]  (0.000 ns)
	'load' operation ('parent_load', obj_detect.cpp:262) on array 'parent' [52]  (3.254 ns)

 <State 2>: 5.331ns
The critical path consists of the following:
	'load' operation ('parent_load', obj_detect.cpp:262) on array 'parent' [52]  (3.254 ns)
	'icmp' operation ('icmp_ln262', obj_detect.cpp:262) [53]  (2.077 ns)

 <State 3>: 3.254ns
The critical path consists of the following:
	'load' operation ('is_external_load', obj_detect.cpp:263) on array 'is_external' [57]  (3.254 ns)

 <State 4>: 5.987ns
The critical path consists of the following:
	'load' operation ('pixel_count_load', obj_detect.cpp:264) on array 'pixel_count' [61]  (2.322 ns)
	'icmp' operation ('icmp_ln264', obj_detect.cpp:264) [62]  (2.077 ns)
	blocking operation 1.588 ns on control path)

 <State 5>: 5.169ns
The critical path consists of the following:
	'load' operation ('min_y_load', obj_detect.cpp:266) on array 'min_y' [75]  (3.254 ns)
	'add' operation ('add_ln266', obj_detect.cpp:266) [80]  (1.915 ns)

 <State 6>: 7.186ns
The critical path consists of the following:
	'add' operation ('add_ln267', obj_detect.cpp:267) [87]  (0.000 ns)
	'add' operation ('add_ln267_1', obj_detect.cpp:267) [89]  (3.932 ns)
	'getelementptr' operation ('imgR_addr', obj_detect.cpp:267) [93]  (0.000 ns)
	'load' operation ('R', obj_detect.cpp:267) on array 'imgR' [94]  (3.254 ns)

 <State 7>: 6.147ns
The critical path consists of the following:
	'load' operation ('R', obj_detect.cpp:267) on array 'imgR' [94]  (3.254 ns)
	'icmp' operation ('icmp_ln18', obj_detect.cpp:18->obj_detect.cpp:267) [97]  (1.915 ns)
	'and' operation ('and_ln18_1', obj_detect.cpp:18->obj_detect.cpp:267) [101]  (0.978 ns)

 <State 8>: 2.322ns
The critical path consists of the following:
	'getelementptr' operation ('center_is_green_addr', obj_detect.cpp:267) [102]  (0.000 ns)
	'store' operation ('store_ln267', obj_detect.cpp:267) of variable 'and_ln18_1', obj_detect.cpp:18->obj_detect.cpp:267 on array 'center_is_green' [103]  (2.322 ns)


============================================================
+ Verbose Summary: Binding
============================================================
N/A
* FSMD analyzer results:
  - Output states:
 - Input state : 
  - Chain level:
	State 1
	State 2
	State 3
	State 4
	State 5
	State 6
	State 7
	State 8


============================================================
+ Verbose Summary: Datapath Resource usage 
============================================================
N/A
