

================================================================
== Vitis HLS Report for 'hls_object_green_classification_Pipeline_VITIS_LOOP_311_6'
================================================================
* Date:           Mon Dec 15 18:24:28 2025

* Version:        2023.1 (Build 3854077 on May  4 2023)
* Project:        Obj_Detect_ver6
* Solution:       solution1 (Vivado IP Flow Target)
* Product family: zynq
* Target device:  xc7z020-clg484-1


================================================================
== Performance Estimates
================================================================
+ Timing: 
    * Summary: 
    +--------+----------+----------+------------+
    |  Clock |  Target  | Estimated| Uncertainty|
    +--------+----------+----------+------------+
    |ap_clk  |  10.00 ns|  4.644 ns|     2.70 ns|
    +--------+----------+----------+------------+

+ Latency: 
    * Summary: 
    +---------+---------+-----------+----------+-----+-----+---------+
    |  Latency (cycles) |  Latency (absolute)  |  Interval | Pipeline|
    |   min   |   max   |    min    |    max   | min | max |   Type  |
    +---------+---------+-----------+----------+-----+-----+---------+
    |        2|       65|  20.000 ns|  0.650 us|    2|   65|       no|
    +---------+---------+-----------+----------+-----+-----+---------+

    + Detail: 
        * Instance: 
        N/A

        * Loop: 
        +--------------------+---------+---------+----------+-----------+-----------+--------+----------+
        |                    |  Latency (cycles) | Iteration|  Initiation Interval  |  Trip  |          |
        |      Loop Name     |   min   |   max   |  Latency |  achieved |   target  |  Count | Pipelined|
        +--------------------+---------+---------+----------+-----------+-----------+--------+----------+
        |- VITIS_LOOP_311_6  |        0|       63|         2|          1|          1|  0 ~ 63|       yes|
        +--------------------+---------+---------+----------+-----------+-----------+--------+----------+

============================================================
+ Verbose Summary: Synthesis Manager
============================================================
InlineROM: 1
ExposeGlobal: 0
============================================================
+ Verbose Summary: CDFG Model
============================================================
IsTopModel: 0
ResetActiveHigh: 1
IsCombinational: 0
IsDatapathOnly: 0
HasWiredReturn: 1
HasMFsm: 2
HasVarLatency: 1
IsPipeline: 0
IsRtlPipelined: 0
IsInstanceOverlapped: 0
IsDontTouch: 0
HasImplIP: 0
IsGatedGlobalClock: 0

+ Individual pipeline summary: 
  * Pipeline-0: initiation interval (II) = 1, depth = 2


============================================================
+ Verbose Summary: Schedule
============================================================
* Number of FSM states : 2
* Pipeline : 1
  Pipeline-0 : II = 1, D = 2, States = { 1 2 }
* Dataflow Pipeline: 0

* FSM state transitions: 
1 --> 2 
2 --> 

* FSM state operations: 

State 1 <SV = 0> <Delay = 3.66>
ST_1 : Operation 5 [1/1] (0.00ns)   --->   "%k = alloca i32 1"   --->   Operation 5 'alloca' 'k' <Predicate = true> <Delay = 0.00>
ST_1 : Operation 6 [1/1] (0.00ns)   --->   "%specmemcore_ln0 = specmemcore void @_ssdm_op_SpecMemCore, i1 %obj_is_green, i64 666, i64 207, i64 1"   --->   Operation 6 'specmemcore' 'specmemcore_ln0' <Predicate = true> <Delay = 0.00>
ST_1 : Operation 7 [1/1] (0.00ns)   --->   "%specmemcore_ln0 = specmemcore void @_ssdm_op_SpecMemCore, i16 %obj_y, i64 666, i64 207, i64 1"   --->   Operation 7 'specmemcore' 'specmemcore_ln0' <Predicate = true> <Delay = 0.00>
ST_1 : Operation 8 [1/1] (0.00ns)   --->   "%specmemcore_ln0 = specmemcore void @_ssdm_op_SpecMemCore, i16 %obj_x, i64 666, i64 207, i64 1"   --->   Operation 8 'specmemcore' 'specmemcore_ln0' <Predicate = true> <Delay = 0.00>
ST_1 : Operation 9 [1/1] (0.00ns)   --->   "%specinterface_ln0 = specinterface void @_ssdm_op_SpecInterface, i1 %obj_is_green, void @empty, i32 0, i32 0, void @empty_0, i32 1, i32 0, void @empty_0, void @empty_0, void @empty_0, i32 0, i32 0, i32 0, i32 0, void @empty_0, void @empty_0, i32 4294967295, i32 0"   --->   Operation 9 'specinterface' 'specinterface_ln0' <Predicate = true> <Delay = 0.00>
ST_1 : Operation 10 [1/1] (0.00ns)   --->   "%specinterface_ln0 = specinterface void @_ssdm_op_SpecInterface, i16 %obj_y, void @empty, i32 0, i32 0, void @empty_0, i32 1, i32 0, void @empty_0, void @empty_0, void @empty_0, i32 0, i32 0, i32 0, i32 0, void @empty_0, void @empty_0, i32 4294967295, i32 0"   --->   Operation 10 'specinterface' 'specinterface_ln0' <Predicate = true> <Delay = 0.00>
ST_1 : Operation 11 [1/1] (0.00ns)   --->   "%specinterface_ln0 = specinterface void @_ssdm_op_SpecInterface, i16 %obj_x, void @empty, i32 0, i32 0, void @empty_0, i32 1, i32 0, void @empty_0, void @empty_0, void @empty_0, i32 0, i32 0, i32 0, i32 0, void @empty_0, void @empty_0, i32 4294967295, i32 0"   --->   Operation 11 'specinterface' 'specinterface_ln0' <Predicate = true> <Delay = 0.00>
ST_1 : Operation 12 [1/1] (0.00ns)   --->   "%count_reload_read = read i16 @_ssdm_op_Read.ap_auto.i16, i16 %count_reload"   --->   Operation 12 'read' 'count_reload_read' <Predicate = true> <Delay = 0.00>
ST_1 : Operation 13 [1/1] (1.58ns)   --->   "%store_ln0 = store i6 0, i6 %k"   --->   Operation 13 'store' 'store_ln0' <Predicate = true> <Delay = 1.58>
ST_1 : Operation 14 [1/1] (0.00ns)   --->   "%br_ln0 = br void %for.inc776"   --->   Operation 14 'br' 'br_ln0' <Predicate = true> <Delay = 0.00>
ST_1 : Operation 15 [1/1] (0.00ns)   --->   "%k_1 = load i6 %k" [obj_detect.cpp:311]   --->   Operation 15 'load' 'k_1' <Predicate = true> <Delay = 0.00>
ST_1 : Operation 16 [1/1] (0.00ns)   --->   "%zext_ln311_1 = zext i6 %k_1" [obj_detect.cpp:311]   --->   Operation 16 'zext' 'zext_ln311_1' <Predicate = true> <Delay = 0.00>
ST_1 : Operation 17 [1/1] (2.07ns)   --->   "%icmp_ln311 = icmp_eq  i16 %zext_ln311_1, i16 %count_reload_read" [obj_detect.cpp:311]   --->   Operation 17 'icmp' 'icmp_ln311' <Predicate = true> <Delay = 2.07> <CoreInst = "Cmp">   --->   Core 9 'Cmp' <Latency = 0> <II = 1> <Delay = 2.07> <FuncUnit> <Opcode : 'icmp'> <InPorts = 2> <OutPorts = 1>
ST_1 : Operation 18 [1/1] (0.00ns)   --->   "%speclooptripcount_ln0 = speclooptripcount void @_ssdm_op_SpecLoopTripCount, i64 0, i64 63, i64 0"   --->   Operation 18 'speclooptripcount' 'speclooptripcount_ln0' <Predicate = true> <Delay = 0.00>
ST_1 : Operation 19 [1/1] (1.82ns)   --->   "%add_ln311 = add i6 %k_1, i6 1" [obj_detect.cpp:311]   --->   Operation 19 'add' 'add_ln311' <Predicate = true> <Delay = 1.82> <CoreInst = "Adder">   --->   Core 1 'Adder' <Latency = 0> <II = 1> <Delay = 1.82> <FuncUnit> <Opcode : 'add' 'sub'> <InPorts = 2> <OutPorts = 1>
ST_1 : Operation 20 [1/1] (0.00ns)   --->   "%br_ln311 = br i1 %icmp_ln311, void %for.inc776.split, void %for.end778.loopexit.exitStub" [obj_detect.cpp:311]   --->   Operation 20 'br' 'br_ln311' <Predicate = true> <Delay = 0.00>
ST_1 : Operation 21 [1/1] (0.00ns)   --->   "%zext_ln311 = zext i6 %k_1" [obj_detect.cpp:311]   --->   Operation 21 'zext' 'zext_ln311' <Predicate = (!icmp_ln311)> <Delay = 0.00>
ST_1 : Operation 22 [1/1] (0.00ns)   --->   "%obj_x_buf_addr = getelementptr i16 %obj_x_buf, i64 0, i64 %zext_ln311" [obj_detect.cpp:313]   --->   Operation 22 'getelementptr' 'obj_x_buf_addr' <Predicate = (!icmp_ln311)> <Delay = 0.00>
ST_1 : Operation 23 [2/2] (2.32ns)   --->   "%obj_x_buf_load = load i5 %obj_x_buf_addr" [obj_detect.cpp:313]   --->   Operation 23 'load' 'obj_x_buf_load' <Predicate = (!icmp_ln311)> <Delay = 2.32> <CoreInst = "RAM">   --->   Core 82 'RAM' <Latency = 1> <II = 1> <Delay = 2.32> <Storage> <Opcode : 'load' 'store'> <Ports = 2> <Width = 16> <Depth = 32> <RAM>
ST_1 : Operation 24 [1/1] (0.00ns)   --->   "%obj_y_buf_addr = getelementptr i16 %obj_y_buf, i64 0, i64 %zext_ln311" [obj_detect.cpp:314]   --->   Operation 24 'getelementptr' 'obj_y_buf_addr' <Predicate = (!icmp_ln311)> <Delay = 0.00>
ST_1 : Operation 25 [2/2] (2.32ns)   --->   "%obj_y_buf_load = load i5 %obj_y_buf_addr" [obj_detect.cpp:314]   --->   Operation 25 'load' 'obj_y_buf_load' <Predicate = (!icmp_ln311)> <Delay = 2.32> <CoreInst = "RAM">   --->   Core 82 'RAM' <Latency = 1> <II = 1> <Delay = 2.32> <Storage> <Opcode : 'load' 'store'> <Ports = 2> <Width = 16> <Depth = 32> <RAM>
ST_1 : Operation 26 [1/1] (0.00ns)   --->   "%obj_is_green_buf_addr = getelementptr i1 %obj_is_green_buf, i64 0, i64 %zext_ln311" [obj_detect.cpp:315]   --->   Operation 26 'getelementptr' 'obj_is_green_buf_addr' <Predicate = (!icmp_ln311)> <Delay = 0.00>
ST_1 : Operation 27 [2/2] (2.32ns)   --->   "%obj_is_green_buf_load = load i5 %obj_is_green_buf_addr" [obj_detect.cpp:315]   --->   Operation 27 'load' 'obj_is_green_buf_load' <Predicate = (!icmp_ln311)> <Delay = 2.32> <CoreInst = "RAM">   --->   Core 82 'RAM' <Latency = 1> <II = 1> <Delay = 2.32> <Storage> <Opcode : 'load' 'store'> <Ports = 2> <Width = 1> <Depth = 32> <RAM>
ST_1 : Operation 28 [1/1] (1.58ns)   --->   "%store_ln311 = store i6 %add_ln311, i6 %k" [obj_detect.cpp:311]   --->   Operation 28 'store' 'store_ln311' <Predicate = (!icmp_ln311)> <Delay = 1.58>
ST_1 : Operation 41 [1/1] (0.00ns)   --->   "%ret_ln0 = ret"   --->   Operation 41 'ret' 'ret_ln0' <Predicate = (icmp_ln311)> <Delay = 0.00>

State 2 <SV = 1> <Delay = 4.64>
ST_2 : Operation 29 [1/1] (0.00ns)   --->   "%specpipeline_ln312 = specpipeline void @_ssdm_op_SpecPipeline, i32 1, i32 0, i32 0, i32 0, void @empty_0" [obj_detect.cpp:312]   --->   Operation 29 'specpipeline' 'specpipeline_ln312' <Predicate = true> <Delay = 0.00>
ST_2 : Operation 30 [1/1] (0.00ns)   --->   "%specloopname_ln311 = specloopname void @_ssdm_op_SpecLoopName, void @empty_12" [obj_detect.cpp:311]   --->   Operation 30 'specloopname' 'specloopname_ln311' <Predicate = true> <Delay = 0.00>
ST_2 : Operation 31 [1/2] (2.32ns)   --->   "%obj_x_buf_load = load i5 %obj_x_buf_addr" [obj_detect.cpp:313]   --->   Operation 31 'load' 'obj_x_buf_load' <Predicate = true> <Delay = 2.32> <CoreInst = "RAM">   --->   Core 82 'RAM' <Latency = 1> <II = 1> <Delay = 2.32> <Storage> <Opcode : 'load' 'store'> <Ports = 2> <Width = 16> <Depth = 32> <RAM>
ST_2 : Operation 32 [1/1] (0.00ns)   --->   "%obj_x_addr = getelementptr i16 %obj_x, i64 0, i64 %zext_ln311" [obj_detect.cpp:313]   --->   Operation 32 'getelementptr' 'obj_x_addr' <Predicate = true> <Delay = 0.00>
ST_2 : Operation 33 [1/1] (2.32ns)   --->   "%store_ln313 = store i16 %obj_x_buf_load, i5 %obj_x_addr" [obj_detect.cpp:313]   --->   Operation 33 'store' 'store_ln313' <Predicate = true> <Delay = 2.32> <CoreInst = "RAM_1P">   --->   Core 86 'RAM_1P' <Latency = 1> <II = 1> <Delay = 2.32> <Storage> <Opcode : 'load' 'store'> <Ports = 1> <Width = 16> <Depth = 32> <RAM>
ST_2 : Operation 34 [1/2] (2.32ns)   --->   "%obj_y_buf_load = load i5 %obj_y_buf_addr" [obj_detect.cpp:314]   --->   Operation 34 'load' 'obj_y_buf_load' <Predicate = true> <Delay = 2.32> <CoreInst = "RAM">   --->   Core 82 'RAM' <Latency = 1> <II = 1> <Delay = 2.32> <Storage> <Opcode : 'load' 'store'> <Ports = 2> <Width = 16> <Depth = 32> <RAM>
ST_2 : Operation 35 [1/1] (0.00ns)   --->   "%obj_y_addr = getelementptr i16 %obj_y, i64 0, i64 %zext_ln311" [obj_detect.cpp:314]   --->   Operation 35 'getelementptr' 'obj_y_addr' <Predicate = true> <Delay = 0.00>
ST_2 : Operation 36 [1/1] (2.32ns)   --->   "%store_ln314 = store i16 %obj_y_buf_load, i5 %obj_y_addr" [obj_detect.cpp:314]   --->   Operation 36 'store' 'store_ln314' <Predicate = true> <Delay = 2.32> <CoreInst = "RAM_1P">   --->   Core 86 'RAM_1P' <Latency = 1> <II = 1> <Delay = 2.32> <Storage> <Opcode : 'load' 'store'> <Ports = 1> <Width = 16> <Depth = 32> <RAM>
ST_2 : Operation 37 [1/2] (2.32ns)   --->   "%obj_is_green_buf_load = load i5 %obj_is_green_buf_addr" [obj_detect.cpp:315]   --->   Operation 37 'load' 'obj_is_green_buf_load' <Predicate = true> <Delay = 2.32> <CoreInst = "RAM">   --->   Core 82 'RAM' <Latency = 1> <II = 1> <Delay = 2.32> <Storage> <Opcode : 'load' 'store'> <Ports = 2> <Width = 1> <Depth = 32> <RAM>
ST_2 : Operation 38 [1/1] (0.00ns)   --->   "%obj_is_green_addr = getelementptr i1 %obj_is_green, i64 0, i64 %zext_ln311" [obj_detect.cpp:315]   --->   Operation 38 'getelementptr' 'obj_is_green_addr' <Predicate = true> <Delay = 0.00>
ST_2 : Operation 39 [1/1] (2.32ns)   --->   "%store_ln315 = store i1 %obj_is_green_buf_load, i5 %obj_is_green_addr" [obj_detect.cpp:315]   --->   Operation 39 'store' 'store_ln315' <Predicate = true> <Delay = 2.32> <CoreInst = "RAM_1P">   --->   Core 86 'RAM_1P' <Latency = 1> <II = 1> <Delay = 2.32> <Storage> <Opcode : 'load' 'store'> <Ports = 1> <Width = 1> <Depth = 32> <RAM>
ST_2 : Operation 40 [1/1] (0.00ns)   --->   "%br_ln311 = br void %for.inc776" [obj_detect.cpp:311]   --->   Operation 40 'br' 'br_ln311' <Predicate = true> <Delay = 0.00>


============================================================
+ Verbose Summary: Timing violations
============================================================
Target clock period: 10.000ns, clock uncertainty: 2.700ns.

 <State 1>: 3.665ns
The critical path consists of the following:
	'alloca' operation ('k') [8]  (0.000 ns)
	'load' operation ('k', obj_detect.cpp:311) on local variable 'k' [19]  (0.000 ns)
	'add' operation ('add_ln311', obj_detect.cpp:311) [23]  (1.825 ns)
	'store' operation ('store_ln311', obj_detect.cpp:311) of variable 'add_ln311', obj_detect.cpp:311 on local variable 'k' [41]  (1.588 ns)
	blocking operation 0.252 ns on control path)

 <State 2>: 4.644ns
The critical path consists of the following:
	'load' operation ('obj_x_buf_load', obj_detect.cpp:313) on array 'obj_x_buf' [30]  (2.322 ns)
	'store' operation ('store_ln313', obj_detect.cpp:313) of variable 'obj_x_buf_load', obj_detect.cpp:313 on array 'obj_x' [32]  (2.322 ns)


============================================================
+ Verbose Summary: Binding
============================================================
N/A
* FSMD analyzer results:
  - Output states:
 - Input state : 
  - Chain level:
	State 1
	State 2


============================================================
+ Verbose Summary: Datapath Resource usage 
============================================================
N/A
