

================================================================
== Vitis HLS Report for 'hls_object_green_classification_Pipeline_InitLoop'
================================================================
* Date:           Mon Dec 15 18:24:29 2025

* Version:        2023.1 (Build 3854077 on May  4 2023)
* Project:        Obj_Detect_ver6
* Solution:       solution1 (Vivado IP Flow Target)
* Product family: zynq
* Target device:  xc7z020-clg484-1


================================================================
== Performance Estimates
================================================================
+ Timing: 
    * Summary: 
    +--------+----------+----------+------------+
    |  Clock |  Target  | Estimated| Uncertainty|
    +--------+----------+----------+------------+
    |ap_clk  |  10.00 ns|  4.985 ns|     2.70 ns|
    +--------+----------+----------+------------+

+ Latency: 
    * Summary: 
    +---------+---------+----------+----------+-----+-----+---------+
    |  Latency (cycles) |  Latency (absolute) |  Interval | Pipeline|
    |   min   |   max   |    min   |    max   | min | max |   Type  |
    +---------+---------+----------+----------+-----+-----+---------+
    |      514|      514|  5.140 us|  5.140 us|  514|  514|       no|
    +---------+---------+----------+----------+-----+-----+---------+

    + Detail: 
        * Instance: 
        N/A

        * Loop: 
        +------------+---------+---------+----------+-----------+-----------+------+----------+
        |            |  Latency (cycles) | Iteration|  Initiation Interval  | Trip |          |
        |  Loop Name |   min   |   max   |  Latency |  achieved |   target  | Count| Pipelined|
        +------------+---------+---------+----------+-----------+-----------+------+----------+
        |- InitLoop  |      512|      512|         1|          1|          1|   512|       yes|
        +------------+---------+---------+----------+-----------+-----------+------+----------+



================================================================
== Utilization Estimates
================================================================
* Summary: 
+-----------------+---------+-----+--------+-------+-----+
|       Name      | BRAM_18K| DSP |   FF   |  LUT  | URAM|
+-----------------+---------+-----+--------+-------+-----+
|DSP              |        -|    -|       -|      -|    -|
|Expression       |        -|    -|       0|     25|    -|
|FIFO             |        -|    -|       -|      -|    -|
|Instance         |        -|    -|       -|      -|    -|
|Memory           |        -|    -|       -|      -|    -|
|Multiplexer      |        -|    -|       -|     27|    -|
|Register         |        -|    -|      12|      -|    -|
+-----------------+---------+-----+--------+-------+-----+
|Total            |        0|    0|      12|     52|    0|
+-----------------+---------+-----+--------+-------+-----+
|Available        |      280|  220|  106400|  53200|    0|
+-----------------+---------+-----+--------+-------+-----+
|Utilization (%)  |        0|    0|      ~0|     ~0|    0|
+-----------------+---------+-----+--------+-------+-----+

+ Detail: 
    * Instance: 
    N/A

    * DSP: 
    N/A

    * Memory: 
    N/A

    * FIFO: 
    N/A

    * Expression: 
    +----------------------+----------+----+---+----+------------+------------+
    |     Variable Name    | Operation| DSP| FF| LUT| Bitwidth P0| Bitwidth P1|
    +----------------------+----------+----+---+----+------------+------------+
    |i_5_fu_199_p2         |         +|   0|  0|  13|          10|           1|
    |icmp_ln105_fu_193_p2  |      icmp|   0|  0|  12|          10|          11|
    +----------------------+----------+----+---+----+------------+------------+
    |Total                 |          |   0|  0|  25|          20|          12|
    +----------------------+----------+----+---+----+------------+------------+

    * Multiplexer: 
    +----------------------+----+-----------+-----+-----------+
    |         Name         | LUT| Input Size| Bits| Total Bits|
    +----------------------+----+-----------+-----+-----------+
    |ap_done_int           |   9|          2|    1|          2|
    |ap_sig_allocacmp_i_4  |   9|          2|   10|         20|
    |i_fu_60               |   9|          2|   10|         20|
    +----------------------+----+-----------+-----+-----------+
    |Total                 |  27|          6|   21|         42|
    +----------------------+----+-----------+-----+-----------+

    * Register: 
    +-------------+----+----+-----+-----------+
    |     Name    | FF | LUT| Bits| Const Bits|
    +-------------+----+----+-----+-----------+
    |ap_CS_fsm    |   1|   0|    1|          0|
    |ap_done_reg  |   1|   0|    1|          0|
    |i_fu_60      |  10|   0|   10|          0|
    +-------------+----+----+-----+-----------+
    |Total        |  12|   0|   12|          0|
    +-------------+----+----+-----+-----------+



================================================================
== Interface
================================================================
* Summary: 
+--------------------------+-----+-----+------------+---------------------------------------------------+--------------+
|         RTL Ports        | Dir | Bits|  Protocol  |                   Source Object                   |    C Type    |
+--------------------------+-----+-----+------------+---------------------------------------------------+--------------+
|ap_clk                    |   in|    1|  ap_ctrl_hs|  hls_object_green_classification_Pipeline_InitLoop|  return value|
|ap_rst                    |   in|    1|  ap_ctrl_hs|  hls_object_green_classification_Pipeline_InitLoop|  return value|
|ap_start                  |   in|    1|  ap_ctrl_hs|  hls_object_green_classification_Pipeline_InitLoop|  return value|
|ap_done                   |  out|    1|  ap_ctrl_hs|  hls_object_green_classification_Pipeline_InitLoop|  return value|
|ap_idle                   |  out|    1|  ap_ctrl_hs|  hls_object_green_classification_Pipeline_InitLoop|  return value|
|ap_ready                  |  out|    1|  ap_ctrl_hs|  hls_object_green_classification_Pipeline_InitLoop|  return value|
|parent_address1           |  out|    9|   ap_memory|                                             parent|         array|
|parent_ce1                |  out|    1|   ap_memory|                                             parent|         array|
|parent_we1                |  out|    1|   ap_memory|                                             parent|         array|
|parent_d1                 |  out|   16|   ap_memory|                                             parent|         array|
|min_x_address1            |  out|    9|   ap_memory|                                              min_x|         array|
|min_x_ce1                 |  out|    1|   ap_memory|                                              min_x|         array|
|min_x_we1                 |  out|    1|   ap_memory|                                              min_x|         array|
|min_x_d1                  |  out|    9|   ap_memory|                                              min_x|         array|
|max_x_address1            |  out|    9|   ap_memory|                                              max_x|         array|
|max_x_ce1                 |  out|    1|   ap_memory|                                              max_x|         array|
|max_x_we1                 |  out|    1|   ap_memory|                                              max_x|         array|
|max_x_d1                  |  out|    9|   ap_memory|                                              max_x|         array|
|min_y_address1            |  out|    9|   ap_memory|                                              min_y|         array|
|min_y_ce1                 |  out|    1|   ap_memory|                                              min_y|         array|
|min_y_we1                 |  out|    1|   ap_memory|                                              min_y|         array|
|min_y_d1                  |  out|    8|   ap_memory|                                              min_y|         array|
|max_y_address1            |  out|    9|   ap_memory|                                              max_y|         array|
|max_y_ce1                 |  out|    1|   ap_memory|                                              max_y|         array|
|max_y_we1                 |  out|    1|   ap_memory|                                              max_y|         array|
|max_y_d1                  |  out|    8|   ap_memory|                                              max_y|         array|
|center_is_green_address0  |  out|    9|   ap_memory|                                    center_is_green|         array|
|center_is_green_ce0       |  out|    1|   ap_memory|                                    center_is_green|         array|
|center_is_green_we0       |  out|    1|   ap_memory|                                    center_is_green|         array|
|center_is_green_d0        |  out|    1|   ap_memory|                                    center_is_green|         array|
|pixel_count_address1      |  out|    9|   ap_memory|                                        pixel_count|         array|
|pixel_count_ce1           |  out|    1|   ap_memory|                                        pixel_count|         array|
|pixel_count_we1           |  out|    1|   ap_memory|                                        pixel_count|         array|
|pixel_count_d1            |  out|   16|   ap_memory|                                        pixel_count|         array|
+--------------------------+-----+-----+------------+---------------------------------------------------+--------------+

============================================================
+ Verbose Summary: Synthesis Manager
============================================================
InlineROM: 1
ExposeGlobal: 0
============================================================
+ Verbose Summary: CDFG Model
============================================================
IsTopModel: 0
ResetActiveHigh: 1
IsCombinational: 2
IsDatapathOnly: 2
HasWiredReturn: 1
HasMFsm: 2
HasVarLatency: 1
IsPipeline: 0
IsRtlPipelined: 0
IsInstanceOverlapped: 0
IsDontTouch: 0
HasImplIP: 0
IsGatedGlobalClock: 0

+ Individual pipeline summary: 
  * Pipeline-0: initiation interval (II) = 1, depth = 1


============================================================
+ Verbose Summary: Schedule
============================================================
* Number of FSM states : 1
* Pipeline : 1
  Pipeline-0 : II = 1, D = 1, States = { 1 }
* Dataflow Pipeline: 0

* FSM state transitions: 
1 --> 

* FSM state operations: 

State 1 <SV = 0> <Delay = 4.98>
ST_1 : Operation 4 [1/1] (0.00ns)   --->   "%i = alloca i32 1"   --->   Operation 4 'alloca' 'i' <Predicate = true> <Delay = 0.00>
ST_1 : Operation 5 [1/1] (0.00ns)   --->   "%specmemcore_ln0 = specmemcore void @_ssdm_op_SpecMemCore, i16 %pixel_count, i64 666, i64 23, i64 18446744073709551615"   --->   Operation 5 'specmemcore' 'specmemcore_ln0' <Predicate = true> <Delay = 0.00>
ST_1 : Operation 6 [1/1] (0.00ns)   --->   "%specmemcore_ln0 = specmemcore void @_ssdm_op_SpecMemCore, i8 %max_y, i64 666, i64 22, i64 18446744073709551615"   --->   Operation 6 'specmemcore' 'specmemcore_ln0' <Predicate = true> <Delay = 0.00>
ST_1 : Operation 7 [1/1] (0.00ns)   --->   "%specmemcore_ln0 = specmemcore void @_ssdm_op_SpecMemCore, i8 %min_y, i64 666, i64 22, i64 18446744073709551615"   --->   Operation 7 'specmemcore' 'specmemcore_ln0' <Predicate = true> <Delay = 0.00>
ST_1 : Operation 8 [1/1] (0.00ns)   --->   "%specmemcore_ln0 = specmemcore void @_ssdm_op_SpecMemCore, i9 %max_x, i64 666, i64 22, i64 18446744073709551615"   --->   Operation 8 'specmemcore' 'specmemcore_ln0' <Predicate = true> <Delay = 0.00>
ST_1 : Operation 9 [1/1] (0.00ns)   --->   "%specmemcore_ln0 = specmemcore void @_ssdm_op_SpecMemCore, i9 %min_x, i64 666, i64 22, i64 18446744073709551615"   --->   Operation 9 'specmemcore' 'specmemcore_ln0' <Predicate = true> <Delay = 0.00>
ST_1 : Operation 10 [1/1] (0.00ns)   --->   "%specmemcore_ln0 = specmemcore void @_ssdm_op_SpecMemCore, i16 %parent, i64 666, i64 22, i64 18446744073709551615"   --->   Operation 10 'specmemcore' 'specmemcore_ln0' <Predicate = true> <Delay = 0.00>
ST_1 : Operation 11 [1/1] (1.58ns)   --->   "%store_ln0 = store i10 0, i10 %i"   --->   Operation 11 'store' 'store_ln0' <Predicate = true> <Delay = 1.58>
ST_1 : Operation 12 [1/1] (0.00ns)   --->   "%br_ln0 = br void %for.inc"   --->   Operation 12 'br' 'br_ln0' <Predicate = true> <Delay = 0.00>
ST_1 : Operation 13 [1/1] (0.00ns)   --->   "%i_4 = load i10 %i" [obj_detect.cpp:108]   --->   Operation 13 'load' 'i_4' <Predicate = true> <Delay = 0.00>
ST_1 : Operation 14 [1/1] (1.73ns)   --->   "%icmp_ln105 = icmp_eq  i10 %i_4, i10 512" [obj_detect.cpp:105]   --->   Operation 14 'icmp' 'icmp_ln105' <Predicate = true> <Delay = 1.73> <CoreInst = "Cmp">   --->   Core 9 'Cmp' <Latency = 0> <II = 1> <Delay = 1.63> <FuncUnit> <Opcode : 'icmp'> <InPorts = 2> <OutPorts = 1>
ST_1 : Operation 15 [1/1] (1.73ns)   --->   "%i_5 = add i10 %i_4, i10 1" [obj_detect.cpp:105]   --->   Operation 15 'add' 'i_5' <Predicate = true> <Delay = 1.73> <CoreInst = "Adder">   --->   Core 1 'Adder' <Latency = 0> <II = 1> <Delay = 1.73> <FuncUnit> <Opcode : 'add' 'sub'> <InPorts = 2> <OutPorts = 1>
ST_1 : Operation 16 [1/1] (0.00ns)   --->   "%br_ln105 = br i1 %icmp_ln105, void %for.inc.split, void %for.inc235.preheader.exitStub" [obj_detect.cpp:105]   --->   Operation 16 'br' 'br_ln105' <Predicate = true> <Delay = 0.00>
ST_1 : Operation 17 [1/1] (0.00ns)   --->   "%zext_ln105 = zext i10 %i_4" [obj_detect.cpp:105]   --->   Operation 17 'zext' 'zext_ln105' <Predicate = (!icmp_ln105)> <Delay = 0.00>
ST_1 : Operation 18 [1/1] (0.00ns)   --->   "%specpipeline_ln107 = specpipeline void @_ssdm_op_SpecPipeline, i32 1, i32 0, i32 0, i32 0, void @empty_0" [obj_detect.cpp:107]   --->   Operation 18 'specpipeline' 'specpipeline_ln107' <Predicate = (!icmp_ln105)> <Delay = 0.00>
ST_1 : Operation 19 [1/1] (0.00ns)   --->   "%speclooptripcount_ln105 = speclooptripcount void @_ssdm_op_SpecLoopTripCount, i64 512, i64 512, i64 512" [obj_detect.cpp:105]   --->   Operation 19 'speclooptripcount' 'speclooptripcount_ln105' <Predicate = (!icmp_ln105)> <Delay = 0.00>
ST_1 : Operation 20 [1/1] (0.00ns)   --->   "%specloopname_ln105 = specloopname void @_ssdm_op_SpecLoopName, void @empty_11" [obj_detect.cpp:105]   --->   Operation 20 'specloopname' 'specloopname_ln105' <Predicate = (!icmp_ln105)> <Delay = 0.00>
ST_1 : Operation 21 [1/1] (0.00ns)   --->   "%trunc_ln108 = trunc i10 %i_4" [obj_detect.cpp:108]   --->   Operation 21 'trunc' 'trunc_ln108' <Predicate = (!icmp_ln105)> <Delay = 0.00>
ST_1 : Operation 22 [1/1] (0.00ns)   --->   "%zext_ln108 = zext i9 %trunc_ln108" [obj_detect.cpp:108]   --->   Operation 22 'zext' 'zext_ln108' <Predicate = (!icmp_ln105)> <Delay = 0.00>
ST_1 : Operation 23 [1/1] (0.00ns)   --->   "%parent_addr = getelementptr i16 %parent, i64 0, i64 %zext_ln105" [obj_detect.cpp:108]   --->   Operation 23 'getelementptr' 'parent_addr' <Predicate = (!icmp_ln105)> <Delay = 0.00>
ST_1 : Operation 24 [1/1] (3.25ns)   --->   "%store_ln108 = store i16 %zext_ln108, i9 %parent_addr" [obj_detect.cpp:108]   --->   Operation 24 'store' 'store_ln108' <Predicate = (!icmp_ln105)> <Delay = 3.25> <CoreInst = "RAM_2P_BRAM">   --->   Core 91 'RAM_2P_BRAM' <Latency = 1> <II = 1> <Delay = 3.25> <Storage> <Opcode : 'load' 'store'> <Ports = 2> <Width = 16> <Depth = 512> <RAM>
ST_1 : Operation 25 [1/1] (0.00ns)   --->   "%min_x_addr = getelementptr i9 %min_x, i64 0, i64 %zext_ln105" [obj_detect.cpp:109]   --->   Operation 25 'getelementptr' 'min_x_addr' <Predicate = (!icmp_ln105)> <Delay = 0.00>
ST_1 : Operation 26 [1/1] (3.25ns)   --->   "%store_ln109 = store i9 320, i9 %min_x_addr" [obj_detect.cpp:109]   --->   Operation 26 'store' 'store_ln109' <Predicate = (!icmp_ln105)> <Delay = 3.25> <CoreInst = "RAM_2P_BRAM">   --->   Core 91 'RAM_2P_BRAM' <Latency = 1> <II = 1> <Delay = 3.25> <Storage> <Opcode : 'load' 'store'> <Ports = 2> <Width = 9> <Depth = 512> <RAM>
ST_1 : Operation 27 [1/1] (0.00ns)   --->   "%max_x_addr = getelementptr i9 %max_x, i64 0, i64 %zext_ln105" [obj_detect.cpp:109]   --->   Operation 27 'getelementptr' 'max_x_addr' <Predicate = (!icmp_ln105)> <Delay = 0.00>
ST_1 : Operation 28 [1/1] (3.25ns)   --->   "%store_ln109 = store i9 0, i9 %max_x_addr" [obj_detect.cpp:109]   --->   Operation 28 'store' 'store_ln109' <Predicate = (!icmp_ln105)> <Delay = 3.25> <CoreInst = "RAM_2P_BRAM">   --->   Core 91 'RAM_2P_BRAM' <Latency = 1> <II = 1> <Delay = 3.25> <Storage> <Opcode : 'load' 'store'> <Ports = 2> <Width = 9> <Depth = 512> <RAM>
ST_1 : Operation 29 [1/1] (0.00ns)   --->   "%min_y_addr = getelementptr i8 %min_y, i64 0, i64 %zext_ln105" [obj_detect.cpp:110]   --->   Operation 29 'getelementptr' 'min_y_addr' <Predicate = (!icmp_ln105)> <Delay = 0.00>
ST_1 : Operation 30 [1/1] (3.25ns)   --->   "%store_ln110 = store i8 240, i9 %min_y_addr" [obj_detect.cpp:110]   --->   Operation 30 'store' 'store_ln110' <Predicate = (!icmp_ln105)> <Delay = 3.25> <CoreInst = "RAM_2P_BRAM">   --->   Core 91 'RAM_2P_BRAM' <Latency = 1> <II = 1> <Delay = 3.25> <Storage> <Opcode : 'load' 'store'> <Ports = 2> <Width = 8> <Depth = 512> <RAM>
ST_1 : Operation 31 [1/1] (0.00ns)   --->   "%max_y_addr = getelementptr i8 %max_y, i64 0, i64 %zext_ln105" [obj_detect.cpp:110]   --->   Operation 31 'getelementptr' 'max_y_addr' <Predicate = (!icmp_ln105)> <Delay = 0.00>
ST_1 : Operation 32 [1/1] (3.25ns)   --->   "%store_ln110 = store i8 0, i9 %max_y_addr" [obj_detect.cpp:110]   --->   Operation 32 'store' 'store_ln110' <Predicate = (!icmp_ln105)> <Delay = 3.25> <CoreInst = "RAM_2P_BRAM">   --->   Core 91 'RAM_2P_BRAM' <Latency = 1> <II = 1> <Delay = 3.25> <Storage> <Opcode : 'load' 'store'> <Ports = 2> <Width = 8> <Depth = 512> <RAM>
ST_1 : Operation 33 [1/1] (0.00ns)   --->   "%center_is_green_addr = getelementptr i1 %center_is_green, i64 0, i64 %zext_ln105" [obj_detect.cpp:111]   --->   Operation 33 'getelementptr' 'center_is_green_addr' <Predicate = (!icmp_ln105)> <Delay = 0.00>
ST_1 : Operation 34 [1/1] (2.32ns)   --->   "%store_ln111 = store i1 0, i9 %center_is_green_addr" [obj_detect.cpp:111]   --->   Operation 34 'store' 'store_ln111' <Predicate = (!icmp_ln105)> <Delay = 2.32> <CoreInst = "RAM">   --->   Core 82 'RAM' <Latency = 1> <II = 1> <Delay = 2.32> <Storage> <Opcode : 'load' 'store'> <Ports = 2> <Width = 1> <Depth = 512> <RAM>
ST_1 : Operation 35 [1/1] (0.00ns)   --->   "%pixel_count_addr = getelementptr i16 %pixel_count, i64 0, i64 %zext_ln105" [obj_detect.cpp:112]   --->   Operation 35 'getelementptr' 'pixel_count_addr' <Predicate = (!icmp_ln105)> <Delay = 0.00>
ST_1 : Operation 36 [1/1] (2.32ns)   --->   "%store_ln112 = store i16 0, i9 %pixel_count_addr" [obj_detect.cpp:112]   --->   Operation 36 'store' 'store_ln112' <Predicate = (!icmp_ln105)> <Delay = 2.32> <CoreInst = "RAM_2P_LUTRAM">   --->   Core 90 'RAM_2P_LUTRAM' <Latency = 1> <II = 1> <Delay = 2.32> <Storage> <Opcode : 'load' 'store'> <Ports = 2> <Width = 16> <Depth = 512> <RAM>
ST_1 : Operation 37 [1/1] (1.58ns)   --->   "%store_ln105 = store i10 %i_5, i10 %i" [obj_detect.cpp:105]   --->   Operation 37 'store' 'store_ln105' <Predicate = (!icmp_ln105)> <Delay = 1.58>
ST_1 : Operation 38 [1/1] (0.00ns)   --->   "%br_ln105 = br void %for.inc" [obj_detect.cpp:105]   --->   Operation 38 'br' 'br_ln105' <Predicate = (!icmp_ln105)> <Delay = 0.00>
ST_1 : Operation 39 [1/1] (0.00ns)   --->   "%ret_ln0 = ret"   --->   Operation 39 'ret' 'ret_ln0' <Predicate = (icmp_ln105)> <Delay = 0.00>


============================================================
+ Verbose Summary: Binding
============================================================
STG Binding: 
---------------- STG Properties BEGIN ----------------
- Is combinational: 0
- Is one-state seq: 0
- Is datapath-only: 0
- Is pipelined: 0
- Is top level: 0
Port [ Return ] is wired: 1; IO mode=ap_ctrl_hs:ce=0
Port [ parent]:  wired=1; compound=1; hidden=0; nouse=0; global=1; static=1; extern=0; dir=1; type=1; pingpong=0; private_global=0; MemPort=[30]; IO mode=ap_memory:ce=0
Port [ min_x]:  wired=1; compound=1; hidden=0; nouse=0; global=1; static=1; extern=0; dir=1; type=1; pingpong=0; private_global=0; MemPort=[30]; IO mode=ap_memory:ce=0
Port [ max_x]:  wired=1; compound=1; hidden=0; nouse=0; global=1; static=1; extern=0; dir=1; type=1; pingpong=0; private_global=0; MemPort=[30]; IO mode=ap_memory:ce=0
Port [ min_y]:  wired=1; compound=1; hidden=0; nouse=0; global=1; static=1; extern=0; dir=1; type=1; pingpong=0; private_global=0; MemPort=[30]; IO mode=ap_memory:ce=0
Port [ max_y]:  wired=1; compound=1; hidden=0; nouse=0; global=1; static=1; extern=0; dir=1; type=1; pingpong=0; private_global=0; MemPort=[30]; IO mode=ap_memory:ce=0
Port [ center_is_green]:  wired=1; compound=1; hidden=0; nouse=0; global=1; static=1; extern=0; dir=1; type=1; pingpong=0; private_global=0; MemPort=[03]; IO mode=ap_memory:ce=0
Port [ pixel_count]:  wired=1; compound=1; hidden=0; nouse=0; global=1; static=1; extern=0; dir=1; type=1; pingpong=0; private_global=0; MemPort=[30]; IO mode=ap_memory:ce=0
---------------- STG Properties END ------------------

---------------- Datapath Model BEGIN ----------------

<LifeTime>
<method=bitvector/>
i                       (alloca           ) [ 01]
specmemcore_ln0         (specmemcore      ) [ 00]
specmemcore_ln0         (specmemcore      ) [ 00]
specmemcore_ln0         (specmemcore      ) [ 00]
specmemcore_ln0         (specmemcore      ) [ 00]
specmemcore_ln0         (specmemcore      ) [ 00]
specmemcore_ln0         (specmemcore      ) [ 00]
store_ln0               (store            ) [ 00]
br_ln0                  (br               ) [ 00]
i_4                     (load             ) [ 00]
icmp_ln105              (icmp             ) [ 01]
i_5                     (add              ) [ 00]
br_ln105                (br               ) [ 00]
zext_ln105              (zext             ) [ 00]
specpipeline_ln107      (specpipeline     ) [ 00]
speclooptripcount_ln105 (speclooptripcount) [ 00]
specloopname_ln105      (specloopname     ) [ 00]
trunc_ln108             (trunc            ) [ 00]
zext_ln108              (zext             ) [ 00]
parent_addr             (getelementptr    ) [ 00]
store_ln108             (store            ) [ 00]
min_x_addr              (getelementptr    ) [ 00]
store_ln109             (store            ) [ 00]
max_x_addr              (getelementptr    ) [ 00]
store_ln109             (store            ) [ 00]
min_y_addr              (getelementptr    ) [ 00]
store_ln110             (store            ) [ 00]
max_y_addr              (getelementptr    ) [ 00]
store_ln110             (store            ) [ 00]
center_is_green_addr    (getelementptr    ) [ 00]
store_ln111             (store            ) [ 00]
pixel_count_addr        (getelementptr    ) [ 00]
store_ln112             (store            ) [ 00]
store_ln105             (store            ) [ 00]
br_ln105                (br               ) [ 00]
ret_ln0                 (ret              ) [ 00]
</LifeTime>

<model>

<comp_list>
<comp id="0" class="1000" name="parent">
<pin_list>
<pin id="1" dir="1" index="0" bw="1" slack="0"/>
</pin_list>
<bind>
<StgValue><ssdm name="parent"/><MemPortTyVec>3 0 </MemPortTyVec>
</StgValue>
</bind>
</comp>

<comp id="2" class="1000" name="min_x">
<pin_list>
<pin id="3" dir="1" index="0" bw="1" slack="0"/>
</pin_list>
<bind>
<StgValue><ssdm name="min_x"/><MemPortTyVec>3 0 </MemPortTyVec>
</StgValue>
</bind>
</comp>

<comp id="4" class="1000" name="max_x">
<pin_list>
<pin id="5" dir="1" index="0" bw="1" slack="0"/>
</pin_list>
<bind>
<StgValue><ssdm name="max_x"/><MemPortTyVec>3 0 </MemPortTyVec>
</StgValue>
</bind>
</comp>

<comp id="6" class="1000" name="min_y">
<pin_list>
<pin id="7" dir="1" index="0" bw="1" slack="0"/>
</pin_list>
<bind>
<StgValue><ssdm name="min_y"/><MemPortTyVec>3 0 </MemPortTyVec>
</StgValue>
</bind>
</comp>

<comp id="8" class="1000" name="max_y">
<pin_list>
<pin id="9" dir="1" index="0" bw="1" slack="0"/>
</pin_list>
<bind>
<StgValue><ssdm name="max_y"/><MemPortTyVec>3 0 </MemPortTyVec>
</StgValue>
</bind>
</comp>

<comp id="10" class="1000" name="center_is_green">
<pin_list>
<pin id="11" dir="1" index="0" bw="1" slack="0"/>
</pin_list>
<bind>
<StgValue><ssdm name="center_is_green"/><MemPortTyVec>0 3 </MemPortTyVec>
</StgValue>
</bind>
</comp>

<comp id="12" class="1000" name="pixel_count">
<pin_list>
<pin id="13" dir="1" index="0" bw="1" slack="0"/>
</pin_list>
<bind>
<StgValue><ssdm name="pixel_count"/><MemPortTyVec>3 0 </MemPortTyVec>
</StgValue>
</bind>
</comp>

<comp id="14" class="1001" name="const_14">
<pin_list>
<pin id="15" dir="1" index="0" bw="1" slack="0"/>
</pin_list>
<bind>
<StgValue><ssdm name=""/></StgValue>
</bind>
</comp>

<comp id="16" class="1001" name="const_16">
<pin_list>
<pin id="17" dir="1" index="0" bw="1" slack="2147483647"/>
</pin_list>
<bind>
<StgValue><ssdm name="_ssdm_op_SpecMemCore"/></StgValue>
</bind>
</comp>

<comp id="18" class="1001" name="const_18">
<pin_list>
<pin id="19" dir="1" index="0" bw="1" slack="2147483647"/>
</pin_list>
<bind>
<StgValue><ssdm name=""/></StgValue>
</bind>
</comp>

<comp id="20" class="1001" name="const_20">
<pin_list>
<pin id="21" dir="1" index="0" bw="1" slack="2147483647"/>
</pin_list>
<bind>
<StgValue><ssdm name=""/></StgValue>
</bind>
</comp>

<comp id="22" class="1001" name="const_22">
<pin_list>
<pin id="23" dir="1" index="0" bw="1" slack="2147483647"/>
</pin_list>
<bind>
<StgValue><ssdm name=""/></StgValue>
</bind>
</comp>

<comp id="24" class="1001" name="const_24">
<pin_list>
<pin id="25" dir="1" index="0" bw="1" slack="2147483647"/>
</pin_list>
<bind>
<StgValue><ssdm name=""/></StgValue>
</bind>
</comp>

<comp id="26" class="1001" name="const_26">
<pin_list>
<pin id="27" dir="1" index="0" bw="1" slack="0"/>
</pin_list>
<bind>
<StgValue><ssdm name=""/></StgValue>
</bind>
</comp>

<comp id="28" class="1001" name="const_28">
<pin_list>
<pin id="29" dir="1" index="0" bw="1" slack="0"/>
</pin_list>
<bind>
<StgValue><ssdm name=""/></StgValue>
</bind>
</comp>

<comp id="30" class="1001" name="const_30">
<pin_list>
<pin id="31" dir="1" index="0" bw="1" slack="0"/>
</pin_list>
<bind>
<StgValue><ssdm name=""/></StgValue>
</bind>
</comp>

<comp id="32" class="1001" name="const_32">
<pin_list>
<pin id="33" dir="1" index="0" bw="1" slack="2147483647"/>
</pin_list>
<bind>
<StgValue><ssdm name="_ssdm_op_SpecPipeline"/></StgValue>
</bind>
</comp>

<comp id="34" class="1001" name="const_34">
<pin_list>
<pin id="35" dir="1" index="0" bw="1" slack="2147483647"/>
</pin_list>
<bind>
<StgValue><ssdm name=""/></StgValue>
</bind>
</comp>

<comp id="36" class="1001" name="const_36">
<pin_list>
<pin id="37" dir="1" index="0" bw="1" slack="2147483647"/>
</pin_list>
<bind>
<StgValue><ssdm name="empty_0"/></StgValue>
</bind>
</comp>

<comp id="38" class="1001" name="const_38">
<pin_list>
<pin id="39" dir="1" index="0" bw="1" slack="2147483647"/>
</pin_list>
<bind>
<StgValue><ssdm name="_ssdm_op_SpecLoopTripCount"/></StgValue>
</bind>
</comp>

<comp id="40" class="1001" name="const_40">
<pin_list>
<pin id="41" dir="1" index="0" bw="1" slack="2147483647"/>
</pin_list>
<bind>
<StgValue><ssdm name=""/></StgValue>
</bind>
</comp>

<comp id="42" class="1001" name="const_42">
<pin_list>
<pin id="43" dir="1" index="0" bw="1" slack="2147483647"/>
</pin_list>
<bind>
<StgValue><ssdm name="_ssdm_op_SpecLoopName"/></StgValue>
</bind>
</comp>

<comp id="44" class="1001" name="const_44">
<pin_list>
<pin id="45" dir="1" index="0" bw="1" slack="2147483647"/>
</pin_list>
<bind>
<StgValue><ssdm name="empty_11"/></StgValue>
</bind>
</comp>

<comp id="46" class="1001" name="const_46">
<pin_list>
<pin id="47" dir="1" index="0" bw="1" slack="0"/>
</pin_list>
<bind>
<StgValue><ssdm name=""/></StgValue>
</bind>
</comp>

<comp id="48" class="1001" name="const_48">
<pin_list>
<pin id="49" dir="1" index="0" bw="1" slack="0"/>
</pin_list>
<bind>
<StgValue><ssdm name=""/></StgValue>
</bind>
</comp>

<comp id="50" class="1001" name="const_50">
<pin_list>
<pin id="51" dir="1" index="0" bw="1" slack="0"/>
</pin_list>
<bind>
<StgValue><ssdm name=""/></StgValue>
</bind>
</comp>

<comp id="52" class="1001" name="const_52">
<pin_list>
<pin id="53" dir="1" index="0" bw="1" slack="0"/>
</pin_list>
<bind>
<StgValue><ssdm name=""/></StgValue>
</bind>
</comp>

<comp id="54" class="1001" name="const_54">
<pin_list>
<pin id="55" dir="1" index="0" bw="1" slack="0"/>
</pin_list>
<bind>
<StgValue><ssdm name=""/></StgValue>
</bind>
</comp>

<comp id="56" class="1001" name="const_56">
<pin_list>
<pin id="57" dir="1" index="0" bw="1" slack="0"/>
</pin_list>
<bind>
<StgValue><ssdm name=""/></StgValue>
</bind>
</comp>

<comp id="58" class="1001" name="const_58">
<pin_list>
<pin id="59" dir="1" index="0" bw="1" slack="0"/>
</pin_list>
<bind>
<StgValue><ssdm name=""/></StgValue>
</bind>
</comp>

<comp id="60" class="1004" name="i_fu_60">
<pin_list>
<pin id="61" dir="0" index="0" bw="1" slack="0"/>
<pin id="62" dir="1" index="1" bw="10" slack="0"/>
</pin_list>
<bind>
<opcode="alloca(26) " fcode="alloca"/>
<opset="i/1 "/>
</bind>
</comp>

<comp id="64" class="1004" name="parent_addr_gep_fu_64">
<pin_list>
<pin id="65" dir="0" index="0" bw="16" slack="0"/>
<pin id="66" dir="0" index="1" bw="1" slack="0"/>
<pin id="67" dir="0" index="2" bw="10" slack="0"/>
<pin id="68" dir="1" index="3" bw="9" slack="0"/>
</pin_list>
<bind>
<opcode="getelementptr(29) " fcode="getelementptr"/>
<opset="parent_addr/1 "/>
</bind>
</comp>

<comp id="71" class="1004" name="store_ln108_access_fu_71">
<pin_list>
<pin id="72" dir="0" index="0" bw="9" slack="2147483647"/>
<pin id="73" dir="0" index="1" bw="16" slack="2147483647"/>
<pin id="74" dir="0" index="2" bw="0" slack="0"/>
<pin id="76" dir="0" index="4" bw="9" slack="0"/>
<pin id="77" dir="0" index="5" bw="16" slack="2147483647"/>
<pin id="78" dir="0" index="6" bw="0" slack="2147483647"/>
<pin id="75" dir="1" index="3" bw="16" slack="2147483647"/>
<pin id="79" dir="1" index="7" bw="16" slack="2147483647"/>
</pin_list>
<bind>
<opcode="store(28) " fcode="store"/>
<opset="store_ln108/1 "/>
</bind>
</comp>

<comp id="81" class="1004" name="min_x_addr_gep_fu_81">
<pin_list>
<pin id="82" dir="0" index="0" bw="9" slack="0"/>
<pin id="83" dir="0" index="1" bw="1" slack="0"/>
<pin id="84" dir="0" index="2" bw="10" slack="0"/>
<pin id="85" dir="1" index="3" bw="9" slack="0"/>
</pin_list>
<bind>
<opcode="getelementptr(29) " fcode="getelementptr"/>
<opset="min_x_addr/1 "/>
</bind>
</comp>

<comp id="88" class="1004" name="store_ln109_access_fu_88">
<pin_list>
<pin id="89" dir="0" index="0" bw="9" slack="2147483647"/>
<pin id="90" dir="0" index="1" bw="9" slack="2147483647"/>
<pin id="91" dir="0" index="2" bw="0" slack="0"/>
<pin id="93" dir="0" index="4" bw="9" slack="0"/>
<pin id="94" dir="0" index="5" bw="9" slack="2147483647"/>
<pin id="95" dir="0" index="6" bw="0" slack="2147483647"/>
<pin id="92" dir="1" index="3" bw="9" slack="2147483647"/>
<pin id="96" dir="1" index="7" bw="9" slack="2147483647"/>
</pin_list>
<bind>
<opcode="store(28) " fcode="store"/>
<opset="store_ln109/1 "/>
</bind>
</comp>

<comp id="99" class="1004" name="max_x_addr_gep_fu_99">
<pin_list>
<pin id="100" dir="0" index="0" bw="9" slack="0"/>
<pin id="101" dir="0" index="1" bw="1" slack="0"/>
<pin id="102" dir="0" index="2" bw="10" slack="0"/>
<pin id="103" dir="1" index="3" bw="9" slack="0"/>
</pin_list>
<bind>
<opcode="getelementptr(29) " fcode="getelementptr"/>
<opset="max_x_addr/1 "/>
</bind>
</comp>

<comp id="106" class="1004" name="store_ln109_access_fu_106">
<pin_list>
<pin id="107" dir="0" index="0" bw="9" slack="2147483647"/>
<pin id="108" dir="0" index="1" bw="9" slack="2147483647"/>
<pin id="109" dir="0" index="2" bw="0" slack="0"/>
<pin id="111" dir="0" index="4" bw="9" slack="0"/>
<pin id="112" dir="0" index="5" bw="9" slack="2147483647"/>
<pin id="113" dir="0" index="6" bw="0" slack="2147483647"/>
<pin id="110" dir="1" index="3" bw="9" slack="2147483647"/>
<pin id="114" dir="1" index="7" bw="9" slack="2147483647"/>
</pin_list>
<bind>
<opcode="store(28) " fcode="store"/>
<opset="store_ln109/1 "/>
</bind>
</comp>

<comp id="117" class="1004" name="min_y_addr_gep_fu_117">
<pin_list>
<pin id="118" dir="0" index="0" bw="8" slack="0"/>
<pin id="119" dir="0" index="1" bw="1" slack="0"/>
<pin id="120" dir="0" index="2" bw="10" slack="0"/>
<pin id="121" dir="1" index="3" bw="9" slack="0"/>
</pin_list>
<bind>
<opcode="getelementptr(29) " fcode="getelementptr"/>
<opset="min_y_addr/1 "/>
</bind>
</comp>

<comp id="124" class="1004" name="store_ln110_access_fu_124">
<pin_list>
<pin id="125" dir="0" index="0" bw="9" slack="2147483647"/>
<pin id="126" dir="0" index="1" bw="8" slack="2147483647"/>
<pin id="127" dir="0" index="2" bw="0" slack="0"/>
<pin id="129" dir="0" index="4" bw="9" slack="0"/>
<pin id="130" dir="0" index="5" bw="8" slack="2147483647"/>
<pin id="131" dir="0" index="6" bw="0" slack="2147483647"/>
<pin id="128" dir="1" index="3" bw="8" slack="2147483647"/>
<pin id="132" dir="1" index="7" bw="8" slack="2147483647"/>
</pin_list>
<bind>
<opcode="store(28) " fcode="store"/>
<opset="store_ln110/1 "/>
</bind>
</comp>

<comp id="135" class="1004" name="max_y_addr_gep_fu_135">
<pin_list>
<pin id="136" dir="0" index="0" bw="8" slack="0"/>
<pin id="137" dir="0" index="1" bw="1" slack="0"/>
<pin id="138" dir="0" index="2" bw="10" slack="0"/>
<pin id="139" dir="1" index="3" bw="9" slack="0"/>
</pin_list>
<bind>
<opcode="getelementptr(29) " fcode="getelementptr"/>
<opset="max_y_addr/1 "/>
</bind>
</comp>

<comp id="142" class="1004" name="store_ln110_access_fu_142">
<pin_list>
<pin id="143" dir="0" index="0" bw="9" slack="2147483647"/>
<pin id="144" dir="0" index="1" bw="8" slack="2147483647"/>
<pin id="145" dir="0" index="2" bw="0" slack="0"/>
<pin id="147" dir="0" index="4" bw="9" slack="0"/>
<pin id="148" dir="0" index="5" bw="8" slack="2147483647"/>
<pin id="149" dir="0" index="6" bw="0" slack="2147483647"/>
<pin id="146" dir="1" index="3" bw="8" slack="2147483647"/>
<pin id="150" dir="1" index="7" bw="8" slack="2147483647"/>
</pin_list>
<bind>
<opcode="store(28) " fcode="store"/>
<opset="store_ln110/1 "/>
</bind>
</comp>

<comp id="153" class="1004" name="center_is_green_addr_gep_fu_153">
<pin_list>
<pin id="154" dir="0" index="0" bw="1" slack="0"/>
<pin id="155" dir="0" index="1" bw="1" slack="0"/>
<pin id="156" dir="0" index="2" bw="10" slack="0"/>
<pin id="157" dir="1" index="3" bw="9" slack="0"/>
</pin_list>
<bind>
<opcode="getelementptr(29) " fcode="getelementptr"/>
<opset="center_is_green_addr/1 "/>
</bind>
</comp>

<comp id="160" class="1004" name="store_ln111_access_fu_160">
<pin_list>
<pin id="161" dir="0" index="0" bw="9" slack="0"/>
<pin id="162" dir="0" index="1" bw="1" slack="0"/>
<pin id="163" dir="0" index="2" bw="0" slack="2147483647"/>
<pin id="164" dir="1" index="3" bw="1" slack="2147483647"/>
</pin_list>
<bind>
<opcode="store(28) " fcode="store"/>
<opset="store_ln111/1 "/>
</bind>
</comp>

<comp id="167" class="1004" name="pixel_count_addr_gep_fu_167">
<pin_list>
<pin id="168" dir="0" index="0" bw="16" slack="0"/>
<pin id="169" dir="0" index="1" bw="1" slack="0"/>
<pin id="170" dir="0" index="2" bw="10" slack="0"/>
<pin id="171" dir="1" index="3" bw="9" slack="0"/>
</pin_list>
<bind>
<opcode="getelementptr(29) " fcode="getelementptr"/>
<opset="pixel_count_addr/1 "/>
</bind>
</comp>

<comp id="174" class="1004" name="store_ln112_access_fu_174">
<pin_list>
<pin id="175" dir="0" index="0" bw="9" slack="2147483647"/>
<pin id="176" dir="0" index="1" bw="16" slack="2147483647"/>
<pin id="177" dir="0" index="2" bw="0" slack="0"/>
<pin id="179" dir="0" index="4" bw="9" slack="0"/>
<pin id="180" dir="0" index="5" bw="16" slack="2147483647"/>
<pin id="181" dir="0" index="6" bw="0" slack="2147483647"/>
<pin id="178" dir="1" index="3" bw="16" slack="2147483647"/>
<pin id="182" dir="1" index="7" bw="16" slack="2147483647"/>
</pin_list>
<bind>
<opcode="store(28) " fcode="store"/>
<opset="store_ln112/1 "/>
</bind>
</comp>

<comp id="185" class="1004" name="store_ln0_store_fu_185">
<pin_list>
<pin id="186" dir="0" index="0" bw="1" slack="0"/>
<pin id="187" dir="0" index="1" bw="10" slack="0"/>
<pin id="188" dir="1" index="2" bw="0" slack="2147483647"/>
</pin_list>
<bind>
<opcode="store(28) " fcode="store"/>
<opset="store_ln0/1 "/>
</bind>
</comp>

<comp id="190" class="1004" name="i_4_load_fu_190">
<pin_list>
<pin id="191" dir="0" index="0" bw="10" slack="0"/>
<pin id="192" dir="1" index="1" bw="10" slack="0"/>
</pin_list>
<bind>
<opcode="load(27) " fcode="load"/>
<opset="i_4/1 "/>
</bind>
</comp>

<comp id="193" class="1004" name="icmp_ln105_fu_193">
<pin_list>
<pin id="194" dir="0" index="0" bw="10" slack="0"/>
<pin id="195" dir="0" index="1" bw="10" slack="0"/>
<pin id="196" dir="1" index="2" bw="1" slack="2147483647"/>
</pin_list>
<bind>
<opcode="icmp(45) " fcode="icmp"/>
<opset="icmp_ln105/1 "/>
</bind>
</comp>

<comp id="199" class="1004" name="i_5_fu_199">
<pin_list>
<pin id="200" dir="0" index="0" bw="10" slack="0"/>
<pin id="201" dir="0" index="1" bw="1" slack="0"/>
<pin id="202" dir="1" index="2" bw="10" slack="0"/>
</pin_list>
<bind>
<opcode="add(8) " fcode="add"/>
<opset="i_5/1 "/>
</bind>
</comp>

<comp id="205" class="1004" name="zext_ln105_fu_205">
<pin_list>
<pin id="206" dir="0" index="0" bw="10" slack="0"/>
<pin id="207" dir="1" index="1" bw="64" slack="0"/>
</pin_list>
<bind>
<opcode="zext(34) " fcode="zext"/>
<opset="zext_ln105/1 "/>
</bind>
</comp>

<comp id="216" class="1004" name="trunc_ln108_fu_216">
<pin_list>
<pin id="217" dir="0" index="0" bw="10" slack="0"/>
<pin id="218" dir="1" index="1" bw="9" slack="0"/>
</pin_list>
<bind>
<opcode="trunc(33) " fcode="trunc"/>
<opset="trunc_ln108/1 "/>
</bind>
</comp>

<comp id="220" class="1004" name="zext_ln108_fu_220">
<pin_list>
<pin id="221" dir="0" index="0" bw="9" slack="0"/>
<pin id="222" dir="1" index="1" bw="16" slack="0"/>
</pin_list>
<bind>
<opcode="zext(34) " fcode="zext"/>
<opset="zext_ln108/1 "/>
</bind>
</comp>

<comp id="225" class="1004" name="store_ln105_store_fu_225">
<pin_list>
<pin id="226" dir="0" index="0" bw="10" slack="0"/>
<pin id="227" dir="0" index="1" bw="10" slack="0"/>
<pin id="228" dir="1" index="2" bw="0" slack="2147483647"/>
</pin_list>
<bind>
<opcode="store(28) " fcode="store"/>
<opset="store_ln105/1 "/>
</bind>
</comp>

<comp id="230" class="1005" name="i_reg_230">
<pin_list>
<pin id="231" dir="0" index="0" bw="10" slack="0"/>
<pin id="232" dir="1" index="1" bw="10" slack="0"/>
</pin_list>
<bind>
<opset="i "/>
</bind>
</comp>

</comp_list>

<net_list>
<net id="63"><net_src comp="14" pin="0"/><net_sink comp="60" pin=0"/></net>

<net id="69"><net_src comp="0" pin="0"/><net_sink comp="64" pin=0"/></net>

<net id="70"><net_src comp="46" pin="0"/><net_sink comp="64" pin=1"/></net>

<net id="80"><net_src comp="64" pin="3"/><net_sink comp="71" pin=2"/></net>

<net id="86"><net_src comp="2" pin="0"/><net_sink comp="81" pin=0"/></net>

<net id="87"><net_src comp="46" pin="0"/><net_sink comp="81" pin=1"/></net>

<net id="97"><net_src comp="48" pin="0"/><net_sink comp="88" pin=4"/></net>

<net id="98"><net_src comp="81" pin="3"/><net_sink comp="88" pin=2"/></net>

<net id="104"><net_src comp="4" pin="0"/><net_sink comp="99" pin=0"/></net>

<net id="105"><net_src comp="46" pin="0"/><net_sink comp="99" pin=1"/></net>

<net id="115"><net_src comp="50" pin="0"/><net_sink comp="106" pin=4"/></net>

<net id="116"><net_src comp="99" pin="3"/><net_sink comp="106" pin=2"/></net>

<net id="122"><net_src comp="6" pin="0"/><net_sink comp="117" pin=0"/></net>

<net id="123"><net_src comp="46" pin="0"/><net_sink comp="117" pin=1"/></net>

<net id="133"><net_src comp="52" pin="0"/><net_sink comp="124" pin=4"/></net>

<net id="134"><net_src comp="117" pin="3"/><net_sink comp="124" pin=2"/></net>

<net id="140"><net_src comp="8" pin="0"/><net_sink comp="135" pin=0"/></net>

<net id="141"><net_src comp="46" pin="0"/><net_sink comp="135" pin=1"/></net>

<net id="151"><net_src comp="54" pin="0"/><net_sink comp="142" pin=4"/></net>

<net id="152"><net_src comp="135" pin="3"/><net_sink comp="142" pin=2"/></net>

<net id="158"><net_src comp="10" pin="0"/><net_sink comp="153" pin=0"/></net>

<net id="159"><net_src comp="46" pin="0"/><net_sink comp="153" pin=1"/></net>

<net id="165"><net_src comp="56" pin="0"/><net_sink comp="160" pin=1"/></net>

<net id="166"><net_src comp="153" pin="3"/><net_sink comp="160" pin=0"/></net>

<net id="172"><net_src comp="12" pin="0"/><net_sink comp="167" pin=0"/></net>

<net id="173"><net_src comp="46" pin="0"/><net_sink comp="167" pin=1"/></net>

<net id="183"><net_src comp="58" pin="0"/><net_sink comp="174" pin=4"/></net>

<net id="184"><net_src comp="167" pin="3"/><net_sink comp="174" pin=2"/></net>

<net id="189"><net_src comp="26" pin="0"/><net_sink comp="185" pin=0"/></net>

<net id="197"><net_src comp="190" pin="1"/><net_sink comp="193" pin=0"/></net>

<net id="198"><net_src comp="28" pin="0"/><net_sink comp="193" pin=1"/></net>

<net id="203"><net_src comp="190" pin="1"/><net_sink comp="199" pin=0"/></net>

<net id="204"><net_src comp="30" pin="0"/><net_sink comp="199" pin=1"/></net>

<net id="208"><net_src comp="190" pin="1"/><net_sink comp="205" pin=0"/></net>

<net id="209"><net_src comp="205" pin="1"/><net_sink comp="64" pin=2"/></net>

<net id="210"><net_src comp="205" pin="1"/><net_sink comp="81" pin=2"/></net>

<net id="211"><net_src comp="205" pin="1"/><net_sink comp="99" pin=2"/></net>

<net id="212"><net_src comp="205" pin="1"/><net_sink comp="117" pin=2"/></net>

<net id="213"><net_src comp="205" pin="1"/><net_sink comp="135" pin=2"/></net>

<net id="214"><net_src comp="205" pin="1"/><net_sink comp="153" pin=2"/></net>

<net id="215"><net_src comp="205" pin="1"/><net_sink comp="167" pin=2"/></net>

<net id="219"><net_src comp="190" pin="1"/><net_sink comp="216" pin=0"/></net>

<net id="223"><net_src comp="216" pin="1"/><net_sink comp="220" pin=0"/></net>

<net id="224"><net_src comp="220" pin="1"/><net_sink comp="71" pin=4"/></net>

<net id="229"><net_src comp="199" pin="2"/><net_sink comp="225" pin=0"/></net>

<net id="233"><net_src comp="60" pin="1"/><net_sink comp="230" pin=0"/></net>

<net id="234"><net_src comp="230" pin="1"/><net_sink comp="185" pin=1"/></net>

<net id="235"><net_src comp="230" pin="1"/><net_sink comp="190" pin=0"/></net>

<net id="236"><net_src comp="230" pin="1"/><net_sink comp="225" pin=1"/></net>

</net_list>

</model> 
---------------- Datapath Model END ------------------

* FSMD analyzer results:
  - Output states:
	Port: parent | {1 }
	Port: min_x | {1 }
	Port: max_x | {1 }
	Port: min_y | {1 }
	Port: max_y | {1 }
	Port: center_is_green | {1 }
	Port: pixel_count | {1 }
 - Input state : 
	Port: hls_object_green_classification_Pipeline_InitLoop : parent | {}
	Port: hls_object_green_classification_Pipeline_InitLoop : min_x | {}
	Port: hls_object_green_classification_Pipeline_InitLoop : max_x | {}
	Port: hls_object_green_classification_Pipeline_InitLoop : min_y | {}
	Port: hls_object_green_classification_Pipeline_InitLoop : max_y | {}
	Port: hls_object_green_classification_Pipeline_InitLoop : center_is_green | {}
	Port: hls_object_green_classification_Pipeline_InitLoop : pixel_count | {}
  - Chain level:
	State 1
		store_ln0 : 1
		i_4 : 1
		icmp_ln105 : 2
		i_5 : 2
		br_ln105 : 3
		zext_ln105 : 2
		trunc_ln108 : 2
		zext_ln108 : 3
		parent_addr : 3
		store_ln108 : 4
		min_x_addr : 3
		store_ln109 : 4
		max_x_addr : 3
		store_ln109 : 4
		min_y_addr : 3
		store_ln110 : 4
		max_y_addr : 3
		store_ln110 : 4
		center_is_green_addr : 3
		store_ln111 : 4
		pixel_count_addr : 3
		store_ln112 : 4
		store_ln105 : 3


============================================================
+ Verbose Summary: Datapath Resource usage 
============================================================

* Functional unit list:
|----------|--------------------|---------|---------|
| Operation|   Functional Unit  |    FF   |   LUT   |
|----------|--------------------|---------|---------|
|   icmp   |  icmp_ln105_fu_193 |    0    |    13   |
|----------|--------------------|---------|---------|
|    add   |     i_5_fu_199     |    0    |    13   |
|----------|--------------------|---------|---------|
|   zext   |  zext_ln105_fu_205 |    0    |    0    |
|          |  zext_ln108_fu_220 |    0    |    0    |
|----------|--------------------|---------|---------|
|   trunc  | trunc_ln108_fu_216 |    0    |    0    |
|----------|--------------------|---------|---------|
|   Total  |                    |    0    |    26   |
|----------|--------------------|---------|---------|

Memories:
N/A

* Register list:
+---------+--------+
|         |   FF   |
+---------+--------+
|i_reg_230|   10   |
+---------+--------+
|  Total  |   10   |
+---------+--------+

* Multiplexer (MUX) list: 
|--------|------|------|------|--------|
|  Comp  |  Pin | Size |  BW  | S x BW |
|--------|------|------|------|--------|
|  Total |      |      |      |    0   |
|--------|------|------|------|--------|



* Summary:
+-----------+--------+--------+
|           |   FF   |   LUT  |
+-----------+--------+--------+
|  Function |    0   |   26   |
|   Memory  |    -   |    -   |
|Multiplexer|    -   |    -   |
|  Register |   10   |    -   |
+-----------+--------+--------+
|   Total   |   10   |   26   |
+-----------+--------+--------+
