

================================================================
== Vitis HLS Report for 'hls_object_green_classification_Pipeline_VITIS_LOOP_276_5'
================================================================
* Date:           Mon Dec 15 18:24:28 2025

* Version:        2023.1 (Build 3854077 on May  4 2023)
* Project:        Obj_Detect_ver6
* Solution:       solution1 (Vivado IP Flow Target)
* Product family: zynq
* Target device:  xc7z020-clg484-1


================================================================
== Performance Estimates
================================================================
+ Timing: 
    * Summary: 
    +--------+----------+----------+------------+
    |  Clock |  Target  | Estimated| Uncertainty|
    +--------+----------+----------+------------+
    |ap_clk  |  10.00 ns|  4.644 ns|     2.70 ns|
    +--------+----------+----------+------------+

+ Latency: 
    * Summary: 
    +---------+---------+-----------+----------+-----+-------+---------+
    |  Latency (cycles) |  Latency (absolute)  |   Interval  | Pipeline|
    |   min   |   max   |    min    |    max   | min |  max  |   Type  |
    +---------+---------+-----------+----------+-----+-------+---------+
    |        2|    65537|  20.000 ns|  0.655 ms|    2|  65537|       no|
    +---------+---------+-----------+----------+-----+-------+---------+

    + Detail: 
        * Instance: 
        N/A

        * Loop: 
        +--------------------+---------+---------+----------+-----------+-----------+-----------+----------+
        |                    |  Latency (cycles) | Iteration|  Initiation Interval  |    Trip   |          |
        |      Loop Name     |   min   |   max   |  Latency |  achieved |   target  |   Count   | Pipelined|
        +--------------------+---------+---------+----------+-----------+-----------+-----------+----------+
        |- VITIS_LOOP_276_5  |        0|    65535|         2|          1|          1|  0 ~ 65535|       yes|
        +--------------------+---------+---------+----------+-----------+-----------+-----------+----------+

============================================================
+ Verbose Summary: Synthesis Manager
============================================================
InlineROM: 1
ExposeGlobal: 0
============================================================
+ Verbose Summary: CDFG Model
============================================================
IsTopModel: 0
ResetActiveHigh: 1
IsCombinational: 0
IsDatapathOnly: 0
HasWiredReturn: 1
HasMFsm: 2
HasVarLatency: 1
IsPipeline: 0
IsRtlPipelined: 0
IsInstanceOverlapped: 0
IsDontTouch: 0
HasImplIP: 0
IsGatedGlobalClock: 0

+ Individual pipeline summary: 
  * Pipeline-0: initiation interval (II) = 1, depth = 2


============================================================
+ Verbose Summary: Schedule
============================================================
* Number of FSM states : 2
* Pipeline : 1
  Pipeline-0 : II = 1, D = 2, States = { 1 2 }
* Dataflow Pipeline: 0

* FSM state transitions: 
1 --> 2 
2 --> 

* FSM state operations: 

State 1 <SV = 0> <Delay = 3.66>
ST_1 : Operation 5 [1/1] (0.00ns)   --->   "%k = alloca i32 1"   --->   Operation 5 'alloca' 'k' <Predicate = true> <Delay = 0.00>
ST_1 : Operation 6 [1/1] (0.00ns)   --->   "%specmemcore_ln0 = specmemcore void @_ssdm_op_SpecMemCore, i1 %obj_is_green, i64 666, i64 207, i64 1"   --->   Operation 6 'specmemcore' 'specmemcore_ln0' <Predicate = true> <Delay = 0.00>
ST_1 : Operation 7 [1/1] (0.00ns)   --->   "%specmemcore_ln0 = specmemcore void @_ssdm_op_SpecMemCore, i16 %obj_y, i64 666, i64 207, i64 1"   --->   Operation 7 'specmemcore' 'specmemcore_ln0' <Predicate = true> <Delay = 0.00>
ST_1 : Operation 8 [1/1] (0.00ns)   --->   "%specmemcore_ln0 = specmemcore void @_ssdm_op_SpecMemCore, i16 %obj_x, i64 666, i64 207, i64 1"   --->   Operation 8 'specmemcore' 'specmemcore_ln0' <Predicate = true> <Delay = 0.00>
ST_1 : Operation 9 [1/1] (0.00ns)   --->   "%specinterface_ln0 = specinterface void @_ssdm_op_SpecInterface, i1 %obj_is_green, void @empty, i32 0, i32 0, void @empty_0, i32 1, i32 0, void @empty_0, void @empty_0, void @empty_0, i32 0, i32 0, i32 0, i32 0, void @empty_0, void @empty_0, i32 4294967295, i32 0"   --->   Operation 9 'specinterface' 'specinterface_ln0' <Predicate = true> <Delay = 0.00>
ST_1 : Operation 10 [1/1] (0.00ns)   --->   "%specinterface_ln0 = specinterface void @_ssdm_op_SpecInterface, i16 %obj_y, void @empty, i32 0, i32 0, void @empty_0, i32 1, i32 0, void @empty_0, void @empty_0, void @empty_0, i32 0, i32 0, i32 0, i32 0, void @empty_0, void @empty_0, i32 4294967295, i32 0"   --->   Operation 10 'specinterface' 'specinterface_ln0' <Predicate = true> <Delay = 0.00>
ST_1 : Operation 11 [1/1] (0.00ns)   --->   "%specinterface_ln0 = specinterface void @_ssdm_op_SpecInterface, i16 %obj_x, void @empty, i32 0, i32 0, void @empty_0, i32 1, i32 0, void @empty_0, void @empty_0, void @empty_0, i32 0, i32 0, i32 0, i32 0, void @empty_0, void @empty_0, i32 4294967295, i32 0"   --->   Operation 11 'specinterface' 'specinterface_ln0' <Predicate = true> <Delay = 0.00>
ST_1 : Operation 12 [1/1] (0.00ns)   --->   "%count_reload_read = read i16 @_ssdm_op_Read.ap_auto.i16, i16 %count_reload"   --->   Operation 12 'read' 'count_reload_read' <Predicate = true> <Delay = 0.00>
ST_1 : Operation 13 [1/1] (1.58ns)   --->   "%store_ln0 = store i6 0, i6 %k"   --->   Operation 13 'store' 'store_ln0' <Predicate = true> <Delay = 1.58>
ST_1 : Operation 14 [1/1] (0.00ns)   --->   "%br_ln0 = br void %for.inc678"   --->   Operation 14 'br' 'br_ln0' <Predicate = true> <Delay = 0.00>
ST_1 : Operation 15 [1/1] (0.00ns)   --->   "%k_2 = load i6 %k" [obj_detect.cpp:276]   --->   Operation 15 'load' 'k_2' <Predicate = true> <Delay = 0.00>
ST_1 : Operation 16 [1/1] (0.00ns)   --->   "%zext_ln276_1 = zext i6 %k_2" [obj_detect.cpp:276]   --->   Operation 16 'zext' 'zext_ln276_1' <Predicate = true> <Delay = 0.00>
ST_1 : Operation 17 [1/1] (2.07ns)   --->   "%icmp_ln276 = icmp_eq  i16 %zext_ln276_1, i16 %count_reload_read" [obj_detect.cpp:276]   --->   Operation 17 'icmp' 'icmp_ln276' <Predicate = true> <Delay = 2.07> <CoreInst = "Cmp">   --->   Core 9 'Cmp' <Latency = 0> <II = 1> <Delay = 2.07> <FuncUnit> <Opcode : 'icmp'> <InPorts = 2> <OutPorts = 1>
ST_1 : Operation 18 [1/1] (1.82ns)   --->   "%add_ln276 = add i6 %k_2, i6 1" [obj_detect.cpp:276]   --->   Operation 18 'add' 'add_ln276' <Predicate = true> <Delay = 1.82> <CoreInst = "Adder">   --->   Core 1 'Adder' <Latency = 0> <II = 1> <Delay = 1.82> <FuncUnit> <Opcode : 'add' 'sub'> <InPorts = 2> <OutPorts = 1>
ST_1 : Operation 19 [1/1] (0.00ns)   --->   "%br_ln276 = br i1 %icmp_ln276, void %for.inc678.split, void %for.body690.preheader.exitStub" [obj_detect.cpp:276]   --->   Operation 19 'br' 'br_ln276' <Predicate = true> <Delay = 0.00>
ST_1 : Operation 20 [1/1] (0.00ns)   --->   "%zext_ln276 = zext i6 %k_2" [obj_detect.cpp:276]   --->   Operation 20 'zext' 'zext_ln276' <Predicate = (!icmp_ln276)> <Delay = 0.00>
ST_1 : Operation 21 [1/1] (0.00ns)   --->   "%obj_x_addr = getelementptr i16 %obj_x, i64 0, i64 %zext_ln276" [obj_detect.cpp:278]   --->   Operation 21 'getelementptr' 'obj_x_addr' <Predicate = (!icmp_ln276)> <Delay = 0.00>
ST_1 : Operation 22 [2/2] (2.32ns)   --->   "%obj_x_load = load i5 %obj_x_addr" [obj_detect.cpp:278]   --->   Operation 22 'load' 'obj_x_load' <Predicate = (!icmp_ln276)> <Delay = 2.32> <CoreInst = "RAM_1P">   --->   Core 86 'RAM_1P' <Latency = 1> <II = 1> <Delay = 2.32> <Storage> <Opcode : 'load' 'store'> <Ports = 1> <Width = 16> <Depth = 32> <RAM>
ST_1 : Operation 23 [1/1] (0.00ns)   --->   "%obj_y_addr = getelementptr i16 %obj_y, i64 0, i64 %zext_ln276" [obj_detect.cpp:279]   --->   Operation 23 'getelementptr' 'obj_y_addr' <Predicate = (!icmp_ln276)> <Delay = 0.00>
ST_1 : Operation 24 [2/2] (2.32ns)   --->   "%obj_y_load = load i5 %obj_y_addr" [obj_detect.cpp:279]   --->   Operation 24 'load' 'obj_y_load' <Predicate = (!icmp_ln276)> <Delay = 2.32> <CoreInst = "RAM_1P">   --->   Core 86 'RAM_1P' <Latency = 1> <II = 1> <Delay = 2.32> <Storage> <Opcode : 'load' 'store'> <Ports = 1> <Width = 16> <Depth = 32> <RAM>
ST_1 : Operation 25 [1/1] (0.00ns)   --->   "%obj_is_green_addr = getelementptr i1 %obj_is_green, i64 0, i64 %zext_ln276" [obj_detect.cpp:280]   --->   Operation 25 'getelementptr' 'obj_is_green_addr' <Predicate = (!icmp_ln276)> <Delay = 0.00>
ST_1 : Operation 26 [2/2] (2.32ns)   --->   "%obj_is_green_load = load i5 %obj_is_green_addr" [obj_detect.cpp:280]   --->   Operation 26 'load' 'obj_is_green_load' <Predicate = (!icmp_ln276)> <Delay = 2.32> <CoreInst = "RAM_1P">   --->   Core 86 'RAM_1P' <Latency = 1> <II = 1> <Delay = 2.32> <Storage> <Opcode : 'load' 'store'> <Ports = 1> <Width = 1> <Depth = 32> <RAM>
ST_1 : Operation 27 [1/1] (1.58ns)   --->   "%store_ln276 = store i6 %add_ln276, i6 %k" [obj_detect.cpp:276]   --->   Operation 27 'store' 'store_ln276' <Predicate = (!icmp_ln276)> <Delay = 1.58>
ST_1 : Operation 41 [1/1] (0.00ns)   --->   "%ret_ln0 = ret"   --->   Operation 41 'ret' 'ret_ln0' <Predicate = (icmp_ln276)> <Delay = 0.00>

State 2 <SV = 1> <Delay = 4.64>
ST_2 : Operation 28 [1/1] (0.00ns)   --->   "%specpipeline_ln277 = specpipeline void @_ssdm_op_SpecPipeline, i32 1, i32 0, i32 0, i32 0, void @empty_0" [obj_detect.cpp:277]   --->   Operation 28 'specpipeline' 'specpipeline_ln277' <Predicate = true> <Delay = 0.00>
ST_2 : Operation 29 [1/1] (0.00ns)   --->   "%speclooptripcount_ln276 = speclooptripcount void @_ssdm_op_SpecLoopTripCount, i64 0, i64 65535, i64 32767" [obj_detect.cpp:276]   --->   Operation 29 'speclooptripcount' 'speclooptripcount_ln276' <Predicate = true> <Delay = 0.00>
ST_2 : Operation 30 [1/1] (0.00ns)   --->   "%specloopname_ln276 = specloopname void @_ssdm_op_SpecLoopName, void @empty_16" [obj_detect.cpp:276]   --->   Operation 30 'specloopname' 'specloopname_ln276' <Predicate = true> <Delay = 0.00>
ST_2 : Operation 31 [1/2] (2.32ns)   --->   "%obj_x_load = load i5 %obj_x_addr" [obj_detect.cpp:278]   --->   Operation 31 'load' 'obj_x_load' <Predicate = true> <Delay = 2.32> <CoreInst = "RAM_1P">   --->   Core 86 'RAM_1P' <Latency = 1> <II = 1> <Delay = 2.32> <Storage> <Opcode : 'load' 'store'> <Ports = 1> <Width = 16> <Depth = 32> <RAM>
ST_2 : Operation 32 [1/1] (0.00ns)   --->   "%obj_x_buf_addr = getelementptr i16 %obj_x_buf, i64 0, i64 %zext_ln276" [obj_detect.cpp:278]   --->   Operation 32 'getelementptr' 'obj_x_buf_addr' <Predicate = true> <Delay = 0.00>
ST_2 : Operation 33 [1/1] (2.32ns)   --->   "%store_ln278 = store i16 %obj_x_load, i5 %obj_x_buf_addr" [obj_detect.cpp:278]   --->   Operation 33 'store' 'store_ln278' <Predicate = true> <Delay = 2.32> <CoreInst = "RAM">   --->   Core 82 'RAM' <Latency = 1> <II = 1> <Delay = 2.32> <Storage> <Opcode : 'load' 'store'> <Ports = 2> <Width = 16> <Depth = 32> <RAM>
ST_2 : Operation 34 [1/2] (2.32ns)   --->   "%obj_y_load = load i5 %obj_y_addr" [obj_detect.cpp:279]   --->   Operation 34 'load' 'obj_y_load' <Predicate = true> <Delay = 2.32> <CoreInst = "RAM_1P">   --->   Core 86 'RAM_1P' <Latency = 1> <II = 1> <Delay = 2.32> <Storage> <Opcode : 'load' 'store'> <Ports = 1> <Width = 16> <Depth = 32> <RAM>
ST_2 : Operation 35 [1/1] (0.00ns)   --->   "%obj_y_buf_addr = getelementptr i16 %obj_y_buf, i64 0, i64 %zext_ln276" [obj_detect.cpp:279]   --->   Operation 35 'getelementptr' 'obj_y_buf_addr' <Predicate = true> <Delay = 0.00>
ST_2 : Operation 36 [1/1] (2.32ns)   --->   "%store_ln279 = store i16 %obj_y_load, i5 %obj_y_buf_addr" [obj_detect.cpp:279]   --->   Operation 36 'store' 'store_ln279' <Predicate = true> <Delay = 2.32> <CoreInst = "RAM">   --->   Core 82 'RAM' <Latency = 1> <II = 1> <Delay = 2.32> <Storage> <Opcode : 'load' 'store'> <Ports = 2> <Width = 16> <Depth = 32> <RAM>
ST_2 : Operation 37 [1/1] (0.00ns)   --->   "%obj_is_green_buf_addr = getelementptr i1 %obj_is_green_buf, i64 0, i64 %zext_ln276" [obj_detect.cpp:280]   --->   Operation 37 'getelementptr' 'obj_is_green_buf_addr' <Predicate = true> <Delay = 0.00>
ST_2 : Operation 38 [1/2] (2.32ns)   --->   "%obj_is_green_load = load i5 %obj_is_green_addr" [obj_detect.cpp:280]   --->   Operation 38 'load' 'obj_is_green_load' <Predicate = true> <Delay = 2.32> <CoreInst = "RAM_1P">   --->   Core 86 'RAM_1P' <Latency = 1> <II = 1> <Delay = 2.32> <Storage> <Opcode : 'load' 'store'> <Ports = 1> <Width = 1> <Depth = 32> <RAM>
ST_2 : Operation 39 [1/1] (2.32ns)   --->   "%store_ln280 = store i1 %obj_is_green_load, i5 %obj_is_green_buf_addr" [obj_detect.cpp:280]   --->   Operation 39 'store' 'store_ln280' <Predicate = true> <Delay = 2.32> <CoreInst = "RAM">   --->   Core 82 'RAM' <Latency = 1> <II = 1> <Delay = 2.32> <Storage> <Opcode : 'load' 'store'> <Ports = 2> <Width = 1> <Depth = 32> <RAM>
ST_2 : Operation 40 [1/1] (0.00ns)   --->   "%br_ln276 = br void %for.inc678" [obj_detect.cpp:276]   --->   Operation 40 'br' 'br_ln276' <Predicate = true> <Delay = 0.00>


============================================================
+ Verbose Summary: Binding
============================================================
STG Binding: 
---------------- STG Properties BEGIN ----------------
- Is combinational: 0
- Is one-state seq: 0
- Is datapath-only: 0
- Is pipelined: 0
- Is top level: 0
Port [ Return ] is wired: 1; IO mode=ap_ctrl_hs:ce=0
Port [ count_reload]:  wired=1; compound=0; hidden=0; nouse=0; global=0; static=0; extern=0; dir=0; type=0; pingpong=0; private_global=0; IO mode=ap_none:ce=0
Port [ obj_x]:  wired=1; compound=1; hidden=0; nouse=0; global=0; static=0; extern=0; dir=0; type=1; pingpong=0; private_global=0; MemPort=[1]; IO mode=ap_memory:ce=0
Port [ obj_y]:  wired=1; compound=1; hidden=0; nouse=0; global=0; static=0; extern=0; dir=0; type=1; pingpong=0; private_global=0; MemPort=[1]; IO mode=ap_memory:ce=0
Port [ obj_is_green]:  wired=1; compound=1; hidden=0; nouse=0; global=0; static=0; extern=0; dir=0; type=1; pingpong=0; private_global=0; MemPort=[1]; IO mode=ap_memory:ce=0
Port [ obj_x_buf]:  wired=1; compound=1; hidden=0; nouse=0; global=1; static=1; extern=0; dir=1; type=1; pingpong=0; private_global=0; MemPort=[03]; IO mode=ap_memory:ce=0
Port [ obj_y_buf]:  wired=1; compound=1; hidden=0; nouse=0; global=1; static=1; extern=0; dir=1; type=1; pingpong=0; private_global=0; MemPort=[03]; IO mode=ap_memory:ce=0
Port [ obj_is_green_buf]:  wired=1; compound=1; hidden=0; nouse=0; global=1; static=1; extern=0; dir=1; type=1; pingpong=0; private_global=0; MemPort=[03]; IO mode=ap_memory:ce=0
---------------- STG Properties END ------------------

---------------- Datapath Model BEGIN ----------------

<LifeTime>
<method=bitvector/>
k                       (alloca           ) [ 010]
specmemcore_ln0         (specmemcore      ) [ 000]
specmemcore_ln0         (specmemcore      ) [ 000]
specmemcore_ln0         (specmemcore      ) [ 000]
specinterface_ln0       (specinterface    ) [ 000]
specinterface_ln0       (specinterface    ) [ 000]
specinterface_ln0       (specinterface    ) [ 000]
count_reload_read       (read             ) [ 000]
store_ln0               (store            ) [ 000]
br_ln0                  (br               ) [ 000]
k_2                     (load             ) [ 000]
zext_ln276_1            (zext             ) [ 000]
icmp_ln276              (icmp             ) [ 010]
add_ln276               (add              ) [ 000]
br_ln276                (br               ) [ 000]
zext_ln276              (zext             ) [ 011]
obj_x_addr              (getelementptr    ) [ 011]
obj_y_addr              (getelementptr    ) [ 011]
obj_is_green_addr       (getelementptr    ) [ 011]
store_ln276             (store            ) [ 000]
specpipeline_ln277      (specpipeline     ) [ 000]
speclooptripcount_ln276 (speclooptripcount) [ 000]
specloopname_ln276      (specloopname     ) [ 000]
obj_x_load              (load             ) [ 000]
obj_x_buf_addr          (getelementptr    ) [ 000]
store_ln278             (store            ) [ 000]
obj_y_load              (load             ) [ 000]
obj_y_buf_addr          (getelementptr    ) [ 000]
store_ln279             (store            ) [ 000]
obj_is_green_buf_addr   (getelementptr    ) [ 000]
obj_is_green_load       (load             ) [ 000]
store_ln280             (store            ) [ 000]
br_ln276                (br               ) [ 000]
ret_ln0                 (ret              ) [ 000]
</LifeTime>

<model>

<comp_list>
<comp id="0" class="1000" name="count_reload">
<pin_list>
<pin id="1" dir="1" index="0" bw="1" slack="0"/>
</pin_list>
<bind>
<StgValue><ssdm name="count_reload"/></StgValue>
</bind>
</comp>

<comp id="2" class="1000" name="obj_x">
<pin_list>
<pin id="3" dir="1" index="0" bw="1" slack="0"/>
</pin_list>
<bind>
<StgValue><ssdm name="obj_x"/><MemPortTyVec>1 </MemPortTyVec>
</StgValue>
</bind>
</comp>

<comp id="4" class="1000" name="obj_y">
<pin_list>
<pin id="5" dir="1" index="0" bw="1" slack="0"/>
</pin_list>
<bind>
<StgValue><ssdm name="obj_y"/><MemPortTyVec>1 </MemPortTyVec>
</StgValue>
</bind>
</comp>

<comp id="6" class="1000" name="obj_is_green">
<pin_list>
<pin id="7" dir="1" index="0" bw="1" slack="0"/>
</pin_list>
<bind>
<StgValue><ssdm name="obj_is_green"/><MemPortTyVec>1 </MemPortTyVec>
</StgValue>
</bind>
</comp>

<comp id="8" class="1000" name="obj_x_buf">
<pin_list>
<pin id="9" dir="1" index="0" bw="1" slack="0"/>
</pin_list>
<bind>
<StgValue><ssdm name="obj_x_buf"/><MemPortTyVec>0 3 </MemPortTyVec>
</StgValue>
</bind>
</comp>

<comp id="10" class="1000" name="obj_y_buf">
<pin_list>
<pin id="11" dir="1" index="0" bw="1" slack="0"/>
</pin_list>
<bind>
<StgValue><ssdm name="obj_y_buf"/><MemPortTyVec>0 3 </MemPortTyVec>
</StgValue>
</bind>
</comp>

<comp id="12" class="1000" name="obj_is_green_buf">
<pin_list>
<pin id="13" dir="1" index="0" bw="1" slack="0"/>
</pin_list>
<bind>
<StgValue><ssdm name="obj_is_green_buf"/><MemPortTyVec>0 3 </MemPortTyVec>
</StgValue>
</bind>
</comp>

<comp id="14" class="1001" name="const_14">
<pin_list>
<pin id="15" dir="1" index="0" bw="1" slack="0"/>
</pin_list>
<bind>
<StgValue><ssdm name=""/></StgValue>
</bind>
</comp>

<comp id="16" class="1001" name="const_16">
<pin_list>
<pin id="17" dir="1" index="0" bw="1" slack="2147483647"/>
</pin_list>
<bind>
<StgValue><ssdm name="_ssdm_op_SpecMemCore"/></StgValue>
</bind>
</comp>

<comp id="18" class="1001" name="const_18">
<pin_list>
<pin id="19" dir="1" index="0" bw="1" slack="2147483647"/>
</pin_list>
<bind>
<StgValue><ssdm name=""/></StgValue>
</bind>
</comp>

<comp id="20" class="1001" name="const_20">
<pin_list>
<pin id="21" dir="1" index="0" bw="1" slack="2147483647"/>
</pin_list>
<bind>
<StgValue><ssdm name=""/></StgValue>
</bind>
</comp>

<comp id="22" class="1001" name="const_22">
<pin_list>
<pin id="23" dir="1" index="0" bw="1" slack="2147483647"/>
</pin_list>
<bind>
<StgValue><ssdm name=""/></StgValue>
</bind>
</comp>

<comp id="24" class="1001" name="const_24">
<pin_list>
<pin id="25" dir="1" index="0" bw="1" slack="2147483647"/>
</pin_list>
<bind>
<StgValue><ssdm name="_ssdm_op_SpecInterface"/></StgValue>
</bind>
</comp>

<comp id="26" class="1001" name="const_26">
<pin_list>
<pin id="27" dir="1" index="0" bw="1" slack="2147483647"/>
</pin_list>
<bind>
<StgValue><ssdm name="empty"/></StgValue>
</bind>
</comp>

<comp id="28" class="1001" name="const_28">
<pin_list>
<pin id="29" dir="1" index="0" bw="1" slack="2147483647"/>
</pin_list>
<bind>
<StgValue><ssdm name=""/></StgValue>
</bind>
</comp>

<comp id="30" class="1001" name="const_30">
<pin_list>
<pin id="31" dir="1" index="0" bw="1" slack="2147483647"/>
</pin_list>
<bind>
<StgValue><ssdm name="empty_0"/></StgValue>
</bind>
</comp>

<comp id="32" class="1001" name="const_32">
<pin_list>
<pin id="33" dir="1" index="0" bw="1" slack="2147483647"/>
</pin_list>
<bind>
<StgValue><ssdm name=""/></StgValue>
</bind>
</comp>

<comp id="34" class="1001" name="const_34">
<pin_list>
<pin id="35" dir="1" index="0" bw="1" slack="0"/>
</pin_list>
<bind>
<StgValue><ssdm name="_ssdm_op_Read.ap_auto.i16"/></StgValue>
</bind>
</comp>

<comp id="36" class="1001" name="const_36">
<pin_list>
<pin id="37" dir="1" index="0" bw="1" slack="0"/>
</pin_list>
<bind>
<StgValue><ssdm name=""/></StgValue>
</bind>
</comp>

<comp id="38" class="1001" name="const_38">
<pin_list>
<pin id="39" dir="1" index="0" bw="1" slack="0"/>
</pin_list>
<bind>
<StgValue><ssdm name=""/></StgValue>
</bind>
</comp>

<comp id="40" class="1001" name="const_40">
<pin_list>
<pin id="41" dir="1" index="0" bw="1" slack="0"/>
</pin_list>
<bind>
<StgValue><ssdm name=""/></StgValue>
</bind>
</comp>

<comp id="42" class="1001" name="const_42">
<pin_list>
<pin id="43" dir="1" index="0" bw="1" slack="2147483647"/>
</pin_list>
<bind>
<StgValue><ssdm name="_ssdm_op_SpecPipeline"/></StgValue>
</bind>
</comp>

<comp id="44" class="1001" name="const_44">
<pin_list>
<pin id="45" dir="1" index="0" bw="1" slack="2147483647"/>
</pin_list>
<bind>
<StgValue><ssdm name="_ssdm_op_SpecLoopTripCount"/></StgValue>
</bind>
</comp>

<comp id="46" class="1001" name="const_46">
<pin_list>
<pin id="47" dir="1" index="0" bw="1" slack="2147483647"/>
</pin_list>
<bind>
<StgValue><ssdm name=""/></StgValue>
</bind>
</comp>

<comp id="48" class="1001" name="const_48">
<pin_list>
<pin id="49" dir="1" index="0" bw="1" slack="2147483647"/>
</pin_list>
<bind>
<StgValue><ssdm name=""/></StgValue>
</bind>
</comp>

<comp id="50" class="1001" name="const_50">
<pin_list>
<pin id="51" dir="1" index="0" bw="1" slack="2147483647"/>
</pin_list>
<bind>
<StgValue><ssdm name="_ssdm_op_SpecLoopName"/></StgValue>
</bind>
</comp>

<comp id="52" class="1001" name="const_52">
<pin_list>
<pin id="53" dir="1" index="0" bw="1" slack="2147483647"/>
</pin_list>
<bind>
<StgValue><ssdm name="empty_16"/></StgValue>
</bind>
</comp>

<comp id="54" class="1004" name="k_fu_54">
<pin_list>
<pin id="55" dir="0" index="0" bw="1" slack="0"/>
<pin id="56" dir="1" index="1" bw="6" slack="0"/>
</pin_list>
<bind>
<opcode="alloca(26) " fcode="alloca"/>
<opset="k/1 "/>
</bind>
</comp>

<comp id="58" class="1004" name="count_reload_read_read_fu_58">
<pin_list>
<pin id="59" dir="0" index="0" bw="16" slack="0"/>
<pin id="60" dir="0" index="1" bw="16" slack="0"/>
<pin id="61" dir="1" index="2" bw="16" slack="0"/>
</pin_list>
<bind>
<opcode="read(1150) " fcode="read"/>
<opset="count_reload_read/1 "/>
</bind>
</comp>

<comp id="64" class="1004" name="obj_x_addr_gep_fu_64">
<pin_list>
<pin id="65" dir="0" index="0" bw="16" slack="0"/>
<pin id="66" dir="0" index="1" bw="1" slack="0"/>
<pin id="67" dir="0" index="2" bw="6" slack="0"/>
<pin id="68" dir="1" index="3" bw="5" slack="0"/>
</pin_list>
<bind>
<opcode="getelementptr(29) " fcode="getelementptr"/>
<opset="obj_x_addr/1 "/>
</bind>
</comp>

<comp id="71" class="1004" name="grp_access_fu_71">
<pin_list>
<pin id="72" dir="0" index="0" bw="5" slack="0"/>
<pin id="73" dir="0" index="1" bw="16" slack="2147483647"/>
<pin id="74" dir="0" index="2" bw="0" slack="2147483647"/>
<pin id="75" dir="1" index="3" bw="16" slack="0"/>
</pin_list>
<bind>
<opcode="load(27) " fcode="load"/>
<opset="obj_x_load/1 "/>
</bind>
</comp>

<comp id="77" class="1004" name="obj_y_addr_gep_fu_77">
<pin_list>
<pin id="78" dir="0" index="0" bw="16" slack="0"/>
<pin id="79" dir="0" index="1" bw="1" slack="0"/>
<pin id="80" dir="0" index="2" bw="6" slack="0"/>
<pin id="81" dir="1" index="3" bw="5" slack="0"/>
</pin_list>
<bind>
<opcode="getelementptr(29) " fcode="getelementptr"/>
<opset="obj_y_addr/1 "/>
</bind>
</comp>

<comp id="84" class="1004" name="grp_access_fu_84">
<pin_list>
<pin id="85" dir="0" index="0" bw="5" slack="0"/>
<pin id="86" dir="0" index="1" bw="16" slack="2147483647"/>
<pin id="87" dir="0" index="2" bw="0" slack="2147483647"/>
<pin id="88" dir="1" index="3" bw="16" slack="0"/>
</pin_list>
<bind>
<opcode="load(27) " fcode="load"/>
<opset="obj_y_load/1 "/>
</bind>
</comp>

<comp id="90" class="1004" name="obj_is_green_addr_gep_fu_90">
<pin_list>
<pin id="91" dir="0" index="0" bw="1" slack="0"/>
<pin id="92" dir="0" index="1" bw="1" slack="0"/>
<pin id="93" dir="0" index="2" bw="6" slack="0"/>
<pin id="94" dir="1" index="3" bw="5" slack="0"/>
</pin_list>
<bind>
<opcode="getelementptr(29) " fcode="getelementptr"/>
<opset="obj_is_green_addr/1 "/>
</bind>
</comp>

<comp id="97" class="1004" name="grp_access_fu_97">
<pin_list>
<pin id="98" dir="0" index="0" bw="5" slack="0"/>
<pin id="99" dir="0" index="1" bw="1" slack="2147483647"/>
<pin id="100" dir="0" index="2" bw="0" slack="2147483647"/>
<pin id="101" dir="1" index="3" bw="1" slack="0"/>
</pin_list>
<bind>
<opcode="load(27) " fcode="load"/>
<opset="obj_is_green_load/1 "/>
</bind>
</comp>

<comp id="103" class="1004" name="obj_x_buf_addr_gep_fu_103">
<pin_list>
<pin id="104" dir="0" index="0" bw="16" slack="0"/>
<pin id="105" dir="0" index="1" bw="1" slack="0"/>
<pin id="106" dir="0" index="2" bw="6" slack="1"/>
<pin id="107" dir="1" index="3" bw="5" slack="0"/>
</pin_list>
<bind>
<opcode="getelementptr(29) " fcode="getelementptr"/>
<opset="obj_x_buf_addr/2 "/>
</bind>
</comp>

<comp id="110" class="1004" name="store_ln278_access_fu_110">
<pin_list>
<pin id="111" dir="0" index="0" bw="5" slack="0"/>
<pin id="112" dir="0" index="1" bw="16" slack="0"/>
<pin id="113" dir="0" index="2" bw="0" slack="2147483647"/>
<pin id="114" dir="1" index="3" bw="16" slack="2147483647"/>
</pin_list>
<bind>
<opcode="store(28) " fcode="store"/>
<opset="store_ln278/2 "/>
</bind>
</comp>

<comp id="117" class="1004" name="obj_y_buf_addr_gep_fu_117">
<pin_list>
<pin id="118" dir="0" index="0" bw="16" slack="0"/>
<pin id="119" dir="0" index="1" bw="1" slack="0"/>
<pin id="120" dir="0" index="2" bw="6" slack="1"/>
<pin id="121" dir="1" index="3" bw="5" slack="0"/>
</pin_list>
<bind>
<opcode="getelementptr(29) " fcode="getelementptr"/>
<opset="obj_y_buf_addr/2 "/>
</bind>
</comp>

<comp id="124" class="1004" name="store_ln279_access_fu_124">
<pin_list>
<pin id="125" dir="0" index="0" bw="5" slack="0"/>
<pin id="126" dir="0" index="1" bw="16" slack="0"/>
<pin id="127" dir="0" index="2" bw="0" slack="2147483647"/>
<pin id="128" dir="1" index="3" bw="16" slack="2147483647"/>
</pin_list>
<bind>
<opcode="store(28) " fcode="store"/>
<opset="store_ln279/2 "/>
</bind>
</comp>

<comp id="131" class="1004" name="obj_is_green_buf_addr_gep_fu_131">
<pin_list>
<pin id="132" dir="0" index="0" bw="1" slack="0"/>
<pin id="133" dir="0" index="1" bw="1" slack="0"/>
<pin id="134" dir="0" index="2" bw="6" slack="1"/>
<pin id="135" dir="1" index="3" bw="5" slack="0"/>
</pin_list>
<bind>
<opcode="getelementptr(29) " fcode="getelementptr"/>
<opset="obj_is_green_buf_addr/2 "/>
</bind>
</comp>

<comp id="138" class="1004" name="store_ln280_access_fu_138">
<pin_list>
<pin id="139" dir="0" index="0" bw="5" slack="0"/>
<pin id="140" dir="0" index="1" bw="1" slack="0"/>
<pin id="141" dir="0" index="2" bw="0" slack="2147483647"/>
<pin id="142" dir="1" index="3" bw="1" slack="2147483647"/>
</pin_list>
<bind>
<opcode="store(28) " fcode="store"/>
<opset="store_ln280/2 "/>
</bind>
</comp>

<comp id="145" class="1004" name="store_ln0_store_fu_145">
<pin_list>
<pin id="146" dir="0" index="0" bw="1" slack="0"/>
<pin id="147" dir="0" index="1" bw="6" slack="0"/>
<pin id="148" dir="1" index="2" bw="0" slack="2147483647"/>
</pin_list>
<bind>
<opcode="store(28) " fcode="store"/>
<opset="store_ln0/1 "/>
</bind>
</comp>

<comp id="150" class="1004" name="k_2_load_fu_150">
<pin_list>
<pin id="151" dir="0" index="0" bw="6" slack="0"/>
<pin id="152" dir="1" index="1" bw="6" slack="0"/>
</pin_list>
<bind>
<opcode="load(27) " fcode="load"/>
<opset="k_2/1 "/>
</bind>
</comp>

<comp id="153" class="1004" name="zext_ln276_1_fu_153">
<pin_list>
<pin id="154" dir="0" index="0" bw="6" slack="0"/>
<pin id="155" dir="1" index="1" bw="16" slack="0"/>
</pin_list>
<bind>
<opcode="zext(34) " fcode="zext"/>
<opset="zext_ln276_1/1 "/>
</bind>
</comp>

<comp id="157" class="1004" name="icmp_ln276_fu_157">
<pin_list>
<pin id="158" dir="0" index="0" bw="6" slack="0"/>
<pin id="159" dir="0" index="1" bw="16" slack="0"/>
<pin id="160" dir="1" index="2" bw="1" slack="2147483647"/>
</pin_list>
<bind>
<opcode="icmp(45) " fcode="icmp"/>
<opset="icmp_ln276/1 "/>
</bind>
</comp>

<comp id="163" class="1004" name="add_ln276_fu_163">
<pin_list>
<pin id="164" dir="0" index="0" bw="6" slack="0"/>
<pin id="165" dir="0" index="1" bw="1" slack="0"/>
<pin id="166" dir="1" index="2" bw="6" slack="0"/>
</pin_list>
<bind>
<opcode="add(8) " fcode="add"/>
<opset="add_ln276/1 "/>
</bind>
</comp>

<comp id="169" class="1004" name="zext_ln276_fu_169">
<pin_list>
<pin id="170" dir="0" index="0" bw="6" slack="0"/>
<pin id="171" dir="1" index="1" bw="64" slack="0"/>
</pin_list>
<bind>
<opcode="zext(34) " fcode="zext"/>
<opset="zext_ln276/1 "/>
</bind>
</comp>

<comp id="176" class="1004" name="store_ln276_store_fu_176">
<pin_list>
<pin id="177" dir="0" index="0" bw="6" slack="0"/>
<pin id="178" dir="0" index="1" bw="6" slack="0"/>
<pin id="179" dir="1" index="2" bw="0" slack="2147483647"/>
</pin_list>
<bind>
<opcode="store(28) " fcode="store"/>
<opset="store_ln276/1 "/>
</bind>
</comp>

<comp id="181" class="1005" name="k_reg_181">
<pin_list>
<pin id="182" dir="0" index="0" bw="6" slack="0"/>
<pin id="183" dir="1" index="1" bw="6" slack="0"/>
</pin_list>
<bind>
<opset="k "/>
</bind>
</comp>

<comp id="191" class="1005" name="zext_ln276_reg_191">
<pin_list>
<pin id="192" dir="0" index="0" bw="64" slack="1"/>
<pin id="193" dir="1" index="1" bw="64" slack="1"/>
</pin_list>
<bind>
<opset="zext_ln276 "/>
</bind>
</comp>

<comp id="198" class="1005" name="obj_x_addr_reg_198">
<pin_list>
<pin id="199" dir="0" index="0" bw="5" slack="1"/>
<pin id="200" dir="1" index="1" bw="5" slack="1"/>
</pin_list>
<bind>
<opset="obj_x_addr "/>
</bind>
</comp>

<comp id="203" class="1005" name="obj_y_addr_reg_203">
<pin_list>
<pin id="204" dir="0" index="0" bw="5" slack="1"/>
<pin id="205" dir="1" index="1" bw="5" slack="1"/>
</pin_list>
<bind>
<opset="obj_y_addr "/>
</bind>
</comp>

<comp id="208" class="1005" name="obj_is_green_addr_reg_208">
<pin_list>
<pin id="209" dir="0" index="0" bw="5" slack="1"/>
<pin id="210" dir="1" index="1" bw="5" slack="1"/>
</pin_list>
<bind>
<opset="obj_is_green_addr "/>
</bind>
</comp>

</comp_list>

<net_list>
<net id="57"><net_src comp="14" pin="0"/><net_sink comp="54" pin=0"/></net>

<net id="62"><net_src comp="34" pin="0"/><net_sink comp="58" pin=0"/></net>

<net id="63"><net_src comp="0" pin="0"/><net_sink comp="58" pin=1"/></net>

<net id="69"><net_src comp="2" pin="0"/><net_sink comp="64" pin=0"/></net>

<net id="70"><net_src comp="40" pin="0"/><net_sink comp="64" pin=1"/></net>

<net id="76"><net_src comp="64" pin="3"/><net_sink comp="71" pin=0"/></net>

<net id="82"><net_src comp="4" pin="0"/><net_sink comp="77" pin=0"/></net>

<net id="83"><net_src comp="40" pin="0"/><net_sink comp="77" pin=1"/></net>

<net id="89"><net_src comp="77" pin="3"/><net_sink comp="84" pin=0"/></net>

<net id="95"><net_src comp="6" pin="0"/><net_sink comp="90" pin=0"/></net>

<net id="96"><net_src comp="40" pin="0"/><net_sink comp="90" pin=1"/></net>

<net id="102"><net_src comp="90" pin="3"/><net_sink comp="97" pin=0"/></net>

<net id="108"><net_src comp="8" pin="0"/><net_sink comp="103" pin=0"/></net>

<net id="109"><net_src comp="40" pin="0"/><net_sink comp="103" pin=1"/></net>

<net id="115"><net_src comp="71" pin="3"/><net_sink comp="110" pin=1"/></net>

<net id="116"><net_src comp="103" pin="3"/><net_sink comp="110" pin=0"/></net>

<net id="122"><net_src comp="10" pin="0"/><net_sink comp="117" pin=0"/></net>

<net id="123"><net_src comp="40" pin="0"/><net_sink comp="117" pin=1"/></net>

<net id="129"><net_src comp="84" pin="3"/><net_sink comp="124" pin=1"/></net>

<net id="130"><net_src comp="117" pin="3"/><net_sink comp="124" pin=0"/></net>

<net id="136"><net_src comp="12" pin="0"/><net_sink comp="131" pin=0"/></net>

<net id="137"><net_src comp="40" pin="0"/><net_sink comp="131" pin=1"/></net>

<net id="143"><net_src comp="97" pin="3"/><net_sink comp="138" pin=1"/></net>

<net id="144"><net_src comp="131" pin="3"/><net_sink comp="138" pin=0"/></net>

<net id="149"><net_src comp="36" pin="0"/><net_sink comp="145" pin=0"/></net>

<net id="156"><net_src comp="150" pin="1"/><net_sink comp="153" pin=0"/></net>

<net id="161"><net_src comp="153" pin="1"/><net_sink comp="157" pin=0"/></net>

<net id="162"><net_src comp="58" pin="2"/><net_sink comp="157" pin=1"/></net>

<net id="167"><net_src comp="150" pin="1"/><net_sink comp="163" pin=0"/></net>

<net id="168"><net_src comp="38" pin="0"/><net_sink comp="163" pin=1"/></net>

<net id="172"><net_src comp="150" pin="1"/><net_sink comp="169" pin=0"/></net>

<net id="173"><net_src comp="169" pin="1"/><net_sink comp="64" pin=2"/></net>

<net id="174"><net_src comp="169" pin="1"/><net_sink comp="77" pin=2"/></net>

<net id="175"><net_src comp="169" pin="1"/><net_sink comp="90" pin=2"/></net>

<net id="180"><net_src comp="163" pin="2"/><net_sink comp="176" pin=0"/></net>

<net id="184"><net_src comp="54" pin="1"/><net_sink comp="181" pin=0"/></net>

<net id="185"><net_src comp="181" pin="1"/><net_sink comp="145" pin=1"/></net>

<net id="186"><net_src comp="181" pin="1"/><net_sink comp="150" pin=0"/></net>

<net id="187"><net_src comp="181" pin="1"/><net_sink comp="176" pin=1"/></net>

<net id="194"><net_src comp="169" pin="1"/><net_sink comp="191" pin=0"/></net>

<net id="195"><net_src comp="191" pin="1"/><net_sink comp="103" pin=2"/></net>

<net id="196"><net_src comp="191" pin="1"/><net_sink comp="117" pin=2"/></net>

<net id="197"><net_src comp="191" pin="1"/><net_sink comp="131" pin=2"/></net>

<net id="201"><net_src comp="64" pin="3"/><net_sink comp="198" pin=0"/></net>

<net id="202"><net_src comp="198" pin="1"/><net_sink comp="71" pin=0"/></net>

<net id="206"><net_src comp="77" pin="3"/><net_sink comp="203" pin=0"/></net>

<net id="207"><net_src comp="203" pin="1"/><net_sink comp="84" pin=0"/></net>

<net id="211"><net_src comp="90" pin="3"/><net_sink comp="208" pin=0"/></net>

<net id="212"><net_src comp="208" pin="1"/><net_sink comp="97" pin=0"/></net>

</net_list>

</model> 
---------------- Datapath Model END ------------------

* FSMD analyzer results:
  - Output states:
	Port: obj_x_buf | {2 }
	Port: obj_y_buf | {2 }
	Port: obj_is_green_buf | {2 }
 - Input state : 
	Port: hls_object_green_classification_Pipeline_VITIS_LOOP_276_5 : count_reload | {1 }
	Port: hls_object_green_classification_Pipeline_VITIS_LOOP_276_5 : obj_x | {1 2 }
	Port: hls_object_green_classification_Pipeline_VITIS_LOOP_276_5 : obj_y | {1 2 }
	Port: hls_object_green_classification_Pipeline_VITIS_LOOP_276_5 : obj_is_green | {1 2 }
  - Chain level:
	State 1
		store_ln0 : 1
		k_2 : 1
		zext_ln276_1 : 2
		icmp_ln276 : 3
		add_ln276 : 2
		br_ln276 : 4
		zext_ln276 : 2
		obj_x_addr : 3
		obj_x_load : 4
		obj_y_addr : 3
		obj_y_load : 4
		obj_is_green_addr : 3
		obj_is_green_load : 4
		store_ln276 : 3
	State 2
		store_ln278 : 1
		store_ln279 : 1
		store_ln280 : 1


============================================================
+ Verbose Summary: Datapath Resource usage 
============================================================

* Functional unit list:
|----------|------------------------------|---------|---------|
| Operation|        Functional Unit       |    FF   |   LUT   |
|----------|------------------------------|---------|---------|
|   icmp   |       icmp_ln276_fu_157      |    0    |    23   |
|----------|------------------------------|---------|---------|
|    add   |       add_ln276_fu_163       |    0    |    14   |
|----------|------------------------------|---------|---------|
|   read   | count_reload_read_read_fu_58 |    0    |    0    |
|----------|------------------------------|---------|---------|
|   zext   |      zext_ln276_1_fu_153     |    0    |    0    |
|          |       zext_ln276_fu_169      |    0    |    0    |
|----------|------------------------------|---------|---------|
|   Total  |                              |    0    |    37   |
|----------|------------------------------|---------|---------|

Memories:
N/A

* Register list:
+-------------------------+--------+
|                         |   FF   |
+-------------------------+--------+
|        k_reg_181        |    6   |
|obj_is_green_addr_reg_208|    5   |
|    obj_x_addr_reg_198   |    5   |
|    obj_y_addr_reg_203   |    5   |
|    zext_ln276_reg_191   |   64   |
+-------------------------+--------+
|          Total          |   85   |
+-------------------------+--------+

* Multiplexer (MUX) list: 
|------------------|------|------|------|--------||---------||---------|
|       Comp       |  Pin | Size |  BW  | S x BW ||  Delay  ||   LUT   |
|------------------|------|------|------|--------||---------||---------|
| grp_access_fu_71 |  p0  |   2  |   5  |   10   ||    9    |
| grp_access_fu_84 |  p0  |   2  |   5  |   10   ||    9    |
| grp_access_fu_97 |  p0  |   2  |   5  |   10   ||    9    |
|------------------|------|------|------|--------||---------||---------|
|       Total      |      |      |      |   30   ||  4.764  ||    27   |
|------------------|------|------|------|--------||---------||---------|



* Summary:
+-----------+--------+--------+--------+
|           |  Delay |   FF   |   LUT  |
+-----------+--------+--------+--------+
|  Function |    -   |    0   |   37   |
|   Memory  |    -   |    -   |    -   |
|Multiplexer|    4   |    -   |   27   |
|  Register |    -   |   85   |    -   |
+-----------+--------+--------+--------+
|   Total   |    4   |   85   |   64   |
+-----------+--------+--------+--------+
