/home/dell3561-49/Vitis_HLS_folder/Obj_detect_ver6/Obj_Detect_ver6/solution1/.autopilot/db/obj_detect.pp.0.cpp:1452:7: warning: Added loop label VITIS_LOOP_1213_1:   [xilinx-label-all-loops]
      for (i = 0; i < __N - 1; ++i) {
      ^~~
      VITIS_LOOP_1213_1: 
/home/dell3561-49/Vitis_HLS_folder/Obj_detect_ver6/Obj_Detect_ver6/solution1/.autopilot/db/obj_detect.pp.0.cpp:1452:7: note: FIX-IT applied suggested code changes
/home/dell3561-49/Vitis_HLS_folder/Obj_detect_ver6/Obj_Detect_ver6/solution1/.autopilot/db/obj_detect.pp.0.cpp:2426:5: warning: Added loop label VITIS_LOOP_676_1:   [xilinx-label-all-loops]
    for (unsigned i = low; i != high; ++i) {
    ^~~
    VITIS_LOOP_676_1: 
/home/dell3561-49/Vitis_HLS_folder/Obj_detect_ver6/Obj_Detect_ver6/solution1/.autopilot/db/obj_detect.pp.0.cpp:2426:5: note: FIX-IT applied suggested code changes
/home/dell3561-49/Vitis_HLS_folder/Obj_detect_ver6/Obj_Detect_ver6/solution1/.autopilot/db/obj_detect.pp.0.cpp:2440:5: warning: Added loop label VITIS_LOOP_690_1:   [xilinx-label-all-loops]
    for (unsigned i = low; i != high; ++i) {
    ^~~
    VITIS_LOOP_690_1: 
/home/dell3561-49/Vitis_HLS_folder/Obj_detect_ver6/Obj_Detect_ver6/solution1/.autopilot/db/obj_detect.pp.0.cpp:2440:5: note: FIX-IT applied suggested code changes
/home/dell3561-49/Vitis_HLS_folder/Obj_detect_ver6/Obj_Detect_ver6/solution1/.autopilot/db/obj_detect.pp.0.cpp:2454:5: warning: Added loop label VITIS_LOOP_704_1:   [xilinx-label-all-loops]
    for (unsigned i = low; i != high; ++i) {
    ^~~
    VITIS_LOOP_704_1: 
/home/dell3561-49/Vitis_HLS_folder/Obj_detect_ver6/Obj_Detect_ver6/solution1/.autopilot/db/obj_detect.pp.0.cpp:2454:5: note: FIX-IT applied suggested code changes
/home/dell3561-49/Vitis_HLS_folder/Obj_detect_ver6/Obj_Detect_ver6/solution1/.autopilot/db/obj_detect.pp.0.cpp:4065:7: warning: Added loop label VITIS_LOOP_1247_1:   [xilinx-label-all-loops]
      for (i = 0; i < __N - 1; ++i) {
      ^~~
      VITIS_LOOP_1247_1: 
/home/dell3561-49/Vitis_HLS_folder/Obj_detect_ver6/Obj_Detect_ver6/solution1/.autopilot/db/obj_detect.pp.0.cpp:4065:7: note: FIX-IT applied suggested code changes
/home/dell3561-49/Vitis_HLS_folder/Obj_detect_ver6/Obj_Detect_ver6/solution1/.autopilot/db/obj_detect.pp.0.cpp:6576:2: warning: Added loop label VITIS_LOOP_26_1:   [xilinx-label-all-loops]
 while(parent[root] != root) root = parent[root];
 ^~~~~
 VITIS_LOOP_26_1: 
/home/dell3561-49/Vitis_HLS_folder/Obj_detect_ver6/Obj_Detect_ver6/solution1/.autopilot/db/obj_detect.pp.0.cpp:6576:2: note: FIX-IT applied suggested code changes
/home/dell3561-49/Vitis_HLS_folder/Obj_detect_ver6/Obj_Detect_ver6/solution1/.autopilot/db/obj_detect.pp.0.cpp:6578:2: warning: Added loop label VITIS_LOOP_28_2:   [xilinx-label-all-loops]
 while(parent[cur] != root) {
 ^~~~~
 VITIS_LOOP_28_2: 
/home/dell3561-49/Vitis_HLS_folder/Obj_detect_ver6/Obj_Detect_ver6/solution1/.autopilot/db/obj_detect.pp.0.cpp:6578:2: note: FIX-IT applied suggested code changes
/home/dell3561-49/Vitis_HLS_folder/Obj_detect_ver6/Obj_Detect_ver6/solution1/.autopilot/db/obj_detect.pp.0.cpp:6630:45: error: Invalid Directive: for current device, ram_2p + bram is invalid combination for BIND_STORAGE's option 'type + impl' [clang-diagnostic-error]
#pragma HLS BIND_STORAGE variable=imgR type=ram_2p impl=bram
                                            ^
/home/dell3561-49/Vitis_HLS_folder/Obj_detect_ver6/Obj_Detect_ver6/solution1/.autopilot/db/obj_detect.pp.0.cpp:6631:45: error: Invalid Directive: for current device, ram_2p + bram is invalid combination for BIND_STORAGE's option 'type + impl' [clang-diagnostic-error]
#pragma HLS BIND_STORAGE variable=imgG type=ram_2p impl=bram
                                            ^
/home/dell3561-49/Vitis_HLS_folder/Obj_detect_ver6/Obj_Detect_ver6/solution1/.autopilot/db/obj_detect.pp.0.cpp:6632:45: error: Invalid Directive: for current device, ram_2p + bram is invalid combination for BIND_STORAGE's option 'type + impl' [clang-diagnostic-error]
#pragma HLS BIND_STORAGE variable=imgB type=ram_2p impl=bram
                                            ^
/home/dell3561-49/Vitis_HLS_folder/Obj_detect_ver6/Obj_Detect_ver6/solution1/.autopilot/db/obj_detect.pp.0.cpp:6636:50: error: Invalid Directive: for current device, ram_2p + bram is invalid combination for BIND_STORAGE's option 'type + impl' [clang-diagnostic-error]
#pragma HLS BIND_STORAGE variable=edge_mask type=ram_2p impl=bram
                                                 ^
/home/dell3561-49/Vitis_HLS_folder/Obj_detect_ver6/Obj_Detect_ver6/solution1/.autopilot/db/obj_detect.pp.0.cpp:6640:50: error: Invalid Directive: for current device, ram_2p + bram is invalid combination for BIND_STORAGE's option 'type + impl' [clang-diagnostic-error]
#pragma HLS BIND_STORAGE variable=label_map type=ram_2p impl=bram
                                                 ^
/home/dell3561-49/Vitis_HLS_folder/Obj_detect_ver6/Obj_Detect_ver6/solution1/.autopilot/db/obj_detect.pp.0.cpp:6644:47: error: Invalid Directive: for current device, ram_2p + bram is invalid combination for BIND_STORAGE's option 'type + impl' [clang-diagnostic-error]
#pragma HLS BIND_STORAGE variable=parent type=ram_2p impl=bram
                                              ^
/home/dell3561-49/Vitis_HLS_folder/Obj_detect_ver6/Obj_Detect_ver6/solution1/.autopilot/db/obj_detect.pp.0.cpp:6653:46: error: Invalid Directive: for current device, ram_2p + bram is invalid combination for BIND_STORAGE's option 'type + impl' [clang-diagnostic-error]
#pragma HLS BIND_STORAGE variable=min_x type=ram_2p impl=bram
                                             ^
/home/dell3561-49/Vitis_HLS_folder/Obj_detect_ver6/Obj_Detect_ver6/solution1/.autopilot/db/obj_detect.pp.0.cpp:6654:46: error: Invalid Directive: for current device, ram_2p + bram is invalid combination for BIND_STORAGE's option 'type + impl' [clang-diagnostic-error]
#pragma HLS BIND_STORAGE variable=max_x type=ram_2p impl=bram
                                             ^
/home/dell3561-49/Vitis_HLS_folder/Obj_detect_ver6/Obj_Detect_ver6/solution1/.autopilot/db/obj_detect.pp.0.cpp:6655:46: error: Invalid Directive: for current device, ram_2p + bram is invalid combination for BIND_STORAGE's option 'type + impl' [clang-diagnostic-error]
#pragma HLS BIND_STORAGE variable=min_y type=ram_2p impl=bram
                                             ^
/home/dell3561-49/Vitis_HLS_folder/Obj_detect_ver6/Obj_Detect_ver6/solution1/.autopilot/db/obj_detect.pp.0.cpp:6656:46: error: Invalid Directive: for current device, ram_2p + bram is invalid combination for BIND_STORAGE's option 'type + impl' [clang-diagnostic-error]
#pragma HLS BIND_STORAGE variable=max_y type=ram_2p impl=bram
                                             ^
/home/dell3561-49/Vitis_HLS_folder/Obj_detect_ver6/Obj_Detect_ver6/solution1/.autopilot/db/obj_detect.pp.0.cpp:6660:52: error: Invalid Directive: for current device, ram_2p + lutram is invalid combination for BIND_STORAGE's option 'type + impl' [clang-diagnostic-error]
#pragma HLS BIND_STORAGE variable=pixel_count type=ram_2p impl=lutram
                                                   ^
/home/dell3561-49/Vitis_HLS_folder/Obj_detect_ver6/Obj_Detect_ver6/solution1/.autopilot/db/obj_detect.pp.0.cpp:6764:2: warning: Added loop label VITIS_LOOP_206_1:   [xilinx-label-all-loops]
 for (int y=0; y<240; y++) {
 ^~~
 VITIS_LOOP_206_1: 
/home/dell3561-49/Vitis_HLS_folder/Obj_detect_ver6/Obj_Detect_ver6/solution1/.autopilot/db/obj_detect.pp.0.cpp:6764:2: note: FIX-IT applied suggested code changes
/home/dell3561-49/Vitis_HLS_folder/Obj_detect_ver6/Obj_Detect_ver6/solution1/.autopilot/db/obj_detect.pp.0.cpp:6765:6: warning: Added loop label VITIS_LOOP_207_2:   [xilinx-label-all-loops]
     for (int x=0; x<320; x++) {
     ^~~
     VITIS_LOOP_207_2: 
/home/dell3561-49/Vitis_HLS_folder/Obj_detect_ver6/Obj_Detect_ver6/solution1/.autopilot/db/obj_detect.pp.0.cpp:6765:6: note: FIX-IT applied suggested code changes
/home/dell3561-49/Vitis_HLS_folder/Obj_detect_ver6/Obj_Detect_ver6/solution1/.autopilot/db/obj_detect.pp.0.cpp:6776:2: warning: Added loop label VITIS_LOOP_218_3:   [xilinx-label-all-loops]
 for (int y=0; y<240; y++) {
 ^~~
 VITIS_LOOP_218_3: 
/home/dell3561-49/Vitis_HLS_folder/Obj_detect_ver6/Obj_Detect_ver6/solution1/.autopilot/db/obj_detect.pp.0.cpp:6776:2: note: FIX-IT applied suggested code changes
/home/dell3561-49/Vitis_HLS_folder/Obj_detect_ver6/Obj_Detect_ver6/solution1/.autopilot/db/obj_detect.pp.0.cpp:6777:6: warning: Added loop label VITIS_LOOP_219_4:   [xilinx-label-all-loops]
     for (int x=0; x<320; x++) {
     ^~~
     VITIS_LOOP_219_4: 
/home/dell3561-49/Vitis_HLS_folder/Obj_detect_ver6/Obj_Detect_ver6/solution1/.autopilot/db/obj_detect.pp.0.cpp:6777:6: note: FIX-IT applied suggested code changes
/home/dell3561-49/Vitis_HLS_folder/Obj_detect_ver6/Obj_Detect_ver6/solution1/.autopilot/db/obj_detect.pp.0.cpp:6792:52: error: Invalid Directive: for current device, ram_2p + bram is invalid combination for BIND_STORAGE's option 'type + impl' [clang-diagnostic-error]
#pragma HLS BIND_STORAGE variable=is_external type=ram_2p impl=bram
                                                   ^
/home/dell3561-49/Vitis_HLS_folder/Obj_detect_ver6/Obj_Detect_ver6/solution1/.autopilot/db/obj_detect.pp.0.cpp:6834:2: warning: Added loop label VITIS_LOOP_276_5:   [xilinx-label-all-loops]
 for(int k=0; k<count; k++) {
 ^~~
 VITIS_LOOP_276_5: 
/home/dell3561-49/Vitis_HLS_folder/Obj_detect_ver6/Obj_Detect_ver6/solution1/.autopilot/db/obj_detect.pp.0.cpp:6834:2: note: FIX-IT applied suggested code changes
/home/dell3561-49/Vitis_HLS_folder/Obj_detect_ver6/Obj_Detect_ver6/solution1/.autopilot/db/obj_detect.pp.0.cpp:6869:2: warning: Added loop label VITIS_LOOP_311_6:   [xilinx-label-all-loops]
 for(int k=0; k<object_count_buf; k++) {
 ^~~
 VITIS_LOOP_311_6: 
/home/dell3561-49/Vitis_HLS_folder/Obj_detect_ver6/Obj_Detect_ver6/solution1/.autopilot/db/obj_detect.pp.0.cpp:6869:2: note: FIX-IT applied suggested code changes
