

================================================================
== Vitis HLS Report for 'ContourApproximation_Pipeline_CHECK_DIFFER_LOOP'
================================================================
* Date:           Thu Dec  5 15:23:42 2024

* Version:        2023.1 (Build 3854077 on May  4 2023)
* Project:        contour_approximation
* Solution:       solution1 (Vivado IP Flow Target)
* Product family: zynq
* Target device:  xc7z020-clg484-1


================================================================
== Performance Estimates
================================================================
+ Timing: 
    * Summary: 
    +--------+----------+----------+------------+
    |  Clock |  Target  | Estimated| Uncertainty|
    +--------+----------+----------+------------+
    |ap_clk  |  10.00 ns|  9.780 ns|        0 ns|
    +--------+----------+----------+------------+

+ Latency: 
    * Summary: 
    +---------+---------+-----------+----------+-----+-----+---------+
    |  Latency (cycles) |  Latency (absolute)  |  Interval | Pipeline|
    |   min   |   max   |    min    |    max   | min | max |   Type  |
    +---------+---------+-----------+----------+-----+-----+---------+
    |        4|      255|  40.000 ns|  2.550 us|    4|  255|       no|
    +---------+---------+-----------+----------+-----+-----+---------+

    + Detail: 
        * Instance: 
        N/A

        * Loop: 
        +---------------------+---------+---------+----------+-----------+-----------+---------+----------+
        |                     |  Latency (cycles) | Iteration|  Initiation Interval  |   Trip  |          |
        |      Loop Name      |   min   |   max   |  Latency |  achieved |   target  |  Count  | Pipelined|
        +---------------------+---------+---------+----------+-----------+-----------+---------+----------+
        |- CHECK_DIFFER_LOOP  |        2|      252|         3|          1|          1|  0 ~ 250|       yes|
        +---------------------+---------+---------+----------+-----------+-----------+---------+----------+

============================================================
+ Verbose Summary: Synthesis Manager
============================================================
InlineROM: 1
ExposeGlobal: 0
============================================================
+ Verbose Summary: CDFG Model
============================================================
IsTopModel: 0
ResetActiveHigh: 1
IsCombinational: 0
IsDatapathOnly: 0
HasWiredReturn: 1
HasMFsm: 2
HasVarLatency: 1
IsPipeline: 0
IsRtlPipelined: 0
IsInstanceOverlapped: 0
IsDontTouch: 0
HasImplIP: 0
IsGatedGlobalClock: 0

+ Individual pipeline summary: 
  * Pipeline-0: initiation interval (II) = 1, depth = 3


============================================================
+ Verbose Summary: Schedule
============================================================
* Number of FSM states : 6
* Pipeline : 1
  Pipeline-0 : II = 1, D = 3, States = { 2 3 4 }
* Dataflow Pipeline: 0

* FSM state transitions: 
1 --> 2 
2 --> 3 
3 --> 4 
4 --> 5 6 2 
5 --> 
6 --> 5 

* FSM state operations: 

State 1 <SV = 0> <Delay = 1.58>
ST_1 : Operation 7 [1/1] (0.00ns)   --->   "%nb_pts_reduce = alloca i32 1"   --->   Operation 7 'alloca' 'nb_pts_reduce' <Predicate = true> <Delay = 0.00>
ST_1 : Operation 8 [1/1] (0.00ns)   --->   "%i = alloca i32 1"   --->   Operation 8 'alloca' 'i' <Predicate = true> <Delay = 0.00>
ST_1 : Operation 9 [1/1] (0.00ns)   --->   "%sext_ln75_read = read i17 @_ssdm_op_Read.ap_auto.i17, i17 %sext_ln75"   --->   Operation 9 'read' 'sext_ln75_read' <Predicate = true> <Delay = 0.00>
ST_1 : Operation 10 [1/1] (0.00ns)   --->   "%sext_ln75_cast = sext i17 %sext_ln75_read"   --->   Operation 10 'sext' 'sext_ln75_cast' <Predicate = true> <Delay = 0.00>
ST_1 : Operation 11 [1/1] (0.00ns)   --->   "%specinterface_ln0 = specinterface void @_ssdm_op_SpecInterface, i64 %p, void @empty_1, i32 0, i32 0, void @empty_0, i32 4294967295, i32 0, void @empty_0, void @empty_0, void @empty_0, i32 0, i32 0, i32 0, i32 0, void @empty_0, void @empty_0, i32 4294967295, i32 0"   --->   Operation 11 'specinterface' 'specinterface_ln0' <Predicate = true> <Delay = 0.00>
ST_1 : Operation 12 [1/1] (1.58ns)   --->   "%store_ln0 = store i32 0, i32 %i"   --->   Operation 12 'store' 'store_ln0' <Predicate = true> <Delay = 1.58>
ST_1 : Operation 13 [1/1] (1.58ns)   --->   "%store_ln0 = store i16 0, i16 %nb_pts_reduce"   --->   Operation 13 'store' 'store_ln0' <Predicate = true> <Delay = 1.58>
ST_1 : Operation 14 [1/1] (0.00ns)   --->   "%br_ln0 = br void %for.body.i"   --->   Operation 14 'br' 'br_ln0' <Predicate = true> <Delay = 0.00>

State 2 <SV = 1> <Delay = 7.67>
ST_2 : Operation 15 [1/1] (0.00ns)   --->   "%i_2 = load i32 %i" [../../C_PROGRAM/3.ContourApproximation/contour_approximation.c:160->../../C_PROGRAM/3.ContourApproximation/contour_approximation.c:112]   --->   Operation 15 'load' 'i_2' <Predicate = true> <Delay = 0.00>
ST_2 : Operation 16 [1/1] (2.55ns)   --->   "%icmp_ln158 = icmp_eq  i32 %i_2, i32 250" [../../C_PROGRAM/3.ContourApproximation/contour_approximation.c:158->../../C_PROGRAM/3.ContourApproximation/contour_approximation.c:112]   --->   Operation 16 'icmp' 'icmp_ln158' <Predicate = true> <Delay = 2.55> <CoreInst = "Cmp">   --->   Core 9 'Cmp' <Latency = 0> <II = 1> <Delay = 2.55> <FuncUnit> <Opcode : 'icmp'> <InPorts = 2> <OutPorts = 1>
ST_2 : Operation 17 [1/1] (2.55ns)   --->   "%add_ln160 = add i32 %i_2, i32 1" [../../C_PROGRAM/3.ContourApproximation/contour_approximation.c:160->../../C_PROGRAM/3.ContourApproximation/contour_approximation.c:112]   --->   Operation 17 'add' 'add_ln160' <Predicate = true> <Delay = 2.55> <CoreInst = "Adder">   --->   Core 1 'Adder' <Latency = 0> <II = 1> <Delay = 2.55> <FuncUnit> <Opcode : 'add' 'sub'> <InPorts = 2> <OutPorts = 1>
ST_2 : Operation 18 [1/1] (0.00ns)   --->   "%br_ln158 = br i1 %icmp_ln158, void %for.body.i.split_ifconv, void %for.body.i.PointNbReduction.exit_crit_edge.exitStub" [../../C_PROGRAM/3.ContourApproximation/contour_approximation.c:158->../../C_PROGRAM/3.ContourApproximation/contour_approximation.c:112]   --->   Operation 18 'br' 'br_ln158' <Predicate = true> <Delay = 0.00>
ST_2 : Operation 19 [1/1] (0.00ns)   --->   "%zext_ln158 = zext i32 %i_2" [../../C_PROGRAM/3.ContourApproximation/contour_approximation.c:158->../../C_PROGRAM/3.ContourApproximation/contour_approximation.c:112]   --->   Operation 19 'zext' 'zext_ln158' <Predicate = (!icmp_ln158)> <Delay = 0.00>
ST_2 : Operation 20 [1/1] (0.00ns)   --->   "%zext_ln160 = zext i32 %add_ln160" [../../C_PROGRAM/3.ContourApproximation/contour_approximation.c:160->../../C_PROGRAM/3.ContourApproximation/contour_approximation.c:112]   --->   Operation 20 'zext' 'zext_ln160' <Predicate = (!icmp_ln158)> <Delay = 0.00>
ST_2 : Operation 21 [1/1] (0.00ns)   --->   "%p_addr = getelementptr i64 %p, i64 0, i64 %zext_ln158" [../../C_PROGRAM/3.ContourApproximation/contour_approximation.c:145->../../C_PROGRAM/3.ContourApproximation/contour_approximation.c:160->../../C_PROGRAM/3.ContourApproximation/contour_approximation.c:112]   --->   Operation 21 'getelementptr' 'p_addr' <Predicate = (!icmp_ln158)> <Delay = 0.00>
ST_2 : Operation 22 [2/2] (3.25ns)   --->   "%p_load = load i8 %p_addr" [../../C_PROGRAM/3.ContourApproximation/contour_approximation.c:145->../../C_PROGRAM/3.ContourApproximation/contour_approximation.c:160->../../C_PROGRAM/3.ContourApproximation/contour_approximation.c:112]   --->   Operation 22 'load' 'p_load' <Predicate = (!icmp_ln158)> <Delay = 3.25> <CoreInst = "RAM">   --->   Core 82 'RAM' <Latency = 1> <II = 1> <Delay = 3.25> <Storage> <Opcode : 'load' 'store'> <Ports = 2> <Width = 64> <Depth = 250> <RAM>
ST_2 : Operation 23 [1/1] (0.00ns)   --->   "%p_addr_2 = getelementptr i64 %p, i64 0, i64 %zext_ln160" [../../C_PROGRAM/3.ContourApproximation/contour_approximation.c:145->../../C_PROGRAM/3.ContourApproximation/contour_approximation.c:160->../../C_PROGRAM/3.ContourApproximation/contour_approximation.c:112]   --->   Operation 23 'getelementptr' 'p_addr_2' <Predicate = (!icmp_ln158)> <Delay = 0.00>
ST_2 : Operation 24 [2/2] (3.25ns)   --->   "%p_load_2 = load i8 %p_addr_2" [../../C_PROGRAM/3.ContourApproximation/contour_approximation.c:145->../../C_PROGRAM/3.ContourApproximation/contour_approximation.c:160->../../C_PROGRAM/3.ContourApproximation/contour_approximation.c:112]   --->   Operation 24 'load' 'p_load_2' <Predicate = (!icmp_ln158)> <Delay = 3.25> <CoreInst = "RAM">   --->   Core 82 'RAM' <Latency = 1> <II = 1> <Delay = 3.25> <Storage> <Opcode : 'load' 'store'> <Ports = 2> <Width = 64> <Depth = 250> <RAM>
ST_2 : Operation 25 [1/1] (2.55ns)   --->   "%icmp_ln163 = icmp_eq  i32 %add_ln160, i32 %sext_ln75_cast" [../../C_PROGRAM/3.ContourApproximation/contour_approximation.c:163->../../C_PROGRAM/3.ContourApproximation/contour_approximation.c:112]   --->   Operation 25 'icmp' 'icmp_ln163' <Predicate = (!icmp_ln158)> <Delay = 2.55> <CoreInst = "Cmp">   --->   Core 9 'Cmp' <Latency = 0> <II = 1> <Delay = 2.55> <FuncUnit> <Opcode : 'icmp'> <InPorts = 2> <OutPorts = 1>
ST_2 : Operation 26 [1/1] (0.00ns)   --->   "%br_ln163 = br i1 %icmp_ln163, void %for.inc.i, void %for.body.i.split_ifconv.PointNbReduction.exit_crit_edge.exitStub" [../../C_PROGRAM/3.ContourApproximation/contour_approximation.c:163->../../C_PROGRAM/3.ContourApproximation/contour_approximation.c:112]   --->   Operation 26 'br' 'br_ln163' <Predicate = (!icmp_ln158)> <Delay = 0.00>
ST_2 : Operation 27 [1/1] (1.58ns)   --->   "%store_ln158 = store i32 %add_ln160, i32 %i" [../../C_PROGRAM/3.ContourApproximation/contour_approximation.c:158->../../C_PROGRAM/3.ContourApproximation/contour_approximation.c:112]   --->   Operation 27 'store' 'store_ln158' <Predicate = (!icmp_ln158 & !icmp_ln163)> <Delay = 1.58>

State 3 <SV = 2> <Delay = 8.68>
ST_3 : Operation 28 [1/2] (3.25ns)   --->   "%p_load = load i8 %p_addr" [../../C_PROGRAM/3.ContourApproximation/contour_approximation.c:145->../../C_PROGRAM/3.ContourApproximation/contour_approximation.c:160->../../C_PROGRAM/3.ContourApproximation/contour_approximation.c:112]   --->   Operation 28 'load' 'p_load' <Predicate = (!icmp_ln158)> <Delay = 3.25> <CoreInst = "RAM">   --->   Core 82 'RAM' <Latency = 1> <II = 1> <Delay = 3.25> <Storage> <Opcode : 'load' 'store'> <Ports = 2> <Width = 64> <Depth = 250> <RAM>
ST_3 : Operation 29 [1/1] (0.00ns)   --->   "%trunc_ln145 = trunc i64 %p_load" [../../C_PROGRAM/3.ContourApproximation/contour_approximation.c:145->../../C_PROGRAM/3.ContourApproximation/contour_approximation.c:160->../../C_PROGRAM/3.ContourApproximation/contour_approximation.c:112]   --->   Operation 29 'trunc' 'trunc_ln145' <Predicate = (!icmp_ln158)> <Delay = 0.00>
ST_3 : Operation 30 [1/1] (0.00ns)   --->   "%bitcast_ln145 = bitcast i32 %trunc_ln145" [../../C_PROGRAM/3.ContourApproximation/contour_approximation.c:145->../../C_PROGRAM/3.ContourApproximation/contour_approximation.c:160->../../C_PROGRAM/3.ContourApproximation/contour_approximation.c:112]   --->   Operation 30 'bitcast' 'bitcast_ln145' <Predicate = (!icmp_ln158)> <Delay = 0.00>
ST_3 : Operation 31 [1/2] (3.25ns)   --->   "%p_load_2 = load i8 %p_addr_2" [../../C_PROGRAM/3.ContourApproximation/contour_approximation.c:145->../../C_PROGRAM/3.ContourApproximation/contour_approximation.c:160->../../C_PROGRAM/3.ContourApproximation/contour_approximation.c:112]   --->   Operation 31 'load' 'p_load_2' <Predicate = (!icmp_ln158)> <Delay = 3.25> <CoreInst = "RAM">   --->   Core 82 'RAM' <Latency = 1> <II = 1> <Delay = 3.25> <Storage> <Opcode : 'load' 'store'> <Ports = 2> <Width = 64> <Depth = 250> <RAM>
ST_3 : Operation 32 [1/1] (0.00ns)   --->   "%trunc_ln145_4 = trunc i64 %p_load_2" [../../C_PROGRAM/3.ContourApproximation/contour_approximation.c:145->../../C_PROGRAM/3.ContourApproximation/contour_approximation.c:160->../../C_PROGRAM/3.ContourApproximation/contour_approximation.c:112]   --->   Operation 32 'trunc' 'trunc_ln145_4' <Predicate = (!icmp_ln158)> <Delay = 0.00>
ST_3 : Operation 33 [1/1] (0.00ns)   --->   "%bitcast_ln145_1 = bitcast i32 %trunc_ln145_4" [../../C_PROGRAM/3.ContourApproximation/contour_approximation.c:145->../../C_PROGRAM/3.ContourApproximation/contour_approximation.c:160->../../C_PROGRAM/3.ContourApproximation/contour_approximation.c:112]   --->   Operation 33 'bitcast' 'bitcast_ln145_1' <Predicate = (!icmp_ln158)> <Delay = 0.00>
ST_3 : Operation 34 [1/1] (0.00ns)   --->   "%tmp_s = partselect i8 @_ssdm_op_PartSelect.i8.i64.i32.i32, i64 %p_load, i32 23, i32 30" [../../C_PROGRAM/3.ContourApproximation/contour_approximation.c:145->../../C_PROGRAM/3.ContourApproximation/contour_approximation.c:160->../../C_PROGRAM/3.ContourApproximation/contour_approximation.c:112]   --->   Operation 34 'partselect' 'tmp_s' <Predicate = (!icmp_ln158)> <Delay = 0.00>
ST_3 : Operation 35 [1/1] (0.00ns)   --->   "%trunc_ln145_5 = trunc i64 %p_load" [../../C_PROGRAM/3.ContourApproximation/contour_approximation.c:145->../../C_PROGRAM/3.ContourApproximation/contour_approximation.c:160->../../C_PROGRAM/3.ContourApproximation/contour_approximation.c:112]   --->   Operation 35 'trunc' 'trunc_ln145_5' <Predicate = (!icmp_ln158)> <Delay = 0.00>
ST_3 : Operation 36 [1/1] (0.00ns)   --->   "%tmp_6 = partselect i8 @_ssdm_op_PartSelect.i8.i64.i32.i32, i64 %p_load_2, i32 23, i32 30" [../../C_PROGRAM/3.ContourApproximation/contour_approximation.c:145->../../C_PROGRAM/3.ContourApproximation/contour_approximation.c:160->../../C_PROGRAM/3.ContourApproximation/contour_approximation.c:112]   --->   Operation 36 'partselect' 'tmp_6' <Predicate = (!icmp_ln158)> <Delay = 0.00>
ST_3 : Operation 37 [1/1] (0.00ns)   --->   "%trunc_ln145_6 = trunc i64 %p_load_2" [../../C_PROGRAM/3.ContourApproximation/contour_approximation.c:145->../../C_PROGRAM/3.ContourApproximation/contour_approximation.c:160->../../C_PROGRAM/3.ContourApproximation/contour_approximation.c:112]   --->   Operation 37 'trunc' 'trunc_ln145_6' <Predicate = (!icmp_ln158)> <Delay = 0.00>
ST_3 : Operation 38 [1/1] (1.91ns)   --->   "%icmp_ln145 = icmp_ne  i8 %tmp_s, i8 255" [../../C_PROGRAM/3.ContourApproximation/contour_approximation.c:145->../../C_PROGRAM/3.ContourApproximation/contour_approximation.c:160->../../C_PROGRAM/3.ContourApproximation/contour_approximation.c:112]   --->   Operation 38 'icmp' 'icmp_ln145' <Predicate = (!icmp_ln158)> <Delay = 1.91> <CoreInst = "Cmp">   --->   Core 9 'Cmp' <Latency = 0> <II = 1> <Delay = 1.91> <FuncUnit> <Opcode : 'icmp'> <InPorts = 2> <OutPorts = 1>
ST_3 : Operation 39 [1/1] (2.28ns)   --->   "%icmp_ln145_1 = icmp_eq  i23 %trunc_ln145_5, i23 0" [../../C_PROGRAM/3.ContourApproximation/contour_approximation.c:145->../../C_PROGRAM/3.ContourApproximation/contour_approximation.c:160->../../C_PROGRAM/3.ContourApproximation/contour_approximation.c:112]   --->   Operation 39 'icmp' 'icmp_ln145_1' <Predicate = (!icmp_ln158)> <Delay = 2.28> <CoreInst = "Cmp">   --->   Core 9 'Cmp' <Latency = 0> <II = 1> <Delay = 2.28> <FuncUnit> <Opcode : 'icmp'> <InPorts = 2> <OutPorts = 1>
ST_3 : Operation 40 [1/1] (1.91ns)   --->   "%icmp_ln145_2 = icmp_ne  i8 %tmp_6, i8 255" [../../C_PROGRAM/3.ContourApproximation/contour_approximation.c:145->../../C_PROGRAM/3.ContourApproximation/contour_approximation.c:160->../../C_PROGRAM/3.ContourApproximation/contour_approximation.c:112]   --->   Operation 40 'icmp' 'icmp_ln145_2' <Predicate = (!icmp_ln158)> <Delay = 1.91> <CoreInst = "Cmp">   --->   Core 9 'Cmp' <Latency = 0> <II = 1> <Delay = 1.91> <FuncUnit> <Opcode : 'icmp'> <InPorts = 2> <OutPorts = 1>
ST_3 : Operation 41 [1/1] (2.28ns)   --->   "%icmp_ln145_3 = icmp_eq  i23 %trunc_ln145_6, i23 0" [../../C_PROGRAM/3.ContourApproximation/contour_approximation.c:145->../../C_PROGRAM/3.ContourApproximation/contour_approximation.c:160->../../C_PROGRAM/3.ContourApproximation/contour_approximation.c:112]   --->   Operation 41 'icmp' 'icmp_ln145_3' <Predicate = (!icmp_ln158)> <Delay = 2.28> <CoreInst = "Cmp">   --->   Core 9 'Cmp' <Latency = 0> <II = 1> <Delay = 2.28> <FuncUnit> <Opcode : 'icmp'> <InPorts = 2> <OutPorts = 1>
ST_3 : [1/1] (4.76ns)   --->   Input mux for Operation 42 '%tmp_7 = fcmp_oeq  i32 %bitcast_ln145, i32 %bitcast_ln145_1'
ST_3 : Operation 42 [2/2] (0.66ns)   --->   "%tmp_7 = fcmp_oeq  i32 %bitcast_ln145, i32 %bitcast_ln145_1" [../../C_PROGRAM/3.ContourApproximation/contour_approximation.c:145->../../C_PROGRAM/3.ContourApproximation/contour_approximation.c:160->../../C_PROGRAM/3.ContourApproximation/contour_approximation.c:112]   --->   Operation 42 'fcmp' 'tmp_7' <Predicate = (!icmp_ln158)> <Delay = 0.66> <CoreInst = "FCompare">   --->   Core 19 'FCompare' <Latency = 1> <II = 1> <Delay = 5.43> <FuncUnit> <Opcode : 'fcmp'> <InPorts = 2> <OutPorts = 1>
ST_3 : Operation 43 [1/1] (0.00ns)   --->   "%trunc_ln145_2 = partselect i32 @_ssdm_op_PartSelect.i32.i64.i32.i32, i64 %p_load, i32 32, i32 63" [../../C_PROGRAM/3.ContourApproximation/contour_approximation.c:145->../../C_PROGRAM/3.ContourApproximation/contour_approximation.c:160->../../C_PROGRAM/3.ContourApproximation/contour_approximation.c:112]   --->   Operation 43 'partselect' 'trunc_ln145_2' <Predicate = (!icmp_ln158)> <Delay = 0.00>
ST_3 : Operation 44 [1/1] (0.00ns)   --->   "%bitcast_ln145_2 = bitcast i32 %trunc_ln145_2" [../../C_PROGRAM/3.ContourApproximation/contour_approximation.c:145->../../C_PROGRAM/3.ContourApproximation/contour_approximation.c:160->../../C_PROGRAM/3.ContourApproximation/contour_approximation.c:112]   --->   Operation 44 'bitcast' 'bitcast_ln145_2' <Predicate = (!icmp_ln158)> <Delay = 0.00>
ST_3 : Operation 45 [1/1] (0.00ns)   --->   "%trunc_ln145_3 = partselect i32 @_ssdm_op_PartSelect.i32.i64.i32.i32, i64 %p_load_2, i32 32, i32 63" [../../C_PROGRAM/3.ContourApproximation/contour_approximation.c:145->../../C_PROGRAM/3.ContourApproximation/contour_approximation.c:160->../../C_PROGRAM/3.ContourApproximation/contour_approximation.c:112]   --->   Operation 45 'partselect' 'trunc_ln145_3' <Predicate = (!icmp_ln158)> <Delay = 0.00>
ST_3 : Operation 46 [1/1] (0.00ns)   --->   "%bitcast_ln145_3 = bitcast i32 %trunc_ln145_3" [../../C_PROGRAM/3.ContourApproximation/contour_approximation.c:145->../../C_PROGRAM/3.ContourApproximation/contour_approximation.c:160->../../C_PROGRAM/3.ContourApproximation/contour_approximation.c:112]   --->   Operation 46 'bitcast' 'bitcast_ln145_3' <Predicate = (!icmp_ln158)> <Delay = 0.00>
ST_3 : Operation 47 [1/1] (0.00ns)   --->   "%tmp_8 = partselect i8 @_ssdm_op_PartSelect.i8.i64.i32.i32, i64 %p_load, i32 55, i32 62" [../../C_PROGRAM/3.ContourApproximation/contour_approximation.c:145->../../C_PROGRAM/3.ContourApproximation/contour_approximation.c:160->../../C_PROGRAM/3.ContourApproximation/contour_approximation.c:112]   --->   Operation 47 'partselect' 'tmp_8' <Predicate = (!icmp_ln158)> <Delay = 0.00>
ST_3 : Operation 48 [1/1] (0.00ns)   --->   "%trunc_ln145_9 = partselect i23 @_ssdm_op_PartSelect.i23.i64.i32.i32, i64 %p_load, i32 32, i32 54" [../../C_PROGRAM/3.ContourApproximation/contour_approximation.c:145->../../C_PROGRAM/3.ContourApproximation/contour_approximation.c:160->../../C_PROGRAM/3.ContourApproximation/contour_approximation.c:112]   --->   Operation 48 'partselect' 'trunc_ln145_9' <Predicate = (!icmp_ln158)> <Delay = 0.00>
ST_3 : Operation 49 [1/1] (0.00ns)   --->   "%tmp_9 = partselect i8 @_ssdm_op_PartSelect.i8.i64.i32.i32, i64 %p_load_2, i32 55, i32 62" [../../C_PROGRAM/3.ContourApproximation/contour_approximation.c:145->../../C_PROGRAM/3.ContourApproximation/contour_approximation.c:160->../../C_PROGRAM/3.ContourApproximation/contour_approximation.c:112]   --->   Operation 49 'partselect' 'tmp_9' <Predicate = (!icmp_ln158)> <Delay = 0.00>
ST_3 : Operation 50 [1/1] (0.00ns)   --->   "%trunc_ln145_s = partselect i23 @_ssdm_op_PartSelect.i23.i64.i32.i32, i64 %p_load_2, i32 32, i32 54" [../../C_PROGRAM/3.ContourApproximation/contour_approximation.c:145->../../C_PROGRAM/3.ContourApproximation/contour_approximation.c:160->../../C_PROGRAM/3.ContourApproximation/contour_approximation.c:112]   --->   Operation 50 'partselect' 'trunc_ln145_s' <Predicate = (!icmp_ln158)> <Delay = 0.00>
ST_3 : Operation 51 [1/1] (1.91ns)   --->   "%icmp_ln145_4 = icmp_ne  i8 %tmp_8, i8 255" [../../C_PROGRAM/3.ContourApproximation/contour_approximation.c:145->../../C_PROGRAM/3.ContourApproximation/contour_approximation.c:160->../../C_PROGRAM/3.ContourApproximation/contour_approximation.c:112]   --->   Operation 51 'icmp' 'icmp_ln145_4' <Predicate = (!icmp_ln158)> <Delay = 1.91> <CoreInst = "Cmp">   --->   Core 9 'Cmp' <Latency = 0> <II = 1> <Delay = 1.91> <FuncUnit> <Opcode : 'icmp'> <InPorts = 2> <OutPorts = 1>
ST_3 : Operation 52 [1/1] (2.28ns)   --->   "%icmp_ln145_5 = icmp_eq  i23 %trunc_ln145_9, i23 0" [../../C_PROGRAM/3.ContourApproximation/contour_approximation.c:145->../../C_PROGRAM/3.ContourApproximation/contour_approximation.c:160->../../C_PROGRAM/3.ContourApproximation/contour_approximation.c:112]   --->   Operation 52 'icmp' 'icmp_ln145_5' <Predicate = (!icmp_ln158)> <Delay = 2.28> <CoreInst = "Cmp">   --->   Core 9 'Cmp' <Latency = 0> <II = 1> <Delay = 2.28> <FuncUnit> <Opcode : 'icmp'> <InPorts = 2> <OutPorts = 1>
ST_3 : Operation 53 [1/1] (1.91ns)   --->   "%icmp_ln145_6 = icmp_ne  i8 %tmp_9, i8 255" [../../C_PROGRAM/3.ContourApproximation/contour_approximation.c:145->../../C_PROGRAM/3.ContourApproximation/contour_approximation.c:160->../../C_PROGRAM/3.ContourApproximation/contour_approximation.c:112]   --->   Operation 53 'icmp' 'icmp_ln145_6' <Predicate = (!icmp_ln158)> <Delay = 1.91> <CoreInst = "Cmp">   --->   Core 9 'Cmp' <Latency = 0> <II = 1> <Delay = 1.91> <FuncUnit> <Opcode : 'icmp'> <InPorts = 2> <OutPorts = 1>
ST_3 : Operation 54 [1/1] (2.28ns)   --->   "%icmp_ln145_7 = icmp_eq  i23 %trunc_ln145_s, i23 0" [../../C_PROGRAM/3.ContourApproximation/contour_approximation.c:145->../../C_PROGRAM/3.ContourApproximation/contour_approximation.c:160->../../C_PROGRAM/3.ContourApproximation/contour_approximation.c:112]   --->   Operation 54 'icmp' 'icmp_ln145_7' <Predicate = (!icmp_ln158)> <Delay = 2.28> <CoreInst = "Cmp">   --->   Core 9 'Cmp' <Latency = 0> <II = 1> <Delay = 2.28> <FuncUnit> <Opcode : 'icmp'> <InPorts = 2> <OutPorts = 1>
ST_3 : [1/1] (4.76ns)   --->   Input mux for Operation 55 '%tmp_10 = fcmp_oeq  i32 %bitcast_ln145_2, i32 %bitcast_ln145_3'
ST_3 : Operation 55 [2/2] (0.66ns)   --->   "%tmp_10 = fcmp_oeq  i32 %bitcast_ln145_2, i32 %bitcast_ln145_3" [../../C_PROGRAM/3.ContourApproximation/contour_approximation.c:145->../../C_PROGRAM/3.ContourApproximation/contour_approximation.c:160->../../C_PROGRAM/3.ContourApproximation/contour_approximation.c:112]   --->   Operation 55 'fcmp' 'tmp_10' <Predicate = (!icmp_ln158)> <Delay = 0.66> <CoreInst = "FCompare">   --->   Core 19 'FCompare' <Latency = 1> <II = 1> <Delay = 5.43> <FuncUnit> <Opcode : 'fcmp'> <InPorts = 2> <OutPorts = 1>

State 4 <SV = 3> <Delay = 9.78>
ST_4 : Operation 56 [1/1] (0.00ns)   --->   "%nb_pts_reduce_load = load i16 %nb_pts_reduce" [../../C_PROGRAM/3.ContourApproximation/contour_approximation.c:161->../../C_PROGRAM/3.ContourApproximation/contour_approximation.c:112]   --->   Operation 56 'load' 'nb_pts_reduce_load' <Predicate = (!icmp_ln158)> <Delay = 0.00>
ST_4 : Operation 57 [1/1] (0.00ns)   --->   "%specpipeline_ln159 = specpipeline void @_ssdm_op_SpecPipeline, i32 4294967295, i32 0, i32 0, i32 0, void @empty_0" [../../C_PROGRAM/3.ContourApproximation/contour_approximation.c:159->../../C_PROGRAM/3.ContourApproximation/contour_approximation.c:112]   --->   Operation 57 'specpipeline' 'specpipeline_ln159' <Predicate = (!icmp_ln158)> <Delay = 0.00>
ST_4 : Operation 58 [1/1] (0.00ns)   --->   "%speclooptripcount_ln154 = speclooptripcount void @_ssdm_op_SpecLoopTripCount, i64 0, i64 250, i64 125" [../../C_PROGRAM/3.ContourApproximation/contour_approximation.c:154->../../C_PROGRAM/3.ContourApproximation/contour_approximation.c:112]   --->   Operation 58 'speclooptripcount' 'speclooptripcount_ln154' <Predicate = (!icmp_ln158)> <Delay = 0.00>
ST_4 : Operation 59 [1/1] (0.00ns)   --->   "%specloopname_ln158 = specloopname void @_ssdm_op_SpecLoopName, void @empty_4" [../../C_PROGRAM/3.ContourApproximation/contour_approximation.c:158->../../C_PROGRAM/3.ContourApproximation/contour_approximation.c:112]   --->   Operation 59 'specloopname' 'specloopname_ln158' <Predicate = (!icmp_ln158)> <Delay = 0.00>
ST_4 : Operation 60 [1/1] (0.00ns) (grouped into LUT with out node and_ln145_4)   --->   "%or_ln145 = or i1 %icmp_ln145_1, i1 %icmp_ln145" [../../C_PROGRAM/3.ContourApproximation/contour_approximation.c:145->../../C_PROGRAM/3.ContourApproximation/contour_approximation.c:160->../../C_PROGRAM/3.ContourApproximation/contour_approximation.c:112]   --->   Operation 60 'or' 'or_ln145' <Predicate = (!icmp_ln158)> <Delay = 0.00> <CoreInst = "LogicGate">   --->   Core 74 'LogicGate' <Latency = 0> <II = 1> <Delay = 0.97> <FuncUnit> <Opcode : 'and' 'or' 'xor'> <InPorts = 2> <OutPorts = 1>
ST_4 : Operation 61 [1/1] (0.00ns) (grouped into LUT with out node and_ln145_4)   --->   "%or_ln145_1 = or i1 %icmp_ln145_3, i1 %icmp_ln145_2" [../../C_PROGRAM/3.ContourApproximation/contour_approximation.c:145->../../C_PROGRAM/3.ContourApproximation/contour_approximation.c:160->../../C_PROGRAM/3.ContourApproximation/contour_approximation.c:112]   --->   Operation 61 'or' 'or_ln145_1' <Predicate = (!icmp_ln158)> <Delay = 0.00> <CoreInst = "LogicGate">   --->   Core 74 'LogicGate' <Latency = 0> <II = 1> <Delay = 0.97> <FuncUnit> <Opcode : 'and' 'or' 'xor'> <InPorts = 2> <OutPorts = 1>
ST_4 : Operation 62 [1/1] (0.00ns) (grouped into LUT with out node and_ln145_4)   --->   "%and_ln145 = and i1 %or_ln145, i1 %or_ln145_1" [../../C_PROGRAM/3.ContourApproximation/contour_approximation.c:145->../../C_PROGRAM/3.ContourApproximation/contour_approximation.c:160->../../C_PROGRAM/3.ContourApproximation/contour_approximation.c:112]   --->   Operation 62 'and' 'and_ln145' <Predicate = (!icmp_ln158)> <Delay = 0.00> <CoreInst = "LogicGate">   --->   Core 74 'LogicGate' <Latency = 0> <II = 1> <Delay = 0.97> <FuncUnit> <Opcode : 'and' 'or' 'xor'> <InPorts = 2> <OutPorts = 1>
ST_4 : Operation 63 [1/2] (5.43ns)   --->   "%tmp_7 = fcmp_oeq  i32 %bitcast_ln145, i32 %bitcast_ln145_1" [../../C_PROGRAM/3.ContourApproximation/contour_approximation.c:145->../../C_PROGRAM/3.ContourApproximation/contour_approximation.c:160->../../C_PROGRAM/3.ContourApproximation/contour_approximation.c:112]   --->   Operation 63 'fcmp' 'tmp_7' <Predicate = (!icmp_ln158)> <Delay = 5.43> <CoreInst = "FCompare">   --->   Core 19 'FCompare' <Latency = 1> <II = 1> <Delay = 5.43> <FuncUnit> <Opcode : 'fcmp'> <InPorts = 2> <OutPorts = 1>
ST_4 : Operation 64 [1/1] (0.00ns) (grouped into LUT with out node and_ln145_4)   --->   "%and_ln145_1 = and i1 %and_ln145, i1 %tmp_7" [../../C_PROGRAM/3.ContourApproximation/contour_approximation.c:145->../../C_PROGRAM/3.ContourApproximation/contour_approximation.c:160->../../C_PROGRAM/3.ContourApproximation/contour_approximation.c:112]   --->   Operation 64 'and' 'and_ln145_1' <Predicate = (!icmp_ln158)> <Delay = 0.00> <CoreInst = "LogicGate">   --->   Core 74 'LogicGate' <Latency = 0> <II = 1> <Delay = 0.97> <FuncUnit> <Opcode : 'and' 'or' 'xor'> <InPorts = 2> <OutPorts = 1>
ST_4 : Operation 65 [1/1] (2.07ns)   --->   "%add_ln161 = add i16 %nb_pts_reduce_load, i16 1" [../../C_PROGRAM/3.ContourApproximation/contour_approximation.c:161->../../C_PROGRAM/3.ContourApproximation/contour_approximation.c:112]   --->   Operation 65 'add' 'add_ln161' <Predicate = (!icmp_ln158)> <Delay = 2.07> <CoreInst = "Adder">   --->   Core 1 'Adder' <Latency = 0> <II = 1> <Delay = 2.07> <FuncUnit> <Opcode : 'add' 'sub'> <InPorts = 2> <OutPorts = 1>
ST_4 : Operation 66 [1/1] (0.00ns) (grouped into LUT with out node and_ln145_3)   --->   "%or_ln145_2 = or i1 %icmp_ln145_5, i1 %icmp_ln145_4" [../../C_PROGRAM/3.ContourApproximation/contour_approximation.c:145->../../C_PROGRAM/3.ContourApproximation/contour_approximation.c:160->../../C_PROGRAM/3.ContourApproximation/contour_approximation.c:112]   --->   Operation 66 'or' 'or_ln145_2' <Predicate = (!icmp_ln158)> <Delay = 0.00> <CoreInst = "LogicGate">   --->   Core 74 'LogicGate' <Latency = 0> <II = 1> <Delay = 0.97> <FuncUnit> <Opcode : 'and' 'or' 'xor'> <InPorts = 2> <OutPorts = 1>
ST_4 : Operation 67 [1/1] (0.00ns) (grouped into LUT with out node and_ln145_3)   --->   "%or_ln145_3 = or i1 %icmp_ln145_7, i1 %icmp_ln145_6" [../../C_PROGRAM/3.ContourApproximation/contour_approximation.c:145->../../C_PROGRAM/3.ContourApproximation/contour_approximation.c:160->../../C_PROGRAM/3.ContourApproximation/contour_approximation.c:112]   --->   Operation 67 'or' 'or_ln145_3' <Predicate = (!icmp_ln158)> <Delay = 0.00> <CoreInst = "LogicGate">   --->   Core 74 'LogicGate' <Latency = 0> <II = 1> <Delay = 0.97> <FuncUnit> <Opcode : 'and' 'or' 'xor'> <InPorts = 2> <OutPorts = 1>
ST_4 : Operation 68 [1/1] (0.00ns) (grouped into LUT with out node and_ln145_3)   --->   "%and_ln145_2 = and i1 %or_ln145_2, i1 %or_ln145_3" [../../C_PROGRAM/3.ContourApproximation/contour_approximation.c:145->../../C_PROGRAM/3.ContourApproximation/contour_approximation.c:160->../../C_PROGRAM/3.ContourApproximation/contour_approximation.c:112]   --->   Operation 68 'and' 'and_ln145_2' <Predicate = (!icmp_ln158)> <Delay = 0.00> <CoreInst = "LogicGate">   --->   Core 74 'LogicGate' <Latency = 0> <II = 1> <Delay = 0.97> <FuncUnit> <Opcode : 'and' 'or' 'xor'> <InPorts = 2> <OutPorts = 1>
ST_4 : Operation 69 [1/2] (5.43ns)   --->   "%tmp_10 = fcmp_oeq  i32 %bitcast_ln145_2, i32 %bitcast_ln145_3" [../../C_PROGRAM/3.ContourApproximation/contour_approximation.c:145->../../C_PROGRAM/3.ContourApproximation/contour_approximation.c:160->../../C_PROGRAM/3.ContourApproximation/contour_approximation.c:112]   --->   Operation 69 'fcmp' 'tmp_10' <Predicate = (!icmp_ln158)> <Delay = 5.43> <CoreInst = "FCompare">   --->   Core 19 'FCompare' <Latency = 1> <II = 1> <Delay = 5.43> <FuncUnit> <Opcode : 'fcmp'> <InPorts = 2> <OutPorts = 1>
ST_4 : Operation 70 [1/1] (0.97ns) (out node of the LUT)   --->   "%and_ln145_3 = and i1 %and_ln145_2, i1 %tmp_10" [../../C_PROGRAM/3.ContourApproximation/contour_approximation.c:145->../../C_PROGRAM/3.ContourApproximation/contour_approximation.c:160->../../C_PROGRAM/3.ContourApproximation/contour_approximation.c:112]   --->   Operation 70 'and' 'and_ln145_3' <Predicate = (!icmp_ln158)> <Delay = 0.97> <CoreInst = "LogicGate">   --->   Core 74 'LogicGate' <Latency = 0> <II = 1> <Delay = 0.97> <FuncUnit> <Opcode : 'and' 'or' 'xor'> <InPorts = 2> <OutPorts = 1>
ST_4 : Operation 71 [1/1] (0.97ns) (out node of the LUT)   --->   "%and_ln145_4 = and i1 %and_ln145_1, i1 %and_ln145_3" [../../C_PROGRAM/3.ContourApproximation/contour_approximation.c:145->../../C_PROGRAM/3.ContourApproximation/contour_approximation.c:160->../../C_PROGRAM/3.ContourApproximation/contour_approximation.c:112]   --->   Operation 71 'and' 'and_ln145_4' <Predicate = (!icmp_ln158)> <Delay = 0.97> <CoreInst = "LogicGate">   --->   Core 74 'LogicGate' <Latency = 0> <II = 1> <Delay = 0.97> <FuncUnit> <Opcode : 'and' 'or' 'xor'> <InPorts = 2> <OutPorts = 1>
ST_4 : Operation 72 [1/1] (0.80ns) (out node of the LUT)   --->   "%nb_pts_reduce_1 = select i1 %and_ln145_4, i16 %nb_pts_reduce_load, i16 %add_ln161" [../../C_PROGRAM/3.ContourApproximation/contour_approximation.c:145->../../C_PROGRAM/3.ContourApproximation/contour_approximation.c:160->../../C_PROGRAM/3.ContourApproximation/contour_approximation.c:112]   --->   Operation 72 'select' 'nb_pts_reduce_1' <Predicate = (!icmp_ln158)> <Delay = 0.80> <CoreInst = "Sel">   --->   Core 73 'Sel' <Latency = 0> <II = 1> <Delay = 0.80> <FuncUnit> <Opcode : 'select'> <InPorts = 3> <OutPorts = 1>
ST_4 : Operation 73 [1/1] (1.58ns)   --->   "%store_ln158 = store i16 %nb_pts_reduce_1, i16 %nb_pts_reduce" [../../C_PROGRAM/3.ContourApproximation/contour_approximation.c:158->../../C_PROGRAM/3.ContourApproximation/contour_approximation.c:112]   --->   Operation 73 'store' 'store_ln158' <Predicate = (!icmp_ln158 & !icmp_ln163)> <Delay = 1.58>
ST_4 : Operation 74 [1/1] (0.00ns)   --->   "%br_ln158 = br void %for.body.i" [../../C_PROGRAM/3.ContourApproximation/contour_approximation.c:158->../../C_PROGRAM/3.ContourApproximation/contour_approximation.c:112]   --->   Operation 74 'br' 'br_ln158' <Predicate = (!icmp_ln158 & !icmp_ln163)> <Delay = 0.00>

State 5 <SV = 4> <Delay = 1.58>
ST_5 : Operation 75 [1/1] (0.00ns)   --->   "%write_ln161 = write void @_ssdm_op_Write.ap_auto.i16P0A, i16 %nb_pts_reduce_out, i16 %nb_pts_reduce_load" [../../C_PROGRAM/3.ContourApproximation/contour_approximation.c:161->../../C_PROGRAM/3.ContourApproximation/contour_approximation.c:112]   --->   Operation 75 'write' 'write_ln161' <Predicate = (!icmp_ln158)> <Delay = 0.00>
ST_5 : Operation 76 [1/1] (0.00ns)   --->   "%write_ln145 = write void @_ssdm_op_Write.ap_auto.i16P0A, i16 %nb_pts_reduce_1_out, i16 %nb_pts_reduce_1" [../../C_PROGRAM/3.ContourApproximation/contour_approximation.c:145->../../C_PROGRAM/3.ContourApproximation/contour_approximation.c:160->../../C_PROGRAM/3.ContourApproximation/contour_approximation.c:112]   --->   Operation 76 'write' 'write_ln145' <Predicate = (!icmp_ln158)> <Delay = 0.00>
ST_5 : Operation 77 [1/1] (1.58ns)   --->   "%br_ln0 = br void %UnifiedReturnBlock"   --->   Operation 77 'br' 'br_ln0' <Predicate = (!icmp_ln158)> <Delay = 1.58>
ST_5 : Operation 78 [1/1] (0.00ns)   --->   "%UnifiedRetVal = phi i1 1, void %for.body.i.PointNbReduction.exit_crit_edge.exitStub, i1 0, void %for.body.i.split_ifconv.PointNbReduction.exit_crit_edge.exitStub"   --->   Operation 78 'phi' 'UnifiedRetVal' <Predicate = true> <Delay = 0.00>
ST_5 : Operation 79 [1/1] (0.00ns)   --->   "%ret_ln0 = ret i1 %UnifiedRetVal"   --->   Operation 79 'ret' 'ret_ln0' <Predicate = true> <Delay = 0.00>

State 6 <SV = 2> <Delay = 1.58>
ST_6 : Operation 80 [1/1] (0.00ns)   --->   "%nb_pts_reduce_load_1 = load i16 %nb_pts_reduce"   --->   Operation 80 'load' 'nb_pts_reduce_load_1' <Predicate = true> <Delay = 0.00>
ST_6 : Operation 81 [1/1] (0.00ns)   --->   "%write_ln0 = write void @_ssdm_op_Write.ap_auto.i16P0A, i16 %nb_pts_reduce_out, i16 %nb_pts_reduce_load_1"   --->   Operation 81 'write' 'write_ln0' <Predicate = true> <Delay = 0.00>
ST_6 : Operation 82 [1/1] (1.58ns)   --->   "%br_ln0 = br void %UnifiedReturnBlock"   --->   Operation 82 'br' 'br_ln0' <Predicate = true> <Delay = 1.58>


============================================================
+ Verbose Summary: Timing violations
============================================================
Target clock period: 10.000ns, clock uncertainty: 0.000ns.

 <State 1>: 1.588ns
The critical path consists of the following:
	'alloca' operation ('i') [6]  (0.000 ns)
	'store' operation ('store_ln0') of constant 0 on local variable 'i' [10]  (1.588 ns)

 <State 2>: 7.670ns
The critical path consists of the following:
	'load' operation ('i', ../../C_PROGRAM/3.ContourApproximation/contour_approximation.c:160->../../C_PROGRAM/3.ContourApproximation/contour_approximation.c:112) on local variable 'i' [14]  (0.000 ns)
	'add' operation ('add_ln160', ../../C_PROGRAM/3.ContourApproximation/contour_approximation.c:160->../../C_PROGRAM/3.ContourApproximation/contour_approximation.c:112) [16]  (2.552 ns)
	'getelementptr' operation ('p_addr_2', ../../C_PROGRAM/3.ContourApproximation/contour_approximation.c:145->../../C_PROGRAM/3.ContourApproximation/contour_approximation.c:160->../../C_PROGRAM/3.ContourApproximation/contour_approximation.c:112) [29]  (0.000 ns)
	'load' operation ('p_load_2', ../../C_PROGRAM/3.ContourApproximation/contour_approximation.c:145->../../C_PROGRAM/3.ContourApproximation/contour_approximation.c:160->../../C_PROGRAM/3.ContourApproximation/contour_approximation.c:112) on array 'p' [30]  (3.254 ns)
	blocking operation 1.864 ns on control path)

 <State 3>: 8.685ns
The critical path consists of the following:
	'load' operation ('p_load', ../../C_PROGRAM/3.ContourApproximation/contour_approximation.c:145->../../C_PROGRAM/3.ContourApproximation/contour_approximation.c:160->../../C_PROGRAM/3.ContourApproximation/contour_approximation.c:112) on array 'p' [26]  (3.254 ns)
	multiplexor before operation 'fcmp' with delay (4.763 ns)
'fcmp' operation ('tmp_7', ../../C_PROGRAM/3.ContourApproximation/contour_approximation.c:145->../../C_PROGRAM/3.ContourApproximation/contour_approximation.c:160->../../C_PROGRAM/3.ContourApproximation/contour_approximation.c:112) [44]  (0.668 ns)

 <State 4>: 9.780ns
The critical path consists of the following:
	'fcmp' operation ('tmp_10', ../../C_PROGRAM/3.ContourApproximation/contour_approximation.c:145->../../C_PROGRAM/3.ContourApproximation/contour_approximation.c:160->../../C_PROGRAM/3.ContourApproximation/contour_approximation.c:112) [62]  (5.431 ns)
	'and' operation ('and_ln145_3', ../../C_PROGRAM/3.ContourApproximation/contour_approximation.c:145->../../C_PROGRAM/3.ContourApproximation/contour_approximation.c:160->../../C_PROGRAM/3.ContourApproximation/contour_approximation.c:112) [63]  (0.978 ns)
	'and' operation ('and_ln145_4', ../../C_PROGRAM/3.ContourApproximation/contour_approximation.c:145->../../C_PROGRAM/3.ContourApproximation/contour_approximation.c:160->../../C_PROGRAM/3.ContourApproximation/contour_approximation.c:112) [64]  (0.978 ns)
	'select' operation ('nb_pts_reduce', ../../C_PROGRAM/3.ContourApproximation/contour_approximation.c:145->../../C_PROGRAM/3.ContourApproximation/contour_approximation.c:160->../../C_PROGRAM/3.ContourApproximation/contour_approximation.c:112) [65]  (0.805 ns)
	'store' operation ('store_ln158', ../../C_PROGRAM/3.ContourApproximation/contour_approximation.c:158->../../C_PROGRAM/3.ContourApproximation/contour_approximation.c:112) of variable 'nb_pts_reduce', ../../C_PROGRAM/3.ContourApproximation/contour_approximation.c:145->../../C_PROGRAM/3.ContourApproximation/contour_approximation.c:160->../../C_PROGRAM/3.ContourApproximation/contour_approximation.c:112 on local variable 'nb_pts_reduce' [70]  (1.588 ns)

 <State 5>: 1.588ns
The critical path consists of the following:
	multiplexor before 'phi' operation ('UnifiedRetVal') [81]  (1.588 ns)
	'phi' operation ('UnifiedRetVal') [81]  (0.000 ns)

 <State 6>: 1.588ns
The critical path consists of the following:
	multiplexor before 'phi' operation ('UnifiedRetVal') [81]  (1.588 ns)


============================================================
+ Verbose Summary: Binding
============================================================
N/A
* FSMD analyzer results:
  - Output states:
 - Input state : 
  - Chain level:
	State 1
	State 2
	State 3
	State 4
	State 5
	State 6


============================================================
+ Verbose Summary: Datapath Resource usage 
============================================================
N/A
