

================================================================
== Vitis HLS Report for 'LinearLine'
================================================================
* Date:           Thu Dec  5 15:23:41 2024

* Version:        2023.1 (Build 3854077 on May  4 2023)
* Project:        contour_approximation
* Solution:       solution1 (Vivado IP Flow Target)
* Product family: zynq
* Target device:  xc7z020-clg484-1


================================================================
== Performance Estimates
================================================================
+ Timing: 
    * Summary: 
    +--------+----------+----------+------------+
    |  Clock |  Target  | Estimated| Uncertainty|
    +--------+----------+----------+------------+
    |ap_clk  |  10.00 ns|  8.754 ns|        0 ns|
    +--------+----------+----------+------------+

+ Latency: 
    * Summary: 
    +---------+---------+----------+----------+-----+-----+---------+
    |  Latency (cycles) |  Latency (absolute) |  Interval | Pipeline|
    |   min   |   max   |    min   |    max   | min | max |   Type  |
    +---------+---------+----------+----------+-----+-----+---------+
    |       29|       29|  0.290 us|  0.290 us|   29|   29|       no|
    +---------+---------+----------+----------+-----+-----+---------+

    + Detail: 
        * Instance: 
        N/A

        * Loop: 
        N/A

============================================================
+ Verbose Summary: Synthesis Manager
============================================================
InlineROM: 1
ExposeGlobal: 0
============================================================
+ Verbose Summary: CDFG Model
============================================================
IsTopModel: 0
ResetActiveHigh: 1
IsCombinational: 0
IsDatapathOnly: 0
HasWiredReturn: 1
HasMFsm: 0
HasVarLatency: 1
IsPipeline: 0
IsRtlPipelined: 0
IsInstanceOverlapped: 0
IsDontTouch: 0
HasImplIP: 0
IsGatedGlobalClock: 0


============================================================
+ Verbose Summary: Schedule
============================================================
* Number of FSM states : 30
* Pipeline : 0
* Dataflow Pipeline: 0

* FSM state transitions: 
1 --> 2 
2 --> 3 
3 --> 4 
4 --> 5 
5 --> 6 
6 --> 7 
7 --> 8 
8 --> 9 
9 --> 10 
10 --> 11 
11 --> 12 
12 --> 13 
13 --> 14 
14 --> 15 
15 --> 16 
16 --> 17 
17 --> 18 
18 --> 19 
19 --> 20 
20 --> 21 
21 --> 22 
22 --> 23 
23 --> 24 
24 --> 25 
25 --> 26 
26 --> 27 
27 --> 28 
28 --> 29 
29 --> 30 
30 --> 

* FSM state operations: 

State 1 <SV = 0> <Delay = 7.25>
ST_1 : Operation 31 [1/1] (0.00ns)   --->   "%LastP_val_read = read i64 @_ssdm_op_Read.ap_auto.i64, i64 %LastP_val" [../../C_PROGRAM/3.ContourApproximation/contour_approximation.c:9]   --->   Operation 31 'read' 'LastP_val_read' <Predicate = true> <Delay = 0.00>
ST_1 : Operation 32 [1/1] (0.00ns)   --->   "%FirstP_val_read = read i64 @_ssdm_op_Read.ap_auto.i64, i64 %FirstP_val" [../../C_PROGRAM/3.ContourApproximation/contour_approximation.c:9]   --->   Operation 32 'read' 'FirstP_val_read' <Predicate = true> <Delay = 0.00>
ST_1 : Operation 33 [1/1] (0.00ns)   --->   "%trunc_ln9 = trunc i64 %FirstP_val_read" [../../C_PROGRAM/3.ContourApproximation/contour_approximation.c:9]   --->   Operation 33 'trunc' 'trunc_ln9' <Predicate = true> <Delay = 0.00>
ST_1 : Operation 34 [1/1] (0.00ns)   --->   "%bitcast_ln9 = bitcast i32 %trunc_ln9" [../../C_PROGRAM/3.ContourApproximation/contour_approximation.c:9]   --->   Operation 34 'bitcast' 'bitcast_ln9' <Predicate = true> <Delay = 0.00>
ST_1 : Operation 35 [1/1] (0.00ns)   --->   "%trunc_ln9_1 = trunc i64 %LastP_val_read" [../../C_PROGRAM/3.ContourApproximation/contour_approximation.c:9]   --->   Operation 35 'trunc' 'trunc_ln9_1' <Predicate = true> <Delay = 0.00>
ST_1 : Operation 36 [1/1] (0.00ns)   --->   "%bitcast_ln9_1 = bitcast i32 %trunc_ln9_1" [../../C_PROGRAM/3.ContourApproximation/contour_approximation.c:9]   --->   Operation 36 'bitcast' 'bitcast_ln9_1' <Predicate = true> <Delay = 0.00>
ST_1 : [1/1] (1.70ns)   --->   Input mux for Operation 37 '%sub = fsub i32 %bitcast_ln9, i32 %bitcast_ln9_1'
ST_1 : Operation 37 [5/5] (5.54ns)   --->   "%sub = fsub i32 %bitcast_ln9, i32 %bitcast_ln9_1" [../../C_PROGRAM/3.ContourApproximation/contour_approximation.c:9]   --->   Operation 37 'fsub' 'sub' <Predicate = true> <Delay = 5.54> <CoreInst = "FAddSub_fulldsp">   --->   Core 18 'FAddSub_fulldsp' <Latency = 4> <II = 1> <Delay = 7.25> <FuncUnit> <Opcode : 'fadd' 'fsub'> <InPorts = 2> <OutPorts = 1>
ST_1 : Operation 38 [1/1] (0.00ns)   --->   "%tmp = partselect i8 @_ssdm_op_PartSelect.i8.i64.i32.i32, i64 %FirstP_val_read, i32 23, i32 30" [../../C_PROGRAM/3.ContourApproximation/contour_approximation.c:12]   --->   Operation 38 'partselect' 'tmp' <Predicate = true> <Delay = 0.00>
ST_1 : Operation 39 [1/1] (0.00ns)   --->   "%trunc_ln12 = trunc i64 %FirstP_val_read" [../../C_PROGRAM/3.ContourApproximation/contour_approximation.c:12]   --->   Operation 39 'trunc' 'trunc_ln12' <Predicate = true> <Delay = 0.00>
ST_1 : Operation 40 [1/1] (0.00ns)   --->   "%tmp_1 = partselect i8 @_ssdm_op_PartSelect.i8.i64.i32.i32, i64 %LastP_val_read, i32 23, i32 30" [../../C_PROGRAM/3.ContourApproximation/contour_approximation.c:12]   --->   Operation 40 'partselect' 'tmp_1' <Predicate = true> <Delay = 0.00>
ST_1 : Operation 41 [1/1] (0.00ns)   --->   "%trunc_ln12_1 = trunc i64 %LastP_val_read" [../../C_PROGRAM/3.ContourApproximation/contour_approximation.c:12]   --->   Operation 41 'trunc' 'trunc_ln12_1' <Predicate = true> <Delay = 0.00>
ST_1 : Operation 42 [1/1] (1.91ns)   --->   "%icmp_ln12 = icmp_ne  i8 %tmp, i8 255" [../../C_PROGRAM/3.ContourApproximation/contour_approximation.c:12]   --->   Operation 42 'icmp' 'icmp_ln12' <Predicate = true> <Delay = 1.91> <CoreInst = "Cmp">   --->   Core 9 'Cmp' <Latency = 0> <II = 1> <Delay = 1.91> <FuncUnit> <Opcode : 'icmp'> <InPorts = 2> <OutPorts = 1>
ST_1 : Operation 43 [1/1] (2.28ns)   --->   "%icmp_ln12_1 = icmp_eq  i23 %trunc_ln12, i23 0" [../../C_PROGRAM/3.ContourApproximation/contour_approximation.c:12]   --->   Operation 43 'icmp' 'icmp_ln12_1' <Predicate = true> <Delay = 2.28> <CoreInst = "Cmp">   --->   Core 9 'Cmp' <Latency = 0> <II = 1> <Delay = 2.28> <FuncUnit> <Opcode : 'icmp'> <InPorts = 2> <OutPorts = 1>
ST_1 : Operation 44 [1/1] (1.91ns)   --->   "%icmp_ln12_2 = icmp_ne  i8 %tmp_1, i8 255" [../../C_PROGRAM/3.ContourApproximation/contour_approximation.c:12]   --->   Operation 44 'icmp' 'icmp_ln12_2' <Predicate = true> <Delay = 1.91> <CoreInst = "Cmp">   --->   Core 9 'Cmp' <Latency = 0> <II = 1> <Delay = 1.91> <FuncUnit> <Opcode : 'icmp'> <InPorts = 2> <OutPorts = 1>
ST_1 : Operation 45 [1/1] (2.28ns)   --->   "%icmp_ln12_3 = icmp_eq  i23 %trunc_ln12_1, i23 0" [../../C_PROGRAM/3.ContourApproximation/contour_approximation.c:12]   --->   Operation 45 'icmp' 'icmp_ln12_3' <Predicate = true> <Delay = 2.28> <CoreInst = "Cmp">   --->   Core 9 'Cmp' <Latency = 0> <II = 1> <Delay = 2.28> <FuncUnit> <Opcode : 'icmp'> <InPorts = 2> <OutPorts = 1>
ST_1 : [1/1] (1.58ns)   --->   Input mux for Operation 46 '%tmp_2 = fcmp_oeq  i32 %bitcast_ln9, i32 %bitcast_ln9_1'
ST_1 : Operation 46 [2/2] (3.84ns)   --->   "%tmp_2 = fcmp_oeq  i32 %bitcast_ln9, i32 %bitcast_ln9_1" [../../C_PROGRAM/3.ContourApproximation/contour_approximation.c:12]   --->   Operation 46 'fcmp' 'tmp_2' <Predicate = true> <Delay = 3.84> <CoreInst = "FCompare">   --->   Core 19 'FCompare' <Latency = 1> <II = 1> <Delay = 5.43> <FuncUnit> <Opcode : 'fcmp'> <InPorts = 2> <OutPorts = 1>
ST_1 : Operation 47 [1/1] (0.00ns)   --->   "%trunc_ln1 = partselect i32 @_ssdm_op_PartSelect.i32.i64.i32.i32, i64 %FirstP_val_read, i32 32, i32 63" [../../C_PROGRAM/3.ContourApproximation/contour_approximation.c:18]   --->   Operation 47 'partselect' 'trunc_ln1' <Predicate = true> <Delay = 0.00>
ST_1 : Operation 48 [1/1] (0.00ns)   --->   "%bitcast_ln18 = bitcast i32 %trunc_ln1" [../../C_PROGRAM/3.ContourApproximation/contour_approximation.c:18]   --->   Operation 48 'bitcast' 'bitcast_ln18' <Predicate = true> <Delay = 0.00>
ST_1 : Operation 49 [1/1] (0.00ns)   --->   "%trunc_ln18_1 = partselect i32 @_ssdm_op_PartSelect.i32.i64.i32.i32, i64 %LastP_val_read, i32 32, i32 63" [../../C_PROGRAM/3.ContourApproximation/contour_approximation.c:18]   --->   Operation 49 'partselect' 'trunc_ln18_1' <Predicate = true> <Delay = 0.00>
ST_1 : Operation 50 [1/1] (0.00ns)   --->   "%bitcast_ln18_1 = bitcast i32 %trunc_ln18_1" [../../C_PROGRAM/3.ContourApproximation/contour_approximation.c:18]   --->   Operation 50 'bitcast' 'bitcast_ln18_1' <Predicate = true> <Delay = 0.00>
ST_1 : Operation 51 [1/1] (0.00ns)   --->   "%tmp_3 = partselect i8 @_ssdm_op_PartSelect.i8.i64.i32.i32, i64 %FirstP_val_read, i32 55, i32 62" [../../C_PROGRAM/3.ContourApproximation/contour_approximation.c:18]   --->   Operation 51 'partselect' 'tmp_3' <Predicate = true> <Delay = 0.00>
ST_1 : Operation 52 [1/1] (0.00ns)   --->   "%trunc_ln18_2 = partselect i23 @_ssdm_op_PartSelect.i23.i64.i32.i32, i64 %FirstP_val_read, i32 32, i32 54" [../../C_PROGRAM/3.ContourApproximation/contour_approximation.c:18]   --->   Operation 52 'partselect' 'trunc_ln18_2' <Predicate = true> <Delay = 0.00>
ST_1 : Operation 53 [1/1] (0.00ns)   --->   "%tmp_4 = partselect i8 @_ssdm_op_PartSelect.i8.i64.i32.i32, i64 %LastP_val_read, i32 55, i32 62" [../../C_PROGRAM/3.ContourApproximation/contour_approximation.c:18]   --->   Operation 53 'partselect' 'tmp_4' <Predicate = true> <Delay = 0.00>
ST_1 : Operation 54 [1/1] (0.00ns)   --->   "%trunc_ln18_3 = partselect i23 @_ssdm_op_PartSelect.i23.i64.i32.i32, i64 %LastP_val_read, i32 32, i32 54" [../../C_PROGRAM/3.ContourApproximation/contour_approximation.c:18]   --->   Operation 54 'partselect' 'trunc_ln18_3' <Predicate = true> <Delay = 0.00>
ST_1 : Operation 55 [1/1] (1.91ns)   --->   "%icmp_ln18 = icmp_ne  i8 %tmp_3, i8 255" [../../C_PROGRAM/3.ContourApproximation/contour_approximation.c:18]   --->   Operation 55 'icmp' 'icmp_ln18' <Predicate = true> <Delay = 1.91> <CoreInst = "Cmp">   --->   Core 9 'Cmp' <Latency = 0> <II = 1> <Delay = 1.91> <FuncUnit> <Opcode : 'icmp'> <InPorts = 2> <OutPorts = 1>
ST_1 : Operation 56 [1/1] (2.28ns)   --->   "%icmp_ln18_1 = icmp_eq  i23 %trunc_ln18_2, i23 0" [../../C_PROGRAM/3.ContourApproximation/contour_approximation.c:18]   --->   Operation 56 'icmp' 'icmp_ln18_1' <Predicate = true> <Delay = 2.28> <CoreInst = "Cmp">   --->   Core 9 'Cmp' <Latency = 0> <II = 1> <Delay = 2.28> <FuncUnit> <Opcode : 'icmp'> <InPorts = 2> <OutPorts = 1>
ST_1 : Operation 57 [1/1] (1.91ns)   --->   "%icmp_ln18_2 = icmp_ne  i8 %tmp_4, i8 255" [../../C_PROGRAM/3.ContourApproximation/contour_approximation.c:18]   --->   Operation 57 'icmp' 'icmp_ln18_2' <Predicate = true> <Delay = 1.91> <CoreInst = "Cmp">   --->   Core 9 'Cmp' <Latency = 0> <II = 1> <Delay = 1.91> <FuncUnit> <Opcode : 'icmp'> <InPorts = 2> <OutPorts = 1>
ST_1 : Operation 58 [1/1] (2.28ns)   --->   "%icmp_ln18_3 = icmp_eq  i23 %trunc_ln18_3, i23 0" [../../C_PROGRAM/3.ContourApproximation/contour_approximation.c:18]   --->   Operation 58 'icmp' 'icmp_ln18_3' <Predicate = true> <Delay = 2.28> <CoreInst = "Cmp">   --->   Core 9 'Cmp' <Latency = 0> <II = 1> <Delay = 2.28> <FuncUnit> <Opcode : 'icmp'> <InPorts = 2> <OutPorts = 1>
ST_1 : [1/1] (1.58ns)   --->   Input mux for Operation 59 '%tmp_5 = fcmp_oeq  i32 %bitcast_ln18, i32 %bitcast_ln18_1'
ST_1 : Operation 59 [2/2] (3.84ns)   --->   "%tmp_5 = fcmp_oeq  i32 %bitcast_ln18, i32 %bitcast_ln18_1" [../../C_PROGRAM/3.ContourApproximation/contour_approximation.c:18]   --->   Operation 59 'fcmp' 'tmp_5' <Predicate = true> <Delay = 3.84> <CoreInst = "FCompare">   --->   Core 19 'FCompare' <Latency = 1> <II = 1> <Delay = 5.43> <FuncUnit> <Opcode : 'fcmp'> <InPorts = 2> <OutPorts = 1>
ST_1 : [1/1] (1.70ns)   --->   Input mux for Operation 60 '%sub2 = fsub i32 %bitcast_ln18, i32 %bitcast_ln18_1'
ST_1 : Operation 60 [5/5] (5.54ns)   --->   "%sub2 = fsub i32 %bitcast_ln18, i32 %bitcast_ln18_1" [../../C_PROGRAM/3.ContourApproximation/contour_approximation.c:26]   --->   Operation 60 'fsub' 'sub2' <Predicate = true> <Delay = 5.54> <CoreInst = "FAddSub_fulldsp">   --->   Core 18 'FAddSub_fulldsp' <Latency = 4> <II = 1> <Delay = 7.25> <FuncUnit> <Opcode : 'fadd' 'fsub'> <InPorts = 2> <OutPorts = 1>

State 2 <SV = 1> <Delay = 7.38>
ST_2 : Operation 61 [4/5] (7.25ns)   --->   "%sub = fsub i32 %bitcast_ln9, i32 %bitcast_ln9_1" [../../C_PROGRAM/3.ContourApproximation/contour_approximation.c:9]   --->   Operation 61 'fsub' 'sub' <Predicate = true> <Delay = 7.25> <CoreInst = "FAddSub_fulldsp">   --->   Core 18 'FAddSub_fulldsp' <Latency = 4> <II = 1> <Delay = 7.25> <FuncUnit> <Opcode : 'fadd' 'fsub'> <InPorts = 2> <OutPorts = 1>
ST_2 : Operation 62 [1/1] (0.00ns) (grouped into LUT with out node and_ln12_1)   --->   "%or_ln12 = or i1 %icmp_ln12_1, i1 %icmp_ln12" [../../C_PROGRAM/3.ContourApproximation/contour_approximation.c:12]   --->   Operation 62 'or' 'or_ln12' <Predicate = true> <Delay = 0.00> <CoreInst = "LogicGate">   --->   Core 74 'LogicGate' <Latency = 0> <II = 1> <Delay = 0.97> <FuncUnit> <Opcode : 'and' 'or' 'xor'> <InPorts = 2> <OutPorts = 1>
ST_2 : Operation 63 [1/1] (0.00ns) (grouped into LUT with out node and_ln12_1)   --->   "%or_ln12_1 = or i1 %icmp_ln12_3, i1 %icmp_ln12_2" [../../C_PROGRAM/3.ContourApproximation/contour_approximation.c:12]   --->   Operation 63 'or' 'or_ln12_1' <Predicate = true> <Delay = 0.00> <CoreInst = "LogicGate">   --->   Core 74 'LogicGate' <Latency = 0> <II = 1> <Delay = 0.97> <FuncUnit> <Opcode : 'and' 'or' 'xor'> <InPorts = 2> <OutPorts = 1>
ST_2 : Operation 64 [1/1] (0.00ns) (grouped into LUT with out node and_ln12_1)   --->   "%and_ln12 = and i1 %or_ln12, i1 %or_ln12_1" [../../C_PROGRAM/3.ContourApproximation/contour_approximation.c:12]   --->   Operation 64 'and' 'and_ln12' <Predicate = true> <Delay = 0.00> <CoreInst = "LogicGate">   --->   Core 74 'LogicGate' <Latency = 0> <II = 1> <Delay = 0.97> <FuncUnit> <Opcode : 'and' 'or' 'xor'> <InPorts = 2> <OutPorts = 1>
ST_2 : Operation 65 [1/2] (5.43ns)   --->   "%tmp_2 = fcmp_oeq  i32 %bitcast_ln9, i32 %bitcast_ln9_1" [../../C_PROGRAM/3.ContourApproximation/contour_approximation.c:12]   --->   Operation 65 'fcmp' 'tmp_2' <Predicate = true> <Delay = 5.43> <CoreInst = "FCompare">   --->   Core 19 'FCompare' <Latency = 1> <II = 1> <Delay = 5.43> <FuncUnit> <Opcode : 'fcmp'> <InPorts = 2> <OutPorts = 1>
ST_2 : Operation 66 [1/1] (0.97ns) (out node of the LUT)   --->   "%and_ln12_1 = and i1 %and_ln12, i1 %tmp_2" [../../C_PROGRAM/3.ContourApproximation/contour_approximation.c:12]   --->   Operation 66 'and' 'and_ln12_1' <Predicate = true> <Delay = 0.97> <CoreInst = "LogicGate">   --->   Core 74 'LogicGate' <Latency = 0> <II = 1> <Delay = 0.97> <FuncUnit> <Opcode : 'and' 'or' 'xor'> <InPorts = 2> <OutPorts = 1>
ST_2 : Operation 67 [1/1] (0.00ns) (grouped into LUT with out node and_ln18_2)   --->   "%or_ln18 = or i1 %icmp_ln18_1, i1 %icmp_ln18" [../../C_PROGRAM/3.ContourApproximation/contour_approximation.c:18]   --->   Operation 67 'or' 'or_ln18' <Predicate = true> <Delay = 0.00> <CoreInst = "LogicGate">   --->   Core 74 'LogicGate' <Latency = 0> <II = 1> <Delay = 0.97> <FuncUnit> <Opcode : 'and' 'or' 'xor'> <InPorts = 2> <OutPorts = 1>
ST_2 : Operation 68 [1/1] (0.00ns) (grouped into LUT with out node and_ln18_2)   --->   "%or_ln18_1 = or i1 %icmp_ln18_3, i1 %icmp_ln18_2" [../../C_PROGRAM/3.ContourApproximation/contour_approximation.c:18]   --->   Operation 68 'or' 'or_ln18_1' <Predicate = true> <Delay = 0.00> <CoreInst = "LogicGate">   --->   Core 74 'LogicGate' <Latency = 0> <II = 1> <Delay = 0.97> <FuncUnit> <Opcode : 'and' 'or' 'xor'> <InPorts = 2> <OutPorts = 1>
ST_2 : Operation 69 [1/1] (0.00ns) (grouped into LUT with out node and_ln18_2)   --->   "%and_ln18 = and i1 %or_ln18, i1 %or_ln18_1" [../../C_PROGRAM/3.ContourApproximation/contour_approximation.c:18]   --->   Operation 69 'and' 'and_ln18' <Predicate = true> <Delay = 0.00> <CoreInst = "LogicGate">   --->   Core 74 'LogicGate' <Latency = 0> <II = 1> <Delay = 0.97> <FuncUnit> <Opcode : 'and' 'or' 'xor'> <InPorts = 2> <OutPorts = 1>
ST_2 : Operation 70 [1/2] (5.43ns)   --->   "%tmp_5 = fcmp_oeq  i32 %bitcast_ln18, i32 %bitcast_ln18_1" [../../C_PROGRAM/3.ContourApproximation/contour_approximation.c:18]   --->   Operation 70 'fcmp' 'tmp_5' <Predicate = true> <Delay = 5.43> <CoreInst = "FCompare">   --->   Core 19 'FCompare' <Latency = 1> <II = 1> <Delay = 5.43> <FuncUnit> <Opcode : 'fcmp'> <InPorts = 2> <OutPorts = 1>
ST_2 : Operation 71 [1/1] (0.00ns) (grouped into LUT with out node and_ln18_2)   --->   "%and_ln18_1 = and i1 %and_ln18, i1 %tmp_5" [../../C_PROGRAM/3.ContourApproximation/contour_approximation.c:18]   --->   Operation 71 'and' 'and_ln18_1' <Predicate = true> <Delay = 0.00> <CoreInst = "LogicGate">   --->   Core 74 'LogicGate' <Latency = 0> <II = 1> <Delay = 0.97> <FuncUnit> <Opcode : 'and' 'or' 'xor'> <InPorts = 2> <OutPorts = 1>
ST_2 : Operation 72 [4/5] (7.25ns)   --->   "%sub2 = fsub i32 %bitcast_ln18, i32 %bitcast_ln18_1" [../../C_PROGRAM/3.ContourApproximation/contour_approximation.c:26]   --->   Operation 72 'fsub' 'sub2' <Predicate = true> <Delay = 7.25> <CoreInst = "FAddSub_fulldsp">   --->   Core 18 'FAddSub_fulldsp' <Latency = 4> <II = 1> <Delay = 7.25> <FuncUnit> <Opcode : 'fadd' 'fsub'> <InPorts = 2> <OutPorts = 1>
ST_2 : Operation 73 [1/1] (0.00ns) (grouped into LUT with out node and_ln18_2)   --->   "%xor_ln12 = xor i1 %and_ln12_1, i1 1" [../../C_PROGRAM/3.ContourApproximation/contour_approximation.c:12]   --->   Operation 73 'xor' 'xor_ln12' <Predicate = true> <Delay = 0.00> <CoreInst = "LogicGate">   --->   Core 74 'LogicGate' <Latency = 0> <II = 1> <Delay = 0.97> <FuncUnit> <Opcode : 'and' 'or' 'xor'> <InPorts = 2> <OutPorts = 1>
ST_2 : Operation 74 [1/1] (0.97ns) (out node of the LUT)   --->   "%and_ln18_2 = and i1 %and_ln18_1, i1 %xor_ln12" [../../C_PROGRAM/3.ContourApproximation/contour_approximation.c:18]   --->   Operation 74 'and' 'and_ln18_2' <Predicate = true> <Delay = 0.97> <CoreInst = "LogicGate">   --->   Core 74 'LogicGate' <Latency = 0> <II = 1> <Delay = 0.97> <FuncUnit> <Opcode : 'and' 'or' 'xor'> <InPorts = 2> <OutPorts = 1>

State 3 <SV = 2> <Delay = 7.25>
ST_3 : Operation 75 [3/5] (7.25ns)   --->   "%sub = fsub i32 %bitcast_ln9, i32 %bitcast_ln9_1" [../../C_PROGRAM/3.ContourApproximation/contour_approximation.c:9]   --->   Operation 75 'fsub' 'sub' <Predicate = true> <Delay = 7.25> <CoreInst = "FAddSub_fulldsp">   --->   Core 18 'FAddSub_fulldsp' <Latency = 4> <II = 1> <Delay = 7.25> <FuncUnit> <Opcode : 'fadd' 'fsub'> <InPorts = 2> <OutPorts = 1>
ST_3 : Operation 76 [3/5] (7.25ns)   --->   "%sub2 = fsub i32 %bitcast_ln18, i32 %bitcast_ln18_1" [../../C_PROGRAM/3.ContourApproximation/contour_approximation.c:26]   --->   Operation 76 'fsub' 'sub2' <Predicate = true> <Delay = 7.25> <CoreInst = "FAddSub_fulldsp">   --->   Core 18 'FAddSub_fulldsp' <Latency = 4> <II = 1> <Delay = 7.25> <FuncUnit> <Opcode : 'fadd' 'fsub'> <InPorts = 2> <OutPorts = 1>

State 4 <SV = 3> <Delay = 7.25>
ST_4 : Operation 77 [2/5] (7.25ns)   --->   "%sub = fsub i32 %bitcast_ln9, i32 %bitcast_ln9_1" [../../C_PROGRAM/3.ContourApproximation/contour_approximation.c:9]   --->   Operation 77 'fsub' 'sub' <Predicate = true> <Delay = 7.25> <CoreInst = "FAddSub_fulldsp">   --->   Core 18 'FAddSub_fulldsp' <Latency = 4> <II = 1> <Delay = 7.25> <FuncUnit> <Opcode : 'fadd' 'fsub'> <InPorts = 2> <OutPorts = 1>
ST_4 : Operation 78 [2/5] (7.25ns)   --->   "%sub2 = fsub i32 %bitcast_ln18, i32 %bitcast_ln18_1" [../../C_PROGRAM/3.ContourApproximation/contour_approximation.c:26]   --->   Operation 78 'fsub' 'sub2' <Predicate = true> <Delay = 7.25> <CoreInst = "FAddSub_fulldsp">   --->   Core 18 'FAddSub_fulldsp' <Latency = 4> <II = 1> <Delay = 7.25> <FuncUnit> <Opcode : 'fadd' 'fsub'> <InPorts = 2> <OutPorts = 1>

State 5 <SV = 4> <Delay = 7.25>
ST_5 : Operation 79 [1/5] (7.25ns)   --->   "%sub = fsub i32 %bitcast_ln9, i32 %bitcast_ln9_1" [../../C_PROGRAM/3.ContourApproximation/contour_approximation.c:9]   --->   Operation 79 'fsub' 'sub' <Predicate = true> <Delay = 7.25> <CoreInst = "FAddSub_fulldsp">   --->   Core 18 'FAddSub_fulldsp' <Latency = 4> <II = 1> <Delay = 7.25> <FuncUnit> <Opcode : 'fadd' 'fsub'> <InPorts = 2> <OutPorts = 1>
ST_5 : Operation 80 [1/5] (7.25ns)   --->   "%sub2 = fsub i32 %bitcast_ln18, i32 %bitcast_ln18_1" [../../C_PROGRAM/3.ContourApproximation/contour_approximation.c:26]   --->   Operation 80 'fsub' 'sub2' <Predicate = true> <Delay = 7.25> <CoreInst = "FAddSub_fulldsp">   --->   Core 18 'FAddSub_fulldsp' <Latency = 4> <II = 1> <Delay = 7.25> <FuncUnit> <Opcode : 'fadd' 'fsub'> <InPorts = 2> <OutPorts = 1>

State 6 <SV = 5> <Delay = 8.75>
ST_6 : Operation 81 [12/12] (8.75ns)   --->   "%inverse = fdiv i32 1, i32 %sub" [../../C_PROGRAM/3.ContourApproximation/contour_approximation.c:9]   --->   Operation 81 'fdiv' 'inverse' <Predicate = true> <Delay = 8.75> <CoreInst = "FDiv">   --->   Core 20 'FDiv' <Latency = 11> <II = 1> <Delay = 8.75> <FuncUnit> <Opcode : 'fdiv' 'frem'> <InPorts = 2> <OutPorts = 1>

State 7 <SV = 6> <Delay = 8.75>
ST_7 : Operation 82 [11/12] (8.75ns)   --->   "%inverse = fdiv i32 1, i32 %sub" [../../C_PROGRAM/3.ContourApproximation/contour_approximation.c:9]   --->   Operation 82 'fdiv' 'inverse' <Predicate = true> <Delay = 8.75> <CoreInst = "FDiv">   --->   Core 20 'FDiv' <Latency = 11> <II = 1> <Delay = 8.75> <FuncUnit> <Opcode : 'fdiv' 'frem'> <InPorts = 2> <OutPorts = 1>

State 8 <SV = 7> <Delay = 8.75>
ST_8 : Operation 83 [10/12] (8.75ns)   --->   "%inverse = fdiv i32 1, i32 %sub" [../../C_PROGRAM/3.ContourApproximation/contour_approximation.c:9]   --->   Operation 83 'fdiv' 'inverse' <Predicate = true> <Delay = 8.75> <CoreInst = "FDiv">   --->   Core 20 'FDiv' <Latency = 11> <II = 1> <Delay = 8.75> <FuncUnit> <Opcode : 'fdiv' 'frem'> <InPorts = 2> <OutPorts = 1>

State 9 <SV = 8> <Delay = 8.75>
ST_9 : Operation 84 [9/12] (8.75ns)   --->   "%inverse = fdiv i32 1, i32 %sub" [../../C_PROGRAM/3.ContourApproximation/contour_approximation.c:9]   --->   Operation 84 'fdiv' 'inverse' <Predicate = true> <Delay = 8.75> <CoreInst = "FDiv">   --->   Core 20 'FDiv' <Latency = 11> <II = 1> <Delay = 8.75> <FuncUnit> <Opcode : 'fdiv' 'frem'> <InPorts = 2> <OutPorts = 1>

State 10 <SV = 9> <Delay = 8.75>
ST_10 : Operation 85 [8/12] (8.75ns)   --->   "%inverse = fdiv i32 1, i32 %sub" [../../C_PROGRAM/3.ContourApproximation/contour_approximation.c:9]   --->   Operation 85 'fdiv' 'inverse' <Predicate = true> <Delay = 8.75> <CoreInst = "FDiv">   --->   Core 20 'FDiv' <Latency = 11> <II = 1> <Delay = 8.75> <FuncUnit> <Opcode : 'fdiv' 'frem'> <InPorts = 2> <OutPorts = 1>

State 11 <SV = 10> <Delay = 8.75>
ST_11 : Operation 86 [7/12] (8.75ns)   --->   "%inverse = fdiv i32 1, i32 %sub" [../../C_PROGRAM/3.ContourApproximation/contour_approximation.c:9]   --->   Operation 86 'fdiv' 'inverse' <Predicate = true> <Delay = 8.75> <CoreInst = "FDiv">   --->   Core 20 'FDiv' <Latency = 11> <II = 1> <Delay = 8.75> <FuncUnit> <Opcode : 'fdiv' 'frem'> <InPorts = 2> <OutPorts = 1>

State 12 <SV = 11> <Delay = 8.75>
ST_12 : Operation 87 [6/12] (8.75ns)   --->   "%inverse = fdiv i32 1, i32 %sub" [../../C_PROGRAM/3.ContourApproximation/contour_approximation.c:9]   --->   Operation 87 'fdiv' 'inverse' <Predicate = true> <Delay = 8.75> <CoreInst = "FDiv">   --->   Core 20 'FDiv' <Latency = 11> <II = 1> <Delay = 8.75> <FuncUnit> <Opcode : 'fdiv' 'frem'> <InPorts = 2> <OutPorts = 1>

State 13 <SV = 12> <Delay = 8.75>
ST_13 : Operation 88 [5/12] (8.75ns)   --->   "%inverse = fdiv i32 1, i32 %sub" [../../C_PROGRAM/3.ContourApproximation/contour_approximation.c:9]   --->   Operation 88 'fdiv' 'inverse' <Predicate = true> <Delay = 8.75> <CoreInst = "FDiv">   --->   Core 20 'FDiv' <Latency = 11> <II = 1> <Delay = 8.75> <FuncUnit> <Opcode : 'fdiv' 'frem'> <InPorts = 2> <OutPorts = 1>

State 14 <SV = 13> <Delay = 8.75>
ST_14 : Operation 89 [4/12] (8.75ns)   --->   "%inverse = fdiv i32 1, i32 %sub" [../../C_PROGRAM/3.ContourApproximation/contour_approximation.c:9]   --->   Operation 89 'fdiv' 'inverse' <Predicate = true> <Delay = 8.75> <CoreInst = "FDiv">   --->   Core 20 'FDiv' <Latency = 11> <II = 1> <Delay = 8.75> <FuncUnit> <Opcode : 'fdiv' 'frem'> <InPorts = 2> <OutPorts = 1>

State 15 <SV = 14> <Delay = 8.75>
ST_15 : Operation 90 [3/12] (8.75ns)   --->   "%inverse = fdiv i32 1, i32 %sub" [../../C_PROGRAM/3.ContourApproximation/contour_approximation.c:9]   --->   Operation 90 'fdiv' 'inverse' <Predicate = true> <Delay = 8.75> <CoreInst = "FDiv">   --->   Core 20 'FDiv' <Latency = 11> <II = 1> <Delay = 8.75> <FuncUnit> <Opcode : 'fdiv' 'frem'> <InPorts = 2> <OutPorts = 1>

State 16 <SV = 15> <Delay = 8.75>
ST_16 : Operation 91 [2/12] (8.75ns)   --->   "%inverse = fdiv i32 1, i32 %sub" [../../C_PROGRAM/3.ContourApproximation/contour_approximation.c:9]   --->   Operation 91 'fdiv' 'inverse' <Predicate = true> <Delay = 8.75> <CoreInst = "FDiv">   --->   Core 20 'FDiv' <Latency = 11> <II = 1> <Delay = 8.75> <FuncUnit> <Opcode : 'fdiv' 'frem'> <InPorts = 2> <OutPorts = 1>

State 17 <SV = 16> <Delay = 8.75>
ST_17 : Operation 92 [1/12] (8.75ns)   --->   "%inverse = fdiv i32 1, i32 %sub" [../../C_PROGRAM/3.ContourApproximation/contour_approximation.c:9]   --->   Operation 92 'fdiv' 'inverse' <Predicate = true> <Delay = 8.75> <CoreInst = "FDiv">   --->   Core 20 'FDiv' <Latency = 11> <II = 1> <Delay = 8.75> <FuncUnit> <Opcode : 'fdiv' 'frem'> <InPorts = 2> <OutPorts = 1>

State 18 <SV = 17> <Delay = 6.69>
ST_18 : Operation 93 [1/1] (0.00ns)   --->   "%bitcast_ln26 = bitcast i32 %sub2" [../../C_PROGRAM/3.ContourApproximation/contour_approximation.c:26]   --->   Operation 93 'bitcast' 'bitcast_ln26' <Predicate = true> <Delay = 0.00>
ST_18 : Operation 94 [1/1] (0.99ns)   --->   "%xor_ln26 = xor i32 %bitcast_ln26, i32 2147483648" [../../C_PROGRAM/3.ContourApproximation/contour_approximation.c:26]   --->   Operation 94 'xor' 'xor_ln26' <Predicate = true> <Delay = 0.99> <CoreInst = "LogicGate">   --->   Core 74 'LogicGate' <Latency = 0> <II = 1> <Delay = 0.99> <FuncUnit> <Opcode : 'and' 'or' 'xor'> <InPorts = 2> <OutPorts = 1>
ST_18 : Operation 95 [1/1] (0.00ns)   --->   "%bitcast_ln26_1 = bitcast i32 %xor_ln26" [../../C_PROGRAM/3.ContourApproximation/contour_approximation.c:26]   --->   Operation 95 'bitcast' 'bitcast_ln26_1' <Predicate = true> <Delay = 0.00>
ST_18 : [1/1] (1.58ns)   --->   Input mux for Operation 96 '%L1_a = fmul i32 %inverse, i32 %bitcast_ln26_1'
ST_18 : Operation 96 [4/4] (4.11ns)   --->   "%L1_a = fmul i32 %inverse, i32 %bitcast_ln26_1" [../../C_PROGRAM/3.ContourApproximation/contour_approximation.c:26]   --->   Operation 96 'fmul' 'L1_a' <Predicate = true> <Delay = 4.11> <CoreInst = "FMul_maxdsp">   --->   Core 30 'FMul_maxdsp' <Latency = 3> <II = 1> <Delay = 5.70> <FuncUnit> <Opcode : 'fmul'> <InPorts = 2> <OutPorts = 1>

State 19 <SV = 18> <Delay = 5.70>
ST_19 : Operation 97 [3/4] (5.70ns)   --->   "%L1_a = fmul i32 %inverse, i32 %bitcast_ln26_1" [../../C_PROGRAM/3.ContourApproximation/contour_approximation.c:26]   --->   Operation 97 'fmul' 'L1_a' <Predicate = true> <Delay = 5.70> <CoreInst = "FMul_maxdsp">   --->   Core 30 'FMul_maxdsp' <Latency = 3> <II = 1> <Delay = 5.70> <FuncUnit> <Opcode : 'fmul'> <InPorts = 2> <OutPorts = 1>

State 20 <SV = 19> <Delay = 5.70>
ST_20 : Operation 98 [2/4] (5.70ns)   --->   "%L1_a = fmul i32 %inverse, i32 %bitcast_ln26_1" [../../C_PROGRAM/3.ContourApproximation/contour_approximation.c:26]   --->   Operation 98 'fmul' 'L1_a' <Predicate = true> <Delay = 5.70> <CoreInst = "FMul_maxdsp">   --->   Core 30 'FMul_maxdsp' <Latency = 3> <II = 1> <Delay = 5.70> <FuncUnit> <Opcode : 'fmul'> <InPorts = 2> <OutPorts = 1>

State 21 <SV = 20> <Delay = 5.70>
ST_21 : Operation 99 [1/4] (5.70ns)   --->   "%L1_a = fmul i32 %inverse, i32 %bitcast_ln26_1" [../../C_PROGRAM/3.ContourApproximation/contour_approximation.c:26]   --->   Operation 99 'fmul' 'L1_a' <Predicate = true> <Delay = 5.70> <CoreInst = "FMul_maxdsp">   --->   Core 30 'FMul_maxdsp' <Latency = 3> <II = 1> <Delay = 5.70> <FuncUnit> <Opcode : 'fmul'> <InPorts = 2> <OutPorts = 1>

State 22 <SV = 21> <Delay = 5.70>
ST_22 : [1/1] (1.58ns)   --->   Input mux for Operation 100 '%mul = fmul i32 %L1_a, i32 %bitcast_ln9'
ST_22 : Operation 100 [4/4] (4.11ns)   --->   "%mul = fmul i32 %L1_a, i32 %bitcast_ln9" [../../C_PROGRAM/3.ContourApproximation/contour_approximation.c:27]   --->   Operation 100 'fmul' 'mul' <Predicate = (!and_ln12_1 & !and_ln18_2)> <Delay = 4.11> <CoreInst = "FMul_maxdsp">   --->   Core 30 'FMul_maxdsp' <Latency = 3> <II = 1> <Delay = 5.70> <FuncUnit> <Opcode : 'fmul'> <InPorts = 2> <OutPorts = 1>

State 23 <SV = 22> <Delay = 5.70>
ST_23 : Operation 101 [3/4] (5.70ns)   --->   "%mul = fmul i32 %L1_a, i32 %bitcast_ln9" [../../C_PROGRAM/3.ContourApproximation/contour_approximation.c:27]   --->   Operation 101 'fmul' 'mul' <Predicate = (!and_ln12_1 & !and_ln18_2)> <Delay = 5.70> <CoreInst = "FMul_maxdsp">   --->   Core 30 'FMul_maxdsp' <Latency = 3> <II = 1> <Delay = 5.70> <FuncUnit> <Opcode : 'fmul'> <InPorts = 2> <OutPorts = 1>

State 24 <SV = 23> <Delay = 5.70>
ST_24 : Operation 102 [2/4] (5.70ns)   --->   "%mul = fmul i32 %L1_a, i32 %bitcast_ln9" [../../C_PROGRAM/3.ContourApproximation/contour_approximation.c:27]   --->   Operation 102 'fmul' 'mul' <Predicate = (!and_ln12_1 & !and_ln18_2)> <Delay = 5.70> <CoreInst = "FMul_maxdsp">   --->   Core 30 'FMul_maxdsp' <Latency = 3> <II = 1> <Delay = 5.70> <FuncUnit> <Opcode : 'fmul'> <InPorts = 2> <OutPorts = 1>

State 25 <SV = 24> <Delay = 5.70>
ST_25 : Operation 103 [1/4] (5.70ns)   --->   "%mul = fmul i32 %L1_a, i32 %bitcast_ln9" [../../C_PROGRAM/3.ContourApproximation/contour_approximation.c:27]   --->   Operation 103 'fmul' 'mul' <Predicate = (!and_ln12_1 & !and_ln18_2)> <Delay = 5.70> <CoreInst = "FMul_maxdsp">   --->   Core 30 'FMul_maxdsp' <Latency = 3> <II = 1> <Delay = 5.70> <FuncUnit> <Opcode : 'fmul'> <InPorts = 2> <OutPorts = 1>

State 26 <SV = 25> <Delay = 8.24>
ST_26 : Operation 104 [1/1] (0.99ns)   --->   "%xor_ln21 = xor i32 %trunc_ln1, i32 2147483648" [../../C_PROGRAM/3.ContourApproximation/contour_approximation.c:21]   --->   Operation 104 'xor' 'xor_ln21' <Predicate = true> <Delay = 0.99> <CoreInst = "LogicGate">   --->   Core 74 'LogicGate' <Latency = 0> <II = 1> <Delay = 0.99> <FuncUnit> <Opcode : 'and' 'or' 'xor'> <InPorts = 2> <OutPorts = 1>
ST_26 : Operation 105 [1/1] (0.00ns)   --->   "%L1_c_1 = bitcast i32 %xor_ln21" [../../C_PROGRAM/3.ContourApproximation/contour_approximation.c:21]   --->   Operation 105 'bitcast' 'L1_c_1' <Predicate = true> <Delay = 0.00>
ST_26 : [1/1] (1.70ns)   --->   Input mux for Operation 106 '%L1_c_2 = fsub i32 %L1_c_1, i32 %mul'
ST_26 : Operation 106 [5/5] (5.54ns)   --->   "%L1_c_2 = fsub i32 %L1_c_1, i32 %mul" [../../C_PROGRAM/3.ContourApproximation/contour_approximation.c:27]   --->   Operation 106 'fsub' 'L1_c_2' <Predicate = (!and_ln12_1 & !and_ln18_2)> <Delay = 5.54> <CoreInst = "FAddSub_fulldsp">   --->   Core 18 'FAddSub_fulldsp' <Latency = 4> <II = 1> <Delay = 7.25> <FuncUnit> <Opcode : 'fadd' 'fsub'> <InPorts = 2> <OutPorts = 1>

State 27 <SV = 26> <Delay = 7.25>
ST_27 : Operation 107 [4/5] (7.25ns)   --->   "%L1_c_2 = fsub i32 %L1_c_1, i32 %mul" [../../C_PROGRAM/3.ContourApproximation/contour_approximation.c:27]   --->   Operation 107 'fsub' 'L1_c_2' <Predicate = (!and_ln12_1 & !and_ln18_2)> <Delay = 7.25> <CoreInst = "FAddSub_fulldsp">   --->   Core 18 'FAddSub_fulldsp' <Latency = 4> <II = 1> <Delay = 7.25> <FuncUnit> <Opcode : 'fadd' 'fsub'> <InPorts = 2> <OutPorts = 1>

State 28 <SV = 27> <Delay = 7.25>
ST_28 : Operation 108 [3/5] (7.25ns)   --->   "%L1_c_2 = fsub i32 %L1_c_1, i32 %mul" [../../C_PROGRAM/3.ContourApproximation/contour_approximation.c:27]   --->   Operation 108 'fsub' 'L1_c_2' <Predicate = (!and_ln12_1 & !and_ln18_2)> <Delay = 7.25> <CoreInst = "FAddSub_fulldsp">   --->   Core 18 'FAddSub_fulldsp' <Latency = 4> <II = 1> <Delay = 7.25> <FuncUnit> <Opcode : 'fadd' 'fsub'> <InPorts = 2> <OutPorts = 1>

State 29 <SV = 28> <Delay = 7.25>
ST_29 : Operation 109 [2/5] (7.25ns)   --->   "%L1_c_2 = fsub i32 %L1_c_1, i32 %mul" [../../C_PROGRAM/3.ContourApproximation/contour_approximation.c:27]   --->   Operation 109 'fsub' 'L1_c_2' <Predicate = (!and_ln12_1 & !and_ln18_2)> <Delay = 7.25> <CoreInst = "FAddSub_fulldsp">   --->   Core 18 'FAddSub_fulldsp' <Latency = 4> <II = 1> <Delay = 7.25> <FuncUnit> <Opcode : 'fadd' 'fsub'> <InPorts = 2> <OutPorts = 1>

State 30 <SV = 29> <Delay = 8.24>
ST_30 : Operation 110 [1/1] (0.00ns) (grouped into LUT with out node L1_c_4)   --->   "%xor_ln15 = xor i32 %trunc_ln9, i32 2147483648" [../../C_PROGRAM/3.ContourApproximation/contour_approximation.c:15]   --->   Operation 110 'xor' 'xor_ln15' <Predicate = (and_ln12_1 & !and_ln18_2)> <Delay = 0.00> <CoreInst = "LogicGate">   --->   Core 74 'LogicGate' <Latency = 0> <II = 1> <Delay = 0.99> <FuncUnit> <Opcode : 'and' 'or' 'xor'> <InPorts = 2> <OutPorts = 1>
ST_30 : Operation 111 [1/1] (0.00ns) (grouped into LUT with out node L1_c_4)   --->   "%L1_c = bitcast i32 %xor_ln15" [../../C_PROGRAM/3.ContourApproximation/contour_approximation.c:15]   --->   Operation 111 'bitcast' 'L1_c' <Predicate = (and_ln12_1 & !and_ln18_2)> <Delay = 0.00>
ST_30 : Operation 112 [1/5] (7.25ns)   --->   "%L1_c_2 = fsub i32 %L1_c_1, i32 %mul" [../../C_PROGRAM/3.ContourApproximation/contour_approximation.c:27]   --->   Operation 112 'fsub' 'L1_c_2' <Predicate = (!and_ln12_1 & !and_ln18_2)> <Delay = 7.25> <CoreInst = "FAddSub_fulldsp">   --->   Core 18 'FAddSub_fulldsp' <Latency = 4> <II = 1> <Delay = 7.25> <FuncUnit> <Opcode : 'fadd' 'fsub'> <InPorts = 2> <OutPorts = 1>
ST_30 : Operation 113 [1/1] (0.00ns) (grouped into LUT with out node L1_c_4)   --->   "%L1_c_3 = select i1 %and_ln12_1, i32 %L1_c, i32 %L1_c_2" [../../C_PROGRAM/3.ContourApproximation/contour_approximation.c:12]   --->   Operation 113 'select' 'L1_c_3' <Predicate = (!and_ln18_2)> <Delay = 0.00> <CoreInst = "Sel">   --->   Core 73 'Sel' <Latency = 0> <II = 1> <Delay = 0.69> <FuncUnit> <Opcode : 'select'> <InPorts = 3> <OutPorts = 1>
ST_30 : Operation 114 [1/1] (0.99ns) (out node of the LUT)   --->   "%L1_c_4 = select i1 %and_ln18_2, i32 %L1_c_1, i32 %L1_c_3" [../../C_PROGRAM/3.ContourApproximation/contour_approximation.c:18]   --->   Operation 114 'select' 'L1_c_4' <Predicate = true> <Delay = 0.99> <CoreInst = "Sel">   --->   Core 73 'Sel' <Latency = 0> <II = 1> <Delay = 0.69> <FuncUnit> <Opcode : 'select'> <InPorts = 3> <OutPorts = 1>
ST_30 : Operation 115 [1/1] (0.69ns)   --->   "%L1_b = select i1 %and_ln12_1, i32 0, i32 1" [../../C_PROGRAM/3.ContourApproximation/contour_approximation.c:12]   --->   Operation 115 'select' 'L1_b' <Predicate = true> <Delay = 0.69> <CoreInst = "Sel">   --->   Core 73 'Sel' <Latency = 0> <II = 1> <Delay = 0.69> <FuncUnit> <Opcode : 'select'> <InPorts = 3> <OutPorts = 1>
ST_30 : Operation 116 [1/1] (0.00ns) (grouped into LUT with out node L1_a_1)   --->   "%select_ln18 = select i1 %and_ln18_2, i32 0, i32 1" [../../C_PROGRAM/3.ContourApproximation/contour_approximation.c:18]   --->   Operation 116 'select' 'select_ln18' <Predicate = true> <Delay = 0.00> <CoreInst = "Sel">   --->   Core 73 'Sel' <Latency = 0> <II = 1> <Delay = 0.69> <FuncUnit> <Opcode : 'select'> <InPorts = 3> <OutPorts = 1>
ST_30 : Operation 117 [1/1] (0.00ns) (grouped into LUT with out node L1_a_1)   --->   "%or_ln18_2 = or i1 %and_ln18_2, i1 %and_ln12_1" [../../C_PROGRAM/3.ContourApproximation/contour_approximation.c:18]   --->   Operation 117 'or' 'or_ln18_2' <Predicate = true> <Delay = 0.00> <CoreInst = "LogicGate">   --->   Core 74 'LogicGate' <Latency = 0> <II = 1> <Delay = 0.97> <FuncUnit> <Opcode : 'and' 'or' 'xor'> <InPorts = 2> <OutPorts = 1>
ST_30 : Operation 118 [1/1] (0.97ns) (out node of the LUT)   --->   "%L1_a_1 = select i1 %or_ln18_2, i32 %select_ln18, i32 %L1_a" [../../C_PROGRAM/3.ContourApproximation/contour_approximation.c:18]   --->   Operation 118 'select' 'L1_a_1' <Predicate = true> <Delay = 0.97> <CoreInst = "Sel">   --->   Core 73 'Sel' <Latency = 0> <II = 1> <Delay = 0.69> <FuncUnit> <Opcode : 'select'> <InPorts = 3> <OutPorts = 1>
ST_30 : Operation 119 [1/1] (0.00ns)   --->   "%mrv = insertvalue i96 <undef>, i32 %L1_a_1" [../../C_PROGRAM/3.ContourApproximation/contour_approximation.c:31]   --->   Operation 119 'insertvalue' 'mrv' <Predicate = true> <Delay = 0.00>
ST_30 : Operation 120 [1/1] (0.00ns)   --->   "%mrv_1 = insertvalue i96 %mrv, i32 %L1_b" [../../C_PROGRAM/3.ContourApproximation/contour_approximation.c:31]   --->   Operation 120 'insertvalue' 'mrv_1' <Predicate = true> <Delay = 0.00>
ST_30 : Operation 121 [1/1] (0.00ns)   --->   "%mrv_2 = insertvalue i96 %mrv_1, i32 %L1_c_4" [../../C_PROGRAM/3.ContourApproximation/contour_approximation.c:31]   --->   Operation 121 'insertvalue' 'mrv_2' <Predicate = true> <Delay = 0.00>
ST_30 : Operation 122 [1/1] (0.00ns)   --->   "%ret_ln31 = ret i96 %mrv_2" [../../C_PROGRAM/3.ContourApproximation/contour_approximation.c:31]   --->   Operation 122 'ret' 'ret_ln31' <Predicate = true> <Delay = 0.00>


============================================================
+ Verbose Summary: Timing violations
============================================================
Target clock period: 10.000ns, clock uncertainty: 0.000ns.

 <State 1>: 7.256ns
The critical path consists of the following:
	wire read operation ('LastP_val_read', ../../C_PROGRAM/3.ContourApproximation/contour_approximation.c:9) on port 'LastP_val' (../../C_PROGRAM/3.ContourApproximation/contour_approximation.c:9) [3]  (0.000 ns)
	multiplexor before operation 'fsub' with delay (1.707 ns)
'fsub' operation ('sub', ../../C_PROGRAM/3.ContourApproximation/contour_approximation.c:9) [9]  (5.549 ns)

 <State 2>: 7.387ns
The critical path consists of the following:
	'fcmp' operation ('tmp_2', ../../C_PROGRAM/3.ContourApproximation/contour_approximation.c:12) [22]  (5.431 ns)
	'and' operation ('and_ln12_1', ../../C_PROGRAM/3.ContourApproximation/contour_approximation.c:12) [23]  (0.978 ns)
	'xor' operation ('xor_ln12', ../../C_PROGRAM/3.ContourApproximation/contour_approximation.c:12) [53]  (0.000 ns)
	'and' operation ('and_ln18_2', ../../C_PROGRAM/3.ContourApproximation/contour_approximation.c:18) [54]  (0.978 ns)

 <State 3>: 7.256ns
The critical path consists of the following:
	'fsub' operation ('sub', ../../C_PROGRAM/3.ContourApproximation/contour_approximation.c:9) [9]  (7.256 ns)

 <State 4>: 7.256ns
The critical path consists of the following:
	'fsub' operation ('sub', ../../C_PROGRAM/3.ContourApproximation/contour_approximation.c:9) [9]  (7.256 ns)

 <State 5>: 7.256ns
The critical path consists of the following:
	'fsub' operation ('sub', ../../C_PROGRAM/3.ContourApproximation/contour_approximation.c:9) [9]  (7.256 ns)

 <State 6>: 8.754ns
The critical path consists of the following:
	'fdiv' operation ('inverse', ../../C_PROGRAM/3.ContourApproximation/contour_approximation.c:9) [10]  (8.754 ns)

 <State 7>: 8.754ns
The critical path consists of the following:
	'fdiv' operation ('inverse', ../../C_PROGRAM/3.ContourApproximation/contour_approximation.c:9) [10]  (8.754 ns)

 <State 8>: 8.754ns
The critical path consists of the following:
	'fdiv' operation ('inverse', ../../C_PROGRAM/3.ContourApproximation/contour_approximation.c:9) [10]  (8.754 ns)

 <State 9>: 8.754ns
The critical path consists of the following:
	'fdiv' operation ('inverse', ../../C_PROGRAM/3.ContourApproximation/contour_approximation.c:9) [10]  (8.754 ns)

 <State 10>: 8.754ns
The critical path consists of the following:
	'fdiv' operation ('inverse', ../../C_PROGRAM/3.ContourApproximation/contour_approximation.c:9) [10]  (8.754 ns)

 <State 11>: 8.754ns
The critical path consists of the following:
	'fdiv' operation ('inverse', ../../C_PROGRAM/3.ContourApproximation/contour_approximation.c:9) [10]  (8.754 ns)

 <State 12>: 8.754ns
The critical path consists of the following:
	'fdiv' operation ('inverse', ../../C_PROGRAM/3.ContourApproximation/contour_approximation.c:9) [10]  (8.754 ns)

 <State 13>: 8.754ns
The critical path consists of the following:
	'fdiv' operation ('inverse', ../../C_PROGRAM/3.ContourApproximation/contour_approximation.c:9) [10]  (8.754 ns)

 <State 14>: 8.754ns
The critical path consists of the following:
	'fdiv' operation ('inverse', ../../C_PROGRAM/3.ContourApproximation/contour_approximation.c:9) [10]  (8.754 ns)

 <State 15>: 8.754ns
The critical path consists of the following:
	'fdiv' operation ('inverse', ../../C_PROGRAM/3.ContourApproximation/contour_approximation.c:9) [10]  (8.754 ns)

 <State 16>: 8.754ns
The critical path consists of the following:
	'fdiv' operation ('inverse', ../../C_PROGRAM/3.ContourApproximation/contour_approximation.c:9) [10]  (8.754 ns)

 <State 17>: 8.754ns
The critical path consists of the following:
	'fdiv' operation ('inverse', ../../C_PROGRAM/3.ContourApproximation/contour_approximation.c:9) [10]  (8.754 ns)

 <State 18>: 6.695ns
The critical path consists of the following:
	'xor' operation ('xor_ln26', ../../C_PROGRAM/3.ContourApproximation/contour_approximation.c:26) [47]  (0.993 ns)
	multiplexor before operation 'fmul' with delay (1.588 ns)
'fmul' operation ('L1.a', ../../C_PROGRAM/3.ContourApproximation/contour_approximation.c:26) [49]  (4.114 ns)

 <State 19>: 5.702ns
The critical path consists of the following:
	'fmul' operation ('L1.a', ../../C_PROGRAM/3.ContourApproximation/contour_approximation.c:26) [49]  (5.702 ns)

 <State 20>: 5.702ns
The critical path consists of the following:
	'fmul' operation ('L1.a', ../../C_PROGRAM/3.ContourApproximation/contour_approximation.c:26) [49]  (5.702 ns)

 <State 21>: 5.702ns
The critical path consists of the following:
	'fmul' operation ('L1.a', ../../C_PROGRAM/3.ContourApproximation/contour_approximation.c:26) [49]  (5.702 ns)

 <State 22>: 5.702ns
The critical path consists of the following:
	multiplexor before operation 'fmul' with delay (1.588 ns)
'fmul' operation ('mul', ../../C_PROGRAM/3.ContourApproximation/contour_approximation.c:27) [50]  (4.114 ns)

 <State 23>: 5.702ns
The critical path consists of the following:
	'fmul' operation ('mul', ../../C_PROGRAM/3.ContourApproximation/contour_approximation.c:27) [50]  (5.702 ns)

 <State 24>: 5.702ns
The critical path consists of the following:
	'fmul' operation ('mul', ../../C_PROGRAM/3.ContourApproximation/contour_approximation.c:27) [50]  (5.702 ns)

 <State 25>: 5.702ns
The critical path consists of the following:
	'fmul' operation ('mul', ../../C_PROGRAM/3.ContourApproximation/contour_approximation.c:27) [50]  (5.702 ns)

 <State 26>: 8.249ns
The critical path consists of the following:
	'xor' operation ('xor_ln21', ../../C_PROGRAM/3.ContourApproximation/contour_approximation.c:21) [43]  (0.993 ns)
	multiplexor before operation 'fsub' with delay (1.707 ns)
'fsub' operation ('L1.c', ../../C_PROGRAM/3.ContourApproximation/contour_approximation.c:27) [51]  (5.549 ns)

 <State 27>: 7.256ns
The critical path consists of the following:
	'fsub' operation ('L1.c', ../../C_PROGRAM/3.ContourApproximation/contour_approximation.c:27) [51]  (7.256 ns)

 <State 28>: 7.256ns
The critical path consists of the following:
	'fsub' operation ('L1.c', ../../C_PROGRAM/3.ContourApproximation/contour_approximation.c:27) [51]  (7.256 ns)

 <State 29>: 7.256ns
The critical path consists of the following:
	'fsub' operation ('L1.c', ../../C_PROGRAM/3.ContourApproximation/contour_approximation.c:27) [51]  (7.256 ns)

 <State 30>: 8.249ns
The critical path consists of the following:
	'fsub' operation ('L1.c', ../../C_PROGRAM/3.ContourApproximation/contour_approximation.c:27) [51]  (7.256 ns)
	'select' operation ('L1.c', ../../C_PROGRAM/3.ContourApproximation/contour_approximation.c:12) [52]  (0.000 ns)
	'select' operation ('L1.c', ../../C_PROGRAM/3.ContourApproximation/contour_approximation.c:18) [55]  (0.993 ns)


============================================================
+ Verbose Summary: Binding
============================================================
N/A
* FSMD analyzer results:
  - Output states:
 - Input state : 
  - Chain level:
	State 1
	State 2
	State 3
	State 4
	State 5
	State 6
	State 7
	State 8
	State 9
	State 10
	State 11
	State 12
	State 13
	State 14
	State 15
	State 16
	State 17
	State 18
	State 19
	State 20
	State 21
	State 22
	State 23
	State 24
	State 25
	State 26
	State 27
	State 28
	State 29
	State 30


============================================================
+ Verbose Summary: Datapath Resource usage 
============================================================
N/A
