   Build using "/tools/Xilinx/Vitis_HLS/2023.1/tps/lnx64/gcc-8.3.0/bin/g++"
   Compiling apatb_ContourApproximation.cpp
   Compiling (apcc) contour_approximation.c_pre.c.tb.c
INFO: [HLS 200-10] Running '/tools/Xilinx/Vitis_HLS/2023.1/bin/unwrapped/lnx64.o/apcc'
INFO: [HLS 200-10] For user 'dell3561-49' on host 'dell3561-49' (Linux_x86_64 version 6.8.0-49-generic) on Thu Dec 05 15:30:13 CET 2024
INFO: [HLS 200-10] On os Ubuntu 22.04.5 LTS
INFO: [HLS 200-10] In directory '/home/dell3561-49/Vitis_HLS_folder/Contour_approximation/contour_approximation/solution1/sim/wrapc'
clang: warning: argument unused during compilation: '-fno-builtin-isinf'
clang: warning: argument unused during compilation: '-fno-builtin-isnan'
INFO: [APCC 202-3] Tmp directory is /tmp/apcc_db_dell3561-49/442161733409013851668
INFO: [APCC 202-1] APCC is done.
INFO: [HLS 200-112] Total CPU user time: 1.43 seconds. Total CPU system time: 0.11 seconds. Total elapsed time: 1.4 seconds; peak allocated memory: 98.992 MB.
   Compiling (apcc) tb_contour.c_pre.c.tb.c
INFO: [HLS 200-10] Running '/tools/Xilinx/Vitis_HLS/2023.1/bin/unwrapped/lnx64.o/apcc'
INFO: [HLS 200-10] For user 'dell3561-49' on host 'dell3561-49' (Linux_x86_64 version 6.8.0-49-generic) on Thu Dec 05 15:30:16 CET 2024
INFO: [HLS 200-10] On os Ubuntu 22.04.5 LTS
INFO: [HLS 200-10] In directory '/home/dell3561-49/Vitis_HLS_folder/Contour_approximation/contour_approximation/solution1/sim/wrapc'
clang: warning: argument unused during compilation: '-fno-builtin-isinf'
clang: warning: argument unused during compilation: '-fno-builtin-isnan'
INFO: [APCC 202-3] Tmp directory is /tmp/apcc_db_dell3561-49/442801733409016203536
INFO: [APCC 202-1] APCC is done.
INFO: [HLS 200-112] Total CPU user time: 1.37 seconds. Total CPU system time: 0.12 seconds. Total elapsed time: 1.37 seconds; peak allocated memory: 98.992 MB.
   Compiling apatb_ContourApproximation_ir.ll
   Generating cosim.tv.exe
