================================================================
== Design Size Report
================================================================

* Instructions per Function for each Compilation Phase
+-----------------------------------+-------------------+-----------------+---------------+----------------------+---------------+
| Function                          | Location          | Compile/Link    | Unroll/Inline | Performance/Pipeline | Optimizations |
+-----------------------------------+-------------------+-----------------+---------------+----------------------+---------------+
| + hls_object_green_classificat... | obj_detect.cpp:73 | 6,996           | 1,047         | 1,042                | 1,169         |
|  + uf_union                       | obj_detect.cpp:35 |   229           |               |                      |               |
|     uf_find                       | obj_detect.cpp:21 |   184 (2 calls) |               |                      |               |
|    uf_find                        | obj_detect.cpp:21 |    92           |               |                      |               |
|    is_green_rgb                   | obj_detect.cpp:15 |    59           |               |                      |               |
+-----------------------------------+-------------------+-----------------+---------------+----------------------+---------------+

* Description of Compilation Phases
+----------------------+------------------------------------------------------------+
| Compilation Phase    | Description                                                |
+----------------------+------------------------------------------------------------+
| Compile/Link         | All functions are compiled and linked into a single design |
| Unroll/Inline        | After user unroll and inline pragmas are applied           |
| Performance/Pipeline | After performance and pipeline pragmas are applied         |
| Optimizations        | After high level synthesis optimizations                   |
+----------------------+------------------------------------------------------------+

* Design Size Message Settings
+---------------------------------------------+--------+------------------------------------------------------------------+
| Message Setting                             | Value  | Description                                                      |
+---------------------------------------------+--------+------------------------------------------------------------------+
| config_compile -design_size_maximum_warning | 100000 | Show a warning when total design instructions exceeds this value |
+---------------------------------------------+--------+------------------------------------------------------------------+


