

================================================================
== Vitis HLS Report for 'hls_object_green_classification_Pipeline_pass5_out_pass5_in'
================================================================
* Date:           Wed Nov 12 17:49:02 2025

* Version:        2023.1 (Build 3854077 on May  4 2023)
* Project:        Obj_detect_ver4
* Solution:       solution1 (Vivado IP Flow Target)
* Product family: zynq
* Target device:  xc7z020-clg484-1


================================================================
== Performance Estimates
================================================================
+ Timing: 
    * Summary: 
    +--------+----------+----------+------------+
    |  Clock |  Target  | Estimated| Uncertainty|
    +--------+----------+----------+------------+
    |ap_clk  |  10.00 ns|  7.186 ns|     2.70 ns|
    +--------+----------+----------+------------+

+ Latency: 
    * Summary: 
    +---------+---------+----------+----------+-------+-------+---------+
    |  Latency (cycles) |  Latency (absolute) |    Interval   | Pipeline|
    |   min   |   max   |    min   |    max   |  min  |  max  |   Type  |
    +---------+---------+----------+----------+-------+-------+---------+
    |    76814|    76814|  0.768 ms|  0.768 ms|  76814|  76814|       no|
    +---------+---------+----------+----------+-------+-------+---------+

    + Detail: 
        * Instance: 
        N/A

        * Loop: 
        +----------------------+---------+---------+----------+-----------+-----------+-------+----------+
        |                      |  Latency (cycles) | Iteration|  Initiation Interval  |  Trip |          |
        |       Loop Name      |   min   |   max   |  Latency |  achieved |   target  | Count | Pipelined|
        +----------------------+---------+---------+----------+-----------+-----------+-------+----------+
        |- pass5_out_pass5_in  |    76812|    76812|        14|          1|          1|  76800|       yes|
        +----------------------+---------+---------+----------+-----------+-----------+-------+----------+



================================================================
== Utilization Estimates
================================================================
* Summary: 
+-----------------+---------+-----+--------+-------+-----+
|       Name      | BRAM_18K| DSP |   FF   |  LUT  | URAM|
+-----------------+---------+-----+--------+-------+-----+
|DSP              |        -|    1|       -|      -|    -|
|Expression       |        -|    -|       0|    249|    -|
|FIFO             |        -|    -|       -|      -|    -|
|Instance         |        -|    1|     433|    411|    -|
|Memory           |        -|    -|       -|      -|    -|
|Multiplexer      |        -|    -|       -|     63|    -|
|Register         |        -|    -|     299|     96|    -|
+-----------------+---------+-----+--------+-------+-----+
|Total            |        0|    2|     732|    819|    0|
+-----------------+---------+-----+--------+-------+-----+
|Available        |      280|  220|  106400|  53200|    0|
+-----------------+---------+-----+--------+-------+-----+
|Utilization (%)  |        0|   ~0|      ~0|      1|    0|
+-----------------+---------+-----+--------+-------+-----+

+ Detail: 
    * Instance: 
    +--------------------------+---------------------+---------+----+-----+-----+-----+
    |         Instance         |        Module       | BRAM_18K| DSP|  FF | LUT | URAM|
    +--------------------------+---------------------+---------+----+-----+-----+-----+
    |mul_8ns_10ns_17_1_1_U118  |mul_8ns_10ns_17_1_1  |        0|   0|    0|   63|    0|
    |mul_9ns_11ns_19_1_1_U119  |mul_9ns_11ns_19_1_1  |        0|   1|    0|    6|    0|
    |mux_3_2_1_1_1_U120        |mux_3_2_1_1_1        |        0|   0|    0|   14|    0|
    |mux_3_2_1_1_1_U121        |mux_3_2_1_1_1        |        0|   0|    0|   14|    0|
    |mux_3_2_1_1_1_U122        |mux_3_2_1_1_1        |        0|   0|    0|   14|    0|
    |mux_3_2_1_1_1_U123        |mux_3_2_1_1_1        |        0|   0|    0|   14|    0|
    |urem_8ns_3ns_2_12_1_U117  |urem_8ns_3ns_2_12_1  |        0|   0|  195|  126|    0|
    |urem_9ns_3ns_2_13_1_U116  |urem_9ns_3ns_2_13_1  |        0|   0|  238|  160|    0|
    +--------------------------+---------------------+---------+----+-----+-----+-----+
    |Total                     |                     |        0|   1|  433|  411|    0|
    +--------------------------+---------------------+---------+----+-----+-----+-----+

    * DSP: 
    +------------------------------------+-------------------------------+--------------+
    |              Instance              |             Module            |  Expression  |
    +------------------------------------+-------------------------------+--------------+
    |mac_muladd_7ns_7ns_8ns_14_4_1_U124  |mac_muladd_7ns_7ns_8ns_14_4_1  |  i0 * i1 + i2|
    +------------------------------------+-------------------------------+--------------+

    * Memory: 
    N/A

    * FIFO: 
    N/A

    * Expression: 
    +---------------------------+----------+----+---+----+------------+------------+
    |       Variable Name       | Operation| DSP| FF| LUT| Bitwidth P0| Bitwidth P1|
    +---------------------------+----------+----+---+----+------------+------------+
    |add_ln291_1_fu_396_p2      |         +|   0|  0|  24|          17|           1|
    |add_ln291_fu_408_p2        |         +|   0|  0|  15|           8|           1|
    |add_ln292_fu_474_p2        |         +|   0|  0|  14|           9|           1|
    |add_ln297_1_fu_576_p2      |         +|   0|  0|  17|          17|          17|
    |add_ln297_fu_567_p2        |         +|   0|  0|  17|          17|          17|
    |and_ln300_fu_666_p2        |       and|   0|  0|   2|           1|           1|
    |ap_block_pp0_stage0_01001  |       and|   0|  0|   2|           1|           1|
    |out_pix_last_fu_468_p2     |       and|   0|  0|   2|           1|           1|
    |cmp69560_fu_442_p2         |      icmp|   0|  0|  15|           8|           6|
    |cmp695_mid1_fu_436_p2      |      icmp|   0|  0|  15|           8|           6|
    |icmp_ln291_fu_390_p2       |      icmp|   0|  0|  24|          17|          17|
    |icmp_ln292_fu_414_p2       |      icmp|   0|  0|  14|           9|           9|
    |icmp_ln300_fu_655_p2       |      icmp|   0|  0|  23|          16|           1|
    |icmp_ln310_fu_462_p2       |      icmp|   0|  0|  14|           9|           9|
    |B_1_fu_708_p3              |    select|   0|  0|   8|           1|           1|
    |G_2_fu_700_p3              |    select|   0|  0|   8|           1|           8|
    |R_2_fu_692_p3              |    select|   0|  0|   8|           1|           8|
    |select_ln291_1_fu_428_p3   |    select|   0|  0|   8|           1|           8|
    |select_ln291_2_fu_448_p3   |    select|   0|  0|   2|           1|           1|
    |select_ln291_fu_420_p3     |    select|   0|  0|   9|           1|           1|
    |select_ln301_1_fu_684_p3   |    select|   0|  0|   2|           1|           2|
    |select_ln301_fu_676_p3     |    select|   0|  0|   2|           1|           2|
    |R_1_fu_670_p2              |       xor|   0|  0|   2|           1|           2|
    |ap_enable_pp0              |       xor|   0|  0|   2|           1|           2|
    +---------------------------+----------+----+---+----+------------+------------+
    |Total                      |          |   0|  0| 249|         148|         123|
    +---------------------------+----------+----+---+----+------------+------------+

    * Multiplexer: 
    +-------------------------+----+-----------+-----+-----------+
    |           Name          | LUT| Input Size| Bits| Total Bits|
    +-------------------------+----+-----------+-----+-----------+
    |ap_done_int              |   9|          2|    1|          2|
    |ap_enable_reg_pp0_iter1  |   9|          2|    1|          2|
    |ap_enable_reg_pp0_iter2  |   9|          2|    1|          2|
    |indvar_flatten13_fu_156  |   9|          2|   17|         34|
    |out_stream_TDATA_blk_n   |   9|          2|    1|          2|
    |x_fu_148                 |   9|          2|    9|         18|
    |y_fu_152                 |   9|          2|    8|         16|
    +-------------------------+----+-----------+-----+-----------+
    |Total                    |  63|         14|   38|         76|
    +-------------------------+----+-----------+-----+-----------+

    * Register: 
    +-----------------------------------+----+----+-----+-----------+
    |                Name               | FF | LUT| Bits| Const Bits|
    +-----------------------------------+----+----+-----+-----------+
    |ap_CS_fsm                          |   1|   0|    1|          0|
    |ap_done_reg                        |   1|   0|    1|          0|
    |ap_enable_reg_pp0_iter1            |   1|   0|    1|          0|
    |ap_enable_reg_pp0_iter10           |   1|   0|    1|          0|
    |ap_enable_reg_pp0_iter11           |   1|   0|    1|          0|
    |ap_enable_reg_pp0_iter12           |   1|   0|    1|          0|
    |ap_enable_reg_pp0_iter13           |   1|   0|    1|          0|
    |ap_enable_reg_pp0_iter14           |   1|   0|    1|          0|
    |ap_enable_reg_pp0_iter2            |   1|   0|    1|          0|
    |ap_enable_reg_pp0_iter3            |   1|   0|    1|          0|
    |ap_enable_reg_pp0_iter4            |   1|   0|    1|          0|
    |ap_enable_reg_pp0_iter5            |   1|   0|    1|          0|
    |ap_enable_reg_pp0_iter6            |   1|   0|    1|          0|
    |ap_enable_reg_pp0_iter7            |   1|   0|    1|          0|
    |ap_enable_reg_pp0_iter8            |   1|   0|    1|          0|
    |ap_enable_reg_pp0_iter9            |   1|   0|    1|          0|
    |ap_loop_exit_ready_pp0_iter10_reg  |   1|   0|    1|          0|
    |ap_loop_exit_ready_pp0_iter11_reg  |   1|   0|    1|          0|
    |ap_loop_exit_ready_pp0_iter12_reg  |   1|   0|    1|          0|
    |ap_loop_exit_ready_pp0_iter13_reg  |   1|   0|    1|          0|
    |ap_loop_exit_ready_pp0_iter2_reg   |   1|   0|    1|          0|
    |ap_loop_exit_ready_pp0_iter3_reg   |   1|   0|    1|          0|
    |ap_loop_exit_ready_pp0_iter4_reg   |   1|   0|    1|          0|
    |ap_loop_exit_ready_pp0_iter5_reg   |   1|   0|    1|          0|
    |ap_loop_exit_ready_pp0_iter6_reg   |   1|   0|    1|          0|
    |ap_loop_exit_ready_pp0_iter7_reg   |   1|   0|    1|          0|
    |ap_loop_exit_ready_pp0_iter8_reg   |   1|   0|    1|          0|
    |ap_loop_exit_ready_pp0_iter9_reg   |   1|   0|    1|          0|
    |icmp_ln300_reg_873                 |   1|   0|    1|          0|
    |indvar_flatten13_fu_156            |  17|   0|   17|          0|
    |out_pix_last_reg_776               |   1|   0|    1|          0|
    |select_ln291_1_reg_768             |   8|   0|    8|          0|
    |select_ln291_reg_761               |   9|   0|    9|          0|
    |tmp_1_reg_786                      |   8|   0|    8|          0|
    |tmp_6_reg_868                      |   1|   0|    1|          0|
    |x_fu_148                           |   9|   0|    9|          0|
    |y_fu_152                           |   8|   0|    8|          0|
    |zext_ln297_3_reg_796               |  17|   0|   64|         47|
    |out_pix_last_reg_776               |  64|  32|    1|          0|
    |select_ln291_1_reg_768             |  64|  32|    8|          0|
    |select_ln291_reg_761               |  64|  32|    9|          0|
    +-----------------------------------+----+----+-----+-----------+
    |Total                              | 299|  96|  172|         47|
    +-----------------------------------+----+----+-----+-----------+



================================================================
== Interface
================================================================
* Summary: 
+----------------------------------------------------------------------------------------------+-----+-----+------------+-------------------------------------------------------------------------------------+--------------+
|                                           RTL Ports                                          | Dir | Bits|  Protocol  |                                    Source Object                                    |    C Type    |
+----------------------------------------------------------------------------------------------+-----+-----+------------+-------------------------------------------------------------------------------------+--------------+
|ap_clk                                                                                        |   in|    1|  ap_ctrl_hs|                          hls_object_green_classification_Pipeline_pass5_out_pass5_in|  return value|
|ap_rst                                                                                        |   in|    1|  ap_ctrl_hs|                          hls_object_green_classification_Pipeline_pass5_out_pass5_in|  return value|
|ap_start                                                                                      |   in|    1|  ap_ctrl_hs|                          hls_object_green_classification_Pipeline_pass5_out_pass5_in|  return value|
|ap_done                                                                                       |  out|    1|  ap_ctrl_hs|                          hls_object_green_classification_Pipeline_pass5_out_pass5_in|  return value|
|ap_idle                                                                                       |  out|    1|  ap_ctrl_hs|                          hls_object_green_classification_Pipeline_pass5_out_pass5_in|  return value|
|ap_ready                                                                                      |  out|    1|  ap_ctrl_hs|                          hls_object_green_classification_Pipeline_pass5_out_pass5_in|  return value|
|out_stream_TREADY                                                                             |   in|    1|        axis|                                                                  out_stream_V_data_V|       pointer|
|out_stream_TDATA                                                                              |  out|   24|        axis|                                                                  out_stream_V_data_V|       pointer|
|out_stream_TVALID                                                                             |  out|    1|        axis|                                                                  out_stream_V_dest_V|       pointer|
|out_stream_TDEST                                                                              |  out|    1|        axis|                                                                  out_stream_V_dest_V|       pointer|
|out_stream_TKEEP                                                                              |  out|    3|        axis|                                                                  out_stream_V_keep_V|       pointer|
|out_stream_TSTRB                                                                              |  out|    3|        axis|                                                                  out_stream_V_strb_V|       pointer|
|out_stream_TUSER                                                                              |  out|    1|        axis|                                                                  out_stream_V_user_V|       pointer|
|out_stream_TLAST                                                                              |  out|    1|        axis|                                                                  out_stream_V_last_V|       pointer|
|out_stream_TID                                                                                |  out|    1|        axis|                                                                    out_stream_V_id_V|       pointer|
|imgR_address0                                                                                 |  out|   17|   ap_memory|                                                                                 imgR|         array|
|imgR_ce0                                                                                      |  out|    1|   ap_memory|                                                                                 imgR|         array|
|imgR_q0                                                                                       |   in|    8|   ap_memory|                                                                                 imgR|         array|
|imgG_address0                                                                                 |  out|   17|   ap_memory|                                                                                 imgG|         array|
|imgG_ce0                                                                                      |  out|    1|   ap_memory|                                                                                 imgG|         array|
|imgG_q0                                                                                       |   in|    8|   ap_memory|                                                                                 imgG|         array|
|imgB_address0                                                                                 |  out|   17|   ap_memory|                                                                                 imgB|         array|
|imgB_ce0                                                                                      |  out|    1|   ap_memory|                                                                                 imgB|         array|
|imgB_q0                                                                                       |   in|    8|   ap_memory|                                                                                 imgB|         array|
|label_map_address0                                                                            |  out|   17|   ap_memory|                                                                            label_map|         array|
|label_map_ce0                                                                                 |  out|    1|   ap_memory|                                                                            label_map|         array|
|label_map_q0                                                                                  |   in|   16|   ap_memory|                                                                            label_map|         array|
|p_ZZ31hls_object_green_classificationRN3hls6streamINS_4axisI7ap_uintILi24EELm1ELm_8_address0  |  out|   14|   ap_memory|  p_ZZ31hls_object_green_classificationRN3hls6streamINS_4axisI7ap_uintILi24EELm1ELm_8|         array|
|p_ZZ31hls_object_green_classificationRN3hls6streamINS_4axisI7ap_uintILi24EELm1ELm_8_ce0       |  out|    1|   ap_memory|  p_ZZ31hls_object_green_classificationRN3hls6streamINS_4axisI7ap_uintILi24EELm1ELm_8|         array|
|p_ZZ31hls_object_green_classificationRN3hls6streamINS_4axisI7ap_uintILi24EELm1ELm_8_q0        |   in|    1|   ap_memory|  p_ZZ31hls_object_green_classificationRN3hls6streamINS_4axisI7ap_uintILi24EELm1ELm_8|         array|
|p_ZZ31hls_object_green_classificationRN3hls6streamINS_4axisI7ap_uintILi24EELm1ELm_7_address0  |  out|   14|   ap_memory|  p_ZZ31hls_object_green_classificationRN3hls6streamINS_4axisI7ap_uintILi24EELm1ELm_7|         array|
|p_ZZ31hls_object_green_classificationRN3hls6streamINS_4axisI7ap_uintILi24EELm1ELm_7_ce0       |  out|    1|   ap_memory|  p_ZZ31hls_object_green_classificationRN3hls6streamINS_4axisI7ap_uintILi24EELm1ELm_7|         array|
|p_ZZ31hls_object_green_classificationRN3hls6streamINS_4axisI7ap_uintILi24EELm1ELm_7_q0        |   in|    1|   ap_memory|  p_ZZ31hls_object_green_classificationRN3hls6streamINS_4axisI7ap_uintILi24EELm1ELm_7|         array|
|p_ZZ31hls_object_green_classificationRN3hls6streamINS_4axisI7ap_uintILi24EELm1ELm_6_address0  |  out|   14|   ap_memory|  p_ZZ31hls_object_green_classificationRN3hls6streamINS_4axisI7ap_uintILi24EELm1ELm_6|         array|
|p_ZZ31hls_object_green_classificationRN3hls6streamINS_4axisI7ap_uintILi24EELm1ELm_6_ce0       |  out|    1|   ap_memory|  p_ZZ31hls_object_green_classificationRN3hls6streamINS_4axisI7ap_uintILi24EELm1ELm_6|         array|
|p_ZZ31hls_object_green_classificationRN3hls6streamINS_4axisI7ap_uintILi24EELm1ELm_6_q0        |   in|    1|   ap_memory|  p_ZZ31hls_object_green_classificationRN3hls6streamINS_4axisI7ap_uintILi24EELm1ELm_6|         array|
|p_ZZ31hls_object_green_classificationRN3hls6streamINS_4axisI7ap_uintILi24EELm1ELm_5_address0  |  out|   14|   ap_memory|  p_ZZ31hls_object_green_classificationRN3hls6streamINS_4axisI7ap_uintILi24EELm1ELm_5|         array|
|p_ZZ31hls_object_green_classificationRN3hls6streamINS_4axisI7ap_uintILi24EELm1ELm_5_ce0       |  out|    1|   ap_memory|  p_ZZ31hls_object_green_classificationRN3hls6streamINS_4axisI7ap_uintILi24EELm1ELm_5|         array|
|p_ZZ31hls_object_green_classificationRN3hls6streamINS_4axisI7ap_uintILi24EELm1ELm_5_q0        |   in|    1|   ap_memory|  p_ZZ31hls_object_green_classificationRN3hls6streamINS_4axisI7ap_uintILi24EELm1ELm_5|         array|
|p_ZZ31hls_object_green_classificationRN3hls6streamINS_4axisI7ap_uintILi24EELm1ELm_4_address0  |  out|   14|   ap_memory|  p_ZZ31hls_object_green_classificationRN3hls6streamINS_4axisI7ap_uintILi24EELm1ELm_4|         array|
|p_ZZ31hls_object_green_classificationRN3hls6streamINS_4axisI7ap_uintILi24EELm1ELm_4_ce0       |  out|    1|   ap_memory|  p_ZZ31hls_object_green_classificationRN3hls6streamINS_4axisI7ap_uintILi24EELm1ELm_4|         array|
|p_ZZ31hls_object_green_classificationRN3hls6streamINS_4axisI7ap_uintILi24EELm1ELm_4_q0        |   in|    1|   ap_memory|  p_ZZ31hls_object_green_classificationRN3hls6streamINS_4axisI7ap_uintILi24EELm1ELm_4|         array|
|p_ZZ31hls_object_green_classificationRN3hls6streamINS_4axisI7ap_uintILi24EELm1ELm_3_address0  |  out|   14|   ap_memory|  p_ZZ31hls_object_green_classificationRN3hls6streamINS_4axisI7ap_uintILi24EELm1ELm_3|         array|
|p_ZZ31hls_object_green_classificationRN3hls6streamINS_4axisI7ap_uintILi24EELm1ELm_3_ce0       |  out|    1|   ap_memory|  p_ZZ31hls_object_green_classificationRN3hls6streamINS_4axisI7ap_uintILi24EELm1ELm_3|         array|
|p_ZZ31hls_object_green_classificationRN3hls6streamINS_4axisI7ap_uintILi24EELm1ELm_3_q0        |   in|    1|   ap_memory|  p_ZZ31hls_object_green_classificationRN3hls6streamINS_4axisI7ap_uintILi24EELm1ELm_3|         array|
|p_ZZ31hls_object_green_classificationRN3hls6streamINS_4axisI7ap_uintILi24EELm1ELm_2_address0  |  out|   14|   ap_memory|  p_ZZ31hls_object_green_classificationRN3hls6streamINS_4axisI7ap_uintILi24EELm1ELm_2|         array|
|p_ZZ31hls_object_green_classificationRN3hls6streamINS_4axisI7ap_uintILi24EELm1ELm_2_ce0       |  out|    1|   ap_memory|  p_ZZ31hls_object_green_classificationRN3hls6streamINS_4axisI7ap_uintILi24EELm1ELm_2|         array|
|p_ZZ31hls_object_green_classificationRN3hls6streamINS_4axisI7ap_uintILi24EELm1ELm_2_q0        |   in|    1|   ap_memory|  p_ZZ31hls_object_green_classificationRN3hls6streamINS_4axisI7ap_uintILi24EELm1ELm_2|         array|
|p_ZZ31hls_object_green_classificationRN3hls6streamINS_4axisI7ap_uintILi24EELm1ELm_1_address0  |  out|   14|   ap_memory|  p_ZZ31hls_object_green_classificationRN3hls6streamINS_4axisI7ap_uintILi24EELm1ELm_1|         array|
|p_ZZ31hls_object_green_classificationRN3hls6streamINS_4axisI7ap_uintILi24EELm1ELm_1_ce0       |  out|    1|   ap_memory|  p_ZZ31hls_object_green_classificationRN3hls6streamINS_4axisI7ap_uintILi24EELm1ELm_1|         array|
|p_ZZ31hls_object_green_classificationRN3hls6streamINS_4axisI7ap_uintILi24EELm1ELm_1_q0        |   in|    1|   ap_memory|  p_ZZ31hls_object_green_classificationRN3hls6streamINS_4axisI7ap_uintILi24EELm1ELm_1|         array|
|p_ZZ31hls_object_green_classificationRN3hls6streamINS_4axisI7ap_uintILi24EELm1ELm_address0    |  out|   14|   ap_memory|    p_ZZ31hls_object_green_classificationRN3hls6streamINS_4axisI7ap_uintILi24EELm1ELm|         array|
|p_ZZ31hls_object_green_classificationRN3hls6streamINS_4axisI7ap_uintILi24EELm1ELm_ce0         |  out|    1|   ap_memory|    p_ZZ31hls_object_green_classificationRN3hls6streamINS_4axisI7ap_uintILi24EELm1ELm|         array|
|p_ZZ31hls_object_green_classificationRN3hls6streamINS_4axisI7ap_uintILi24EELm1ELm_q0          |   in|    1|   ap_memory|    p_ZZ31hls_object_green_classificationRN3hls6streamINS_4axisI7ap_uintILi24EELm1ELm|         array|
|center_is_green_address0                                                                      |  out|    9|   ap_memory|                                                                      center_is_green|         array|
|center_is_green_ce0                                                                           |  out|    1|   ap_memory|                                                                      center_is_green|         array|
|center_is_green_q0                                                                            |   in|    1|   ap_memory|                                                                      center_is_green|         array|
+----------------------------------------------------------------------------------------------+-----+-----+------------+-------------------------------------------------------------------------------------+--------------+

