

================================================================
== Vitis HLS Report for 'findHSV'
================================================================
* Date:           Tue Oct 21 14:26:23 2025

* Version:        2023.1 (Build 3854077 on May  4 2023)
* Project:        BackGrRemoval
* Solution:       solution1 (Vivado IP Flow Target)
* Product family: zynq
* Target device:  xc7z020-clg484-1


================================================================
== Performance Estimates
================================================================
+ Timing: 
    * Summary: 
    +--------+----------+----------+------------+
    |  Clock |  Target  | Estimated| Uncertainty|
    +--------+----------+----------+------------+
    |ap_clk  |  10.00 ns|  9.500 ns|     0.50 ns|
    +--------+----------+----------+------------+

+ Latency: 
    * Summary: 
    +---------+---------+----------+----------+--------+--------+---------+
    |  Latency (cycles) |  Latency (absolute) |     Interval    | Pipeline|
    |   min   |   max   |    min   |    max   |   min  |   max  |   Type  |
    +---------+---------+----------+----------+--------+--------+---------+
    |   230451|   230451|  2.305 ms|  2.305 ms|  230451|  230451|       no|
    +---------+---------+----------+----------+--------+--------+---------+

    + Detail: 
        * Instance: 
        +--------------------------------------+---------------------------+---------+---------+----------+----------+--------+--------+---------+
        |                                      |                           |  Latency (cycles) |  Latency (absolute) |     Interval    | Pipeline|
        |               Instance               |           Module          |   min   |   max   |    min   |    max   |   min  |   max  |   Type  |
        +--------------------------------------+---------------------------+---------+---------+----------+----------+--------+--------+---------+
        |grp_findHSV_Pipeline_HSV_LOOP_fu_108  |findHSV_Pipeline_HSV_LOOP  |   230450|   230450|  2.304 ms|  2.304 ms|  230450|  230450|       no|
        +--------------------------------------+---------------------------+---------+---------+----------+----------+--------+--------+---------+

        * Loop: 
        N/A

============================================================
+ Verbose Summary: Synthesis Manager
============================================================
InlineROM: 1
ExposeGlobal: 0
============================================================
+ Verbose Summary: CDFG Model
============================================================
IsTopModel: 0
ResetActiveHigh: 1
IsCombinational: 0
IsDatapathOnly: 0
HasWiredReturn: 1
HasMFsm: 0
HasVarLatency: 1
IsPipeline: 0
IsRtlPipelined: 0
IsInstanceOverlapped: 0
IsDontTouch: 0
HasImplIP: 0
IsGatedGlobalClock: 0


============================================================
+ Verbose Summary: Schedule
============================================================
* Number of FSM states : 2
* Pipeline : 0
* Dataflow Pipeline: 0

* FSM state transitions: 
1 --> 2 
2 --> 

* FSM state operations: 

State 1 <SV = 0> <Delay = 5.08>
ST_1 : Operation 3 [1/1] (0.00ns)   --->   "%in_read = read i64 @_ssdm_op_Read.ap_auto.i64, i64 %in_r" [RGB2HSV.cpp:29]   --->   Operation 3 'read' 'in_read' <Predicate = true> <Delay = 0.00>
ST_1 : Operation 4 [1/1] (0.00ns)   --->   "%trunc_ln29 = trunc i64 %in_read" [RGB2HSV.cpp:29]   --->   Operation 4 'trunc' 'trunc_ln29' <Predicate = true> <Delay = 0.00>
ST_1 : Operation 5 [1/1] (1.56ns)   --->   "%add_ln29 = add i2 %trunc_ln29, i2 1" [RGB2HSV.cpp:29]   --->   Operation 5 'add' 'add_ln29' <Predicate = true> <Delay = 1.56> <CoreInst = "Adder">   --->   Core 1 'Adder' <Latency = 0> <II = 1> <Delay = 1.56> <FuncUnit> <Opcode : 'add' 'sub'> <InPorts = 2> <OutPorts = 1>
ST_1 : Operation 6 [1/1] (0.97ns)   --->   "%xor_ln29 = xor i2 %trunc_ln29, i2 2" [RGB2HSV.cpp:29]   --->   Operation 6 'xor' 'xor_ln29' <Predicate = true> <Delay = 0.97> <CoreInst = "LogicGate">   --->   Core 74 'LogicGate' <Latency = 0> <II = 1> <Delay = 0.97> <FuncUnit> <Opcode : 'and' 'or' 'xor'> <InPorts = 2> <OutPorts = 1>
ST_1 : Operation 7 [1/1] (1.56ns)   --->   "%add_ln29_1 = add i2 %trunc_ln29, i2 3" [RGB2HSV.cpp:29]   --->   Operation 7 'add' 'add_ln29_1' <Predicate = true> <Delay = 1.56> <CoreInst = "Adder">   --->   Core 1 'Adder' <Latency = 0> <II = 1> <Delay = 1.56> <FuncUnit> <Opcode : 'add' 'sub'> <InPorts = 2> <OutPorts = 1>
ST_1 : Operation 8 [2/2] (3.52ns)   --->   "%call_ln29 = call void @findHSV_Pipeline_HSV_LOOP, i64 %in_read, i32 %gmem, i2 %trunc_ln29, i2 %add_ln29, i2 %xor_ln29, i2 %add_ln29_1, i8 %BackGrRemoval_PixelBGR_ap_uint_8_h_3, i8 %BackGrRemoval_PixelBGR_ap_uint_8_h_2, i8 %BackGrRemoval_PixelBGR_ap_uint_8_h_1, i8 %BackGrRemoval_PixelBGR_ap_uint_8_h, i8 %BackGrRemoval_PixelBGR_ap_uint_8_h_4, i8 %BackGrRemoval_PixelBGR_ap_uint_8_h_8, i8 %p_ZZ13BackGrRemovalP8PixelBGR7ap_uintILi8EEE1h_12, i8 %p_ZZ13BackGrRemovalP8PixelBGR7ap_uintILi8EEE1h_16, i8 %p_ZZ13BackGrRemovalP8PixelBGR7ap_uintILi8EEE1h_20, i8 %p_ZZ13BackGrRemovalP8PixelBGR7ap_uintILi8EEE1h_24, i8 %p_ZZ13BackGrRemovalP8PixelBGR7ap_uintILi8EEE1h_28, i8 %BackGrRemoval_PixelBGR_ap_uint_8_h_5, i8 %BackGrRemoval_PixelBGR_ap_uint_8_h_9, i8 %p_ZZ13BackGrRemovalP8PixelBGR7ap_uintILi8EEE1h_13, i8 %p_ZZ13BackGrRemovalP8PixelBGR7ap_uintILi8EEE1h_17, i8 %p_ZZ13BackGrRemovalP8PixelBGR7ap_uintILi8EEE1h_21, i8 %p_ZZ13BackGrRemovalP8PixelBGR7ap_uintILi8EEE1h_25, i8 %p_ZZ13BackGrRemovalP8PixelBGR7ap_uintILi8EEE1h_29, i8 %BackGrRemoval_PixelBGR_ap_uint_8_h_6, i8 %p_ZZ13BackGrRemovalP8PixelBGR7ap_uintILi8EEE1h_10, i8 %p_ZZ13BackGrRemovalP8PixelBGR7ap_uintILi8EEE1h_14, i8 %p_ZZ13BackGrRemovalP8PixelBGR7ap_uintILi8EEE1h_18, i8 %p_ZZ13BackGrRemovalP8PixelBGR7ap_uintILi8EEE1h_22, i8 %p_ZZ13BackGrRemovalP8PixelBGR7ap_uintILi8EEE1h_26, i8 %p_ZZ13BackGrRemovalP8PixelBGR7ap_uintILi8EEE1h_30, i8 %BackGrRemoval_PixelBGR_ap_uint_8_h_7, i8 %p_ZZ13BackGrRemovalP8PixelBGR7ap_uintILi8EEE1h_11, i8 %p_ZZ13BackGrRemovalP8PixelBGR7ap_uintILi8EEE1h_15, i8 %p_ZZ13BackGrRemovalP8PixelBGR7ap_uintILi8EEE1h_19, i8 %p_ZZ13BackGrRemovalP8PixelBGR7ap_uintILi8EEE1h_23, i8 %p_ZZ13BackGrRemovalP8PixelBGR7ap_uintILi8EEE1h_27, i8 %p_ZZ13BackGrRemovalP8PixelBGR7ap_uintILi8EEE1h_31" [RGB2HSV.cpp:29]   --->   Operation 8 'call' 'call_ln29' <Predicate = true> <Delay = 3.52> <CoreType = "Generic">   --->   Core 0 '' <Latency = 0> <II = 1> <Delay = 1.00> <Generic> <Opcode : >

State 2 <SV = 1> <Delay = 0.00>
ST_2 : Operation 9 [1/1] (0.00ns)   --->   "%specmemcore_ln0 = specmemcore void @_ssdm_op_SpecMemCore, i8 %BackGrRemoval_PixelBGR_ap_uint_8_h, i64 666, i64 30, i64 18446744073709551615"   --->   Operation 9 'specmemcore' 'specmemcore_ln0' <Predicate = true> <Delay = 0.00>
ST_2 : Operation 10 [1/1] (0.00ns)   --->   "%specmemcore_ln0 = specmemcore void @_ssdm_op_SpecMemCore, i8 %BackGrRemoval_PixelBGR_ap_uint_8_h_1, i64 666, i64 30, i64 18446744073709551615"   --->   Operation 10 'specmemcore' 'specmemcore_ln0' <Predicate = true> <Delay = 0.00>
ST_2 : Operation 11 [1/1] (0.00ns)   --->   "%specmemcore_ln0 = specmemcore void @_ssdm_op_SpecMemCore, i8 %BackGrRemoval_PixelBGR_ap_uint_8_h_2, i64 666, i64 30, i64 18446744073709551615"   --->   Operation 11 'specmemcore' 'specmemcore_ln0' <Predicate = true> <Delay = 0.00>
ST_2 : Operation 12 [1/1] (0.00ns)   --->   "%specmemcore_ln0 = specmemcore void @_ssdm_op_SpecMemCore, i8 %BackGrRemoval_PixelBGR_ap_uint_8_h_3, i64 666, i64 30, i64 18446744073709551615"   --->   Operation 12 'specmemcore' 'specmemcore_ln0' <Predicate = true> <Delay = 0.00>
ST_2 : Operation 13 [1/1] (0.00ns)   --->   "%specmemcore_ln0 = specmemcore void @_ssdm_op_SpecMemCore, i8 %BackGrRemoval_PixelBGR_ap_uint_8_h_4, i64 666, i64 30, i64 18446744073709551615"   --->   Operation 13 'specmemcore' 'specmemcore_ln0' <Predicate = true> <Delay = 0.00>
ST_2 : Operation 14 [1/1] (0.00ns)   --->   "%specmemcore_ln0 = specmemcore void @_ssdm_op_SpecMemCore, i8 %BackGrRemoval_PixelBGR_ap_uint_8_h_5, i64 666, i64 30, i64 18446744073709551615"   --->   Operation 14 'specmemcore' 'specmemcore_ln0' <Predicate = true> <Delay = 0.00>
ST_2 : Operation 15 [1/1] (0.00ns)   --->   "%specmemcore_ln0 = specmemcore void @_ssdm_op_SpecMemCore, i8 %BackGrRemoval_PixelBGR_ap_uint_8_h_6, i64 666, i64 30, i64 18446744073709551615"   --->   Operation 15 'specmemcore' 'specmemcore_ln0' <Predicate = true> <Delay = 0.00>
ST_2 : Operation 16 [1/1] (0.00ns)   --->   "%specmemcore_ln0 = specmemcore void @_ssdm_op_SpecMemCore, i8 %BackGrRemoval_PixelBGR_ap_uint_8_h_7, i64 666, i64 30, i64 18446744073709551615"   --->   Operation 16 'specmemcore' 'specmemcore_ln0' <Predicate = true> <Delay = 0.00>
ST_2 : Operation 17 [1/1] (0.00ns)   --->   "%specmemcore_ln0 = specmemcore void @_ssdm_op_SpecMemCore, i8 %BackGrRemoval_PixelBGR_ap_uint_8_h_8, i64 666, i64 30, i64 18446744073709551615"   --->   Operation 17 'specmemcore' 'specmemcore_ln0' <Predicate = true> <Delay = 0.00>
ST_2 : Operation 18 [1/1] (0.00ns)   --->   "%specmemcore_ln0 = specmemcore void @_ssdm_op_SpecMemCore, i8 %BackGrRemoval_PixelBGR_ap_uint_8_h_9, i64 666, i64 30, i64 18446744073709551615"   --->   Operation 18 'specmemcore' 'specmemcore_ln0' <Predicate = true> <Delay = 0.00>
ST_2 : Operation 19 [1/1] (0.00ns)   --->   "%specmemcore_ln0 = specmemcore void @_ssdm_op_SpecMemCore, i8 %p_ZZ13BackGrRemovalP8PixelBGR7ap_uintILi8EEE1h_10, i64 666, i64 30, i64 18446744073709551615"   --->   Operation 19 'specmemcore' 'specmemcore_ln0' <Predicate = true> <Delay = 0.00>
ST_2 : Operation 20 [1/1] (0.00ns)   --->   "%specmemcore_ln0 = specmemcore void @_ssdm_op_SpecMemCore, i8 %p_ZZ13BackGrRemovalP8PixelBGR7ap_uintILi8EEE1h_11, i64 666, i64 30, i64 18446744073709551615"   --->   Operation 20 'specmemcore' 'specmemcore_ln0' <Predicate = true> <Delay = 0.00>
ST_2 : Operation 21 [1/1] (0.00ns)   --->   "%specmemcore_ln0 = specmemcore void @_ssdm_op_SpecMemCore, i8 %p_ZZ13BackGrRemovalP8PixelBGR7ap_uintILi8EEE1h_12, i64 666, i64 30, i64 18446744073709551615"   --->   Operation 21 'specmemcore' 'specmemcore_ln0' <Predicate = true> <Delay = 0.00>
ST_2 : Operation 22 [1/1] (0.00ns)   --->   "%specmemcore_ln0 = specmemcore void @_ssdm_op_SpecMemCore, i8 %p_ZZ13BackGrRemovalP8PixelBGR7ap_uintILi8EEE1h_13, i64 666, i64 30, i64 18446744073709551615"   --->   Operation 22 'specmemcore' 'specmemcore_ln0' <Predicate = true> <Delay = 0.00>
ST_2 : Operation 23 [1/1] (0.00ns)   --->   "%specmemcore_ln0 = specmemcore void @_ssdm_op_SpecMemCore, i8 %p_ZZ13BackGrRemovalP8PixelBGR7ap_uintILi8EEE1h_14, i64 666, i64 30, i64 18446744073709551615"   --->   Operation 23 'specmemcore' 'specmemcore_ln0' <Predicate = true> <Delay = 0.00>
ST_2 : Operation 24 [1/1] (0.00ns)   --->   "%specmemcore_ln0 = specmemcore void @_ssdm_op_SpecMemCore, i8 %p_ZZ13BackGrRemovalP8PixelBGR7ap_uintILi8EEE1h_15, i64 666, i64 30, i64 18446744073709551615"   --->   Operation 24 'specmemcore' 'specmemcore_ln0' <Predicate = true> <Delay = 0.00>
ST_2 : Operation 25 [1/1] (0.00ns)   --->   "%specmemcore_ln0 = specmemcore void @_ssdm_op_SpecMemCore, i8 %p_ZZ13BackGrRemovalP8PixelBGR7ap_uintILi8EEE1h_16, i64 666, i64 30, i64 18446744073709551615"   --->   Operation 25 'specmemcore' 'specmemcore_ln0' <Predicate = true> <Delay = 0.00>
ST_2 : Operation 26 [1/1] (0.00ns)   --->   "%specmemcore_ln0 = specmemcore void @_ssdm_op_SpecMemCore, i8 %p_ZZ13BackGrRemovalP8PixelBGR7ap_uintILi8EEE1h_17, i64 666, i64 30, i64 18446744073709551615"   --->   Operation 26 'specmemcore' 'specmemcore_ln0' <Predicate = true> <Delay = 0.00>
ST_2 : Operation 27 [1/1] (0.00ns)   --->   "%specmemcore_ln0 = specmemcore void @_ssdm_op_SpecMemCore, i8 %p_ZZ13BackGrRemovalP8PixelBGR7ap_uintILi8EEE1h_18, i64 666, i64 30, i64 18446744073709551615"   --->   Operation 27 'specmemcore' 'specmemcore_ln0' <Predicate = true> <Delay = 0.00>
ST_2 : Operation 28 [1/1] (0.00ns)   --->   "%specmemcore_ln0 = specmemcore void @_ssdm_op_SpecMemCore, i8 %p_ZZ13BackGrRemovalP8PixelBGR7ap_uintILi8EEE1h_19, i64 666, i64 30, i64 18446744073709551615"   --->   Operation 28 'specmemcore' 'specmemcore_ln0' <Predicate = true> <Delay = 0.00>
ST_2 : Operation 29 [1/1] (0.00ns)   --->   "%specmemcore_ln0 = specmemcore void @_ssdm_op_SpecMemCore, i8 %p_ZZ13BackGrRemovalP8PixelBGR7ap_uintILi8EEE1h_20, i64 666, i64 30, i64 18446744073709551615"   --->   Operation 29 'specmemcore' 'specmemcore_ln0' <Predicate = true> <Delay = 0.00>
ST_2 : Operation 30 [1/1] (0.00ns)   --->   "%specmemcore_ln0 = specmemcore void @_ssdm_op_SpecMemCore, i8 %p_ZZ13BackGrRemovalP8PixelBGR7ap_uintILi8EEE1h_21, i64 666, i64 30, i64 18446744073709551615"   --->   Operation 30 'specmemcore' 'specmemcore_ln0' <Predicate = true> <Delay = 0.00>
ST_2 : Operation 31 [1/1] (0.00ns)   --->   "%specmemcore_ln0 = specmemcore void @_ssdm_op_SpecMemCore, i8 %p_ZZ13BackGrRemovalP8PixelBGR7ap_uintILi8EEE1h_22, i64 666, i64 30, i64 18446744073709551615"   --->   Operation 31 'specmemcore' 'specmemcore_ln0' <Predicate = true> <Delay = 0.00>
ST_2 : Operation 32 [1/1] (0.00ns)   --->   "%specmemcore_ln0 = specmemcore void @_ssdm_op_SpecMemCore, i8 %p_ZZ13BackGrRemovalP8PixelBGR7ap_uintILi8EEE1h_23, i64 666, i64 30, i64 18446744073709551615"   --->   Operation 32 'specmemcore' 'specmemcore_ln0' <Predicate = true> <Delay = 0.00>
ST_2 : Operation 33 [1/1] (0.00ns)   --->   "%specmemcore_ln0 = specmemcore void @_ssdm_op_SpecMemCore, i8 %p_ZZ13BackGrRemovalP8PixelBGR7ap_uintILi8EEE1h_24, i64 666, i64 30, i64 18446744073709551615"   --->   Operation 33 'specmemcore' 'specmemcore_ln0' <Predicate = true> <Delay = 0.00>
ST_2 : Operation 34 [1/1] (0.00ns)   --->   "%specmemcore_ln0 = specmemcore void @_ssdm_op_SpecMemCore, i8 %p_ZZ13BackGrRemovalP8PixelBGR7ap_uintILi8EEE1h_25, i64 666, i64 30, i64 18446744073709551615"   --->   Operation 34 'specmemcore' 'specmemcore_ln0' <Predicate = true> <Delay = 0.00>
ST_2 : Operation 35 [1/1] (0.00ns)   --->   "%specmemcore_ln0 = specmemcore void @_ssdm_op_SpecMemCore, i8 %p_ZZ13BackGrRemovalP8PixelBGR7ap_uintILi8EEE1h_26, i64 666, i64 30, i64 18446744073709551615"   --->   Operation 35 'specmemcore' 'specmemcore_ln0' <Predicate = true> <Delay = 0.00>
ST_2 : Operation 36 [1/1] (0.00ns)   --->   "%specmemcore_ln0 = specmemcore void @_ssdm_op_SpecMemCore, i8 %p_ZZ13BackGrRemovalP8PixelBGR7ap_uintILi8EEE1h_27, i64 666, i64 30, i64 18446744073709551615"   --->   Operation 36 'specmemcore' 'specmemcore_ln0' <Predicate = true> <Delay = 0.00>
ST_2 : Operation 37 [1/1] (0.00ns)   --->   "%specmemcore_ln0 = specmemcore void @_ssdm_op_SpecMemCore, i8 %p_ZZ13BackGrRemovalP8PixelBGR7ap_uintILi8EEE1h_28, i64 666, i64 30, i64 18446744073709551615"   --->   Operation 37 'specmemcore' 'specmemcore_ln0' <Predicate = true> <Delay = 0.00>
ST_2 : Operation 38 [1/1] (0.00ns)   --->   "%specmemcore_ln0 = specmemcore void @_ssdm_op_SpecMemCore, i8 %p_ZZ13BackGrRemovalP8PixelBGR7ap_uintILi8EEE1h_29, i64 666, i64 30, i64 18446744073709551615"   --->   Operation 38 'specmemcore' 'specmemcore_ln0' <Predicate = true> <Delay = 0.00>
ST_2 : Operation 39 [1/1] (0.00ns)   --->   "%specmemcore_ln0 = specmemcore void @_ssdm_op_SpecMemCore, i8 %p_ZZ13BackGrRemovalP8PixelBGR7ap_uintILi8EEE1h_30, i64 666, i64 30, i64 18446744073709551615"   --->   Operation 39 'specmemcore' 'specmemcore_ln0' <Predicate = true> <Delay = 0.00>
ST_2 : Operation 40 [1/1] (0.00ns)   --->   "%specmemcore_ln0 = specmemcore void @_ssdm_op_SpecMemCore, i8 %p_ZZ13BackGrRemovalP8PixelBGR7ap_uintILi8EEE1h_31, i64 666, i64 30, i64 18446744073709551615"   --->   Operation 40 'specmemcore' 'specmemcore_ln0' <Predicate = true> <Delay = 0.00>
ST_2 : Operation 41 [1/1] (0.00ns)   --->   "%specinterface_ln0 = specinterface void @_ssdm_op_SpecInterface, i32 %gmem, void @empty, i32 0, i32 0, void @empty_0, i32 0, i32 0, void @empty_1, void @empty_2, void @empty_0, i32 16, i32 16, i32 16, i32 16, void @empty_0, void @empty_0, i32 4294967295, i32 0"   --->   Operation 41 'specinterface' 'specinterface_ln0' <Predicate = true> <Delay = 0.00>
ST_2 : Operation 42 [1/2] (0.00ns)   --->   "%call_ln29 = call void @findHSV_Pipeline_HSV_LOOP, i64 %in_read, i32 %gmem, i2 %trunc_ln29, i2 %add_ln29, i2 %xor_ln29, i2 %add_ln29_1, i8 %BackGrRemoval_PixelBGR_ap_uint_8_h_3, i8 %BackGrRemoval_PixelBGR_ap_uint_8_h_2, i8 %BackGrRemoval_PixelBGR_ap_uint_8_h_1, i8 %BackGrRemoval_PixelBGR_ap_uint_8_h, i8 %BackGrRemoval_PixelBGR_ap_uint_8_h_4, i8 %BackGrRemoval_PixelBGR_ap_uint_8_h_8, i8 %p_ZZ13BackGrRemovalP8PixelBGR7ap_uintILi8EEE1h_12, i8 %p_ZZ13BackGrRemovalP8PixelBGR7ap_uintILi8EEE1h_16, i8 %p_ZZ13BackGrRemovalP8PixelBGR7ap_uintILi8EEE1h_20, i8 %p_ZZ13BackGrRemovalP8PixelBGR7ap_uintILi8EEE1h_24, i8 %p_ZZ13BackGrRemovalP8PixelBGR7ap_uintILi8EEE1h_28, i8 %BackGrRemoval_PixelBGR_ap_uint_8_h_5, i8 %BackGrRemoval_PixelBGR_ap_uint_8_h_9, i8 %p_ZZ13BackGrRemovalP8PixelBGR7ap_uintILi8EEE1h_13, i8 %p_ZZ13BackGrRemovalP8PixelBGR7ap_uintILi8EEE1h_17, i8 %p_ZZ13BackGrRemovalP8PixelBGR7ap_uintILi8EEE1h_21, i8 %p_ZZ13BackGrRemovalP8PixelBGR7ap_uintILi8EEE1h_25, i8 %p_ZZ13BackGrRemovalP8PixelBGR7ap_uintILi8EEE1h_29, i8 %BackGrRemoval_PixelBGR_ap_uint_8_h_6, i8 %p_ZZ13BackGrRemovalP8PixelBGR7ap_uintILi8EEE1h_10, i8 %p_ZZ13BackGrRemovalP8PixelBGR7ap_uintILi8EEE1h_14, i8 %p_ZZ13BackGrRemovalP8PixelBGR7ap_uintILi8EEE1h_18, i8 %p_ZZ13BackGrRemovalP8PixelBGR7ap_uintILi8EEE1h_22, i8 %p_ZZ13BackGrRemovalP8PixelBGR7ap_uintILi8EEE1h_26, i8 %p_ZZ13BackGrRemovalP8PixelBGR7ap_uintILi8EEE1h_30, i8 %BackGrRemoval_PixelBGR_ap_uint_8_h_7, i8 %p_ZZ13BackGrRemovalP8PixelBGR7ap_uintILi8EEE1h_11, i8 %p_ZZ13BackGrRemovalP8PixelBGR7ap_uintILi8EEE1h_15, i8 %p_ZZ13BackGrRemovalP8PixelBGR7ap_uintILi8EEE1h_19, i8 %p_ZZ13BackGrRemovalP8PixelBGR7ap_uintILi8EEE1h_23, i8 %p_ZZ13BackGrRemovalP8PixelBGR7ap_uintILi8EEE1h_27, i8 %p_ZZ13BackGrRemovalP8PixelBGR7ap_uintILi8EEE1h_31" [RGB2HSV.cpp:29]   --->   Operation 42 'call' 'call_ln29' <Predicate = true> <Delay = 0.00> <CoreType = "Generic">   --->   Core 0 '' <Latency = 0> <II = 1> <Delay = 1.00> <Generic> <Opcode : >
ST_2 : Operation 43 [1/1] (0.00ns)   --->   "%ret_ln55 = ret" [RGB2HSV.cpp:55]   --->   Operation 43 'ret' 'ret_ln55' <Predicate = true> <Delay = 0.00>


============================================================
+ Verbose Summary: Binding
============================================================
STG Binding: 
---------------- STG Properties BEGIN ----------------
- Is combinational: 0
- Is one-state seq: 0
- Is datapath-only: 0
- Is pipelined: 0
- Is top level: 0
Port [ Return ] is wired: 1; IO mode=ap_ctrl_hs:ce=0
Port [ gmem]:  wired=1; compound=1; hidden=0; nouse=0; global=0; static=0; extern=0; dir=0; type=4; pingpong=0; private_global=0; IO mode=m_axi:ce=0
Port [ in_r]:  wired=1; compound=0; hidden=0; nouse=0; global=0; static=0; extern=0; dir=0; type=0; pingpong=0; private_global=0; IO mode=ap_none:ce=0
Port [ BackGrRemoval_PixelBGR_ap_uint_8_h_3]:  wired=1; compound=1; hidden=0; nouse=0; global=1; static=1; extern=0; dir=1; type=1; pingpong=0; private_global=0; MemPort=[03]; IO mode=ap_memory:ce=0
Port [ BackGrRemoval_PixelBGR_ap_uint_8_h_2]:  wired=1; compound=1; hidden=0; nouse=0; global=1; static=1; extern=0; dir=1; type=1; pingpong=0; private_global=0; MemPort=[03]; IO mode=ap_memory:ce=0
Port [ BackGrRemoval_PixelBGR_ap_uint_8_h_1]:  wired=1; compound=1; hidden=0; nouse=0; global=1; static=1; extern=0; dir=1; type=1; pingpong=0; private_global=0; MemPort=[03]; IO mode=ap_memory:ce=0
Port [ BackGrRemoval_PixelBGR_ap_uint_8_h]:  wired=1; compound=1; hidden=0; nouse=0; global=1; static=1; extern=0; dir=1; type=1; pingpong=0; private_global=0; MemPort=[03]; IO mode=ap_memory:ce=0
Port [ BackGrRemoval_PixelBGR_ap_uint_8_h_4]:  wired=1; compound=1; hidden=0; nouse=0; global=1; static=1; extern=0; dir=1; type=1; pingpong=0; private_global=0; MemPort=[03]; IO mode=ap_memory:ce=0
Port [ BackGrRemoval_PixelBGR_ap_uint_8_h_8]:  wired=1; compound=1; hidden=0; nouse=0; global=1; static=1; extern=0; dir=1; type=1; pingpong=0; private_global=0; MemPort=[03]; IO mode=ap_memory:ce=0
Port [ p_ZZ13BackGrRemovalP8PixelBGR7ap_uintILi8EEE1h_12]:  wired=1; compound=1; hidden=0; nouse=0; global=1; static=1; extern=0; dir=1; type=1; pingpong=0; private_global=0; MemPort=[03]; IO mode=ap_memory:ce=0
Port [ p_ZZ13BackGrRemovalP8PixelBGR7ap_uintILi8EEE1h_16]:  wired=1; compound=1; hidden=0; nouse=0; global=1; static=1; extern=0; dir=1; type=1; pingpong=0; private_global=0; MemPort=[03]; IO mode=ap_memory:ce=0
Port [ p_ZZ13BackGrRemovalP8PixelBGR7ap_uintILi8EEE1h_20]:  wired=1; compound=1; hidden=0; nouse=0; global=1; static=1; extern=0; dir=1; type=1; pingpong=0; private_global=0; MemPort=[03]; IO mode=ap_memory:ce=0
Port [ p_ZZ13BackGrRemovalP8PixelBGR7ap_uintILi8EEE1h_24]:  wired=1; compound=1; hidden=0; nouse=0; global=1; static=1; extern=0; dir=1; type=1; pingpong=0; private_global=0; MemPort=[03]; IO mode=ap_memory:ce=0
Port [ p_ZZ13BackGrRemovalP8PixelBGR7ap_uintILi8EEE1h_28]:  wired=1; compound=1; hidden=0; nouse=0; global=1; static=1; extern=0; dir=1; type=1; pingpong=0; private_global=0; MemPort=[03]; IO mode=ap_memory:ce=0
Port [ BackGrRemoval_PixelBGR_ap_uint_8_h_5]:  wired=1; compound=1; hidden=0; nouse=0; global=1; static=1; extern=0; dir=1; type=1; pingpong=0; private_global=0; MemPort=[03]; IO mode=ap_memory:ce=0
Port [ BackGrRemoval_PixelBGR_ap_uint_8_h_9]:  wired=1; compound=1; hidden=0; nouse=0; global=1; static=1; extern=0; dir=1; type=1; pingpong=0; private_global=0; MemPort=[03]; IO mode=ap_memory:ce=0
Port [ p_ZZ13BackGrRemovalP8PixelBGR7ap_uintILi8EEE1h_13]:  wired=1; compound=1; hidden=0; nouse=0; global=1; static=1; extern=0; dir=1; type=1; pingpong=0; private_global=0; MemPort=[03]; IO mode=ap_memory:ce=0
Port [ p_ZZ13BackGrRemovalP8PixelBGR7ap_uintILi8EEE1h_17]:  wired=1; compound=1; hidden=0; nouse=0; global=1; static=1; extern=0; dir=1; type=1; pingpong=0; private_global=0; MemPort=[03]; IO mode=ap_memory:ce=0
Port [ p_ZZ13BackGrRemovalP8PixelBGR7ap_uintILi8EEE1h_21]:  wired=1; compound=1; hidden=0; nouse=0; global=1; static=1; extern=0; dir=1; type=1; pingpong=0; private_global=0; MemPort=[03]; IO mode=ap_memory:ce=0
Port [ p_ZZ13BackGrRemovalP8PixelBGR7ap_uintILi8EEE1h_25]:  wired=1; compound=1; hidden=0; nouse=0; global=1; static=1; extern=0; dir=1; type=1; pingpong=0; private_global=0; MemPort=[03]; IO mode=ap_memory:ce=0
Port [ p_ZZ13BackGrRemovalP8PixelBGR7ap_uintILi8EEE1h_29]:  wired=1; compound=1; hidden=0; nouse=0; global=1; static=1; extern=0; dir=1; type=1; pingpong=0; private_global=0; MemPort=[03]; IO mode=ap_memory:ce=0
Port [ BackGrRemoval_PixelBGR_ap_uint_8_h_6]:  wired=1; compound=1; hidden=0; nouse=0; global=1; static=1; extern=0; dir=1; type=1; pingpong=0; private_global=0; MemPort=[03]; IO mode=ap_memory:ce=0
Port [ p_ZZ13BackGrRemovalP8PixelBGR7ap_uintILi8EEE1h_10]:  wired=1; compound=1; hidden=0; nouse=0; global=1; static=1; extern=0; dir=1; type=1; pingpong=0; private_global=0; MemPort=[03]; IO mode=ap_memory:ce=0
Port [ p_ZZ13BackGrRemovalP8PixelBGR7ap_uintILi8EEE1h_14]:  wired=1; compound=1; hidden=0; nouse=0; global=1; static=1; extern=0; dir=1; type=1; pingpong=0; private_global=0; MemPort=[03]; IO mode=ap_memory:ce=0
Port [ p_ZZ13BackGrRemovalP8PixelBGR7ap_uintILi8EEE1h_18]:  wired=1; compound=1; hidden=0; nouse=0; global=1; static=1; extern=0; dir=1; type=1; pingpong=0; private_global=0; MemPort=[03]; IO mode=ap_memory:ce=0
Port [ p_ZZ13BackGrRemovalP8PixelBGR7ap_uintILi8EEE1h_22]:  wired=1; compound=1; hidden=0; nouse=0; global=1; static=1; extern=0; dir=1; type=1; pingpong=0; private_global=0; MemPort=[03]; IO mode=ap_memory:ce=0
Port [ p_ZZ13BackGrRemovalP8PixelBGR7ap_uintILi8EEE1h_26]:  wired=1; compound=1; hidden=0; nouse=0; global=1; static=1; extern=0; dir=1; type=1; pingpong=0; private_global=0; MemPort=[03]; IO mode=ap_memory:ce=0
Port [ p_ZZ13BackGrRemovalP8PixelBGR7ap_uintILi8EEE1h_30]:  wired=1; compound=1; hidden=0; nouse=0; global=1; static=1; extern=0; dir=1; type=1; pingpong=0; private_global=0; MemPort=[03]; IO mode=ap_memory:ce=0
Port [ BackGrRemoval_PixelBGR_ap_uint_8_h_7]:  wired=1; compound=1; hidden=0; nouse=0; global=1; static=1; extern=0; dir=1; type=1; pingpong=0; private_global=0; MemPort=[03]; IO mode=ap_memory:ce=0
Port [ p_ZZ13BackGrRemovalP8PixelBGR7ap_uintILi8EEE1h_11]:  wired=1; compound=1; hidden=0; nouse=0; global=1; static=1; extern=0; dir=1; type=1; pingpong=0; private_global=0; MemPort=[03]; IO mode=ap_memory:ce=0
Port [ p_ZZ13BackGrRemovalP8PixelBGR7ap_uintILi8EEE1h_15]:  wired=1; compound=1; hidden=0; nouse=0; global=1; static=1; extern=0; dir=1; type=1; pingpong=0; private_global=0; MemPort=[03]; IO mode=ap_memory:ce=0
Port [ p_ZZ13BackGrRemovalP8PixelBGR7ap_uintILi8EEE1h_19]:  wired=1; compound=1; hidden=0; nouse=0; global=1; static=1; extern=0; dir=1; type=1; pingpong=0; private_global=0; MemPort=[03]; IO mode=ap_memory:ce=0
Port [ p_ZZ13BackGrRemovalP8PixelBGR7ap_uintILi8EEE1h_23]:  wired=1; compound=1; hidden=0; nouse=0; global=1; static=1; extern=0; dir=1; type=1; pingpong=0; private_global=0; MemPort=[03]; IO mode=ap_memory:ce=0
Port [ p_ZZ13BackGrRemovalP8PixelBGR7ap_uintILi8EEE1h_27]:  wired=1; compound=1; hidden=0; nouse=0; global=1; static=1; extern=0; dir=1; type=1; pingpong=0; private_global=0; MemPort=[03]; IO mode=ap_memory:ce=0
Port [ p_ZZ13BackGrRemovalP8PixelBGR7ap_uintILi8EEE1h_31]:  wired=1; compound=1; hidden=0; nouse=0; global=1; static=1; extern=0; dir=1; type=1; pingpong=0; private_global=0; MemPort=[03]; IO mode=ap_memory:ce=0
---------------- STG Properties END ------------------

---------------- Datapath Model BEGIN ----------------

<LifeTime>
<method=bitvector/>
in_read           (read         ) [ 001]
trunc_ln29        (trunc        ) [ 001]
add_ln29          (add          ) [ 001]
xor_ln29          (xor          ) [ 001]
add_ln29_1        (add          ) [ 001]
specmemcore_ln0   (specmemcore  ) [ 000]
specmemcore_ln0   (specmemcore  ) [ 000]
specmemcore_ln0   (specmemcore  ) [ 000]
specmemcore_ln0   (specmemcore  ) [ 000]
specmemcore_ln0   (specmemcore  ) [ 000]
specmemcore_ln0   (specmemcore  ) [ 000]
specmemcore_ln0   (specmemcore  ) [ 000]
specmemcore_ln0   (specmemcore  ) [ 000]
specmemcore_ln0   (specmemcore  ) [ 000]
specmemcore_ln0   (specmemcore  ) [ 000]
specmemcore_ln0   (specmemcore  ) [ 000]
specmemcore_ln0   (specmemcore  ) [ 000]
specmemcore_ln0   (specmemcore  ) [ 000]
specmemcore_ln0   (specmemcore  ) [ 000]
specmemcore_ln0   (specmemcore  ) [ 000]
specmemcore_ln0   (specmemcore  ) [ 000]
specmemcore_ln0   (specmemcore  ) [ 000]
specmemcore_ln0   (specmemcore  ) [ 000]
specmemcore_ln0   (specmemcore  ) [ 000]
specmemcore_ln0   (specmemcore  ) [ 000]
specmemcore_ln0   (specmemcore  ) [ 000]
specmemcore_ln0   (specmemcore  ) [ 000]
specmemcore_ln0   (specmemcore  ) [ 000]
specmemcore_ln0   (specmemcore  ) [ 000]
specmemcore_ln0   (specmemcore  ) [ 000]
specmemcore_ln0   (specmemcore  ) [ 000]
specmemcore_ln0   (specmemcore  ) [ 000]
specmemcore_ln0   (specmemcore  ) [ 000]
specmemcore_ln0   (specmemcore  ) [ 000]
specmemcore_ln0   (specmemcore  ) [ 000]
specmemcore_ln0   (specmemcore  ) [ 000]
specmemcore_ln0   (specmemcore  ) [ 000]
specinterface_ln0 (specinterface) [ 000]
call_ln29         (call         ) [ 000]
ret_ln55          (ret          ) [ 000]
</LifeTime>

<model>

<comp_list>
<comp id="0" class="1000" name="gmem">
<pin_list>
<pin id="1" dir="1" index="0" bw="1" slack="0"/>
</pin_list>
<bind>
<StgValue><ssdm name="gmem"/></StgValue>
</bind>
</comp>

<comp id="2" class="1000" name="in_r">
<pin_list>
<pin id="3" dir="1" index="0" bw="1" slack="0"/>
</pin_list>
<bind>
<StgValue><ssdm name="in_r"/></StgValue>
</bind>
</comp>

<comp id="4" class="1000" name="BackGrRemoval_PixelBGR_ap_uint_8_h_3">
<pin_list>
<pin id="5" dir="1" index="0" bw="1" slack="0"/>
</pin_list>
<bind>
<StgValue><ssdm name="BackGrRemoval_PixelBGR_ap_uint_8_h_3"/><MemPortTyVec>0 3 </MemPortTyVec>
</StgValue>
</bind>
</comp>

<comp id="6" class="1000" name="BackGrRemoval_PixelBGR_ap_uint_8_h_2">
<pin_list>
<pin id="7" dir="1" index="0" bw="1" slack="0"/>
</pin_list>
<bind>
<StgValue><ssdm name="BackGrRemoval_PixelBGR_ap_uint_8_h_2"/><MemPortTyVec>0 3 </MemPortTyVec>
</StgValue>
</bind>
</comp>

<comp id="8" class="1000" name="BackGrRemoval_PixelBGR_ap_uint_8_h_1">
<pin_list>
<pin id="9" dir="1" index="0" bw="1" slack="0"/>
</pin_list>
<bind>
<StgValue><ssdm name="BackGrRemoval_PixelBGR_ap_uint_8_h_1"/><MemPortTyVec>0 3 </MemPortTyVec>
</StgValue>
</bind>
</comp>

<comp id="10" class="1000" name="BackGrRemoval_PixelBGR_ap_uint_8_h">
<pin_list>
<pin id="11" dir="1" index="0" bw="1" slack="0"/>
</pin_list>
<bind>
<StgValue><ssdm name="BackGrRemoval_PixelBGR_ap_uint_8_h"/><MemPortTyVec>0 3 </MemPortTyVec>
</StgValue>
</bind>
</comp>

<comp id="12" class="1000" name="BackGrRemoval_PixelBGR_ap_uint_8_h_4">
<pin_list>
<pin id="13" dir="1" index="0" bw="1" slack="0"/>
</pin_list>
<bind>
<StgValue><ssdm name="BackGrRemoval_PixelBGR_ap_uint_8_h_4"/><MemPortTyVec>0 3 </MemPortTyVec>
</StgValue>
</bind>
</comp>

<comp id="14" class="1000" name="BackGrRemoval_PixelBGR_ap_uint_8_h_8">
<pin_list>
<pin id="15" dir="1" index="0" bw="1" slack="0"/>
</pin_list>
<bind>
<StgValue><ssdm name="BackGrRemoval_PixelBGR_ap_uint_8_h_8"/><MemPortTyVec>0 3 </MemPortTyVec>
</StgValue>
</bind>
</comp>

<comp id="16" class="1000" name="p_ZZ13BackGrRemovalP8PixelBGR7ap_uintILi8EEE1h_12">
<pin_list>
<pin id="17" dir="1" index="0" bw="1" slack="0"/>
</pin_list>
<bind>
<StgValue><ssdm name="p_ZZ13BackGrRemovalP8PixelBGR7ap_uintILi8EEE1h_12"/><MemPortTyVec>0 3 </MemPortTyVec>
</StgValue>
</bind>
</comp>

<comp id="18" class="1000" name="p_ZZ13BackGrRemovalP8PixelBGR7ap_uintILi8EEE1h_16">
<pin_list>
<pin id="19" dir="1" index="0" bw="1" slack="0"/>
</pin_list>
<bind>
<StgValue><ssdm name="p_ZZ13BackGrRemovalP8PixelBGR7ap_uintILi8EEE1h_16"/><MemPortTyVec>0 3 </MemPortTyVec>
</StgValue>
</bind>
</comp>

<comp id="20" class="1000" name="p_ZZ13BackGrRemovalP8PixelBGR7ap_uintILi8EEE1h_20">
<pin_list>
<pin id="21" dir="1" index="0" bw="1" slack="0"/>
</pin_list>
<bind>
<StgValue><ssdm name="p_ZZ13BackGrRemovalP8PixelBGR7ap_uintILi8EEE1h_20"/><MemPortTyVec>0 3 </MemPortTyVec>
</StgValue>
</bind>
</comp>

<comp id="22" class="1000" name="p_ZZ13BackGrRemovalP8PixelBGR7ap_uintILi8EEE1h_24">
<pin_list>
<pin id="23" dir="1" index="0" bw="1" slack="0"/>
</pin_list>
<bind>
<StgValue><ssdm name="p_ZZ13BackGrRemovalP8PixelBGR7ap_uintILi8EEE1h_24"/><MemPortTyVec>0 3 </MemPortTyVec>
</StgValue>
</bind>
</comp>

<comp id="24" class="1000" name="p_ZZ13BackGrRemovalP8PixelBGR7ap_uintILi8EEE1h_28">
<pin_list>
<pin id="25" dir="1" index="0" bw="1" slack="0"/>
</pin_list>
<bind>
<StgValue><ssdm name="p_ZZ13BackGrRemovalP8PixelBGR7ap_uintILi8EEE1h_28"/><MemPortTyVec>0 3 </MemPortTyVec>
</StgValue>
</bind>
</comp>

<comp id="26" class="1000" name="BackGrRemoval_PixelBGR_ap_uint_8_h_5">
<pin_list>
<pin id="27" dir="1" index="0" bw="1" slack="0"/>
</pin_list>
<bind>
<StgValue><ssdm name="BackGrRemoval_PixelBGR_ap_uint_8_h_5"/><MemPortTyVec>0 3 </MemPortTyVec>
</StgValue>
</bind>
</comp>

<comp id="28" class="1000" name="BackGrRemoval_PixelBGR_ap_uint_8_h_9">
<pin_list>
<pin id="29" dir="1" index="0" bw="1" slack="0"/>
</pin_list>
<bind>
<StgValue><ssdm name="BackGrRemoval_PixelBGR_ap_uint_8_h_9"/><MemPortTyVec>0 3 </MemPortTyVec>
</StgValue>
</bind>
</comp>

<comp id="30" class="1000" name="p_ZZ13BackGrRemovalP8PixelBGR7ap_uintILi8EEE1h_13">
<pin_list>
<pin id="31" dir="1" index="0" bw="1" slack="0"/>
</pin_list>
<bind>
<StgValue><ssdm name="p_ZZ13BackGrRemovalP8PixelBGR7ap_uintILi8EEE1h_13"/><MemPortTyVec>0 3 </MemPortTyVec>
</StgValue>
</bind>
</comp>

<comp id="32" class="1000" name="p_ZZ13BackGrRemovalP8PixelBGR7ap_uintILi8EEE1h_17">
<pin_list>
<pin id="33" dir="1" index="0" bw="1" slack="0"/>
</pin_list>
<bind>
<StgValue><ssdm name="p_ZZ13BackGrRemovalP8PixelBGR7ap_uintILi8EEE1h_17"/><MemPortTyVec>0 3 </MemPortTyVec>
</StgValue>
</bind>
</comp>

<comp id="34" class="1000" name="p_ZZ13BackGrRemovalP8PixelBGR7ap_uintILi8EEE1h_21">
<pin_list>
<pin id="35" dir="1" index="0" bw="1" slack="0"/>
</pin_list>
<bind>
<StgValue><ssdm name="p_ZZ13BackGrRemovalP8PixelBGR7ap_uintILi8EEE1h_21"/><MemPortTyVec>0 3 </MemPortTyVec>
</StgValue>
</bind>
</comp>

<comp id="36" class="1000" name="p_ZZ13BackGrRemovalP8PixelBGR7ap_uintILi8EEE1h_25">
<pin_list>
<pin id="37" dir="1" index="0" bw="1" slack="0"/>
</pin_list>
<bind>
<StgValue><ssdm name="p_ZZ13BackGrRemovalP8PixelBGR7ap_uintILi8EEE1h_25"/><MemPortTyVec>0 3 </MemPortTyVec>
</StgValue>
</bind>
</comp>

<comp id="38" class="1000" name="p_ZZ13BackGrRemovalP8PixelBGR7ap_uintILi8EEE1h_29">
<pin_list>
<pin id="39" dir="1" index="0" bw="1" slack="0"/>
</pin_list>
<bind>
<StgValue><ssdm name="p_ZZ13BackGrRemovalP8PixelBGR7ap_uintILi8EEE1h_29"/><MemPortTyVec>0 3 </MemPortTyVec>
</StgValue>
</bind>
</comp>

<comp id="40" class="1000" name="BackGrRemoval_PixelBGR_ap_uint_8_h_6">
<pin_list>
<pin id="41" dir="1" index="0" bw="1" slack="0"/>
</pin_list>
<bind>
<StgValue><ssdm name="BackGrRemoval_PixelBGR_ap_uint_8_h_6"/><MemPortTyVec>0 3 </MemPortTyVec>
</StgValue>
</bind>
</comp>

<comp id="42" class="1000" name="p_ZZ13BackGrRemovalP8PixelBGR7ap_uintILi8EEE1h_10">
<pin_list>
<pin id="43" dir="1" index="0" bw="1" slack="0"/>
</pin_list>
<bind>
<StgValue><ssdm name="p_ZZ13BackGrRemovalP8PixelBGR7ap_uintILi8EEE1h_10"/><MemPortTyVec>0 3 </MemPortTyVec>
</StgValue>
</bind>
</comp>

<comp id="44" class="1000" name="p_ZZ13BackGrRemovalP8PixelBGR7ap_uintILi8EEE1h_14">
<pin_list>
<pin id="45" dir="1" index="0" bw="1" slack="0"/>
</pin_list>
<bind>
<StgValue><ssdm name="p_ZZ13BackGrRemovalP8PixelBGR7ap_uintILi8EEE1h_14"/><MemPortTyVec>0 3 </MemPortTyVec>
</StgValue>
</bind>
</comp>

<comp id="46" class="1000" name="p_ZZ13BackGrRemovalP8PixelBGR7ap_uintILi8EEE1h_18">
<pin_list>
<pin id="47" dir="1" index="0" bw="1" slack="0"/>
</pin_list>
<bind>
<StgValue><ssdm name="p_ZZ13BackGrRemovalP8PixelBGR7ap_uintILi8EEE1h_18"/><MemPortTyVec>0 3 </MemPortTyVec>
</StgValue>
</bind>
</comp>

<comp id="48" class="1000" name="p_ZZ13BackGrRemovalP8PixelBGR7ap_uintILi8EEE1h_22">
<pin_list>
<pin id="49" dir="1" index="0" bw="1" slack="0"/>
</pin_list>
<bind>
<StgValue><ssdm name="p_ZZ13BackGrRemovalP8PixelBGR7ap_uintILi8EEE1h_22"/><MemPortTyVec>0 3 </MemPortTyVec>
</StgValue>
</bind>
</comp>

<comp id="50" class="1000" name="p_ZZ13BackGrRemovalP8PixelBGR7ap_uintILi8EEE1h_26">
<pin_list>
<pin id="51" dir="1" index="0" bw="1" slack="0"/>
</pin_list>
<bind>
<StgValue><ssdm name="p_ZZ13BackGrRemovalP8PixelBGR7ap_uintILi8EEE1h_26"/><MemPortTyVec>0 3 </MemPortTyVec>
</StgValue>
</bind>
</comp>

<comp id="52" class="1000" name="p_ZZ13BackGrRemovalP8PixelBGR7ap_uintILi8EEE1h_30">
<pin_list>
<pin id="53" dir="1" index="0" bw="1" slack="0"/>
</pin_list>
<bind>
<StgValue><ssdm name="p_ZZ13BackGrRemovalP8PixelBGR7ap_uintILi8EEE1h_30"/><MemPortTyVec>0 3 </MemPortTyVec>
</StgValue>
</bind>
</comp>

<comp id="54" class="1000" name="BackGrRemoval_PixelBGR_ap_uint_8_h_7">
<pin_list>
<pin id="55" dir="1" index="0" bw="1" slack="0"/>
</pin_list>
<bind>
<StgValue><ssdm name="BackGrRemoval_PixelBGR_ap_uint_8_h_7"/><MemPortTyVec>0 3 </MemPortTyVec>
</StgValue>
</bind>
</comp>

<comp id="56" class="1000" name="p_ZZ13BackGrRemovalP8PixelBGR7ap_uintILi8EEE1h_11">
<pin_list>
<pin id="57" dir="1" index="0" bw="1" slack="0"/>
</pin_list>
<bind>
<StgValue><ssdm name="p_ZZ13BackGrRemovalP8PixelBGR7ap_uintILi8EEE1h_11"/><MemPortTyVec>0 3 </MemPortTyVec>
</StgValue>
</bind>
</comp>

<comp id="58" class="1000" name="p_ZZ13BackGrRemovalP8PixelBGR7ap_uintILi8EEE1h_15">
<pin_list>
<pin id="59" dir="1" index="0" bw="1" slack="0"/>
</pin_list>
<bind>
<StgValue><ssdm name="p_ZZ13BackGrRemovalP8PixelBGR7ap_uintILi8EEE1h_15"/><MemPortTyVec>0 3 </MemPortTyVec>
</StgValue>
</bind>
</comp>

<comp id="60" class="1000" name="p_ZZ13BackGrRemovalP8PixelBGR7ap_uintILi8EEE1h_19">
<pin_list>
<pin id="61" dir="1" index="0" bw="1" slack="0"/>
</pin_list>
<bind>
<StgValue><ssdm name="p_ZZ13BackGrRemovalP8PixelBGR7ap_uintILi8EEE1h_19"/><MemPortTyVec>0 3 </MemPortTyVec>
</StgValue>
</bind>
</comp>

<comp id="62" class="1000" name="p_ZZ13BackGrRemovalP8PixelBGR7ap_uintILi8EEE1h_23">
<pin_list>
<pin id="63" dir="1" index="0" bw="1" slack="0"/>
</pin_list>
<bind>
<StgValue><ssdm name="p_ZZ13BackGrRemovalP8PixelBGR7ap_uintILi8EEE1h_23"/><MemPortTyVec>0 3 </MemPortTyVec>
</StgValue>
</bind>
</comp>

<comp id="64" class="1000" name="p_ZZ13BackGrRemovalP8PixelBGR7ap_uintILi8EEE1h_27">
<pin_list>
<pin id="65" dir="1" index="0" bw="1" slack="0"/>
</pin_list>
<bind>
<StgValue><ssdm name="p_ZZ13BackGrRemovalP8PixelBGR7ap_uintILi8EEE1h_27"/><MemPortTyVec>0 3 </MemPortTyVec>
</StgValue>
</bind>
</comp>

<comp id="66" class="1000" name="p_ZZ13BackGrRemovalP8PixelBGR7ap_uintILi8EEE1h_31">
<pin_list>
<pin id="67" dir="1" index="0" bw="1" slack="0"/>
</pin_list>
<bind>
<StgValue><ssdm name="p_ZZ13BackGrRemovalP8PixelBGR7ap_uintILi8EEE1h_31"/><MemPortTyVec>0 3 </MemPortTyVec>
</StgValue>
</bind>
</comp>

<comp id="68" class="1001" name="const_68">
<pin_list>
<pin id="69" dir="1" index="0" bw="1" slack="0"/>
</pin_list>
<bind>
<StgValue><ssdm name="_ssdm_op_Read.ap_auto.i64"/></StgValue>
</bind>
</comp>

<comp id="70" class="1001" name="const_70">
<pin_list>
<pin id="71" dir="1" index="0" bw="1" slack="0"/>
</pin_list>
<bind>
<StgValue><ssdm name=""/></StgValue>
</bind>
</comp>

<comp id="72" class="1001" name="const_72">
<pin_list>
<pin id="73" dir="1" index="0" bw="1" slack="0"/>
</pin_list>
<bind>
<StgValue><ssdm name=""/></StgValue>
</bind>
</comp>

<comp id="74" class="1001" name="const_74">
<pin_list>
<pin id="75" dir="1" index="0" bw="1" slack="0"/>
</pin_list>
<bind>
<StgValue><ssdm name=""/></StgValue>
</bind>
</comp>

<comp id="76" class="1001" name="const_76">
<pin_list>
<pin id="77" dir="1" index="0" bw="1" slack="0"/>
</pin_list>
<bind>
<StgValue><ssdm name="findHSV_Pipeline_HSV_LOOP"/></StgValue>
</bind>
</comp>

<comp id="78" class="1001" name="const_78">
<pin_list>
<pin id="79" dir="1" index="0" bw="1" slack="2147483647"/>
</pin_list>
<bind>
<StgValue><ssdm name="_ssdm_op_SpecMemCore"/></StgValue>
</bind>
</comp>

<comp id="80" class="1001" name="const_80">
<pin_list>
<pin id="81" dir="1" index="0" bw="1" slack="2147483647"/>
</pin_list>
<bind>
<StgValue><ssdm name=""/></StgValue>
</bind>
</comp>

<comp id="82" class="1001" name="const_82">
<pin_list>
<pin id="83" dir="1" index="0" bw="1" slack="2147483647"/>
</pin_list>
<bind>
<StgValue><ssdm name=""/></StgValue>
</bind>
</comp>

<comp id="84" class="1001" name="const_84">
<pin_list>
<pin id="85" dir="1" index="0" bw="1" slack="2147483647"/>
</pin_list>
<bind>
<StgValue><ssdm name=""/></StgValue>
</bind>
</comp>

<comp id="86" class="1001" name="const_86">
<pin_list>
<pin id="87" dir="1" index="0" bw="1" slack="2147483647"/>
</pin_list>
<bind>
<StgValue><ssdm name="_ssdm_op_SpecInterface"/></StgValue>
</bind>
</comp>

<comp id="88" class="1001" name="const_88">
<pin_list>
<pin id="89" dir="1" index="0" bw="1" slack="2147483647"/>
</pin_list>
<bind>
<StgValue><ssdm name="empty"/></StgValue>
</bind>
</comp>

<comp id="90" class="1001" name="const_90">
<pin_list>
<pin id="91" dir="1" index="0" bw="1" slack="2147483647"/>
</pin_list>
<bind>
<StgValue><ssdm name=""/></StgValue>
</bind>
</comp>

<comp id="92" class="1001" name="const_92">
<pin_list>
<pin id="93" dir="1" index="0" bw="1" slack="2147483647"/>
</pin_list>
<bind>
<StgValue><ssdm name="empty_0"/></StgValue>
</bind>
</comp>

<comp id="94" class="1001" name="const_94">
<pin_list>
<pin id="95" dir="1" index="0" bw="1" slack="2147483647"/>
</pin_list>
<bind>
<StgValue><ssdm name="empty_1"/></StgValue>
</bind>
</comp>

<comp id="96" class="1001" name="const_96">
<pin_list>
<pin id="97" dir="1" index="0" bw="1" slack="2147483647"/>
</pin_list>
<bind>
<StgValue><ssdm name="empty_2"/></StgValue>
</bind>
</comp>

<comp id="98" class="1001" name="const_98">
<pin_list>
<pin id="99" dir="1" index="0" bw="1" slack="2147483647"/>
</pin_list>
<bind>
<StgValue><ssdm name=""/></StgValue>
</bind>
</comp>

<comp id="100" class="1001" name="const_100">
<pin_list>
<pin id="101" dir="1" index="0" bw="1" slack="2147483647"/>
</pin_list>
<bind>
<StgValue><ssdm name=""/></StgValue>
</bind>
</comp>

<comp id="102" class="1004" name="in_read_read_fu_102">
<pin_list>
<pin id="103" dir="0" index="0" bw="64" slack="0"/>
<pin id="104" dir="0" index="1" bw="64" slack="0"/>
<pin id="105" dir="1" index="2" bw="64" slack="0"/>
</pin_list>
<bind>
<opcode="read(1150) " fcode="read"/>
<opset="in_read/1 "/>
</bind>
</comp>

<comp id="108" class="1004" name="grp_findHSV_Pipeline_HSV_LOOP_fu_108">
<pin_list>
<pin id="109" dir="0" index="0" bw="0" slack="0"/>
<pin id="110" dir="0" index="1" bw="64" slack="0"/>
<pin id="111" dir="0" index="2" bw="32" slack="0"/>
<pin id="112" dir="0" index="3" bw="2" slack="0"/>
<pin id="113" dir="0" index="4" bw="2" slack="0"/>
<pin id="114" dir="0" index="5" bw="2" slack="0"/>
<pin id="115" dir="0" index="6" bw="2" slack="0"/>
<pin id="116" dir="0" index="7" bw="8" slack="0"/>
<pin id="117" dir="0" index="8" bw="8" slack="0"/>
<pin id="118" dir="0" index="9" bw="8" slack="0"/>
<pin id="119" dir="0" index="10" bw="8" slack="0"/>
<pin id="120" dir="0" index="11" bw="8" slack="0"/>
<pin id="121" dir="0" index="12" bw="8" slack="0"/>
<pin id="122" dir="0" index="13" bw="8" slack="0"/>
<pin id="123" dir="0" index="14" bw="8" slack="0"/>
<pin id="124" dir="0" index="15" bw="8" slack="0"/>
<pin id="125" dir="0" index="16" bw="8" slack="0"/>
<pin id="126" dir="0" index="17" bw="8" slack="0"/>
<pin id="127" dir="0" index="18" bw="8" slack="0"/>
<pin id="128" dir="0" index="19" bw="8" slack="0"/>
<pin id="129" dir="0" index="20" bw="8" slack="0"/>
<pin id="130" dir="0" index="21" bw="8" slack="0"/>
<pin id="131" dir="0" index="22" bw="8" slack="0"/>
<pin id="132" dir="0" index="23" bw="8" slack="0"/>
<pin id="133" dir="0" index="24" bw="8" slack="0"/>
<pin id="134" dir="0" index="25" bw="8" slack="0"/>
<pin id="135" dir="0" index="26" bw="8" slack="0"/>
<pin id="136" dir="0" index="27" bw="8" slack="0"/>
<pin id="137" dir="0" index="28" bw="8" slack="0"/>
<pin id="138" dir="0" index="29" bw="8" slack="0"/>
<pin id="139" dir="0" index="30" bw="8" slack="0"/>
<pin id="140" dir="0" index="31" bw="8" slack="0"/>
<pin id="141" dir="0" index="32" bw="8" slack="0"/>
<pin id="142" dir="0" index="33" bw="8" slack="0"/>
<pin id="143" dir="0" index="34" bw="8" slack="0"/>
<pin id="144" dir="0" index="35" bw="8" slack="0"/>
<pin id="145" dir="0" index="36" bw="8" slack="0"/>
<pin id="146" dir="0" index="37" bw="8" slack="0"/>
<pin id="147" dir="0" index="38" bw="8" slack="0"/>
<pin id="148" dir="1" index="39" bw="0" slack="2147483647"/>
</pin_list>
<bind>
<opcode="call(48) " fcode="call"/>
<opset="call_ln29/1 "/>
</bind>
</comp>

<comp id="184" class="1004" name="trunc_ln29_fu_184">
<pin_list>
<pin id="185" dir="0" index="0" bw="64" slack="0"/>
<pin id="186" dir="1" index="1" bw="2" slack="0"/>
</pin_list>
<bind>
<opcode="trunc(33) " fcode="trunc"/>
<opset="trunc_ln29/1 "/>
</bind>
</comp>

<comp id="189" class="1004" name="add_ln29_fu_189">
<pin_list>
<pin id="190" dir="0" index="0" bw="2" slack="0"/>
<pin id="191" dir="0" index="1" bw="1" slack="0"/>
<pin id="192" dir="1" index="2" bw="2" slack="0"/>
</pin_list>
<bind>
<opcode="add(8) " fcode="add"/>
<opset="add_ln29/1 "/>
</bind>
</comp>

<comp id="196" class="1004" name="xor_ln29_fu_196">
<pin_list>
<pin id="197" dir="0" index="0" bw="2" slack="0"/>
<pin id="198" dir="0" index="1" bw="2" slack="0"/>
<pin id="199" dir="1" index="2" bw="2" slack="0"/>
</pin_list>
<bind>
<opcode="xor(25) " fcode="xor"/>
<opset="xor_ln29/1 "/>
</bind>
</comp>

<comp id="203" class="1004" name="add_ln29_1_fu_203">
<pin_list>
<pin id="204" dir="0" index="0" bw="2" slack="0"/>
<pin id="205" dir="0" index="1" bw="1" slack="0"/>
<pin id="206" dir="1" index="2" bw="2" slack="0"/>
</pin_list>
<bind>
<opcode="add(8) " fcode="add"/>
<opset="add_ln29_1/1 "/>
</bind>
</comp>

<comp id="210" class="1005" name="in_read_reg_210">
<pin_list>
<pin id="211" dir="0" index="0" bw="64" slack="1"/>
<pin id="212" dir="1" index="1" bw="64" slack="1"/>
</pin_list>
<bind>
<opset="in_read "/>
</bind>
</comp>

<comp id="215" class="1005" name="trunc_ln29_reg_215">
<pin_list>
<pin id="216" dir="0" index="0" bw="2" slack="1"/>
<pin id="217" dir="1" index="1" bw="2" slack="1"/>
</pin_list>
<bind>
<opset="trunc_ln29 "/>
</bind>
</comp>

<comp id="220" class="1005" name="add_ln29_reg_220">
<pin_list>
<pin id="221" dir="0" index="0" bw="2" slack="1"/>
<pin id="222" dir="1" index="1" bw="2" slack="1"/>
</pin_list>
<bind>
<opset="add_ln29 "/>
</bind>
</comp>

<comp id="225" class="1005" name="xor_ln29_reg_225">
<pin_list>
<pin id="226" dir="0" index="0" bw="2" slack="1"/>
<pin id="227" dir="1" index="1" bw="2" slack="1"/>
</pin_list>
<bind>
<opset="xor_ln29 "/>
</bind>
</comp>

<comp id="230" class="1005" name="add_ln29_1_reg_230">
<pin_list>
<pin id="231" dir="0" index="0" bw="2" slack="1"/>
<pin id="232" dir="1" index="1" bw="2" slack="1"/>
</pin_list>
<bind>
<opset="add_ln29_1 "/>
</bind>
</comp>

</comp_list>

<net_list>
<net id="106"><net_src comp="68" pin="0"/><net_sink comp="102" pin=0"/></net>

<net id="107"><net_src comp="2" pin="0"/><net_sink comp="102" pin=1"/></net>

<net id="149"><net_src comp="76" pin="0"/><net_sink comp="108" pin=0"/></net>

<net id="150"><net_src comp="102" pin="2"/><net_sink comp="108" pin=1"/></net>

<net id="151"><net_src comp="0" pin="0"/><net_sink comp="108" pin=2"/></net>

<net id="152"><net_src comp="4" pin="0"/><net_sink comp="108" pin=7"/></net>

<net id="153"><net_src comp="6" pin="0"/><net_sink comp="108" pin=8"/></net>

<net id="154"><net_src comp="8" pin="0"/><net_sink comp="108" pin=9"/></net>

<net id="155"><net_src comp="10" pin="0"/><net_sink comp="108" pin=10"/></net>

<net id="156"><net_src comp="12" pin="0"/><net_sink comp="108" pin=11"/></net>

<net id="157"><net_src comp="14" pin="0"/><net_sink comp="108" pin=12"/></net>

<net id="158"><net_src comp="16" pin="0"/><net_sink comp="108" pin=13"/></net>

<net id="159"><net_src comp="18" pin="0"/><net_sink comp="108" pin=14"/></net>

<net id="160"><net_src comp="20" pin="0"/><net_sink comp="108" pin=15"/></net>

<net id="161"><net_src comp="22" pin="0"/><net_sink comp="108" pin=16"/></net>

<net id="162"><net_src comp="24" pin="0"/><net_sink comp="108" pin=17"/></net>

<net id="163"><net_src comp="26" pin="0"/><net_sink comp="108" pin=18"/></net>

<net id="164"><net_src comp="28" pin="0"/><net_sink comp="108" pin=19"/></net>

<net id="165"><net_src comp="30" pin="0"/><net_sink comp="108" pin=20"/></net>

<net id="166"><net_src comp="32" pin="0"/><net_sink comp="108" pin=21"/></net>

<net id="167"><net_src comp="34" pin="0"/><net_sink comp="108" pin=22"/></net>

<net id="168"><net_src comp="36" pin="0"/><net_sink comp="108" pin=23"/></net>

<net id="169"><net_src comp="38" pin="0"/><net_sink comp="108" pin=24"/></net>

<net id="170"><net_src comp="40" pin="0"/><net_sink comp="108" pin=25"/></net>

<net id="171"><net_src comp="42" pin="0"/><net_sink comp="108" pin=26"/></net>

<net id="172"><net_src comp="44" pin="0"/><net_sink comp="108" pin=27"/></net>

<net id="173"><net_src comp="46" pin="0"/><net_sink comp="108" pin=28"/></net>

<net id="174"><net_src comp="48" pin="0"/><net_sink comp="108" pin=29"/></net>

<net id="175"><net_src comp="50" pin="0"/><net_sink comp="108" pin=30"/></net>

<net id="176"><net_src comp="52" pin="0"/><net_sink comp="108" pin=31"/></net>

<net id="177"><net_src comp="54" pin="0"/><net_sink comp="108" pin=32"/></net>

<net id="178"><net_src comp="56" pin="0"/><net_sink comp="108" pin=33"/></net>

<net id="179"><net_src comp="58" pin="0"/><net_sink comp="108" pin=34"/></net>

<net id="180"><net_src comp="60" pin="0"/><net_sink comp="108" pin=35"/></net>

<net id="181"><net_src comp="62" pin="0"/><net_sink comp="108" pin=36"/></net>

<net id="182"><net_src comp="64" pin="0"/><net_sink comp="108" pin=37"/></net>

<net id="183"><net_src comp="66" pin="0"/><net_sink comp="108" pin=38"/></net>

<net id="187"><net_src comp="102" pin="2"/><net_sink comp="184" pin=0"/></net>

<net id="188"><net_src comp="184" pin="1"/><net_sink comp="108" pin=3"/></net>

<net id="193"><net_src comp="184" pin="1"/><net_sink comp="189" pin=0"/></net>

<net id="194"><net_src comp="70" pin="0"/><net_sink comp="189" pin=1"/></net>

<net id="195"><net_src comp="189" pin="2"/><net_sink comp="108" pin=4"/></net>

<net id="200"><net_src comp="184" pin="1"/><net_sink comp="196" pin=0"/></net>

<net id="201"><net_src comp="72" pin="0"/><net_sink comp="196" pin=1"/></net>

<net id="202"><net_src comp="196" pin="2"/><net_sink comp="108" pin=5"/></net>

<net id="207"><net_src comp="184" pin="1"/><net_sink comp="203" pin=0"/></net>

<net id="208"><net_src comp="74" pin="0"/><net_sink comp="203" pin=1"/></net>

<net id="209"><net_src comp="203" pin="2"/><net_sink comp="108" pin=6"/></net>

<net id="213"><net_src comp="102" pin="2"/><net_sink comp="210" pin=0"/></net>

<net id="214"><net_src comp="210" pin="1"/><net_sink comp="108" pin=1"/></net>

<net id="218"><net_src comp="184" pin="1"/><net_sink comp="215" pin=0"/></net>

<net id="219"><net_src comp="215" pin="1"/><net_sink comp="108" pin=3"/></net>

<net id="223"><net_src comp="189" pin="2"/><net_sink comp="220" pin=0"/></net>

<net id="224"><net_src comp="220" pin="1"/><net_sink comp="108" pin=4"/></net>

<net id="228"><net_src comp="196" pin="2"/><net_sink comp="225" pin=0"/></net>

<net id="229"><net_src comp="225" pin="1"/><net_sink comp="108" pin=5"/></net>

<net id="233"><net_src comp="203" pin="2"/><net_sink comp="230" pin=0"/></net>

<net id="234"><net_src comp="230" pin="1"/><net_sink comp="108" pin=6"/></net>

</net_list>

</model> 
---------------- Datapath Model END ------------------

* FSMD analyzer results:
  - Output states:
	Port: BackGrRemoval_PixelBGR_ap_uint_8_h_3 | {1 2 }
	Port: BackGrRemoval_PixelBGR_ap_uint_8_h_2 | {1 2 }
	Port: BackGrRemoval_PixelBGR_ap_uint_8_h_1 | {1 2 }
	Port: BackGrRemoval_PixelBGR_ap_uint_8_h | {1 2 }
	Port: BackGrRemoval_PixelBGR_ap_uint_8_h_4 | {1 2 }
	Port: BackGrRemoval_PixelBGR_ap_uint_8_h_8 | {1 2 }
	Port: p_ZZ13BackGrRemovalP8PixelBGR7ap_uintILi8EEE1h_12 | {1 2 }
	Port: p_ZZ13BackGrRemovalP8PixelBGR7ap_uintILi8EEE1h_16 | {1 2 }
	Port: p_ZZ13BackGrRemovalP8PixelBGR7ap_uintILi8EEE1h_20 | {1 2 }
	Port: p_ZZ13BackGrRemovalP8PixelBGR7ap_uintILi8EEE1h_24 | {1 2 }
	Port: p_ZZ13BackGrRemovalP8PixelBGR7ap_uintILi8EEE1h_28 | {1 2 }
	Port: BackGrRemoval_PixelBGR_ap_uint_8_h_5 | {1 2 }
	Port: BackGrRemoval_PixelBGR_ap_uint_8_h_9 | {1 2 }
	Port: p_ZZ13BackGrRemovalP8PixelBGR7ap_uintILi8EEE1h_13 | {1 2 }
	Port: p_ZZ13BackGrRemovalP8PixelBGR7ap_uintILi8EEE1h_17 | {1 2 }
	Port: p_ZZ13BackGrRemovalP8PixelBGR7ap_uintILi8EEE1h_21 | {1 2 }
	Port: p_ZZ13BackGrRemovalP8PixelBGR7ap_uintILi8EEE1h_25 | {1 2 }
	Port: p_ZZ13BackGrRemovalP8PixelBGR7ap_uintILi8EEE1h_29 | {1 2 }
	Port: BackGrRemoval_PixelBGR_ap_uint_8_h_6 | {1 2 }
	Port: p_ZZ13BackGrRemovalP8PixelBGR7ap_uintILi8EEE1h_10 | {1 2 }
	Port: p_ZZ13BackGrRemovalP8PixelBGR7ap_uintILi8EEE1h_14 | {1 2 }
	Port: p_ZZ13BackGrRemovalP8PixelBGR7ap_uintILi8EEE1h_18 | {1 2 }
	Port: p_ZZ13BackGrRemovalP8PixelBGR7ap_uintILi8EEE1h_22 | {1 2 }
	Port: p_ZZ13BackGrRemovalP8PixelBGR7ap_uintILi8EEE1h_26 | {1 2 }
	Port: p_ZZ13BackGrRemovalP8PixelBGR7ap_uintILi8EEE1h_30 | {1 2 }
	Port: BackGrRemoval_PixelBGR_ap_uint_8_h_7 | {1 2 }
	Port: p_ZZ13BackGrRemovalP8PixelBGR7ap_uintILi8EEE1h_11 | {1 2 }
	Port: p_ZZ13BackGrRemovalP8PixelBGR7ap_uintILi8EEE1h_15 | {1 2 }
	Port: p_ZZ13BackGrRemovalP8PixelBGR7ap_uintILi8EEE1h_19 | {1 2 }
	Port: p_ZZ13BackGrRemovalP8PixelBGR7ap_uintILi8EEE1h_23 | {1 2 }
	Port: p_ZZ13BackGrRemovalP8PixelBGR7ap_uintILi8EEE1h_27 | {1 2 }
	Port: p_ZZ13BackGrRemovalP8PixelBGR7ap_uintILi8EEE1h_31 | {1 2 }
 - Input state : 
	Port: findHSV : gmem | {1 2 }
	Port: findHSV : in_r | {1 }
  - Chain level:
	State 1
		add_ln29 : 1
		xor_ln29 : 1
		add_ln29_1 : 1
		call_ln29 : 2
	State 2


============================================================
+ Verbose Summary: Datapath Resource usage 
============================================================

* Functional unit list:
|----------|--------------------------------------|---------|---------|---------|
| Operation|            Functional Unit           |  Delay  |    FF   |   LUT   |
|----------|--------------------------------------|---------|---------|---------|
|   call   | grp_findHSV_Pipeline_HSV_LOOP_fu_108 | 144.508 |  28494  |  25097  |
|----------|--------------------------------------|---------|---------|---------|
|    add   |            add_ln29_fu_189           |    0    |    0    |    10   |
|          |           add_ln29_1_fu_203          |    0    |    0    |    10   |
|----------|--------------------------------------|---------|---------|---------|
|    xor   |            xor_ln29_fu_196           |    0    |    0    |    2    |
|----------|--------------------------------------|---------|---------|---------|
|   read   |          in_read_read_fu_102         |    0    |    0    |    0    |
|----------|--------------------------------------|---------|---------|---------|
|   trunc  |           trunc_ln29_fu_184          |    0    |    0    |    0    |
|----------|--------------------------------------|---------|---------|---------|
|   Total  |                                      | 144.508 |  28494  |  25119  |
|----------|--------------------------------------|---------|---------|---------|

Memories:
N/A

* Register list:
+------------------+--------+
|                  |   FF   |
+------------------+--------+
|add_ln29_1_reg_230|    2   |
| add_ln29_reg_220 |    2   |
|  in_read_reg_210 |   64   |
|trunc_ln29_reg_215|    2   |
| xor_ln29_reg_225 |    2   |
+------------------+--------+
|       Total      |   72   |
+------------------+--------+

* Multiplexer (MUX) list: 
|--------------------------------------|------|------|------|--------||---------||---------|
|                 Comp                 |  Pin | Size |  BW  | S x BW ||  Delay  ||   LUT   |
|--------------------------------------|------|------|------|--------||---------||---------|
| grp_findHSV_Pipeline_HSV_LOOP_fu_108 |  p1  |   2  |  64  |   128  ||    9    |
| grp_findHSV_Pipeline_HSV_LOOP_fu_108 |  p3  |   2  |   2  |    4   ||    9    |
| grp_findHSV_Pipeline_HSV_LOOP_fu_108 |  p4  |   2  |   2  |    4   ||    9    |
| grp_findHSV_Pipeline_HSV_LOOP_fu_108 |  p5  |   2  |   2  |    4   ||    9    |
| grp_findHSV_Pipeline_HSV_LOOP_fu_108 |  p6  |   2  |   2  |    4   ||    9    |
|--------------------------------------|------|------|------|--------||---------||---------|
|                 Total                |      |      |      |   144  ||   7.94  ||    45   |
|--------------------------------------|------|------|------|--------||---------||---------|



* Summary:
+-----------+--------+--------+--------+
|           |  Delay |   FF   |   LUT  |
+-----------+--------+--------+--------+
|  Function |   144  |  28494 |  25119 |
|   Memory  |    -   |    -   |    -   |
|Multiplexer|    7   |    -   |   45   |
|  Register |    -   |   72   |    -   |
+-----------+--------+--------+--------+
|   Total   |   152  |  28566 |  25164 |
+-----------+--------+--------+--------+
