remark: BackGrRemoval.cpp:37:26: Inlining function 'Minof3(ap_uint<8>, ap_uint<8>, ap_uint<8>)' into 'BackGrRemovalStream(hls::stream<hls::axis<ap_uint<24>, 1ul, 1ul, 1ul>, 0>&, hls::stream<hls::axis<ap_uint<24>, 1ul, 1ul, 1ul>, 0>&)'
remark: BackGrRemoval.cpp:36:26: Inlining function 'MaxOf3(ap_uint<8>, ap_uint<8>, ap_uint<8>)' into 'BackGrRemovalStream(hls::stream<hls::axis<ap_uint<24>, 1ul, 1ul, 1ul>, 0>&, hls::stream<hls::axis<ap_uint<24>, 1ul, 1ul, 1ul>, 0>&)'
remark: obj_detect.cpp:38:19: Inlining function 'uf_find(ap_uint<16>*, ap_uint<16>)' into 'uf_union(ap_uint<16>*, ap_uint<16>, ap_uint<16>)'
remark: obj_detect.cpp:39:19: Inlining function 'uf_find(ap_uint<16>*, ap_uint<16>)' into 'uf_union(ap_uint<16>*, ap_uint<16>, ap_uint<16>)'
remark: obj_detect.cpp:259:31: Inlining function 'is_green_rgb(ap_uint<8>, ap_uint<8>, ap_uint<8>)' into 'hls_object_green_classification(hls::stream<hls::axis<ap_uint<24>, 1ul, 1ul, 1ul>, 0>&, hls::stream<hls::axis<ap_uint<24>, 1ul, 1ul, 1ul>, 0>&, short*, short*, ap_uint<1>*, ap_uint<16>&)'
remark: obj_detect.cpp:197:29: Inlining function 'uf_find(ap_uint<16>*, ap_uint<16>)' into 'hls_object_green_classification(hls::stream<hls::axis<ap_uint<24>, 1ul, 1ul, 1ul>, 0>&, hls::stream<hls::axis<ap_uint<24>, 1ul, 1ul, 1ul>, 0>&, short*, short*, ap_uint<1>*, ap_uint<16>&)'
remark: obj_detect.cpp:168:42: Inlining function 'uf_union(ap_uint<16>*, ap_uint<16>, ap_uint<16>)' into 'hls_object_green_classification(hls::stream<hls::axis<ap_uint<24>, 1ul, 1ul, 1ul>, 0>&, hls::stream<hls::axis<ap_uint<24>, 1ul, 1ul, 1ul>, 0>&, short*, short*, ap_uint<1>*, ap_uint<16>&)'
remark: obj_detect.cpp:182:25: Loop 'Pass1_5_inner1' is marked as complete unroll implied by the pipeline pragma
remark: obj_detect.cpp:183:26: Loop 'Pass1_5_inner2' is marked as complete unroll implied by the pipeline pragma
remark: BackGrRemoval.cpp:51:30: Loop 'VITIS_LOOP_51_1' is marked as complete unroll implied by the pipeline pragma
remark: BackGrRemoval.cpp:61:26: Loop 'kernel_loop' is marked as complete unroll implied by the pipeline pragma
remark: obj_detect.cpp:50:0: Unrolling loop 'Pass1_5_inner1' (obj_detect.cpp:182:25) in function 'hls_object_green_classification' completely with a factor of 3
remark: obj_detect.cpp:50:0: Unrolling loop 'Pass1_5_inner2' (obj_detect.cpp:183:26) in function 'hls_object_green_classification' completely with a factor of 3
remark: obj_detect.cpp:50:0: Unrolling loop 'Pass1_5_inner2' (obj_detect.cpp:183:26) in function 'hls_object_green_classification' completely with a factor of 3
remark: obj_detect.cpp:50:0: Unrolling loop 'Pass1_5_inner2' (obj_detect.cpp:183:26) in function 'hls_object_green_classification' completely with a factor of 3
remark: obj_detect.cpp:50:0: Unrolling loop 'Shift_window' (obj_detect.cpp:136:17) in function 'hls_object_green_classification' completely with a factor of 3
remark: BackGrRemoval.cpp:12:0: Unrolling loop 'VITIS_LOOP_51_1' (BackGrRemoval.cpp:51:30) in function 'BackGrRemovalStream' completely with a factor of 10
remark: BackGrRemoval.cpp:12:0: Unrolling loop 'kernel_loop' (BackGrRemoval.cpp:61:26) in function 'BackGrRemovalStream' completely with a factor of 11
remark: obj_detect.cpp:111:0: Applying array_partition to '_ZZ31hls_object_green_classificationRN3hls6streamINS_4axisI7ap_uintILi24EELm1ELm1ELm1EEELi0EEES6_PsS7_PS2_ILi1EERS2_ILi16EEE7linebuf': Complete partitioning on dimension 1.
remark: BackGrRemoval.cpp:19:0: Applying array_partition to '_ZZ19BackGrRemovalStreamRN3hls6streamINS_4axisI7ap_uintILi24EELm1ELm1ELm1EEELi0EEES6_E6h_line': Complete partitioning on dimension 1.
remark: obj_detect.cpp:25:19: Could not analyze the loop bounds _XLX_SEP_ VITIS_LOOP_25_1 obj_detect.cpp:25:19 hls_object_green_classification(hls::stream<hls::axis<ap_uint<24>, 1ul, 1ul, 1ul>, 0>&, hls::stream<hls::axis<ap_uint<24>, 1ul, 1ul, 1ul>, 0>&, short*, short*, ap_uint<1>*, ap_uint<16>&) 
remark: obj_detect.cpp:27:19: Could not analyze the loop bounds _XLX_SEP_ VITIS_LOOP_27_2 obj_detect.cpp:27:19 hls_object_green_classification(hls::stream<hls::axis<ap_uint<24>, 1ul, 1ul, 1ul>, 0>&, hls::stream<hls::axis<ap_uint<24>, 1ul, 1ul, 1ul>, 0>&, short*, short*, ap_uint<1>*, ap_uint<16>&) 
remark: obj_detect.cpp:25:19: Could not analyze the loop bounds _XLX_SEP_ VITIS_LOOP_25_1 obj_detect.cpp:25:19 hls_object_green_classification(hls::stream<hls::axis<ap_uint<24>, 1ul, 1ul, 1ul>, 0>&, hls::stream<hls::axis<ap_uint<24>, 1ul, 1ul, 1ul>, 0>&, short*, short*, ap_uint<1>*, ap_uint<16>&) 
remark: obj_detect.cpp:27:19: Could not analyze the loop bounds _XLX_SEP_ VITIS_LOOP_27_2 obj_detect.cpp:27:19 hls_object_green_classification(hls::stream<hls::axis<ap_uint<24>, 1ul, 1ul, 1ul>, 0>&, hls::stream<hls::axis<ap_uint<24>, 1ul, 1ul, 1ul>, 0>&, short*, short*, ap_uint<1>*, ap_uint<16>&) 
remark: obj_detect.cpp:25:19: Could not analyze the loop bounds _XLX_SEP_ VITIS_LOOP_25_1 obj_detect.cpp:25:19 hls_object_green_classification(hls::stream<hls::axis<ap_uint<24>, 1ul, 1ul, 1ul>, 0>&, hls::stream<hls::axis<ap_uint<24>, 1ul, 1ul, 1ul>, 0>&, short*, short*, ap_uint<1>*, ap_uint<16>&) 
remark: obj_detect.cpp:27:19: Could not analyze the loop bounds _XLX_SEP_ VITIS_LOOP_27_2 obj_detect.cpp:27:19 hls_object_green_classification(hls::stream<hls::axis<ap_uint<24>, 1ul, 1ul, 1ul>, 0>&, hls::stream<hls::axis<ap_uint<24>, 1ul, 1ul, 1ul>, 0>&, short*, short*, ap_uint<1>*, ap_uint<16>&) 
remark: obj_detect.cpp:254:10: Could not analyze the loop bounds _XLX_SEP_ pass_4 obj_detect.cpp:254:10 hls_object_green_classification(hls::stream<hls::axis<ap_uint<24>, 1ul, 1ul, 1ul>, 0>&, hls::stream<hls::axis<ap_uint<24>, 1ul, 1ul, 1ul>, 0>&, short*, short*, ap_uint<1>*, ap_uint<16>&) 
warning: obj_detect.cpp:25:19: Could not analyze occurrence information within 'VITIS_LOOP_25_1'(obj_detect.cpp:25:19) . Requires loop in simplify form and with single exit.
warning: obj_detect.cpp:27:19: Could not analyze occurrence information within 'VITIS_LOOP_27_2'(obj_detect.cpp:27:19) . Requires loop in simplify form and with single exit.
warning: obj_detect.cpp:25:19: Could not analyze occurrence information within 'VITIS_LOOP_25_1'(obj_detect.cpp:25:19) . Requires loop in simplify form and with single exit.
warning: obj_detect.cpp:27:19: Could not analyze occurrence information within 'VITIS_LOOP_27_2'(obj_detect.cpp:27:19) . Requires loop in simplify form and with single exit.
warning: obj_detect.cpp:25:19: Could not analyze occurrence information within 'VITIS_LOOP_25_1'(obj_detect.cpp:25:19) . Requires loop in simplify form and with single exit.
warning: obj_detect.cpp:27:19: Could not analyze occurrence information within 'VITIS_LOOP_27_2'(obj_detect.cpp:27:19) . Requires loop in simplify form and with single exit.
remark: <unknown>:0:0: array_partition dim=1 type=cyclic factor=3 variable=_ZZ31hls_object_green_classificationRN3hls6streamINS_4axisI7ap_uintILi24EELm1ELm1ELm1EEELi0EEES6_PsS7_PS2_ILi1EERS2_ILi16EEE9edge_mask 1 BaGr_ObjDetect obj_detect.cpp:75:0 obj_detect.cpp:180:9hls_object_green_classification(hls::stream<hls::axis<ap_uint<24>, 1ul, 1ul, 1ul>, 0>&, hls::stream<hls::axis<ap_uint<24>, 1ul, 1ul, 1ul>, 0>&, short*, short*, ap_uint<1>*, ap_uint<16>&)::edge_mask 
remark: obj_detect.cpp:180:9: Inferring pragma 'array_partition type=cyclic factor=3 dim=1' for array 'hls_object_green_classification(hls::stream<hls::axis<ap_uint<24>, 1ul, 1ul, 1ul>, 0>&, hls::stream<hls::axis<ap_uint<24>, 1ul, 1ul, 1ul>, 0>&, short*, short*, ap_uint<1>*, ap_uint<16>&)::edge_mask' due to pipeline pragma
remark: <unknown>:0:0: array_partition dim=2 type=cyclic factor=3 variable=_ZZ31hls_object_green_classificationRN3hls6streamINS_4axisI7ap_uintILi24EELm1ELm1ELm1EEELi0EEES6_PsS7_PS2_ILi1EERS2_ILi16EEE9edge_mask 1 BaGr_ObjDetect obj_detect.cpp:75:0 obj_detect.cpp:180:9hls_object_green_classification(hls::stream<hls::axis<ap_uint<24>, 1ul, 1ul, 1ul>, 0>&, hls::stream<hls::axis<ap_uint<24>, 1ul, 1ul, 1ul>, 0>&, short*, short*, ap_uint<1>*, ap_uint<16>&)::edge_mask 
remark: obj_detect.cpp:180:9: Inferring pragma 'array_partition type=cyclic factor=3 dim=2' for array 'hls_object_green_classification(hls::stream<hls::axis<ap_uint<24>, 1ul, 1ul, 1ul>, 0>&, hls::stream<hls::axis<ap_uint<24>, 1ul, 1ul, 1ul>, 0>&, short*, short*, ap_uint<1>*, ap_uint<16>&)::edge_mask' due to pipeline pragma
remark: obj_detect.cpp:75:0: Applying array_partition to '_ZZ31hls_object_green_classificationRN3hls6streamINS_4axisI7ap_uintILi24EELm1ELm1ELm1EEELi0EEES6_PsS7_PS2_ILi1EERS2_ILi16EEE9edge_mask': Cyclic partitioning with factor 3 on dimension 1. Cyclic partitioning with factor 3 on dimension 2.
error: The ap_axis|ap_axiu|qdma_axis|hls::axis data types must only be used for AXI-Stream ports in the interface. 'BaGr_ObjDetect(hls::stream<hls::axis<ap_uint<24>, 1ul, 1ul, 1ul>, 0>&, hls::stream<hls::axis<ap_uint<24>, 1ul, 1ul, 1ul>, 0>&, short*, short*, ap_uint<1>*, ap_uint<16>&)::mid_stream' is not an AXI-Stream and/or is not a port in the interface
