INFO-FLOW: Workspace /home/dell3561-49/Vitis_HLS_folder/BaGrRe_ObjDetect/BaGrRe_ObjDetect/solution1 opened at Tue Dec 16 11:21:25 CET 2025
Execute     ap_set_clock -name default -period 10 -default=false 
INFO: [SYN 201-201] Setting up clock 'default' with a period of 10ns.
Execute     set_part xc7z020-clg484-1 
Execute       create_platform xc7z020-clg484-1 -board  
DBG:HLSDevice: Trying to load device library: /tools/Xilinx/Vitis_HLS/2023.1/lib/lnx64.o/libxv_hlsvwrap.so
DBG:HLSDevice: first parts/arch.xml in RDI_DATADIR: /tools/Xilinx/Vivado/2023.1/data/parts/arch.xml
DBG:HLSDevice: init success
INFO: [HLS 200-1611] Setting target device to 'xc7z020-clg484-1'
Command       create_platform done; 0.18 sec.
Execute       source /tools/Xilinx/Vitis_HLS/2023.1/common/technology/xilinx/common/xilinx.gen 
Execute         source /tools/Xilinx/Vitis_HLS/2023.1/common/technology/xilinx/interface/plb46.gen 
Execute         source /tools/Xilinx/Vitis_HLS/2023.1/common/technology/xilinx/interface/axi4.gen 
Execute         source /tools/Xilinx/Vitis_HLS/2023.1/common/technology/xilinx/interface/nativeAXI4.gen 
Execute           source /tools/Xilinx/Vitis_HLS/2023.1/common/technology/xilinx/interface/saxilite.gen 
Execute         source /tools/Xilinx/Vitis_HLS/2023.1/common/technology/xilinx/scripts/xilinxcoregen.gen 
Execute         source /tools/Xilinx/Vitis_HLS/2023.1/common/technology/xilinx/interface/XilEDKCoreGen.gen 
Execute         source /tools/Xilinx/Vitis_HLS/2023.1/common/technology/xilinx/ip/dds_compiler.gen 
Execute         source /tools/Xilinx/Vitis_HLS/2023.1/common/technology/xilinx/ip/util.gen 
Execute         source /tools/Xilinx/Vitis_HLS/2023.1/common/technology/xilinx/ip/xfft.gen 
Execute         source /tools/Xilinx/Vitis_HLS/2023.1/common/technology/xilinx/ip/xfir.gen 
Execute         source /tools/Xilinx/Vitis_HLS/2023.1/common/technology/xilinx/DSP48/dsp48.gen 
Execute       ap_part_info -name xc7z020-clg484-1 -data info 
Execute       config_compile -quiet -complex-mul-dsp=0 
Command     set_part done; 0.24 sec.
Execute     send_msg_by_id INFO @200-1505@%s%s  vivado 
INFO: [HLS 200-1505] Using flow_target 'vivado'
Command   open_solution done; 0.3 sec.
Execute   set_part xc7z020-clg484-1 
INFO: [HLS 200-1510] Running: set_part xc7z020-clg484-1 
Execute     create_platform xc7z020-clg484-1 -board  
Execute     source /tools/Xilinx/Vitis_HLS/2023.1/common/technology/xilinx/common/xilinx.gen 
Execute       source /tools/Xilinx/Vitis_HLS/2023.1/common/technology/xilinx/interface/plb46.gen 
Execute       source /tools/Xilinx/Vitis_HLS/2023.1/common/technology/xilinx/interface/axi4.gen 
Execute       source /tools/Xilinx/Vitis_HLS/2023.1/common/technology/xilinx/interface/nativeAXI4.gen 
Execute         source /tools/Xilinx/Vitis_HLS/2023.1/common/technology/xilinx/interface/saxilite.gen 
Execute       source /tools/Xilinx/Vitis_HLS/2023.1/common/technology/xilinx/scripts/xilinxcoregen.gen 
Execute       source /tools/Xilinx/Vitis_HLS/2023.1/common/technology/xilinx/interface/XilEDKCoreGen.gen 
Execute       source /tools/Xilinx/Vitis_HLS/2023.1/common/technology/xilinx/ip/dds_compiler.gen 
Execute       source /tools/Xilinx/Vitis_HLS/2023.1/common/technology/xilinx/ip/util.gen 
Execute       source /tools/Xilinx/Vitis_HLS/2023.1/common/technology/xilinx/ip/xfft.gen 
Execute       source /tools/Xilinx/Vitis_HLS/2023.1/common/technology/xilinx/ip/xfir.gen 
Execute       source /tools/Xilinx/Vitis_HLS/2023.1/common/technology/xilinx/DSP48/dsp48.gen 
Execute     ap_part_info -name xc7z020-clg484-1 -data info 
Execute     config_compile -quiet -complex-mul-dsp=0 
Execute   create_clock -period 10 -name default 
INFO: [HLS 200-1510] Running: create_clock -period 10 -name default 
Execute   csynth_design 
INFO: [HLS 200-1510] Running: csynth_design 
INFO-FLOW: Running SLX 'csynth' proc: ::SLX::run_csynth
Execute     elaborate -effort=medium -skip_syncheck=0 -keep_printf=0 -skip_cdt=0 -skip_transform=0 -ng=0 -g=0 -opt_fp=0 -from_csynth_design=1 
INFO: [HLS 200-111] Finished File checks and directory preparation: CPU user time: 0.05 seconds. CPU system time: 0.01 seconds. Elapsed time: 0.05 seconds; current allocated memory: 189.754 MB.
Execute       set_directive_top BaGr_ObjDetect -name=BaGr_ObjDetect 
Execute       source /tools/Xilinx/Vitis_HLS/2023.1/tps/tcl/tcllib1.11.1/yaml/huddle.tcl 
Execute       source /tools/Xilinx/Vitis_HLS/2023.1/tps/tcl/tcllib1.11.1/yaml/json2huddle.tcl 
Execute         source /tools/Xilinx/Vitis_HLS/2023.1/tps/tcl/tcllib1.11.1/try/try.tcl 
INFO: [HLS 200-10] Analyzing design file 'BaGr_ObjDetect.cpp' ... 
INFO-FLOW: Compiling one TU...
INFO-FLOW: Handling BaGr_ObjDetect.cpp as C++
Execute       ap_part_info -name xc7z020-clg484-1 -data info 
INFO-FLOW: Running: GCC PP 39
INFO-FLOW: Source preprocessing
INFO-FLOW: run_clang exec: /tools/Xilinx/Vitis_HLS/2023.1/lnx64/tools/clang-3.9-csynth/bin/clang BaGr_ObjDetect.cpp -foptimization-record-file=/home/dell3561-49/Vitis_HLS_folder/BaGrRe_ObjDetect/BaGrRe_ObjDetect/solution1/.autopilot/db/BaGr_ObjDetect.cpp.clang.diag.yml -mllvm -pass-remarks-missed=reflow|pasta|unroll -mllvm -pass-remarks=reflow|pasta|unroll|inline -fno-limit-debug-info -gcc-toolchain /tools/Xilinx/Vitis_HLS/2023.1/tps/lnx64/gcc-8.3.0 -fhls -fno-exceptions -insert-hls-directive=/home/dell3561-49/Vitis_HLS_folder/BaGrRe_ObjDetect/BaGrRe_ObjDetect/solution1/.autopilot/db/all.directive.json -E -fno-math-errno -c -emit-llvm -mllvm -disable-llvm-optzns -Werror=implicit-function-declaration -Werror=implicit-hls-streams -Werror=return-type -Wpragmas -Wunused-parameter -Wdump-hls-pragmas -Wno-error=dump-hls-pragmas -fno-threadsafe-statics -fno-use-cxa-atexit -std=gnu++14 -target fpga64-xilinx-linux-gnu -fno-threadsafe-statics -fno-use-cxa-atexit -D__VITIS_HLS__ -DAESL_SYN -D__SYNTHESIS__ -D__HLS_SYN__ -I /tools/Xilinx/Vitis_HLS/2023.1/common/technology/autopilot -I /tools/Xilinx/Vitis_HLS/2023.1/common/technology/autopilot/ap_sysc -include etc/autopilot_ssdm_op.h -D__DSP48E1__ -I /usr/include/x86_64-linux-gnu -o /home/dell3561-49/Vitis_HLS_folder/BaGrRe_ObjDetect/BaGrRe_ObjDetect/solution1/.autopilot/db/BaGr_ObjDetect.pp.0.cpp -hls-platform-db-name=/tools/Xilinx/Vitis_HLS/2023.1/common/technology/xilinx/common/platform.db -hls-platform-name=zynq_slow -device-resource-info=BRAM_280.000000_DSP_220.000000_FF_106400.000000_LUT_53200.000000_SLICE_13300.000000_URAM_0.000000 -device-name-info=xc7z020clg484-1 > /home/dell3561-49/Vitis_HLS_folder/BaGrRe_ObjDetect/BaGrRe_ObjDetect/solution1/.autopilot/db/BaGr_ObjDetect.cpp.clang.out.log 2> /home/dell3561-49/Vitis_HLS_folder/BaGrRe_ObjDetect/BaGrRe_ObjDetect/solution1/.autopilot/db/BaGr_ObjDetect.cpp.clang.err.log
INFO-FLOW: Done: GCC PP 39 time: 0.1 seconds per iteration
INFO-FLOW: Source syntax check for synthesis
INFO-FLOW: run_clang exec: /tools/Xilinx/Vitis_HLS/2023.1/lnx64/tools/clang-3.9-csynth/bin/clang -foptimization-record-file=/home/dell3561-49/Vitis_HLS_folder/BaGrRe_ObjDetect/BaGrRe_ObjDetect/solution1/.autopilot/db/clang.diag.yml -mllvm -pass-remarks-missed=reflow|pasta|unroll -mllvm -pass-remarks=reflow|pasta|unroll|inline -fsyntax-only -fhls -target fpga64-xilinx-linux-gnu /home/dell3561-49/Vitis_HLS_folder/BaGrRe_ObjDetect/BaGrRe_ObjDetect/solution1/.autopilot/db/BaGr_ObjDetect.pp.0.cpp -hls-platform-db-name=/tools/Xilinx/Vitis_HLS/2023.1/common/technology/xilinx/common/platform.db -hls-platform-name=zynq_slow -device-resource-info=BRAM_280.000000_DSP_220.000000_FF_106400.000000_LUT_53200.000000_SLICE_13300.000000_URAM_0.000000 -device-name-info=xc7z020clg484-1 > /home/dell3561-49/Vitis_HLS_folder/BaGrRe_ObjDetect/BaGrRe_ObjDetect/solution1/.autopilot/db/clang.out.log 2> /home/dell3561-49/Vitis_HLS_folder/BaGrRe_ObjDetect/BaGrRe_ObjDetect/solution1/.autopilot/db/clang.err.log
Execute       clang_tidy xilinx-systemc-detector -desc systemc-detector /home/dell3561-49/Vitis_HLS_folder/BaGrRe_ObjDetect/BaGrRe_ObjDetect/solution1/.autopilot/db/BaGr_ObjDetect.pp.0.cpp std=gnu++14 -target fpga  -directive=/home/dell3561-49/Vitis_HLS_folder/BaGrRe_ObjDetect/BaGrRe_ObjDetect/solution1/.autopilot/db/.systemc_flag 
INFO-FLOW: exec /tools/Xilinx/Vitis_HLS/2023.1/lnx64/tools/clang-3.9-csynth/bin/clang-tidy -header-filter=.* --checks=-*,xilinx-systemc-detector -import-directive=/home/dell3561-49/Vitis_HLS_folder/BaGrRe_ObjDetect/BaGrRe_ObjDetect/solution1/.autopilot/db/.systemc_flag -fix-errors /home/dell3561-49/Vitis_HLS_folder/BaGrRe_ObjDetect/BaGrRe_ObjDetect/solution1/.autopilot/db/BaGr_ObjDetect.pp.0.cpp -- -std=gnu++14 -target fpga -fhls -ferror-limit=0
Command       clang_tidy done; 0.25 sec.
INFO-FLOW: Running: clang-tidy CDT preprocess 39
Execute       clang_tidy xilinx-directive2pragma -desc directive2pragma /home/dell3561-49/Vitis_HLS_folder/BaGrRe_ObjDetect/BaGrRe_ObjDetect/solution1/.autopilot/db/BaGr_ObjDetect.pp.0.cpp std=gnu++14 -target fpga  -directive=/home/dell3561-49/Vitis_HLS_folder/BaGrRe_ObjDetect/BaGrRe_ObjDetect/solution1/.autopilot/db/all.directive.json 
INFO-FLOW: exec /tools/Xilinx/Vitis_HLS/2023.1/lnx64/tools/clang-3.9-csynth/bin/clang-tidy -header-filter=.* --checks=-*,xilinx-directive2pragma -import-directive=/home/dell3561-49/Vitis_HLS_folder/BaGrRe_ObjDetect/BaGrRe_ObjDetect/solution1/.autopilot/db/all.directive.json -fix-errors /home/dell3561-49/Vitis_HLS_folder/BaGrRe_ObjDetect/BaGrRe_ObjDetect/solution1/.autopilot/db/BaGr_ObjDetect.pp.0.cpp -- -std=gnu++14 -target fpga -fhls -ferror-limit=0
Command       clang_tidy done; 0.39 sec.
INFO-FLOW: Done: clang-tidy CDT preprocess 39 time: 0.4 seconds per iteration
INFO-FLOW: Calling xilinx-label-all-loops ... 
INFO-FLOW: Calling xilinx-aggregate-on-hls-vector ... 
Execute       clang_tidy -errorcheck -desc loop-label xilinx-label-all-loops,xilinx-aggregate-on-hls-vector,,xilinx-warn-mayneed-no-ctor-attribute /home/dell3561-49/Vitis_HLS_folder/BaGrRe_ObjDetect/BaGrRe_ObjDetect/solution1/.autopilot/db/BaGr_ObjDetect.pp.0.cpp std=gnu++14 -target fpga  
INFO-FLOW: run_clang exec: /tools/Xilinx/Vitis_HLS/2023.1/lnx64/tools/clang-3.9-csynth/bin/clang-tidy -export-fixes=/home/dell3561-49/Vitis_HLS_folder/BaGrRe_ObjDetect/BaGrRe_ObjDetect/solution1/.autopilot/db/BaGr_ObjDetect.pp.0.cpp.clang-tidy.loop-label.diag.yml -header-filter=.* --checks=-*,xilinx-label-all-loops,xilinx-aggregate-on-hls-vector,,xilinx-warn-mayneed-no-ctor-attribute -fix-errors /home/dell3561-49/Vitis_HLS_folder/BaGrRe_ObjDetect/BaGrRe_ObjDetect/solution1/.autopilot/db/BaGr_ObjDetect.pp.0.cpp -- -std=gnu++14 -target fpga -fhls -ferror-limit=0 > /home/dell3561-49/Vitis_HLS_folder/BaGrRe_ObjDetect/BaGrRe_ObjDetect/solution1/.autopilot/db/BaGr_ObjDetect.pp.0.cpp.clang-tidy.loop-label.out.log 2> /home/dell3561-49/Vitis_HLS_folder/BaGrRe_ObjDetect/BaGrRe_ObjDetect/solution1/.autopilot/db/BaGr_ObjDetect.pp.0.cpp.clang-tidy.loop-label.err.log
Execute         source /tools/Xilinx/Vitis_HLS/2023.1/tps/tcl/tcllib1.11.1/yaml/yaml.tcl 
Command       clang_tidy done; 0.48 sec.
INFO-FLOW: run_clang exec: /tools/Xilinx/Vitis_HLS/2023.1/lnx64/tools/clang-3.9-csynth/bin/xilinx-dataflow-lawyer -export-fixes=/home/dell3561-49/Vitis_HLS_folder/BaGrRe_ObjDetect/BaGrRe_ObjDetect/solution1/.autopilot/db/BaGr_ObjDetect.pp.0.cpp.xilinx-dataflow-lawyer.diag.yml /home/dell3561-49/Vitis_HLS_folder/BaGrRe_ObjDetect/BaGrRe_ObjDetect/solution1/.autopilot/db/BaGr_ObjDetect.pp.0.cpp -- -std=gnu++14 -target fpga -fhls -ferror-limit=0 -fstrict-dataflow > /home/dell3561-49/Vitis_HLS_folder/BaGrRe_ObjDetect/BaGrRe_ObjDetect/solution1/.autopilot/db/BaGr_ObjDetect.pp.0.cpp.xilinx-dataflow-lawyer.out.log 2> /home/dell3561-49/Vitis_HLS_folder/BaGrRe_ObjDetect/BaGrRe_ObjDetect/solution1/.autopilot/db/BaGr_ObjDetect.pp.0.cpp.xilinx-dataflow-lawyer.err.log
Execute       ap_part_info -name xc7z020-clg484-1 -data info 
INFO-FLOW: compiling source code to llvm bc
INFO-FLOW: run_clang exec: /tools/Xilinx/Vitis_HLS/2023.1/lnx64/tools/clang-3.9-csynth/bin/clang -foptimization-record-file=/home/dell3561-49/Vitis_HLS_folder/BaGrRe_ObjDetect/BaGrRe_ObjDetect/solution1/.autopilot/db/BaGr_ObjDetect.pp.0.cpp.clang.diag.yml -mllvm -pass-remarks-missed=reflow|pasta|unroll -mllvm -pass-remarks=reflow|pasta|unroll|inline -fno-limit-debug-info -fhls -flto -fno-exceptions -Wno-error=c++11-narrowing /home/dell3561-49/Vitis_HLS_folder/BaGrRe_ObjDetect/BaGrRe_ObjDetect/solution1/.autopilot/db/BaGr_ObjDetect.pp.0.cpp -fno-math-errno -c -emit-llvm -mllvm -disable-llvm-optzns -Werror=implicit-function-declaration -Werror=implicit-hls-streams -Werror=return-type -Wpragmas -Wunused-parameter -Wdump-hls-pragmas -Wno-error=dump-hls-pragmas -fno-threadsafe-statics -fno-use-cxa-atexit -std=gnu++14 -target fpga64-xilinx-linux-gnu -D__VITIS_HLS__ -DAESL_SYN -D__SYNTHESIS__ -D__HLS_SYN__ -I /tools/Xilinx/Vitis_HLS/2023.1/common/technology/autopilot -I /tools/Xilinx/Vitis_HLS/2023.1/common/technology/autopilot/ap_sysc -include etc/autopilot_ssdm_op.h -D__DSP48E1__ -g -o /home/dell3561-49/Vitis_HLS_folder/BaGrRe_ObjDetect/BaGrRe_ObjDetect/solution1/.autopilot/db/BaGr_ObjDetect.bc -hls-platform-db-name=/tools/Xilinx/Vitis_HLS/2023.1/common/technology/xilinx/common/platform.db -hls-platform-name=zynq_slow -device-resource-info=BRAM_280.000000_DSP_220.000000_FF_106400.000000_LUT_53200.000000_SLICE_13300.000000_URAM_0.000000 -device-name-info=xc7z020clg484-1 > /home/dell3561-49/Vitis_HLS_folder/BaGrRe_ObjDetect/BaGrRe_ObjDetect/solution1/.autopilot/db/BaGr_ObjDetect.pp.0.cpp.clang.out.log 2> /home/dell3561-49/Vitis_HLS_folder/BaGrRe_ObjDetect/BaGrRe_ObjDetect/solution1/.autopilot/db/BaGr_ObjDetect.pp.0.cpp.clang.err.log
INFO: [HLS 200-10] Analyzing design file 'BackGrRemoval.cpp' ... 
INFO-FLOW: Compiling one TU...
INFO-FLOW: Handling BackGrRemoval.cpp as C++
Execute       ap_part_info -name xc7z020-clg484-1 -data info 
INFO-FLOW: Running: GCC PP 39
INFO-FLOW: Source preprocessing
INFO-FLOW: run_clang exec: /tools/Xilinx/Vitis_HLS/2023.1/lnx64/tools/clang-3.9-csynth/bin/clang BackGrRemoval.cpp -foptimization-record-file=/home/dell3561-49/Vitis_HLS_folder/BaGrRe_ObjDetect/BaGrRe_ObjDetect/solution1/.autopilot/db/BackGrRemoval.cpp.clang.diag.yml -mllvm -pass-remarks-missed=reflow|pasta|unroll -mllvm -pass-remarks=reflow|pasta|unroll|inline -fno-limit-debug-info -gcc-toolchain /tools/Xilinx/Vitis_HLS/2023.1/tps/lnx64/gcc-8.3.0 -fhls -fno-exceptions -insert-hls-directive=/home/dell3561-49/Vitis_HLS_folder/BaGrRe_ObjDetect/BaGrRe_ObjDetect/solution1/.autopilot/db/all.directive.json -E -fno-math-errno -c -emit-llvm -mllvm -disable-llvm-optzns -Werror=implicit-function-declaration -Werror=implicit-hls-streams -Werror=return-type -Wpragmas -Wunused-parameter -Wdump-hls-pragmas -Wno-error=dump-hls-pragmas -fno-threadsafe-statics -fno-use-cxa-atexit -std=gnu++14 -target fpga64-xilinx-linux-gnu -fno-threadsafe-statics -fno-use-cxa-atexit -D__VITIS_HLS__ -DAESL_SYN -D__SYNTHESIS__ -D__HLS_SYN__ -I /tools/Xilinx/Vitis_HLS/2023.1/common/technology/autopilot -I /tools/Xilinx/Vitis_HLS/2023.1/common/technology/autopilot/ap_sysc -include etc/autopilot_ssdm_op.h -D__DSP48E1__ -I /usr/include/x86_64-linux-gnu -o /home/dell3561-49/Vitis_HLS_folder/BaGrRe_ObjDetect/BaGrRe_ObjDetect/solution1/.autopilot/db/BackGrRemoval.pp.0.cpp -hls-platform-db-name=/tools/Xilinx/Vitis_HLS/2023.1/common/technology/xilinx/common/platform.db -hls-platform-name=zynq_slow -device-resource-info=BRAM_280.000000_DSP_220.000000_FF_106400.000000_LUT_53200.000000_SLICE_13300.000000_URAM_0.000000 -device-name-info=xc7z020clg484-1 > /home/dell3561-49/Vitis_HLS_folder/BaGrRe_ObjDetect/BaGrRe_ObjDetect/solution1/.autopilot/db/BackGrRemoval.cpp.clang.out.log 2> /home/dell3561-49/Vitis_HLS_folder/BaGrRe_ObjDetect/BaGrRe_ObjDetect/solution1/.autopilot/db/BackGrRemoval.cpp.clang.err.log
INFO-FLOW: Done: GCC PP 39 time: 0.1 seconds per iteration
INFO-FLOW: Source syntax check for synthesis
INFO-FLOW: run_clang exec: /tools/Xilinx/Vitis_HLS/2023.1/lnx64/tools/clang-3.9-csynth/bin/clang -foptimization-record-file=/home/dell3561-49/Vitis_HLS_folder/BaGrRe_ObjDetect/BaGrRe_ObjDetect/solution1/.autopilot/db/clang.diag.yml -mllvm -pass-remarks-missed=reflow|pasta|unroll -mllvm -pass-remarks=reflow|pasta|unroll|inline -fsyntax-only -fhls -target fpga64-xilinx-linux-gnu /home/dell3561-49/Vitis_HLS_folder/BaGrRe_ObjDetect/BaGrRe_ObjDetect/solution1/.autopilot/db/BackGrRemoval.pp.0.cpp -hls-platform-db-name=/tools/Xilinx/Vitis_HLS/2023.1/common/technology/xilinx/common/platform.db -hls-platform-name=zynq_slow -device-resource-info=BRAM_280.000000_DSP_220.000000_FF_106400.000000_LUT_53200.000000_SLICE_13300.000000_URAM_0.000000 -device-name-info=xc7z020clg484-1 > /home/dell3561-49/Vitis_HLS_folder/BaGrRe_ObjDetect/BaGrRe_ObjDetect/solution1/.autopilot/db/clang.out.log 2> /home/dell3561-49/Vitis_HLS_folder/BaGrRe_ObjDetect/BaGrRe_ObjDetect/solution1/.autopilot/db/clang.err.log
Execute       clang_tidy xilinx-systemc-detector -desc systemc-detector /home/dell3561-49/Vitis_HLS_folder/BaGrRe_ObjDetect/BaGrRe_ObjDetect/solution1/.autopilot/db/BackGrRemoval.pp.0.cpp std=gnu++14 -target fpga  -directive=/home/dell3561-49/Vitis_HLS_folder/BaGrRe_ObjDetect/BaGrRe_ObjDetect/solution1/.autopilot/db/.systemc_flag 
INFO-FLOW: exec /tools/Xilinx/Vitis_HLS/2023.1/lnx64/tools/clang-3.9-csynth/bin/clang-tidy -header-filter=.* --checks=-*,xilinx-systemc-detector -import-directive=/home/dell3561-49/Vitis_HLS_folder/BaGrRe_ObjDetect/BaGrRe_ObjDetect/solution1/.autopilot/db/.systemc_flag -fix-errors /home/dell3561-49/Vitis_HLS_folder/BaGrRe_ObjDetect/BaGrRe_ObjDetect/solution1/.autopilot/db/BackGrRemoval.pp.0.cpp -- -std=gnu++14 -target fpga -fhls -ferror-limit=0
Command       clang_tidy done; 0.27 sec.
INFO-FLOW: Running: clang-tidy CDT preprocess 39
Execute       clang_tidy xilinx-directive2pragma -desc directive2pragma /home/dell3561-49/Vitis_HLS_folder/BaGrRe_ObjDetect/BaGrRe_ObjDetect/solution1/.autopilot/db/BackGrRemoval.pp.0.cpp std=gnu++14 -target fpga  -directive=/home/dell3561-49/Vitis_HLS_folder/BaGrRe_ObjDetect/BaGrRe_ObjDetect/solution1/.autopilot/db/all.directive.json 
INFO-FLOW: exec /tools/Xilinx/Vitis_HLS/2023.1/lnx64/tools/clang-3.9-csynth/bin/clang-tidy -header-filter=.* --checks=-*,xilinx-directive2pragma -import-directive=/home/dell3561-49/Vitis_HLS_folder/BaGrRe_ObjDetect/BaGrRe_ObjDetect/solution1/.autopilot/db/all.directive.json -fix-errors /home/dell3561-49/Vitis_HLS_folder/BaGrRe_ObjDetect/BaGrRe_ObjDetect/solution1/.autopilot/db/BackGrRemoval.pp.0.cpp -- -std=gnu++14 -target fpga -fhls -ferror-limit=0
Command       clang_tidy done; 0.27 sec.
INFO-FLOW: Done: clang-tidy CDT preprocess 39 time: 0.3 seconds per iteration
INFO-FLOW: Calling xilinx-label-all-loops ... 
INFO-FLOW: Calling xilinx-aggregate-on-hls-vector ... 
Execute       clang_tidy -errorcheck -desc loop-label xilinx-label-all-loops,xilinx-aggregate-on-hls-vector,,xilinx-warn-mayneed-no-ctor-attribute /home/dell3561-49/Vitis_HLS_folder/BaGrRe_ObjDetect/BaGrRe_ObjDetect/solution1/.autopilot/db/BackGrRemoval.pp.0.cpp std=gnu++14 -target fpga  
INFO-FLOW: run_clang exec: /tools/Xilinx/Vitis_HLS/2023.1/lnx64/tools/clang-3.9-csynth/bin/clang-tidy -export-fixes=/home/dell3561-49/Vitis_HLS_folder/BaGrRe_ObjDetect/BaGrRe_ObjDetect/solution1/.autopilot/db/BackGrRemoval.pp.0.cpp.clang-tidy.loop-label.diag.yml -header-filter=.* --checks=-*,xilinx-label-all-loops,xilinx-aggregate-on-hls-vector,,xilinx-warn-mayneed-no-ctor-attribute -fix-errors /home/dell3561-49/Vitis_HLS_folder/BaGrRe_ObjDetect/BaGrRe_ObjDetect/solution1/.autopilot/db/BackGrRemoval.pp.0.cpp -- -std=gnu++14 -target fpga -fhls -ferror-limit=0 > /home/dell3561-49/Vitis_HLS_folder/BaGrRe_ObjDetect/BaGrRe_ObjDetect/solution1/.autopilot/db/BackGrRemoval.pp.0.cpp.clang-tidy.loop-label.out.log 2> /home/dell3561-49/Vitis_HLS_folder/BaGrRe_ObjDetect/BaGrRe_ObjDetect/solution1/.autopilot/db/BackGrRemoval.pp.0.cpp.clang-tidy.loop-label.err.log
Command       clang_tidy done; 0.51 sec.
INFO-FLOW: run_clang exec: /tools/Xilinx/Vitis_HLS/2023.1/lnx64/tools/clang-3.9-csynth/bin/xilinx-dataflow-lawyer -export-fixes=/home/dell3561-49/Vitis_HLS_folder/BaGrRe_ObjDetect/BaGrRe_ObjDetect/solution1/.autopilot/db/BackGrRemoval.pp.0.cpp.xilinx-dataflow-lawyer.diag.yml /home/dell3561-49/Vitis_HLS_folder/BaGrRe_ObjDetect/BaGrRe_ObjDetect/solution1/.autopilot/db/BackGrRemoval.pp.0.cpp -- -std=gnu++14 -target fpga -fhls -ferror-limit=0 -fstrict-dataflow > /home/dell3561-49/Vitis_HLS_folder/BaGrRe_ObjDetect/BaGrRe_ObjDetect/solution1/.autopilot/db/BackGrRemoval.pp.0.cpp.xilinx-dataflow-lawyer.out.log 2> /home/dell3561-49/Vitis_HLS_folder/BaGrRe_ObjDetect/BaGrRe_ObjDetect/solution1/.autopilot/db/BackGrRemoval.pp.0.cpp.xilinx-dataflow-lawyer.err.log
WARNING: [HLS 214-111] Static scalars and arrays declared inside a dataflow region will be treated like local variables (BackGrRemoval.cpp:19:12)
WARNING: [HLS 214-114] Since the only kind of statements allowed in a canonical dataflow region are variable declarations and function calls, the compiler may not be able to correctly handle the region (BackGrRemoval.cpp:16:9)
Execute       send_msg_by_id WARNING @200-471@%s%s 2 BackGrRemoval.cpp 
WARNING: [HLS 200-471] Dataflow form checks found 2 issue(s) in file BackGrRemoval.cpp
Execute       ap_part_info -name xc7z020-clg484-1 -data info 
INFO-FLOW: compiling source code to llvm bc
INFO-FLOW: run_clang exec: /tools/Xilinx/Vitis_HLS/2023.1/lnx64/tools/clang-3.9-csynth/bin/clang -foptimization-record-file=/home/dell3561-49/Vitis_HLS_folder/BaGrRe_ObjDetect/BaGrRe_ObjDetect/solution1/.autopilot/db/BackGrRemoval.pp.0.cpp.clang.diag.yml -mllvm -pass-remarks-missed=reflow|pasta|unroll -mllvm -pass-remarks=reflow|pasta|unroll|inline -fno-limit-debug-info -fhls -flto -fno-exceptions -Wno-error=c++11-narrowing /home/dell3561-49/Vitis_HLS_folder/BaGrRe_ObjDetect/BaGrRe_ObjDetect/solution1/.autopilot/db/BackGrRemoval.pp.0.cpp -fno-math-errno -c -emit-llvm -mllvm -disable-llvm-optzns -Werror=implicit-function-declaration -Werror=implicit-hls-streams -Werror=return-type -Wpragmas -Wunused-parameter -Wdump-hls-pragmas -Wno-error=dump-hls-pragmas -fno-threadsafe-statics -fno-use-cxa-atexit -std=gnu++14 -target fpga64-xilinx-linux-gnu -D__VITIS_HLS__ -DAESL_SYN -D__SYNTHESIS__ -D__HLS_SYN__ -I /tools/Xilinx/Vitis_HLS/2023.1/common/technology/autopilot -I /tools/Xilinx/Vitis_HLS/2023.1/common/technology/autopilot/ap_sysc -include etc/autopilot_ssdm_op.h -D__DSP48E1__ -g -o /home/dell3561-49/Vitis_HLS_folder/BaGrRe_ObjDetect/BaGrRe_ObjDetect/solution1/.autopilot/db/BackGrRemoval.bc -hls-platform-db-name=/tools/Xilinx/Vitis_HLS/2023.1/common/technology/xilinx/common/platform.db -hls-platform-name=zynq_slow -device-resource-info=BRAM_280.000000_DSP_220.000000_FF_106400.000000_LUT_53200.000000_SLICE_13300.000000_URAM_0.000000 -device-name-info=xc7z020clg484-1 > /home/dell3561-49/Vitis_HLS_folder/BaGrRe_ObjDetect/BaGrRe_ObjDetect/solution1/.autopilot/db/BackGrRemoval.pp.0.cpp.clang.out.log 2> /home/dell3561-49/Vitis_HLS_folder/BaGrRe_ObjDetect/BaGrRe_ObjDetect/solution1/.autopilot/db/BackGrRemoval.pp.0.cpp.clang.err.log
INFO: [HLS 200-10] Analyzing design file 'RGB2HSV.cpp' ... 
INFO-FLOW: Compiling one TU...
INFO-FLOW: Handling RGB2HSV.cpp as C++
Execute       ap_part_info -name xc7z020-clg484-1 -data info 
INFO-FLOW: Running: GCC PP 39
INFO-FLOW: Source preprocessing
INFO-FLOW: run_clang exec: /tools/Xilinx/Vitis_HLS/2023.1/lnx64/tools/clang-3.9-csynth/bin/clang RGB2HSV.cpp -foptimization-record-file=/home/dell3561-49/Vitis_HLS_folder/BaGrRe_ObjDetect/BaGrRe_ObjDetect/solution1/.autopilot/db/RGB2HSV.cpp.clang.diag.yml -mllvm -pass-remarks-missed=reflow|pasta|unroll -mllvm -pass-remarks=reflow|pasta|unroll|inline -fno-limit-debug-info -gcc-toolchain /tools/Xilinx/Vitis_HLS/2023.1/tps/lnx64/gcc-8.3.0 -fhls -fno-exceptions -insert-hls-directive=/home/dell3561-49/Vitis_HLS_folder/BaGrRe_ObjDetect/BaGrRe_ObjDetect/solution1/.autopilot/db/all.directive.json -E -fno-math-errno -c -emit-llvm -mllvm -disable-llvm-optzns -Werror=implicit-function-declaration -Werror=implicit-hls-streams -Werror=return-type -Wpragmas -Wunused-parameter -Wdump-hls-pragmas -Wno-error=dump-hls-pragmas -fno-threadsafe-statics -fno-use-cxa-atexit -std=gnu++14 -target fpga64-xilinx-linux-gnu -fno-threadsafe-statics -fno-use-cxa-atexit -D__VITIS_HLS__ -DAESL_SYN -D__SYNTHESIS__ -D__HLS_SYN__ -I /tools/Xilinx/Vitis_HLS/2023.1/common/technology/autopilot -I /tools/Xilinx/Vitis_HLS/2023.1/common/technology/autopilot/ap_sysc -include etc/autopilot_ssdm_op.h -D__DSP48E1__ -I /usr/include/x86_64-linux-gnu -o /home/dell3561-49/Vitis_HLS_folder/BaGrRe_ObjDetect/BaGrRe_ObjDetect/solution1/.autopilot/db/RGB2HSV.pp.0.cpp -hls-platform-db-name=/tools/Xilinx/Vitis_HLS/2023.1/common/technology/xilinx/common/platform.db -hls-platform-name=zynq_slow -device-resource-info=BRAM_280.000000_DSP_220.000000_FF_106400.000000_LUT_53200.000000_SLICE_13300.000000_URAM_0.000000 -device-name-info=xc7z020clg484-1 > /home/dell3561-49/Vitis_HLS_folder/BaGrRe_ObjDetect/BaGrRe_ObjDetect/solution1/.autopilot/db/RGB2HSV.cpp.clang.out.log 2> /home/dell3561-49/Vitis_HLS_folder/BaGrRe_ObjDetect/BaGrRe_ObjDetect/solution1/.autopilot/db/RGB2HSV.cpp.clang.err.log
INFO-FLOW: Done: GCC PP 39 time: 0.1 seconds per iteration
INFO-FLOW: Source syntax check for synthesis
INFO-FLOW: run_clang exec: /tools/Xilinx/Vitis_HLS/2023.1/lnx64/tools/clang-3.9-csynth/bin/clang -foptimization-record-file=/home/dell3561-49/Vitis_HLS_folder/BaGrRe_ObjDetect/BaGrRe_ObjDetect/solution1/.autopilot/db/clang.diag.yml -mllvm -pass-remarks-missed=reflow|pasta|unroll -mllvm -pass-remarks=reflow|pasta|unroll|inline -fsyntax-only -fhls -target fpga64-xilinx-linux-gnu /home/dell3561-49/Vitis_HLS_folder/BaGrRe_ObjDetect/BaGrRe_ObjDetect/solution1/.autopilot/db/RGB2HSV.pp.0.cpp -hls-platform-db-name=/tools/Xilinx/Vitis_HLS/2023.1/common/technology/xilinx/common/platform.db -hls-platform-name=zynq_slow -device-resource-info=BRAM_280.000000_DSP_220.000000_FF_106400.000000_LUT_53200.000000_SLICE_13300.000000_URAM_0.000000 -device-name-info=xc7z020clg484-1 > /home/dell3561-49/Vitis_HLS_folder/BaGrRe_ObjDetect/BaGrRe_ObjDetect/solution1/.autopilot/db/clang.out.log 2> /home/dell3561-49/Vitis_HLS_folder/BaGrRe_ObjDetect/BaGrRe_ObjDetect/solution1/.autopilot/db/clang.err.log
Execute       clang_tidy xilinx-systemc-detector -desc systemc-detector /home/dell3561-49/Vitis_HLS_folder/BaGrRe_ObjDetect/BaGrRe_ObjDetect/solution1/.autopilot/db/RGB2HSV.pp.0.cpp std=gnu++14 -target fpga  -directive=/home/dell3561-49/Vitis_HLS_folder/BaGrRe_ObjDetect/BaGrRe_ObjDetect/solution1/.autopilot/db/.systemc_flag 
INFO-FLOW: exec /tools/Xilinx/Vitis_HLS/2023.1/lnx64/tools/clang-3.9-csynth/bin/clang-tidy -header-filter=.* --checks=-*,xilinx-systemc-detector -import-directive=/home/dell3561-49/Vitis_HLS_folder/BaGrRe_ObjDetect/BaGrRe_ObjDetect/solution1/.autopilot/db/.systemc_flag -fix-errors /home/dell3561-49/Vitis_HLS_folder/BaGrRe_ObjDetect/BaGrRe_ObjDetect/solution1/.autopilot/db/RGB2HSV.pp.0.cpp -- -std=gnu++14 -target fpga -fhls -ferror-limit=0
Command       clang_tidy done; 0.38 sec.
INFO-FLOW: Running: clang-tidy CDT preprocess 39
Execute       clang_tidy xilinx-directive2pragma -desc directive2pragma /home/dell3561-49/Vitis_HLS_folder/BaGrRe_ObjDetect/BaGrRe_ObjDetect/solution1/.autopilot/db/RGB2HSV.pp.0.cpp std=gnu++14 -target fpga  -directive=/home/dell3561-49/Vitis_HLS_folder/BaGrRe_ObjDetect/BaGrRe_ObjDetect/solution1/.autopilot/db/all.directive.json 
INFO-FLOW: exec /tools/Xilinx/Vitis_HLS/2023.1/lnx64/tools/clang-3.9-csynth/bin/clang-tidy -header-filter=.* --checks=-*,xilinx-directive2pragma -import-directive=/home/dell3561-49/Vitis_HLS_folder/BaGrRe_ObjDetect/BaGrRe_ObjDetect/solution1/.autopilot/db/all.directive.json -fix-errors /home/dell3561-49/Vitis_HLS_folder/BaGrRe_ObjDetect/BaGrRe_ObjDetect/solution1/.autopilot/db/RGB2HSV.pp.0.cpp -- -std=gnu++14 -target fpga -fhls -ferror-limit=0
Command       clang_tidy done; 0.4 sec.
INFO-FLOW: Done: clang-tidy CDT preprocess 39 time: 0.4 seconds per iteration
INFO-FLOW: Calling xilinx-label-all-loops ... 
INFO-FLOW: Calling xilinx-aggregate-on-hls-vector ... 
Execute       clang_tidy -errorcheck -desc loop-label xilinx-label-all-loops,xilinx-aggregate-on-hls-vector,,xilinx-warn-mayneed-no-ctor-attribute /home/dell3561-49/Vitis_HLS_folder/BaGrRe_ObjDetect/BaGrRe_ObjDetect/solution1/.autopilot/db/RGB2HSV.pp.0.cpp std=gnu++14 -target fpga  
INFO-FLOW: run_clang exec: /tools/Xilinx/Vitis_HLS/2023.1/lnx64/tools/clang-3.9-csynth/bin/clang-tidy -export-fixes=/home/dell3561-49/Vitis_HLS_folder/BaGrRe_ObjDetect/BaGrRe_ObjDetect/solution1/.autopilot/db/RGB2HSV.pp.0.cpp.clang-tidy.loop-label.diag.yml -header-filter=.* --checks=-*,xilinx-label-all-loops,xilinx-aggregate-on-hls-vector,,xilinx-warn-mayneed-no-ctor-attribute -fix-errors /home/dell3561-49/Vitis_HLS_folder/BaGrRe_ObjDetect/BaGrRe_ObjDetect/solution1/.autopilot/db/RGB2HSV.pp.0.cpp -- -std=gnu++14 -target fpga -fhls -ferror-limit=0 > /home/dell3561-49/Vitis_HLS_folder/BaGrRe_ObjDetect/BaGrRe_ObjDetect/solution1/.autopilot/db/RGB2HSV.pp.0.cpp.clang-tidy.loop-label.out.log 2> /home/dell3561-49/Vitis_HLS_folder/BaGrRe_ObjDetect/BaGrRe_ObjDetect/solution1/.autopilot/db/RGB2HSV.pp.0.cpp.clang-tidy.loop-label.err.log
Command       clang_tidy done; 0.66 sec.
INFO-FLOW: run_clang exec: /tools/Xilinx/Vitis_HLS/2023.1/lnx64/tools/clang-3.9-csynth/bin/xilinx-dataflow-lawyer -export-fixes=/home/dell3561-49/Vitis_HLS_folder/BaGrRe_ObjDetect/BaGrRe_ObjDetect/solution1/.autopilot/db/RGB2HSV.pp.0.cpp.xilinx-dataflow-lawyer.diag.yml /home/dell3561-49/Vitis_HLS_folder/BaGrRe_ObjDetect/BaGrRe_ObjDetect/solution1/.autopilot/db/RGB2HSV.pp.0.cpp -- -std=gnu++14 -target fpga -fhls -ferror-limit=0 -fstrict-dataflow > /home/dell3561-49/Vitis_HLS_folder/BaGrRe_ObjDetect/BaGrRe_ObjDetect/solution1/.autopilot/db/RGB2HSV.pp.0.cpp.xilinx-dataflow-lawyer.out.log 2> /home/dell3561-49/Vitis_HLS_folder/BaGrRe_ObjDetect/BaGrRe_ObjDetect/solution1/.autopilot/db/RGB2HSV.pp.0.cpp.xilinx-dataflow-lawyer.err.log
Execute       ap_part_info -name xc7z020-clg484-1 -data info 
INFO-FLOW: compiling source code to llvm bc
INFO-FLOW: run_clang exec: /tools/Xilinx/Vitis_HLS/2023.1/lnx64/tools/clang-3.9-csynth/bin/clang -foptimization-record-file=/home/dell3561-49/Vitis_HLS_folder/BaGrRe_ObjDetect/BaGrRe_ObjDetect/solution1/.autopilot/db/RGB2HSV.pp.0.cpp.clang.diag.yml -mllvm -pass-remarks-missed=reflow|pasta|unroll -mllvm -pass-remarks=reflow|pasta|unroll|inline -fno-limit-debug-info -fhls -flto -fno-exceptions -Wno-error=c++11-narrowing /home/dell3561-49/Vitis_HLS_folder/BaGrRe_ObjDetect/BaGrRe_ObjDetect/solution1/.autopilot/db/RGB2HSV.pp.0.cpp -fno-math-errno -c -emit-llvm -mllvm -disable-llvm-optzns -Werror=implicit-function-declaration -Werror=implicit-hls-streams -Werror=return-type -Wpragmas -Wunused-parameter -Wdump-hls-pragmas -Wno-error=dump-hls-pragmas -fno-threadsafe-statics -fno-use-cxa-atexit -std=gnu++14 -target fpga64-xilinx-linux-gnu -D__VITIS_HLS__ -DAESL_SYN -D__SYNTHESIS__ -D__HLS_SYN__ -I /tools/Xilinx/Vitis_HLS/2023.1/common/technology/autopilot -I /tools/Xilinx/Vitis_HLS/2023.1/common/technology/autopilot/ap_sysc -include etc/autopilot_ssdm_op.h -D__DSP48E1__ -g -o /home/dell3561-49/Vitis_HLS_folder/BaGrRe_ObjDetect/BaGrRe_ObjDetect/solution1/.autopilot/db/RGB2HSV.bc -hls-platform-db-name=/tools/Xilinx/Vitis_HLS/2023.1/common/technology/xilinx/common/platform.db -hls-platform-name=zynq_slow -device-resource-info=BRAM_280.000000_DSP_220.000000_FF_106400.000000_LUT_53200.000000_SLICE_13300.000000_URAM_0.000000 -device-name-info=xc7z020clg484-1 > /home/dell3561-49/Vitis_HLS_folder/BaGrRe_ObjDetect/BaGrRe_ObjDetect/solution1/.autopilot/db/RGB2HSV.pp.0.cpp.clang.out.log 2> /home/dell3561-49/Vitis_HLS_folder/BaGrRe_ObjDetect/BaGrRe_ObjDetect/solution1/.autopilot/db/RGB2HSV.pp.0.cpp.clang.err.log
INFO: [HLS 200-10] Analyzing design file 'obj_detect.cpp' ... 
INFO-FLOW: Compiling one TU...
INFO-FLOW: Handling obj_detect.cpp as C++
Execute       ap_part_info -name xc7z020-clg484-1 -data info 
INFO-FLOW: Running: GCC PP 39
INFO-FLOW: Source preprocessing
INFO-FLOW: run_clang exec: /tools/Xilinx/Vitis_HLS/2023.1/lnx64/tools/clang-3.9-csynth/bin/clang obj_detect.cpp -foptimization-record-file=/home/dell3561-49/Vitis_HLS_folder/BaGrRe_ObjDetect/BaGrRe_ObjDetect/solution1/.autopilot/db/obj_detect.cpp.clang.diag.yml -mllvm -pass-remarks-missed=reflow|pasta|unroll -mllvm -pass-remarks=reflow|pasta|unroll|inline -fno-limit-debug-info -gcc-toolchain /tools/Xilinx/Vitis_HLS/2023.1/tps/lnx64/gcc-8.3.0 -fhls -fno-exceptions -insert-hls-directive=/home/dell3561-49/Vitis_HLS_folder/BaGrRe_ObjDetect/BaGrRe_ObjDetect/solution1/.autopilot/db/all.directive.json -E -fno-math-errno -c -emit-llvm -mllvm -disable-llvm-optzns -Werror=implicit-function-declaration -Werror=implicit-hls-streams -Werror=return-type -Wpragmas -Wunused-parameter -Wdump-hls-pragmas -Wno-error=dump-hls-pragmas -fno-threadsafe-statics -fno-use-cxa-atexit -std=gnu++14 -target fpga64-xilinx-linux-gnu -fno-threadsafe-statics -fno-use-cxa-atexit -D__VITIS_HLS__ -DAESL_SYN -D__SYNTHESIS__ -D__HLS_SYN__ -I /tools/Xilinx/Vitis_HLS/2023.1/common/technology/autopilot -I /tools/Xilinx/Vitis_HLS/2023.1/common/technology/autopilot/ap_sysc -include etc/autopilot_ssdm_op.h -D__DSP48E1__ -I /usr/include/x86_64-linux-gnu -o /home/dell3561-49/Vitis_HLS_folder/BaGrRe_ObjDetect/BaGrRe_ObjDetect/solution1/.autopilot/db/obj_detect.pp.0.cpp -hls-platform-db-name=/tools/Xilinx/Vitis_HLS/2023.1/common/technology/xilinx/common/platform.db -hls-platform-name=zynq_slow -device-resource-info=BRAM_280.000000_DSP_220.000000_FF_106400.000000_LUT_53200.000000_SLICE_13300.000000_URAM_0.000000 -device-name-info=xc7z020clg484-1 > /home/dell3561-49/Vitis_HLS_folder/BaGrRe_ObjDetect/BaGrRe_ObjDetect/solution1/.autopilot/db/obj_detect.cpp.clang.out.log 2> /home/dell3561-49/Vitis_HLS_folder/BaGrRe_ObjDetect/BaGrRe_ObjDetect/solution1/.autopilot/db/obj_detect.cpp.clang.err.log
INFO-FLOW: Done: GCC PP 39 time: 0.1 seconds per iteration
INFO-FLOW: Source syntax check for synthesis
INFO-FLOW: run_clang exec: /tools/Xilinx/Vitis_HLS/2023.1/lnx64/tools/clang-3.9-csynth/bin/clang -foptimization-record-file=/home/dell3561-49/Vitis_HLS_folder/BaGrRe_ObjDetect/BaGrRe_ObjDetect/solution1/.autopilot/db/clang.diag.yml -mllvm -pass-remarks-missed=reflow|pasta|unroll -mllvm -pass-remarks=reflow|pasta|unroll|inline -fsyntax-only -fhls -target fpga64-xilinx-linux-gnu /home/dell3561-49/Vitis_HLS_folder/BaGrRe_ObjDetect/BaGrRe_ObjDetect/solution1/.autopilot/db/obj_detect.pp.0.cpp -hls-platform-db-name=/tools/Xilinx/Vitis_HLS/2023.1/common/technology/xilinx/common/platform.db -hls-platform-name=zynq_slow -device-resource-info=BRAM_280.000000_DSP_220.000000_FF_106400.000000_LUT_53200.000000_SLICE_13300.000000_URAM_0.000000 -device-name-info=xc7z020clg484-1 > /home/dell3561-49/Vitis_HLS_folder/BaGrRe_ObjDetect/BaGrRe_ObjDetect/solution1/.autopilot/db/clang.out.log 2> /home/dell3561-49/Vitis_HLS_folder/BaGrRe_ObjDetect/BaGrRe_ObjDetect/solution1/.autopilot/db/clang.err.log
Execute       clang_tidy xilinx-systemc-detector -desc systemc-detector /home/dell3561-49/Vitis_HLS_folder/BaGrRe_ObjDetect/BaGrRe_ObjDetect/solution1/.autopilot/db/obj_detect.pp.0.cpp std=gnu++14 -target fpga  -directive=/home/dell3561-49/Vitis_HLS_folder/BaGrRe_ObjDetect/BaGrRe_ObjDetect/solution1/.autopilot/db/.systemc_flag 
INFO-FLOW: exec /tools/Xilinx/Vitis_HLS/2023.1/lnx64/tools/clang-3.9-csynth/bin/clang-tidy -header-filter=.* --checks=-*,xilinx-systemc-detector -import-directive=/home/dell3561-49/Vitis_HLS_folder/BaGrRe_ObjDetect/BaGrRe_ObjDetect/solution1/.autopilot/db/.systemc_flag -fix-errors /home/dell3561-49/Vitis_HLS_folder/BaGrRe_ObjDetect/BaGrRe_ObjDetect/solution1/.autopilot/db/obj_detect.pp.0.cpp -- -std=gnu++14 -target fpga -fhls -ferror-limit=0
Command       clang_tidy done; 0.31 sec.
INFO-FLOW: Running: clang-tidy CDT preprocess 39
Execute       clang_tidy xilinx-directive2pragma -desc directive2pragma /home/dell3561-49/Vitis_HLS_folder/BaGrRe_ObjDetect/BaGrRe_ObjDetect/solution1/.autopilot/db/obj_detect.pp.0.cpp std=gnu++14 -target fpga  -directive=/home/dell3561-49/Vitis_HLS_folder/BaGrRe_ObjDetect/BaGrRe_ObjDetect/solution1/.autopilot/db/all.directive.json 
INFO-FLOW: exec /tools/Xilinx/Vitis_HLS/2023.1/lnx64/tools/clang-3.9-csynth/bin/clang-tidy -header-filter=.* --checks=-*,xilinx-directive2pragma -import-directive=/home/dell3561-49/Vitis_HLS_folder/BaGrRe_ObjDetect/BaGrRe_ObjDetect/solution1/.autopilot/db/all.directive.json -fix-errors /home/dell3561-49/Vitis_HLS_folder/BaGrRe_ObjDetect/BaGrRe_ObjDetect/solution1/.autopilot/db/obj_detect.pp.0.cpp -- -std=gnu++14 -target fpga -fhls -ferror-limit=0
Command       clang_tidy done; 0.32 sec.
INFO-FLOW: Done: clang-tidy CDT preprocess 39 time: 0.3 seconds per iteration
INFO-FLOW: Calling xilinx-label-all-loops ... 
INFO-FLOW: Calling xilinx-aggregate-on-hls-vector ... 
Execute       clang_tidy -errorcheck -desc loop-label xilinx-label-all-loops,xilinx-aggregate-on-hls-vector,,xilinx-warn-mayneed-no-ctor-attribute /home/dell3561-49/Vitis_HLS_folder/BaGrRe_ObjDetect/BaGrRe_ObjDetect/solution1/.autopilot/db/obj_detect.pp.0.cpp std=gnu++14 -target fpga  
INFO-FLOW: run_clang exec: /tools/Xilinx/Vitis_HLS/2023.1/lnx64/tools/clang-3.9-csynth/bin/clang-tidy -export-fixes=/home/dell3561-49/Vitis_HLS_folder/BaGrRe_ObjDetect/BaGrRe_ObjDetect/solution1/.autopilot/db/obj_detect.pp.0.cpp.clang-tidy.loop-label.diag.yml -header-filter=.* --checks=-*,xilinx-label-all-loops,xilinx-aggregate-on-hls-vector,,xilinx-warn-mayneed-no-ctor-attribute -fix-errors /home/dell3561-49/Vitis_HLS_folder/BaGrRe_ObjDetect/BaGrRe_ObjDetect/solution1/.autopilot/db/obj_detect.pp.0.cpp -- -std=gnu++14 -target fpga -fhls -ferror-limit=0 > /home/dell3561-49/Vitis_HLS_folder/BaGrRe_ObjDetect/BaGrRe_ObjDetect/solution1/.autopilot/db/obj_detect.pp.0.cpp.clang-tidy.loop-label.out.log 2> /home/dell3561-49/Vitis_HLS_folder/BaGrRe_ObjDetect/BaGrRe_ObjDetect/solution1/.autopilot/db/obj_detect.pp.0.cpp.clang-tidy.loop-label.err.log
Command       clang_tidy done; 0.61 sec.
INFO-FLOW: run_clang exec: /tools/Xilinx/Vitis_HLS/2023.1/lnx64/tools/clang-3.9-csynth/bin/xilinx-dataflow-lawyer -export-fixes=/home/dell3561-49/Vitis_HLS_folder/BaGrRe_ObjDetect/BaGrRe_ObjDetect/solution1/.autopilot/db/obj_detect.pp.0.cpp.xilinx-dataflow-lawyer.diag.yml /home/dell3561-49/Vitis_HLS_folder/BaGrRe_ObjDetect/BaGrRe_ObjDetect/solution1/.autopilot/db/obj_detect.pp.0.cpp -- -std=gnu++14 -target fpga -fhls -ferror-limit=0 -fstrict-dataflow > /home/dell3561-49/Vitis_HLS_folder/BaGrRe_ObjDetect/BaGrRe_ObjDetect/solution1/.autopilot/db/obj_detect.pp.0.cpp.xilinx-dataflow-lawyer.out.log 2> /home/dell3561-49/Vitis_HLS_folder/BaGrRe_ObjDetect/BaGrRe_ObjDetect/solution1/.autopilot/db/obj_detect.pp.0.cpp.xilinx-dataflow-lawyer.err.log
Execute       ap_part_info -name xc7z020-clg484-1 -data info 
INFO-FLOW: compiling source code to llvm bc
INFO-FLOW: run_clang exec: /tools/Xilinx/Vitis_HLS/2023.1/lnx64/tools/clang-3.9-csynth/bin/clang -foptimization-record-file=/home/dell3561-49/Vitis_HLS_folder/BaGrRe_ObjDetect/BaGrRe_ObjDetect/solution1/.autopilot/db/obj_detect.pp.0.cpp.clang.diag.yml -mllvm -pass-remarks-missed=reflow|pasta|unroll -mllvm -pass-remarks=reflow|pasta|unroll|inline -fno-limit-debug-info -fhls -flto -fno-exceptions -Wno-error=c++11-narrowing /home/dell3561-49/Vitis_HLS_folder/BaGrRe_ObjDetect/BaGrRe_ObjDetect/solution1/.autopilot/db/obj_detect.pp.0.cpp -fno-math-errno -c -emit-llvm -mllvm -disable-llvm-optzns -Werror=implicit-function-declaration -Werror=implicit-hls-streams -Werror=return-type -Wpragmas -Wunused-parameter -Wdump-hls-pragmas -Wno-error=dump-hls-pragmas -fno-threadsafe-statics -fno-use-cxa-atexit -std=gnu++14 -target fpga64-xilinx-linux-gnu -D__VITIS_HLS__ -DAESL_SYN -D__SYNTHESIS__ -D__HLS_SYN__ -I /tools/Xilinx/Vitis_HLS/2023.1/common/technology/autopilot -I /tools/Xilinx/Vitis_HLS/2023.1/common/technology/autopilot/ap_sysc -include etc/autopilot_ssdm_op.h -D__DSP48E1__ -g -o /home/dell3561-49/Vitis_HLS_folder/BaGrRe_ObjDetect/BaGrRe_ObjDetect/solution1/.autopilot/db/obj_detect.bc -hls-platform-db-name=/tools/Xilinx/Vitis_HLS/2023.1/common/technology/xilinx/common/platform.db -hls-platform-name=zynq_slow -device-resource-info=BRAM_280.000000_DSP_220.000000_FF_106400.000000_LUT_53200.000000_SLICE_13300.000000_URAM_0.000000 -device-name-info=xc7z020clg484-1 > /home/dell3561-49/Vitis_HLS_folder/BaGrRe_ObjDetect/BaGrRe_ObjDetect/solution1/.autopilot/db/obj_detect.pp.0.cpp.clang.out.log 2> /home/dell3561-49/Vitis_HLS_folder/BaGrRe_ObjDetect/BaGrRe_ObjDetect/solution1/.autopilot/db/obj_detect.pp.0.cpp.clang.err.log
INFO: [HLS 200-111] Finished Source Code Analysis and Preprocessing: CPU user time: 8.24 seconds. CPU system time: 1.1 seconds. Elapsed time: 9.35 seconds; current allocated memory: 191.555 MB.
INFO-FLOW: Linking Debug ...
INFO-FLOW: Linking dut bc code.
Execute       run_link_or_opt -out /home/dell3561-49/Vitis_HLS_folder/BaGrRe_ObjDetect/BaGrRe_ObjDetect/solution1/.autopilot/db/a.g.ld.0.bc -args  "/home/dell3561-49/Vitis_HLS_folder/BaGrRe_ObjDetect/BaGrRe_ObjDetect/solution1/.autopilot/db/BaGr_ObjDetect.g.bc" "/home/dell3561-49/Vitis_HLS_folder/BaGrRe_ObjDetect/BaGrRe_ObjDetect/solution1/.autopilot/db/BackGrRemoval.g.bc" "/home/dell3561-49/Vitis_HLS_folder/BaGrRe_ObjDetect/BaGrRe_ObjDetect/solution1/.autopilot/db/RGB2HSV.g.bc" "/home/dell3561-49/Vitis_HLS_folder/BaGrRe_ObjDetect/BaGrRe_ObjDetect/solution1/.autopilot/db/obj_detect.g.bc"  
INFO-FLOW: run_clang exec: /tools/Xilinx/Vitis_HLS/2023.1/lnx64/tools/clang-3.9-csynth/bin/llvm-link /home/dell3561-49/Vitis_HLS_folder/BaGrRe_ObjDetect/BaGrRe_ObjDetect/solution1/.autopilot/db/BaGr_ObjDetect.g.bc /home/dell3561-49/Vitis_HLS_folder/BaGrRe_ObjDetect/BaGrRe_ObjDetect/solution1/.autopilot/db/BackGrRemoval.g.bc /home/dell3561-49/Vitis_HLS_folder/BaGrRe_ObjDetect/BaGrRe_ObjDetect/solution1/.autopilot/db/RGB2HSV.g.bc /home/dell3561-49/Vitis_HLS_folder/BaGrRe_ObjDetect/BaGrRe_ObjDetect/solution1/.autopilot/db/obj_detect.g.bc -o /home/dell3561-49/Vitis_HLS_folder/BaGrRe_ObjDetect/BaGrRe_ObjDetect/solution1/.autopilot/db/a.g.ld.0.bc > /home/dell3561-49/Vitis_HLS_folder/BaGrRe_ObjDetect/BaGrRe_ObjDetect/solution1/.autopilot/db/a.g.ld.0.bc.llvm-link.out.log 2> /home/dell3561-49/Vitis_HLS_folder/BaGrRe_ObjDetect/BaGrRe_ObjDetect/solution1/.autopilot/db/a.g.ld.0.bc.llvm-link.err.log
INFO-FLOW: 
Execute       run_link_or_opt -opt -out /home/dell3561-49/Vitis_HLS_folder/BaGrRe_ObjDetect/BaGrRe_ObjDetect/solution1/.autopilot/db/a.g.ld.1.lower.bc -args /home/dell3561-49/Vitis_HLS_folder/BaGrRe_ObjDetect/BaGrRe_ObjDetect/solution1/.autopilot/db/a.g.ld.0.bc -reflow-lower-math-intrinsics 
INFO-FLOW: run_clang exec: /tools/Xilinx/Vitis_HLS/2023.1/lnx64/tools/clang-3.9-csynth/bin/opt -pass-remarks-missed=reflow|pasta|unroll -pass-remarks=reflow|pasta|unroll|inline -pass-remarks-output=/home/dell3561-49/Vitis_HLS_folder/BaGrRe_ObjDetect/BaGrRe_ObjDetect/solution1/.autopilot/db/a.g.ld.1.lower.bc.opt.diag.yml /home/dell3561-49/Vitis_HLS_folder/BaGrRe_ObjDetect/BaGrRe_ObjDetect/solution1/.autopilot/db/a.g.ld.0.bc -reflow-lower-math-intrinsics -o /home/dell3561-49/Vitis_HLS_folder/BaGrRe_ObjDetect/BaGrRe_ObjDetect/solution1/.autopilot/db/a.g.ld.1.lower.bc > /home/dell3561-49/Vitis_HLS_folder/BaGrRe_ObjDetect/BaGrRe_ObjDetect/solution1/.autopilot/db/a.g.ld.1.lower.bc.opt.out.log 2> /home/dell3561-49/Vitis_HLS_folder/BaGrRe_ObjDetect/BaGrRe_ObjDetect/solution1/.autopilot/db/a.g.ld.1.lower.bc.opt.err.log
INFO-FLOW: 
INFO-FLOW: Running: gen_design_size_report post-opt
INFO-FLOW: Done: gen_design_size_report post-opt time: 0 seconds per iteration
INFO-FLOW: Linking math bc lib
Execute       run_link_or_opt -out /home/dell3561-49/Vitis_HLS_folder/BaGrRe_ObjDetect/BaGrRe_ObjDetect/solution1/.autopilot/db/a.g.ld.2.m1.bc -args /home/dell3561-49/Vitis_HLS_folder/BaGrRe_ObjDetect/BaGrRe_ObjDetect/solution1/.autopilot/db/a.g.ld.1.lower.bc -only-needed /tools/Xilinx/Vitis_HLS/2023.1/lnx64/lib/libhlsm_39.bc /tools/Xilinx/Vitis_HLS/2023.1/lnx64/lib/libhlsmc++_39.bc 
INFO-FLOW: run_clang exec: /tools/Xilinx/Vitis_HLS/2023.1/lnx64/tools/clang-3.9-csynth/bin/llvm-link /home/dell3561-49/Vitis_HLS_folder/BaGrRe_ObjDetect/BaGrRe_ObjDetect/solution1/.autopilot/db/a.g.ld.1.lower.bc -only-needed /tools/Xilinx/Vitis_HLS/2023.1/lnx64/lib/libhlsm_39.bc /tools/Xilinx/Vitis_HLS/2023.1/lnx64/lib/libhlsmc++_39.bc -o /home/dell3561-49/Vitis_HLS_folder/BaGrRe_ObjDetect/BaGrRe_ObjDetect/solution1/.autopilot/db/a.g.ld.2.m1.bc > /home/dell3561-49/Vitis_HLS_folder/BaGrRe_ObjDetect/BaGrRe_ObjDetect/solution1/.autopilot/db/a.g.ld.2.m1.bc.llvm-link.out.log 2> /home/dell3561-49/Vitis_HLS_folder/BaGrRe_ObjDetect/BaGrRe_ObjDetect/solution1/.autopilot/db/a.g.ld.2.m1.bc.llvm-link.err.log
INFO-FLOW: 
Command       run_link_or_opt done; 1.2 sec.
Execute       run_link_or_opt -opt -out /home/dell3561-49/Vitis_HLS_folder/BaGrRe_ObjDetect/BaGrRe_ObjDetect/solution1/.autopilot/db/a.g.ld.3.fpc.bc -args /home/dell3561-49/Vitis_HLS_folder/BaGrRe_ObjDetect/BaGrRe_ObjDetect/solution1/.autopilot/db/a.g.ld.2.m1.bc -reflow-globaldce -hls-top-function-name=BaGr_ObjDetect -reflow-float-conversion 
INFO-FLOW: run_clang exec: /tools/Xilinx/Vitis_HLS/2023.1/lnx64/tools/clang-3.9-csynth/bin/opt -pass-remarks-missed=reflow|pasta|unroll -pass-remarks=reflow|pasta|unroll|inline -pass-remarks-output=/home/dell3561-49/Vitis_HLS_folder/BaGrRe_ObjDetect/BaGrRe_ObjDetect/solution1/.autopilot/db/a.g.ld.3.fpc.bc.opt.diag.yml /home/dell3561-49/Vitis_HLS_folder/BaGrRe_ObjDetect/BaGrRe_ObjDetect/solution1/.autopilot/db/a.g.ld.2.m1.bc -reflow-globaldce -hls-top-function-name=BaGr_ObjDetect -reflow-float-conversion -o /home/dell3561-49/Vitis_HLS_folder/BaGrRe_ObjDetect/BaGrRe_ObjDetect/solution1/.autopilot/db/a.g.ld.3.fpc.bc > /home/dell3561-49/Vitis_HLS_folder/BaGrRe_ObjDetect/BaGrRe_ObjDetect/solution1/.autopilot/db/a.g.ld.3.fpc.bc.opt.out.log 2> /home/dell3561-49/Vitis_HLS_folder/BaGrRe_ObjDetect/BaGrRe_ObjDetect/solution1/.autopilot/db/a.g.ld.3.fpc.bc.opt.err.log
INFO-FLOW: 
INFO-FLOW: Running: gen_design_size_report post-opt
INFO-FLOW: Done: gen_design_size_report post-opt time: 0 seconds per iteration
Command       run_link_or_opt done; 0.5 sec.
Execute       run_link_or_opt -out /home/dell3561-49/Vitis_HLS_folder/BaGrRe_ObjDetect/BaGrRe_ObjDetect/solution1/.autopilot/db/a.g.ld.4.m2.bc -args /home/dell3561-49/Vitis_HLS_folder/BaGrRe_ObjDetect/BaGrRe_ObjDetect/solution1/.autopilot/db/a.g.ld.3.fpc.bc -only-needed /tools/Xilinx/Vitis_HLS/2023.1/lnx64/lib/libfloatconversion_39.bc 
INFO-FLOW: run_clang exec: /tools/Xilinx/Vitis_HLS/2023.1/lnx64/tools/clang-3.9-csynth/bin/llvm-link /home/dell3561-49/Vitis_HLS_folder/BaGrRe_ObjDetect/BaGrRe_ObjDetect/solution1/.autopilot/db/a.g.ld.3.fpc.bc -only-needed /tools/Xilinx/Vitis_HLS/2023.1/lnx64/lib/libfloatconversion_39.bc -o /home/dell3561-49/Vitis_HLS_folder/BaGrRe_ObjDetect/BaGrRe_ObjDetect/solution1/.autopilot/db/a.g.ld.4.m2.bc > /home/dell3561-49/Vitis_HLS_folder/BaGrRe_ObjDetect/BaGrRe_ObjDetect/solution1/.autopilot/db/a.g.ld.4.m2.bc.llvm-link.out.log 2> /home/dell3561-49/Vitis_HLS_folder/BaGrRe_ObjDetect/BaGrRe_ObjDetect/solution1/.autopilot/db/a.g.ld.4.m2.bc.llvm-link.err.log
INFO-FLOW: 
Execute       run_link_or_opt -opt -out /home/dell3561-49/Vitis_HLS_folder/BaGrRe_ObjDetect/BaGrRe_ObjDetect/solution1/.autopilot/db/a.g.ld.5.gdce.bc -args /home/dell3561-49/Vitis_HLS_folder/BaGrRe_ObjDetect/BaGrRe_ObjDetect/solution1/.autopilot/db/a.g.ld.4.m2.bc -reflow-globaldce -hls-top-function-name=BaGr_ObjDetect 
INFO-FLOW: run_clang exec: /tools/Xilinx/Vitis_HLS/2023.1/lnx64/tools/clang-3.9-csynth/bin/opt -pass-remarks-missed=reflow|pasta|unroll -pass-remarks=reflow|pasta|unroll|inline -pass-remarks-output=/home/dell3561-49/Vitis_HLS_folder/BaGrRe_ObjDetect/BaGrRe_ObjDetect/solution1/.autopilot/db/a.g.ld.5.gdce.bc.opt.diag.yml /home/dell3561-49/Vitis_HLS_folder/BaGrRe_ObjDetect/BaGrRe_ObjDetect/solution1/.autopilot/db/a.g.ld.4.m2.bc -reflow-globaldce -hls-top-function-name=BaGr_ObjDetect -o /home/dell3561-49/Vitis_HLS_folder/BaGrRe_ObjDetect/BaGrRe_ObjDetect/solution1/.autopilot/db/a.g.ld.5.gdce.bc > /home/dell3561-49/Vitis_HLS_folder/BaGrRe_ObjDetect/BaGrRe_ObjDetect/solution1/.autopilot/db/a.g.ld.5.gdce.bc.opt.out.log 2> /home/dell3561-49/Vitis_HLS_folder/BaGrRe_ObjDetect/BaGrRe_ObjDetect/solution1/.autopilot/db/a.g.ld.5.gdce.bc.opt.err.log
INFO-FLOW: 
INFO-FLOW: Running: gen_design_size_report post-opt
INFO-FLOW: Done: gen_design_size_report post-opt time: 0 seconds per iteration
Execute       send_msg_by_id INFO @200-777@%s Vivado 
INFO: [HLS 200-777] Using interface defaults for 'Vivado' flow target.
Execute       is_m_axi_addr64 
INFO-FLOW: Doing LTO.
INFO-FLOW: run_clang (background poll_ms 5000) exec: /tools/Xilinx/Vitis_HLS/2023.1/lnx64/tools/clang-3.9-csynth/bin/clang -foptimization-record-file=/home/dell3561-49/Vitis_HLS_folder/BaGrRe_ObjDetect/BaGrRe_ObjDetect/solution1/.autopilot/db/a.g.ld.0.bc.clang.reflow.diag.yml -mllvm -pass-remarks-missed=reflow|pasta|unroll -mllvm -pass-remarks=reflow|pasta|unroll|inline -fhls -mllvm -hls-top-function-name=BaGr_ObjDetect -mllvm -hls-db-dir -mllvm /home/dell3561-49/Vitis_HLS_folder/BaGrRe_ObjDetect/BaGrRe_ObjDetect/solution1/.autopilot/db -emit-llvm -c -target fpga64-xilinx-none -mllvm -xcl-xmlinfo=/home/dell3561-49/Vitis_HLS_folder/BaGrRe_ObjDetect/BaGrRe_ObjDetect/solution1/.autopilot/db/kernel.internal.xml -mllvm -top-io-mapping-info=/home/dell3561-49/Vitis_HLS_folder/BaGrRe_ObjDetect/BaGrRe_ObjDetect/solution1/.autopilot/db/top-io-fe.xml -mllvm -hls-bitcode-version=3.1 -mllvm -reflow-enable-slave-interface-default-setting=true -mllvm -gen-kernel-xml=false -mllvm -default-maxi-offset=slave -mllvm -maxi-latency=0 -mllvm -hls-maxi-data-size-in-bits=8 -mllvm -hls-maxi-max-data-size-in-bits=1024 -mllvm -hls-max-widen-size-in-bits=0 -mllvm -xcl-kernel-max-mem-ports=0 -mllvm -maxi-read-trans=16 -mllvm -maxi-write-trans=16 -mllvm -maxi-read-burst-len=16 -mllvm -maxi-write-burst-len=16 -mllvm -reflow-enable-saxi-64bits=0 -mllvm -reflow-basic-block-instr-threshold=200000 -mllvm -reflow-auto-pipeline-threshold=64 -mllvm -reflow-enable-maxi-auto-id-channel=0 -mllvm -enable-fp-thr=0 -mllvm -reflow-bdd-simplify-threshold=1024 -mllvm -reflow-fanout-threshold=16 -mllvm -assume-maxi-align=1 -mllvm -reflow-pipeline-style-llvm-setting=2 -mllvm -reflow-enable-dataflow-strict-mode-checking=1 -ftime-report -mllvm -time-passes -mllvm -reflow-auto-array-partition-mode=default -mllvm -reflow-enable-auto-array-partition=true -mllvm -reflow-enable-auto-parallel-performance-driven=true -mllvm -reflow-enable-partition-for-automation=true -mllvm -reflow-aggregate-bitwidth-threshold=4096 -mllvm -reflow-reserved-saxilite-registers=1024 -mllvm -reflow-assume-no-address-wrap=true -mllvm -reflow-enable-occurrence-inference=true -mllvm -hls -mllvm -disable-inlined-alloca-merging=true -mllvm -default-clock-period=10 -x ir /home/dell3561-49/Vitis_HLS_folder/BaGrRe_ObjDetect/BaGrRe_ObjDetect/solution1/.autopilot/db/a.g.ld.5.gdce.bc -o /home/dell3561-49/Vitis_HLS_folder/BaGrRe_ObjDetect/BaGrRe_ObjDetect/solution1/.autopilot/db/a.g.lto.bc -hls-platform-db-name=/tools/Xilinx/Vitis_HLS/2023.1/common/technology/xilinx/common/platform.db -hls-platform-name=zynq_slow -device-resource-info=BRAM_280.000000_DSP_220.000000_FF_106400.000000_LUT_53200.000000_SLICE_13300.000000_URAM_0.000000 -device-name-info=xc7z020clg484-1 2> /home/dell3561-49/Vitis_HLS_folder/BaGrRe_ObjDetect/BaGrRe_ObjDetect/solution1/.autopilot/db/a.g.ld.0.bc.clang.reflow.err.log
Execute       send_msg_by_id INFO @200-1995@%s%s%s 10,673 Compile/Link /home/dell3561-49/Vitis_HLS_folder/BaGrRe_ObjDetect/BaGrRe_ObjDetect/solution1/syn/report/csynth_design_size.rpt 
INFO: [HLS 200-1995] There were 10,673 instructions in the design after the 'Compile/Link' phase of compilation. See the Design Size Report for more details: /home/dell3561-49/Vitis_HLS_folder/BaGrRe_ObjDetect/BaGrRe_ObjDetect/solution1/syn/report/csynth_design_size.rpt
Execute       send_msg_by_id INFO @200-1995@%s%s%s 1,710 Unroll/Inline /home/dell3561-49/Vitis_HLS_folder/BaGrRe_ObjDetect/BaGrRe_ObjDetect/solution1/syn/report/csynth_design_size.rpt 
INFO: [HLS 200-1995] There were 1,710 instructions in the design after the 'Unroll/Inline' phase of compilation. See the Design Size Report for more details: /home/dell3561-49/Vitis_HLS_folder/BaGrRe_ObjDetect/BaGrRe_ObjDetect/solution1/syn/report/csynth_design_size.rpt
Execute       send_msg_by_id INFO @200-1995@%s%s%s 1,482 Performance/Pipeline /home/dell3561-49/Vitis_HLS_folder/BaGrRe_ObjDetect/BaGrRe_ObjDetect/solution1/syn/report/csynth_design_size.rpt 
INFO: [HLS 200-1995] There were 1,482 instructions in the design after the 'Performance/Pipeline' phase of compilation. See the Design Size Report for more details: /home/dell3561-49/Vitis_HLS_folder/BaGrRe_ObjDetect/BaGrRe_ObjDetect/solution1/syn/report/csynth_design_size.rpt
INFO: [HLS 214-131] Inlining function 'Minof3(ap_uint<8>, ap_uint<8>, ap_uint<8>)' into 'BackGrRemovalStream(hls::stream<hls::axis<ap_uint<24>, 1ul, 1ul, 1ul>, 0>&, hls::stream<hls::axis<ap_uint<24>, 1ul, 1ul, 1ul>, 0>&)' (BackGrRemoval.cpp:37:26)
INFO: [HLS 214-131] Inlining function 'MaxOf3(ap_uint<8>, ap_uint<8>, ap_uint<8>)' into 'BackGrRemovalStream(hls::stream<hls::axis<ap_uint<24>, 1ul, 1ul, 1ul>, 0>&, hls::stream<hls::axis<ap_uint<24>, 1ul, 1ul, 1ul>, 0>&)' (BackGrRemoval.cpp:36:26)
INFO: [HLS 214-131] Inlining function 'uf_find(ap_uint<16>*, ap_uint<16>)' into 'uf_union(ap_uint<16>*, ap_uint<16>, ap_uint<16>)' (obj_detect.cpp:38:19)
INFO: [HLS 214-131] Inlining function 'uf_find(ap_uint<16>*, ap_uint<16>)' into 'uf_union(ap_uint<16>*, ap_uint<16>, ap_uint<16>)' (obj_detect.cpp:39:19)
INFO: [HLS 214-131] Inlining function 'is_green_rgb(ap_uint<8>, ap_uint<8>, ap_uint<8>)' into 'hls_object_green_classification(hls::stream<hls::axis<ap_uint<24>, 1ul, 1ul, 1ul>, 0>&, hls::stream<hls::axis<ap_uint<24>, 1ul, 1ul, 1ul>, 0>&, short*, short*, ap_uint<1>*, ap_uint<16>&)' (obj_detect.cpp:259:31)
INFO: [HLS 214-131] Inlining function 'uf_find(ap_uint<16>*, ap_uint<16>)' into 'hls_object_green_classification(hls::stream<hls::axis<ap_uint<24>, 1ul, 1ul, 1ul>, 0>&, hls::stream<hls::axis<ap_uint<24>, 1ul, 1ul, 1ul>, 0>&, short*, short*, ap_uint<1>*, ap_uint<16>&)' (obj_detect.cpp:197:29)
INFO: [HLS 214-131] Inlining function 'uf_union(ap_uint<16>*, ap_uint<16>, ap_uint<16>)' into 'hls_object_green_classification(hls::stream<hls::axis<ap_uint<24>, 1ul, 1ul, 1ul>, 0>&, hls::stream<hls::axis<ap_uint<24>, 1ul, 1ul, 1ul>, 0>&, short*, short*, ap_uint<1>*, ap_uint<16>&)' (obj_detect.cpp:168:42)
INFO: [HLS 214-291] Loop 'Pass1_5_inner1' is marked as complete unroll implied by the pipeline pragma (obj_detect.cpp:182:25)
INFO: [HLS 214-291] Loop 'Pass1_5_inner2' is marked as complete unroll implied by the pipeline pragma (obj_detect.cpp:183:26)
INFO: [HLS 214-291] Loop 'VITIS_LOOP_51_1' is marked as complete unroll implied by the pipeline pragma (BackGrRemoval.cpp:51:30)
INFO: [HLS 214-291] Loop 'kernel_loop' is marked as complete unroll implied by the pipeline pragma (BackGrRemoval.cpp:61:26)
INFO: [HLS 214-186] Unrolling loop 'Pass1_5_inner1' (obj_detect.cpp:182:25) in function 'hls_object_green_classification' completely with a factor of 3 (obj_detect.cpp:50:0)
INFO: [HLS 214-186] Unrolling loop 'Pass1_5_inner2' (obj_detect.cpp:183:26) in function 'hls_object_green_classification' completely with a factor of 3 (obj_detect.cpp:50:0)
INFO: [HLS 214-186] Unrolling loop 'Shift_window' (obj_detect.cpp:136:17) in function 'hls_object_green_classification' completely with a factor of 3 (obj_detect.cpp:50:0)
INFO: [HLS 214-186] Unrolling loop 'VITIS_LOOP_51_1' (BackGrRemoval.cpp:51:30) in function 'BackGrRemovalStream' completely with a factor of 10 (BackGrRemoval.cpp:12:0)
INFO: [HLS 214-186] Unrolling loop 'kernel_loop' (BackGrRemoval.cpp:61:26) in function 'BackGrRemovalStream' completely with a factor of 11 (BackGrRemoval.cpp:12:0)
INFO: [HLS 214-248] Applying array_partition to '_ZZ31hls_object_green_classificationRN3hls6streamINS_4axisI7ap_uintILi24EELm1ELm1ELm1EEELi0EEES6_PsS7_PS2_ILi1EERS2_ILi16EEE7linebuf': Complete partitioning on dimension 1. (obj_detect.cpp:111:0)
INFO: [HLS 214-248] Applying array_partition to '_ZZ19BackGrRemovalStreamRN3hls6streamINS_4axisI7ap_uintILi24EELm1ELm1ELm1EEELi0EEES6_E6h_line': Complete partitioning on dimension 1. (BackGrRemoval.cpp:19:0)
INFO: [HLS 214-270] Inferring pragma 'array_partition type=cyclic factor=3 dim=1' for array 'hls_object_green_classification(hls::stream<hls::axis<ap_uint<24>, 1ul, 1ul, 1ul>, 0>&, hls::stream<hls::axis<ap_uint<24>, 1ul, 1ul, 1ul>, 0>&, short*, short*, ap_uint<1>*, ap_uint<16>&)::edge_mask' due to pipeline pragma (obj_detect.cpp:180:9)
INFO: [HLS 214-270] Inferring pragma 'array_partition type=cyclic factor=3 dim=2' for array 'hls_object_green_classification(hls::stream<hls::axis<ap_uint<24>, 1ul, 1ul, 1ul>, 0>&, hls::stream<hls::axis<ap_uint<24>, 1ul, 1ul, 1ul>, 0>&, short*, short*, ap_uint<1>*, ap_uint<16>&)::edge_mask' due to pipeline pragma (obj_detect.cpp:180:9)
INFO: [HLS 214-248] Applying array_partition to '_ZZ31hls_object_green_classificationRN3hls6streamINS_4axisI7ap_uintILi24EELm1ELm1ELm1EEELi0EEES6_PsS7_PS2_ILi1EERS2_ILi16EEE9edge_mask': Cyclic partitioning with factor 3 on dimension 1. Cyclic partitioning with factor 3 on dimension 2. (obj_detect.cpp:75:0)
ERROR: [HLS 214-208] The ap_axis|ap_axiu|qdma_axis|hls::axis data types must only be used for AXI-Stream ports in the interface. 'BaGr_ObjDetect(hls::stream<hls::axis<ap_uint<24>, 1ul, 1ul, 1ul>, 0>&, hls::stream<hls::axis<ap_uint<24>, 1ul, 1ul, 1ul>, 0>&, short*, short*, ap_uint<1>*, ap_uint<16>&)::mid_stream' is not an AXI-Stream and/or is not a port in the interface
Execute       send_msg_by_id ERROR @200-1715@ 
ERROR: [HLS 200-1715] Encountered problem during source synthesis
INFO-FLOW: Error in clang_39: 
INFO-FLOW: Caught error in elaborate: Pre-synthesis failed.
    while executing
"AP::ap_link_39 [::AP::get_bc_list  $dbgInfo] $skip_transform $LLVMFlags $dbgInfo"
    (procedure "AP::compile_dut_files_39" line 58)
    invoked from within
"AP::compile_dut_files_39 $dut_files $dbgInfo $skip_cdt $skip_transform"
    (procedure "AP::compile" line 103)
    invoked from within
"AP::compile 1 $skip_cdt $skip_transform"
    (procedure "ap_internal_elaborate" line 83)
    invoked from within
"ap_internal_elaborate "
Command     elaborate done; error code: 2; 16.34 sec.
INFO-FLOW: Caught error in csynth_design: Pre-synthesis failed.
    while executing
"ap_internal_csynth_design "
Command   csynth_design done; error code: 2; 16.39 sec.
INFO: [HLS 200-111] Finished Command csynth_design CPU user time: 10.7 seconds. CPU system time: 1.35 seconds. Elapsed time: 16.39 seconds; current allocated memory: 3.547 MB.
Command ap_source done; error code: 1; 16.76 sec.
Execute cleanup_all 
