/home/dell3561-49/Vitis_HLS_folder/BaGrRe_ObjDetect/BaGrRe_ObjDetect/solution1/csynth.tcl:23:9: warning: HLS pragma dump _XLX_SEP_ PragmaIsValid=1_XLX_SEP_ PragmaType=top_XLX_SEP_ PragmaContext=directive_XLX_SEP_ PragmaFunction=BaGr_ObjDetect_XLX_SEP_ PragmaOptions=name=BaGr_ObjDetect_XLX_SEP_ [-Wdump-hls-pragmas]
#pragma HLSDIRECTIVE TOP name=BaGr_ObjDetect
        ^
BaGr_ObjDetect.cpp:27:9: warning: HLS pragma dump _XLX_SEP_ PragmaIsValid=1_XLX_SEP_ PragmaType=interface_XLX_SEP_ PragmaContext=_XLX_SEP_ PragmaFunction=BaGr_ObjDetect_XLX_SEP_ PragmaOptions=axis port=input_stream_XLX_SEP_ [-Wdump-hls-pragmas]
#pragma HLS INTERFACE axis port=input_stream
        ^
BaGr_ObjDetect.cpp:28:9: warning: HLS pragma dump _XLX_SEP_ PragmaIsValid=1_XLX_SEP_ PragmaType=interface_XLX_SEP_ PragmaContext=_XLX_SEP_ PragmaFunction=BaGr_ObjDetect_XLX_SEP_ PragmaOptions=axis port=output_stream_XLX_SEP_ [-Wdump-hls-pragmas]
#pragma HLS INTERFACE axis port=output_stream
        ^
BaGr_ObjDetect.cpp:30:9: warning: HLS pragma dump _XLX_SEP_ PragmaIsValid=1_XLX_SEP_ PragmaType=interface_XLX_SEP_ PragmaContext=_XLX_SEP_ PragmaFunction=BaGr_ObjDetect_XLX_SEP_ PragmaOptions=s_axilite port=obj_x bundle=CTRL_XLX_SEP_ [-Wdump-hls-pragmas]
#pragma HLS INTERFACE s_axilite port=obj_x bundle=CTRL
        ^
BaGr_ObjDetect.cpp:31:9: warning: HLS pragma dump _XLX_SEP_ PragmaIsValid=1_XLX_SEP_ PragmaType=interface_XLX_SEP_ PragmaContext=_XLX_SEP_ PragmaFunction=BaGr_ObjDetect_XLX_SEP_ PragmaOptions=s_axilite port=obj_y bundle=CTRL_XLX_SEP_ [-Wdump-hls-pragmas]
#pragma HLS INTERFACE s_axilite port=obj_y bundle=CTRL
        ^
BaGr_ObjDetect.cpp:32:9: warning: HLS pragma dump _XLX_SEP_ PragmaIsValid=1_XLX_SEP_ PragmaType=interface_XLX_SEP_ PragmaContext=_XLX_SEP_ PragmaFunction=BaGr_ObjDetect_XLX_SEP_ PragmaOptions=s_axilite port=obj_is_green bundle=CTRL_XLX_SEP_ [-Wdump-hls-pragmas]
#pragma HLS INTERFACE s_axilite port=obj_is_green bundle=CTRL
        ^
BaGr_ObjDetect.cpp:33:9: warning: HLS pragma dump _XLX_SEP_ PragmaIsValid=1_XLX_SEP_ PragmaType=interface_XLX_SEP_ PragmaContext=_XLX_SEP_ PragmaFunction=BaGr_ObjDetect_XLX_SEP_ PragmaOptions=s_axilite port=object_count bundle=CTRL_XLX_SEP_ [-Wdump-hls-pragmas]
#pragma HLS INTERFACE s_axilite port=object_count bundle=CTRL
        ^
BaGr_ObjDetect.cpp:35:9: warning: HLS pragma dump _XLX_SEP_ PragmaIsValid=1_XLX_SEP_ PragmaType=interface_XLX_SEP_ PragmaContext=_XLX_SEP_ PragmaFunction=BaGr_ObjDetect_XLX_SEP_ PragmaOptions=s_axilite port=return bundle=CTRL_XLX_SEP_ [-Wdump-hls-pragmas]
#pragma HLS INTERFACE s_axilite port=return bundle=CTRL
        ^
BaGr_ObjDetect.cpp:37:9: warning: HLS pragma dump _XLX_SEP_ PragmaIsValid=1_XLX_SEP_ PragmaType=dataflow_XLX_SEP_ PragmaContext=_XLX_SEP_ PragmaFunction=BaGr_ObjDetect_XLX_SEP_ PragmaOptions=_XLX_SEP_ [-Wdump-hls-pragmas]
#pragma HLS DATAFLOW
        ^
BaGr_ObjDetect.cpp:41:9: warning: HLS pragma dump _XLX_SEP_ PragmaIsValid=1_XLX_SEP_ PragmaType=stream_XLX_SEP_ PragmaContext=_XLX_SEP_ PragmaFunction=BaGr_ObjDetect_XLX_SEP_ PragmaOptions=variable=mid_stream depth=512_XLX_SEP_ [-Wdump-hls-pragmas]
#pragma HLS STREAM variable=mid_stream depth=512
        ^
10 warnings generated.
