/home/dell3561-49/Vitis_HLS_folder/BaGrRe_ObjDetect/BaGrRe_ObjDetect/solution1/.autopilot/db/BaGr_ObjDetect.pp.0.cpp:1467:7: warning: Added loop label VITIS_LOOP_1213_1:   [xilinx-label-all-loops]
      for (i = 0; i < __N - 1; ++i) {
      ^~~
      VITIS_LOOP_1213_1: 
/home/dell3561-49/Vitis_HLS_folder/BaGrRe_ObjDetect/BaGrRe_ObjDetect/solution1/.autopilot/db/BaGr_ObjDetect.pp.0.cpp:1467:7: note: FIX-IT applied suggested code changes
/home/dell3561-49/Vitis_HLS_folder/BaGrRe_ObjDetect/BaGrRe_ObjDetect/solution1/.autopilot/db/BaGr_ObjDetect.pp.0.cpp:2441:5: warning: Added loop label VITIS_LOOP_676_1:   [xilinx-label-all-loops]
    for (unsigned i = low; i != high; ++i) {
    ^~~
    VITIS_LOOP_676_1: 
/home/dell3561-49/Vitis_HLS_folder/BaGrRe_ObjDetect/BaGrRe_ObjDetect/solution1/.autopilot/db/BaGr_ObjDetect.pp.0.cpp:2441:5: note: FIX-IT applied suggested code changes
/home/dell3561-49/Vitis_HLS_folder/BaGrRe_ObjDetect/BaGrRe_ObjDetect/solution1/.autopilot/db/BaGr_ObjDetect.pp.0.cpp:2455:5: warning: Added loop label VITIS_LOOP_690_1:   [xilinx-label-all-loops]
    for (unsigned i = low; i != high; ++i) {
    ^~~
    VITIS_LOOP_690_1: 
/home/dell3561-49/Vitis_HLS_folder/BaGrRe_ObjDetect/BaGrRe_ObjDetect/solution1/.autopilot/db/BaGr_ObjDetect.pp.0.cpp:2455:5: note: FIX-IT applied suggested code changes
/home/dell3561-49/Vitis_HLS_folder/BaGrRe_ObjDetect/BaGrRe_ObjDetect/solution1/.autopilot/db/BaGr_ObjDetect.pp.0.cpp:2469:5: warning: Added loop label VITIS_LOOP_704_1:   [xilinx-label-all-loops]
    for (unsigned i = low; i != high; ++i) {
    ^~~
    VITIS_LOOP_704_1: 
/home/dell3561-49/Vitis_HLS_folder/BaGrRe_ObjDetect/BaGrRe_ObjDetect/solution1/.autopilot/db/BaGr_ObjDetect.pp.0.cpp:2469:5: note: FIX-IT applied suggested code changes
/home/dell3561-49/Vitis_HLS_folder/BaGrRe_ObjDetect/BaGrRe_ObjDetect/solution1/.autopilot/db/BaGr_ObjDetect.pp.0.cpp:4068:7: warning: Added loop label VITIS_LOOP_1247_1:   [xilinx-label-all-loops]
      for (i = 0; i < __N - 1; ++i) {
      ^~~
      VITIS_LOOP_1247_1: 
/home/dell3561-49/Vitis_HLS_folder/BaGrRe_ObjDetect/BaGrRe_ObjDetect/solution1/.autopilot/db/BaGr_ObjDetect.pp.0.cpp:4068:7: note: FIX-IT applied suggested code changes
