INFO-FLOW: Workspace /home/dell3561-49/Vitis_HLS_folder/ContourDetec_ver2/ContourDetect_ver2/solution1 opened at Tue Nov 04 16:59:09 CET 2025
Execute     ap_set_clock -name default -period 10 -default=false 
INFO: [SYN 201-201] Setting up clock 'default' with a period of 10ns.
Execute     set_part xc7z020-clg484-1 
Execute       create_platform xc7z020-clg484-1 -board  
DBG:HLSDevice: Trying to load device library: /tools/Xilinx/Vitis_HLS/2023.1/lib/lnx64.o/libxv_hlsvwrap.so
DBG:HLSDevice: first parts/arch.xml in RDI_DATADIR: /tools/Xilinx/Vivado/2023.1/data/parts/arch.xml
DBG:HLSDevice: init success
INFO: [HLS 200-1611] Setting target device to 'xc7z020-clg484-1'
Command       create_platform done; 0.23 sec.
Execute       source /tools/Xilinx/Vitis_HLS/2023.1/common/technology/xilinx/common/xilinx.gen 
Execute         source /tools/Xilinx/Vitis_HLS/2023.1/common/technology/xilinx/interface/plb46.gen 
Execute         source /tools/Xilinx/Vitis_HLS/2023.1/common/technology/xilinx/interface/axi4.gen 
Execute         source /tools/Xilinx/Vitis_HLS/2023.1/common/technology/xilinx/interface/nativeAXI4.gen 
Execute           source /tools/Xilinx/Vitis_HLS/2023.1/common/technology/xilinx/interface/saxilite.gen 
Execute         source /tools/Xilinx/Vitis_HLS/2023.1/common/technology/xilinx/scripts/xilinxcoregen.gen 
Execute         source /tools/Xilinx/Vitis_HLS/2023.1/common/technology/xilinx/interface/XilEDKCoreGen.gen 
Execute         source /tools/Xilinx/Vitis_HLS/2023.1/common/technology/xilinx/ip/dds_compiler.gen 
Execute         source /tools/Xilinx/Vitis_HLS/2023.1/common/technology/xilinx/ip/util.gen 
Execute         source /tools/Xilinx/Vitis_HLS/2023.1/common/technology/xilinx/ip/xfft.gen 
Execute         source /tools/Xilinx/Vitis_HLS/2023.1/common/technology/xilinx/ip/xfir.gen 
Execute         source /tools/Xilinx/Vitis_HLS/2023.1/common/technology/xilinx/DSP48/dsp48.gen 
Execute       ap_part_info -name xc7z020-clg484-1 -data info 
Execute       config_compile -quiet -complex-mul-dsp=0 
Command     set_part done; 0.29 sec.
Execute     send_msg_by_id INFO @200-1505@%s%s  vivado 
INFO: [HLS 200-1505] Using flow_target 'vivado'
Command   open_solution done; 0.35 sec.
Execute   set_part xc7z020clg484-1 
INFO: [HLS 200-1510] Running: set_part xc7z020clg484-1 
Execute     create_platform xc7z020clg484-1 -board  
Execute     source /tools/Xilinx/Vitis_HLS/2023.1/common/technology/xilinx/common/xilinx.gen 
Execute       source /tools/Xilinx/Vitis_HLS/2023.1/common/technology/xilinx/interface/plb46.gen 
Execute       source /tools/Xilinx/Vitis_HLS/2023.1/common/technology/xilinx/interface/axi4.gen 
Execute       source /tools/Xilinx/Vitis_HLS/2023.1/common/technology/xilinx/interface/nativeAXI4.gen 
Execute         source /tools/Xilinx/Vitis_HLS/2023.1/common/technology/xilinx/interface/saxilite.gen 
Execute       source /tools/Xilinx/Vitis_HLS/2023.1/common/technology/xilinx/scripts/xilinxcoregen.gen 
Execute       source /tools/Xilinx/Vitis_HLS/2023.1/common/technology/xilinx/interface/XilEDKCoreGen.gen 
Execute       source /tools/Xilinx/Vitis_HLS/2023.1/common/technology/xilinx/ip/dds_compiler.gen 
Execute       source /tools/Xilinx/Vitis_HLS/2023.1/common/technology/xilinx/ip/util.gen 
Execute       source /tools/Xilinx/Vitis_HLS/2023.1/common/technology/xilinx/ip/xfft.gen 
Execute       source /tools/Xilinx/Vitis_HLS/2023.1/common/technology/xilinx/ip/xfir.gen 
Execute       source /tools/Xilinx/Vitis_HLS/2023.1/common/technology/xilinx/DSP48/dsp48.gen 
Execute     ap_part_info -name xc7z020-clg484-1 -data info 
Execute     config_compile -quiet -complex-mul-dsp=0 
Execute   create_clock -period 10 -name default 
INFO: [HLS 200-1510] Running: create_clock -period 10 -name default 
Execute   csynth_design 
INFO: [HLS 200-1510] Running: csynth_design 
INFO-FLOW: Running SLX 'csynth' proc: ::SLX::run_csynth
Execute     elaborate -effort=medium -skip_syncheck=0 -keep_printf=0 -skip_cdt=0 -skip_transform=0 -ng=0 -g=0 -opt_fp=0 -from_csynth_design=1 
INFO: [HLS 200-111] Finished File checks and directory preparation: CPU user time: 0.04 seconds. CPU system time: 0.01 seconds. Elapsed time: 0.04 seconds; current allocated memory: 189.504 MB.
Execute       set_directive_top sobel_rgb_green_outline_fixed -name=sobel_rgb_green_outline_fixed 
Execute       source /tools/Xilinx/Vitis_HLS/2023.1/tps/tcl/tcllib1.11.1/yaml/huddle.tcl 
Execute       source /tools/Xilinx/Vitis_HLS/2023.1/tps/tcl/tcllib1.11.1/yaml/json2huddle.tcl 
Execute         source /tools/Xilinx/Vitis_HLS/2023.1/tps/tcl/tcllib1.11.1/try/try.tcl 
INFO: [HLS 200-10] Analyzing design file 'contourDetect.cpp' ... 
INFO-FLOW: Compiling one TU...
INFO-FLOW: Handling contourDetect.cpp as C++
Execute       ap_part_info -name xc7z020-clg484-1 -data info 
INFO-FLOW: Running: GCC PP 39
INFO-FLOW: Source preprocessing
INFO-FLOW: run_clang exec: /tools/Xilinx/Vitis_HLS/2023.1/lnx64/tools/clang-3.9-csynth/bin/clang contourDetect.cpp -foptimization-record-file=/home/dell3561-49/Vitis_HLS_folder/ContourDetec_ver2/ContourDetect_ver2/solution1/.autopilot/db/contourDetect.cpp.clang.diag.yml -mllvm -pass-remarks-missed=reflow|pasta|unroll -mllvm -pass-remarks=reflow|pasta|unroll|inline -fno-limit-debug-info -gcc-toolchain /tools/Xilinx/Vitis_HLS/2023.1/tps/lnx64/gcc-8.3.0 -fhls -fno-exceptions -insert-hls-directive=/home/dell3561-49/Vitis_HLS_folder/ContourDetec_ver2/ContourDetect_ver2/solution1/.autopilot/db/all.directive.json -E -fno-math-errno -c -emit-llvm -mllvm -disable-llvm-optzns -Werror=implicit-function-declaration -Werror=implicit-hls-streams -Werror=return-type -Wpragmas -Wunused-parameter -Wdump-hls-pragmas -Wno-error=dump-hls-pragmas -fno-threadsafe-statics -fno-use-cxa-atexit -std=gnu++14 -target fpga64-xilinx-linux-gnu -fno-threadsafe-statics -fno-use-cxa-atexit -D__VITIS_HLS__ -DAESL_SYN -D__SYNTHESIS__ -D__HLS_SYN__ -I /tools/Xilinx/Vitis_HLS/2023.1/common/technology/autopilot -I /tools/Xilinx/Vitis_HLS/2023.1/common/technology/autopilot/ap_sysc -include etc/autopilot_ssdm_op.h -D__DSP48E1__ -I /usr/include/x86_64-linux-gnu -o /home/dell3561-49/Vitis_HLS_folder/ContourDetec_ver2/ContourDetect_ver2/solution1/.autopilot/db/contourDetect.pp.0.cpp -hls-platform-db-name=/tools/Xilinx/Vitis_HLS/2023.1/common/technology/xilinx/common/platform.db -hls-platform-name=zynq_slow -device-resource-info=BRAM_280.000000_DSP_220.000000_FF_106400.000000_LUT_53200.000000_SLICE_13300.000000_URAM_0.000000 -device-name-info=xc7z020clg484-1 > /home/dell3561-49/Vitis_HLS_folder/ContourDetec_ver2/ContourDetect_ver2/solution1/.autopilot/db/contourDetect.cpp.clang.out.log 2> /home/dell3561-49/Vitis_HLS_folder/ContourDetec_ver2/ContourDetect_ver2/solution1/.autopilot/db/contourDetect.cpp.clang.err.log
INFO-FLOW: Done: GCC PP 39 time: 0.1 seconds per iteration
INFO-FLOW: Source syntax check for synthesis
INFO-FLOW: run_clang exec: /tools/Xilinx/Vitis_HLS/2023.1/lnx64/tools/clang-3.9-csynth/bin/clang -foptimization-record-file=/home/dell3561-49/Vitis_HLS_folder/ContourDetec_ver2/ContourDetect_ver2/solution1/.autopilot/db/clang.diag.yml -mllvm -pass-remarks-missed=reflow|pasta|unroll -mllvm -pass-remarks=reflow|pasta|unroll|inline -fsyntax-only -fhls -target fpga64-xilinx-linux-gnu /home/dell3561-49/Vitis_HLS_folder/ContourDetec_ver2/ContourDetect_ver2/solution1/.autopilot/db/contourDetect.pp.0.cpp -hls-platform-db-name=/tools/Xilinx/Vitis_HLS/2023.1/common/technology/xilinx/common/platform.db -hls-platform-name=zynq_slow -device-resource-info=BRAM_280.000000_DSP_220.000000_FF_106400.000000_LUT_53200.000000_SLICE_13300.000000_URAM_0.000000 -device-name-info=xc7z020clg484-1 > /home/dell3561-49/Vitis_HLS_folder/ContourDetec_ver2/ContourDetect_ver2/solution1/.autopilot/db/clang.out.log 2> /home/dell3561-49/Vitis_HLS_folder/ContourDetec_ver2/ContourDetect_ver2/solution1/.autopilot/db/clang.err.log
Execute       clang_tidy xilinx-systemc-detector -desc systemc-detector /home/dell3561-49/Vitis_HLS_folder/ContourDetec_ver2/ContourDetect_ver2/solution1/.autopilot/db/contourDetect.pp.0.cpp std=gnu++14 -target fpga  -directive=/home/dell3561-49/Vitis_HLS_folder/ContourDetec_ver2/ContourDetect_ver2/solution1/.autopilot/db/.systemc_flag 
INFO-FLOW: exec /tools/Xilinx/Vitis_HLS/2023.1/lnx64/tools/clang-3.9-csynth/bin/clang-tidy -header-filter=.* --checks=-*,xilinx-systemc-detector -import-directive=/home/dell3561-49/Vitis_HLS_folder/ContourDetec_ver2/ContourDetect_ver2/solution1/.autopilot/db/.systemc_flag -fix-errors /home/dell3561-49/Vitis_HLS_folder/ContourDetec_ver2/ContourDetect_ver2/solution1/.autopilot/db/contourDetect.pp.0.cpp -- -std=gnu++14 -target fpga -fhls -ferror-limit=0
Command       clang_tidy done; 1.9 sec.
INFO-FLOW: Running: clang-tidy CDT preprocess 39
Execute       clang_tidy xilinx-directive2pragma -desc directive2pragma /home/dell3561-49/Vitis_HLS_folder/ContourDetec_ver2/ContourDetect_ver2/solution1/.autopilot/db/contourDetect.pp.0.cpp std=gnu++14 -target fpga  -directive=/home/dell3561-49/Vitis_HLS_folder/ContourDetec_ver2/ContourDetect_ver2/solution1/.autopilot/db/all.directive.json 
INFO-FLOW: exec /tools/Xilinx/Vitis_HLS/2023.1/lnx64/tools/clang-3.9-csynth/bin/clang-tidy -header-filter=.* --checks=-*,xilinx-directive2pragma -import-directive=/home/dell3561-49/Vitis_HLS_folder/ContourDetec_ver2/ContourDetect_ver2/solution1/.autopilot/db/all.directive.json -fix-errors /home/dell3561-49/Vitis_HLS_folder/ContourDetec_ver2/ContourDetect_ver2/solution1/.autopilot/db/contourDetect.pp.0.cpp -- -std=gnu++14 -target fpga -fhls -ferror-limit=0
Command       clang_tidy done; 2.1 sec.
INFO-FLOW: Done: clang-tidy CDT preprocess 39 time: 2.1 seconds per iteration
INFO-FLOW: Calling xilinx-label-all-loops ... 
INFO-FLOW: Calling xilinx-aggregate-on-hls-vector ... 
Execute       clang_tidy -errorcheck -desc loop-label xilinx-label-all-loops,xilinx-aggregate-on-hls-vector,,xilinx-warn-mayneed-no-ctor-attribute /home/dell3561-49/Vitis_HLS_folder/ContourDetec_ver2/ContourDetect_ver2/solution1/.autopilot/db/contourDetect.pp.0.cpp std=gnu++14 -target fpga  
INFO-FLOW: run_clang exec: /tools/Xilinx/Vitis_HLS/2023.1/lnx64/tools/clang-3.9-csynth/bin/clang-tidy -export-fixes=/home/dell3561-49/Vitis_HLS_folder/ContourDetec_ver2/ContourDetect_ver2/solution1/.autopilot/db/contourDetect.pp.0.cpp.clang-tidy.loop-label.diag.yml -header-filter=.* --checks=-*,xilinx-label-all-loops,xilinx-aggregate-on-hls-vector,,xilinx-warn-mayneed-no-ctor-attribute -fix-errors /home/dell3561-49/Vitis_HLS_folder/ContourDetec_ver2/ContourDetect_ver2/solution1/.autopilot/db/contourDetect.pp.0.cpp -- -std=gnu++14 -target fpga -fhls -ferror-limit=0 > /home/dell3561-49/Vitis_HLS_folder/ContourDetec_ver2/ContourDetect_ver2/solution1/.autopilot/db/contourDetect.pp.0.cpp.clang-tidy.loop-label.out.log 2> /home/dell3561-49/Vitis_HLS_folder/ContourDetec_ver2/ContourDetect_ver2/solution1/.autopilot/db/contourDetect.pp.0.cpp.clang-tidy.loop-label.err.log
Execute         source /tools/Xilinx/Vitis_HLS/2023.1/tps/tcl/tcllib1.11.1/yaml/yaml.tcl 
Command       clang_tidy done; 3.76 sec.
INFO-FLOW: run_clang exec: /tools/Xilinx/Vitis_HLS/2023.1/lnx64/tools/clang-3.9-csynth/bin/xilinx-dataflow-lawyer -export-fixes=/home/dell3561-49/Vitis_HLS_folder/ContourDetec_ver2/ContourDetect_ver2/solution1/.autopilot/db/contourDetect.pp.0.cpp.xilinx-dataflow-lawyer.diag.yml /home/dell3561-49/Vitis_HLS_folder/ContourDetec_ver2/ContourDetect_ver2/solution1/.autopilot/db/contourDetect.pp.0.cpp -- -std=gnu++14 -target fpga -fhls -ferror-limit=0 -fstrict-dataflow > /home/dell3561-49/Vitis_HLS_folder/ContourDetec_ver2/ContourDetect_ver2/solution1/.autopilot/db/contourDetect.pp.0.cpp.xilinx-dataflow-lawyer.out.log 2> /home/dell3561-49/Vitis_HLS_folder/ContourDetec_ver2/ContourDetect_ver2/solution1/.autopilot/db/contourDetect.pp.0.cpp.xilinx-dataflow-lawyer.err.log
Execute       ap_part_info -name xc7z020-clg484-1 -data info 
INFO-FLOW: compiling source code to llvm bc
INFO-FLOW: run_clang exec: /tools/Xilinx/Vitis_HLS/2023.1/lnx64/tools/clang-3.9-csynth/bin/clang -foptimization-record-file=/home/dell3561-49/Vitis_HLS_folder/ContourDetec_ver2/ContourDetect_ver2/solution1/.autopilot/db/contourDetect.pp.0.cpp.clang.diag.yml -mllvm -pass-remarks-missed=reflow|pasta|unroll -mllvm -pass-remarks=reflow|pasta|unroll|inline -fno-limit-debug-info -fhls -flto -fno-exceptions -Wno-error=c++11-narrowing /home/dell3561-49/Vitis_HLS_folder/ContourDetec_ver2/ContourDetect_ver2/solution1/.autopilot/db/contourDetect.pp.0.cpp -fno-math-errno -c -emit-llvm -mllvm -disable-llvm-optzns -Werror=implicit-function-declaration -Werror=implicit-hls-streams -Werror=return-type -Wpragmas -Wunused-parameter -Wdump-hls-pragmas -Wno-error=dump-hls-pragmas -fno-threadsafe-statics -fno-use-cxa-atexit -std=gnu++14 -target fpga64-xilinx-linux-gnu -D__VITIS_HLS__ -DAESL_SYN -D__SYNTHESIS__ -D__HLS_SYN__ -I /tools/Xilinx/Vitis_HLS/2023.1/common/technology/autopilot -I /tools/Xilinx/Vitis_HLS/2023.1/common/technology/autopilot/ap_sysc -include etc/autopilot_ssdm_op.h -D__DSP48E1__ -g -o /home/dell3561-49/Vitis_HLS_folder/ContourDetec_ver2/ContourDetect_ver2/solution1/.autopilot/db/contourDetect.bc -hls-platform-db-name=/tools/Xilinx/Vitis_HLS/2023.1/common/technology/xilinx/common/platform.db -hls-platform-name=zynq_slow -device-resource-info=BRAM_280.000000_DSP_220.000000_FF_106400.000000_LUT_53200.000000_SLICE_13300.000000_URAM_0.000000 -device-name-info=xc7z020clg484-1 > /home/dell3561-49/Vitis_HLS_folder/ContourDetec_ver2/ContourDetect_ver2/solution1/.autopilot/db/contourDetect.pp.0.cpp.clang.out.log 2> /home/dell3561-49/Vitis_HLS_folder/ContourDetec_ver2/ContourDetect_ver2/solution1/.autopilot/db/contourDetect.pp.0.cpp.clang.err.log
INFO: [HLS 200-111] Finished Source Code Analysis and Preprocessing: CPU user time: 12.8 seconds. CPU system time: 0.7 seconds. Elapsed time: 13.59 seconds; current allocated memory: 193.984 MB.
INFO-FLOW: Linking Debug ...
INFO-FLOW: Linking dut bc code.
Execute       run_link_or_opt -out /home/dell3561-49/Vitis_HLS_folder/ContourDetec_ver2/ContourDetect_ver2/solution1/.autopilot/db/a.g.ld.0.bc -args  "/home/dell3561-49/Vitis_HLS_folder/ContourDetec_ver2/ContourDetect_ver2/solution1/.autopilot/db/contourDetect.g.bc"  
INFO-FLOW: run_clang exec: /tools/Xilinx/Vitis_HLS/2023.1/lnx64/tools/clang-3.9-csynth/bin/llvm-link /home/dell3561-49/Vitis_HLS_folder/ContourDetec_ver2/ContourDetect_ver2/solution1/.autopilot/db/contourDetect.g.bc -o /home/dell3561-49/Vitis_HLS_folder/ContourDetec_ver2/ContourDetect_ver2/solution1/.autopilot/db/a.g.ld.0.bc > /home/dell3561-49/Vitis_HLS_folder/ContourDetec_ver2/ContourDetect_ver2/solution1/.autopilot/db/a.g.ld.0.bc.llvm-link.out.log 2> /home/dell3561-49/Vitis_HLS_folder/ContourDetec_ver2/ContourDetect_ver2/solution1/.autopilot/db/a.g.ld.0.bc.llvm-link.err.log
INFO-FLOW: 
Execute       run_link_or_opt -opt -out /home/dell3561-49/Vitis_HLS_folder/ContourDetec_ver2/ContourDetect_ver2/solution1/.autopilot/db/a.g.ld.1.lower.bc -args /home/dell3561-49/Vitis_HLS_folder/ContourDetec_ver2/ContourDetect_ver2/solution1/.autopilot/db/a.g.ld.0.bc -reflow-lower-math-intrinsics 
INFO-FLOW: run_clang exec: /tools/Xilinx/Vitis_HLS/2023.1/lnx64/tools/clang-3.9-csynth/bin/opt -pass-remarks-missed=reflow|pasta|unroll -pass-remarks=reflow|pasta|unroll|inline -pass-remarks-output=/home/dell3561-49/Vitis_HLS_folder/ContourDetec_ver2/ContourDetect_ver2/solution1/.autopilot/db/a.g.ld.1.lower.bc.opt.diag.yml /home/dell3561-49/Vitis_HLS_folder/ContourDetec_ver2/ContourDetect_ver2/solution1/.autopilot/db/a.g.ld.0.bc -reflow-lower-math-intrinsics -o /home/dell3561-49/Vitis_HLS_folder/ContourDetec_ver2/ContourDetect_ver2/solution1/.autopilot/db/a.g.ld.1.lower.bc > /home/dell3561-49/Vitis_HLS_folder/ContourDetec_ver2/ContourDetect_ver2/solution1/.autopilot/db/a.g.ld.1.lower.bc.opt.out.log 2> /home/dell3561-49/Vitis_HLS_folder/ContourDetec_ver2/ContourDetect_ver2/solution1/.autopilot/db/a.g.ld.1.lower.bc.opt.err.log
INFO-FLOW: 
INFO-FLOW: Running: gen_design_size_report post-opt
INFO-FLOW: Done: gen_design_size_report post-opt time: 0 seconds per iteration
INFO-FLOW: Linking math bc lib
Execute       run_link_or_opt -out /home/dell3561-49/Vitis_HLS_folder/ContourDetec_ver2/ContourDetect_ver2/solution1/.autopilot/db/a.g.ld.2.m1.bc -args /home/dell3561-49/Vitis_HLS_folder/ContourDetec_ver2/ContourDetect_ver2/solution1/.autopilot/db/a.g.ld.1.lower.bc -only-needed /tools/Xilinx/Vitis_HLS/2023.1/lnx64/lib/libhlsm_39.bc /tools/Xilinx/Vitis_HLS/2023.1/lnx64/lib/libhlsmc++_39.bc 
INFO-FLOW: run_clang exec: /tools/Xilinx/Vitis_HLS/2023.1/lnx64/tools/clang-3.9-csynth/bin/llvm-link /home/dell3561-49/Vitis_HLS_folder/ContourDetec_ver2/ContourDetect_ver2/solution1/.autopilot/db/a.g.ld.1.lower.bc -only-needed /tools/Xilinx/Vitis_HLS/2023.1/lnx64/lib/libhlsm_39.bc /tools/Xilinx/Vitis_HLS/2023.1/lnx64/lib/libhlsmc++_39.bc -o /home/dell3561-49/Vitis_HLS_folder/ContourDetec_ver2/ContourDetect_ver2/solution1/.autopilot/db/a.g.ld.2.m1.bc > /home/dell3561-49/Vitis_HLS_folder/ContourDetec_ver2/ContourDetect_ver2/solution1/.autopilot/db/a.g.ld.2.m1.bc.llvm-link.out.log 2> /home/dell3561-49/Vitis_HLS_folder/ContourDetec_ver2/ContourDetect_ver2/solution1/.autopilot/db/a.g.ld.2.m1.bc.llvm-link.err.log
INFO-FLOW: 
Command       run_link_or_opt done; 1.2 sec.
Execute       run_link_or_opt -opt -out /home/dell3561-49/Vitis_HLS_folder/ContourDetec_ver2/ContourDetect_ver2/solution1/.autopilot/db/a.g.ld.3.fpc.bc -args /home/dell3561-49/Vitis_HLS_folder/ContourDetec_ver2/ContourDetect_ver2/solution1/.autopilot/db/a.g.ld.2.m1.bc -reflow-globaldce -hls-top-function-name=sobel_rgb_green_outline_fixed -reflow-float-conversion 
INFO-FLOW: run_clang exec: /tools/Xilinx/Vitis_HLS/2023.1/lnx64/tools/clang-3.9-csynth/bin/opt -pass-remarks-missed=reflow|pasta|unroll -pass-remarks=reflow|pasta|unroll|inline -pass-remarks-output=/home/dell3561-49/Vitis_HLS_folder/ContourDetec_ver2/ContourDetect_ver2/solution1/.autopilot/db/a.g.ld.3.fpc.bc.opt.diag.yml /home/dell3561-49/Vitis_HLS_folder/ContourDetec_ver2/ContourDetect_ver2/solution1/.autopilot/db/a.g.ld.2.m1.bc -reflow-globaldce -hls-top-function-name=sobel_rgb_green_outline_fixed -reflow-float-conversion -o /home/dell3561-49/Vitis_HLS_folder/ContourDetec_ver2/ContourDetect_ver2/solution1/.autopilot/db/a.g.ld.3.fpc.bc > /home/dell3561-49/Vitis_HLS_folder/ContourDetec_ver2/ContourDetect_ver2/solution1/.autopilot/db/a.g.ld.3.fpc.bc.opt.out.log 2> /home/dell3561-49/Vitis_HLS_folder/ContourDetec_ver2/ContourDetect_ver2/solution1/.autopilot/db/a.g.ld.3.fpc.bc.opt.err.log
INFO-FLOW: 
INFO-FLOW: Running: gen_design_size_report post-opt
INFO-FLOW: Done: gen_design_size_report post-opt time: 0 seconds per iteration
Command       run_link_or_opt done; 0.5 sec.
Execute       run_link_or_opt -out /home/dell3561-49/Vitis_HLS_folder/ContourDetec_ver2/ContourDetect_ver2/solution1/.autopilot/db/a.g.ld.4.m2.bc -args /home/dell3561-49/Vitis_HLS_folder/ContourDetec_ver2/ContourDetect_ver2/solution1/.autopilot/db/a.g.ld.3.fpc.bc -only-needed /tools/Xilinx/Vitis_HLS/2023.1/lnx64/lib/libfloatconversion_39.bc 
INFO-FLOW: run_clang exec: /tools/Xilinx/Vitis_HLS/2023.1/lnx64/tools/clang-3.9-csynth/bin/llvm-link /home/dell3561-49/Vitis_HLS_folder/ContourDetec_ver2/ContourDetect_ver2/solution1/.autopilot/db/a.g.ld.3.fpc.bc -only-needed /tools/Xilinx/Vitis_HLS/2023.1/lnx64/lib/libfloatconversion_39.bc -o /home/dell3561-49/Vitis_HLS_folder/ContourDetec_ver2/ContourDetect_ver2/solution1/.autopilot/db/a.g.ld.4.m2.bc > /home/dell3561-49/Vitis_HLS_folder/ContourDetec_ver2/ContourDetect_ver2/solution1/.autopilot/db/a.g.ld.4.m2.bc.llvm-link.out.log 2> /home/dell3561-49/Vitis_HLS_folder/ContourDetec_ver2/ContourDetect_ver2/solution1/.autopilot/db/a.g.ld.4.m2.bc.llvm-link.err.log
INFO-FLOW: 
Execute       run_link_or_opt -opt -out /home/dell3561-49/Vitis_HLS_folder/ContourDetec_ver2/ContourDetect_ver2/solution1/.autopilot/db/a.g.ld.5.gdce.bc -args /home/dell3561-49/Vitis_HLS_folder/ContourDetec_ver2/ContourDetect_ver2/solution1/.autopilot/db/a.g.ld.4.m2.bc -reflow-globaldce -hls-top-function-name=sobel_rgb_green_outline_fixed 
INFO-FLOW: run_clang exec: /tools/Xilinx/Vitis_HLS/2023.1/lnx64/tools/clang-3.9-csynth/bin/opt -pass-remarks-missed=reflow|pasta|unroll -pass-remarks=reflow|pasta|unroll|inline -pass-remarks-output=/home/dell3561-49/Vitis_HLS_folder/ContourDetec_ver2/ContourDetect_ver2/solution1/.autopilot/db/a.g.ld.5.gdce.bc.opt.diag.yml /home/dell3561-49/Vitis_HLS_folder/ContourDetec_ver2/ContourDetect_ver2/solution1/.autopilot/db/a.g.ld.4.m2.bc -reflow-globaldce -hls-top-function-name=sobel_rgb_green_outline_fixed -o /home/dell3561-49/Vitis_HLS_folder/ContourDetec_ver2/ContourDetect_ver2/solution1/.autopilot/db/a.g.ld.5.gdce.bc > /home/dell3561-49/Vitis_HLS_folder/ContourDetec_ver2/ContourDetect_ver2/solution1/.autopilot/db/a.g.ld.5.gdce.bc.opt.out.log 2> /home/dell3561-49/Vitis_HLS_folder/ContourDetec_ver2/ContourDetect_ver2/solution1/.autopilot/db/a.g.ld.5.gdce.bc.opt.err.log
INFO-FLOW: 
INFO-FLOW: Running: gen_design_size_report post-opt
INFO-FLOW: Done: gen_design_size_report post-opt time: 0 seconds per iteration
Execute       send_msg_by_id INFO @200-777@%s Vivado 
INFO: [HLS 200-777] Using interface defaults for 'Vivado' flow target.
Execute       is_m_axi_addr64 
INFO-FLOW: Doing LTO.
INFO-FLOW: run_clang (background poll_ms 5000) exec: /tools/Xilinx/Vitis_HLS/2023.1/lnx64/tools/clang-3.9-csynth/bin/clang -foptimization-record-file=/home/dell3561-49/Vitis_HLS_folder/ContourDetec_ver2/ContourDetect_ver2/solution1/.autopilot/db/a.g.ld.0.bc.clang.reflow.diag.yml -mllvm -pass-remarks-missed=reflow|pasta|unroll -mllvm -pass-remarks=reflow|pasta|unroll|inline -fhls -mllvm -hls-top-function-name=sobel_rgb_green_outline_fixed -mllvm -hls-db-dir -mllvm /home/dell3561-49/Vitis_HLS_folder/ContourDetec_ver2/ContourDetect_ver2/solution1/.autopilot/db -emit-llvm -c -target fpga64-xilinx-none -mllvm -xcl-xmlinfo=/home/dell3561-49/Vitis_HLS_folder/ContourDetec_ver2/ContourDetect_ver2/solution1/.autopilot/db/kernel.internal.xml -mllvm -top-io-mapping-info=/home/dell3561-49/Vitis_HLS_folder/ContourDetec_ver2/ContourDetect_ver2/solution1/.autopilot/db/top-io-fe.xml -mllvm -hls-bitcode-version=3.1 -mllvm -reflow-enable-slave-interface-default-setting=true -mllvm -gen-kernel-xml=false -mllvm -default-maxi-offset=slave -mllvm -maxi-latency=0 -mllvm -hls-maxi-data-size-in-bits=8 -mllvm -hls-maxi-max-data-size-in-bits=1024 -mllvm -hls-max-widen-size-in-bits=0 -mllvm -xcl-kernel-max-mem-ports=0 -mllvm -maxi-read-trans=16 -mllvm -maxi-write-trans=16 -mllvm -maxi-read-burst-len=16 -mllvm -maxi-write-burst-len=16 -mllvm -reflow-enable-saxi-64bits=0 -mllvm -reflow-basic-block-instr-threshold=200000 -mllvm -reflow-auto-pipeline-threshold=64 -mllvm -reflow-enable-maxi-auto-id-channel=0 -mllvm -enable-fp-thr=0 -mllvm -reflow-bdd-simplify-threshold=1024 -mllvm -reflow-fanout-threshold=16 -mllvm -assume-maxi-align=1 -mllvm -reflow-pipeline-style-llvm-setting=2 -mllvm -reflow-enable-dataflow-strict-mode-checking=1 -ftime-report -mllvm -time-passes -mllvm -reflow-auto-array-partition-mode=default -mllvm -reflow-enable-auto-array-partition=true -mllvm -reflow-enable-auto-parallel-performance-driven=true -mllvm -reflow-enable-partition-for-automation=true -mllvm -reflow-aggregate-bitwidth-threshold=4096 -mllvm -reflow-reserved-saxilite-registers=1024 -mllvm -reflow-assume-no-address-wrap=true -mllvm -reflow-enable-occurrence-inference=true -mllvm -hls -mllvm -disable-inlined-alloca-merging=true -mllvm -default-clock-period=10 -x ir /home/dell3561-49/Vitis_HLS_folder/ContourDetec_ver2/ContourDetect_ver2/solution1/.autopilot/db/a.g.ld.5.gdce.bc -o /home/dell3561-49/Vitis_HLS_folder/ContourDetec_ver2/ContourDetect_ver2/solution1/.autopilot/db/a.g.lto.bc -hls-platform-db-name=/tools/Xilinx/Vitis_HLS/2023.1/common/technology/xilinx/common/platform.db -hls-platform-name=zynq_slow -device-resource-info=BRAM_280.000000_DSP_220.000000_FF_106400.000000_LUT_53200.000000_SLICE_13300.000000_URAM_0.000000 -device-name-info=xc7z020clg484-1 2> /home/dell3561-49/Vitis_HLS_folder/ContourDetec_ver2/ContourDetect_ver2/solution1/.autopilot/db/a.g.ld.0.bc.clang.reflow.err.log
Execute       send_msg_by_id INFO @200-1995@%s%s%s 3,841 Compile/Link /home/dell3561-49/Vitis_HLS_folder/ContourDetec_ver2/ContourDetect_ver2/solution1/syn/report/csynth_design_size.rpt 
INFO: [HLS 200-1995] There were 3,841 instructions in the design after the 'Compile/Link' phase of compilation. See the Design Size Report for more details: /home/dell3561-49/Vitis_HLS_folder/ContourDetec_ver2/ContourDetect_ver2/solution1/syn/report/csynth_design_size.rpt
Execute       send_msg_by_id INFO @200-1995@%s%s%s 309 Unroll/Inline /home/dell3561-49/Vitis_HLS_folder/ContourDetec_ver2/ContourDetect_ver2/solution1/syn/report/csynth_design_size.rpt 
INFO: [HLS 200-1995] There were 309 instructions in the design after the 'Unroll/Inline' phase of compilation. See the Design Size Report for more details: /home/dell3561-49/Vitis_HLS_folder/ContourDetec_ver2/ContourDetect_ver2/solution1/syn/report/csynth_design_size.rpt
Execute       send_msg_by_id INFO @200-1995@%s%s%s 224 Performance/Pipeline /home/dell3561-49/Vitis_HLS_folder/ContourDetec_ver2/ContourDetect_ver2/solution1/syn/report/csynth_design_size.rpt 
INFO: [HLS 200-1995] There were 224 instructions in the design after the 'Performance/Pipeline' phase of compilation. See the Design Size Report for more details: /home/dell3561-49/Vitis_HLS_folder/ContourDetec_ver2/ContourDetect_ver2/solution1/syn/report/csynth_design_size.rpt
Execute       send_msg_by_id INFO @200-1995@%s%s%s 243 Optimizations /home/dell3561-49/Vitis_HLS_folder/ContourDetec_ver2/ContourDetect_ver2/solution1/syn/report/csynth_design_size.rpt 
INFO: [HLS 200-1995] There were 243 instructions in the design after the 'Optimizations' phase of compilation. See the Design Size Report for more details: /home/dell3561-49/Vitis_HLS_folder/ContourDetec_ver2/ContourDetect_ver2/solution1/syn/report/csynth_design_size.rpt
INFO: [HLS 214-291] Loop 'INNER' is marked as complete unroll implied by the pipeline pragma (contourDetect.cpp:49:16)
INFO: [HLS 214-186] Unrolling loop 'INNER' (contourDetect.cpp:49:16) in function 'sobel_rgb_green_outline_fixed' completely with a factor of 3 (contourDetect.cpp:17:0)
INFO: [HLS 214-248] Applying array_partition to '_ZZ29sobel_rgb_green_outline_fixedRN3hls6streamINS_4axisI7ap_uintILi24EELm1ELm1ELm1EEELi0EEES6_E7linebuf': Complete partitioning on dimension 1. (contourDetect.cpp:25:0)
INFO-FLOW: DBG:PUTS: copy_raw_kernel_xml ap_link_39: kernel.xml not generated: /home/dell3561-49/Vitis_HLS_folder/ContourDetec_ver2/ContourDetect_ver2/solution1/.autopilot/db/kernel.internal.xml
INFO: [HLS 200-111] Finished Compiling Optimization and Transform: CPU user time: 1.78 seconds. CPU system time: 0.24 seconds. Elapsed time: 6.82 seconds; current allocated memory: 195.031 MB.
INFO: [HLS 200-111] Finished Checking Pragmas: CPU user time: 0 seconds. CPU system time: 0 seconds. Elapsed time: 0.01 seconds; current allocated memory: 195.031 MB.
Execute       opt_and_import_c a -opt_level=2 -skip_syncheck=0 -ng=0 -keep_printf=0 
Execute         cleanup_all_models 
INFO: [HLS 200-10] Starting code transformations ...
INFO-FLOW: Running Standard Transforms...
Execute         transform -hls -share-std-xform -demangle-name -inline-byval-memcpy -always-inline -promote-dbg-pointer -interface-preproc -mem2reg -scalarrepl -mem2reg -keep-read-access -instcombine -dce -promote-dbg-pointer -bitop-raise -loop-simplify -indvarspre -indvars -loop-simplify -xunroll -constprop -instcombine -simplifycfg -indvars -simplifycfg -dce -globaldce -basicaa -simplifycfg -mem2reg -globalopt -global-constprop -deadargelim -instcombine -simplifycfg -scalarrepl -instcombine -reassociate -licm -simplifycfg -loop-simplify -indvars -instcombine -simplifycfg -mem2reg -loop-simplify -indvars -instcombine -gvn -gvn -instcombine -adce -break-crit-edges -simplifycfg -loop-delete -global-array-opt -dce -dse -adce -find-syn-modules -top sobel_rgb_green_outline_fixed -deadargelim -mem2reg -instcombine -dce -presyn-prepare -auto-rom-infer -interface-preproc -syn-check -check-rec-only -find-region -simplifycfg -func-extr -function-inline -globaldce -mem2reg -instcombine -dce -gvn -globaldce -adce -adse -constprop -instcombine -bit-constprop -instcombine -dce -simplifycfg -bitop-raise -simplifycfg -dce -loop-delete -reassociate -globalopt -global-privatize -mem2reg -dce -global-constprop -pointer-simplify -constprop -dce -auto-shift-reg-idiom -promote-dbg-pointer -norm-name /home/dell3561-49/Vitis_HLS_folder/ContourDetec_ver2/ContourDetect_ver2/solution1/.autopilot/db/a.g.0.bc -o /home/dell3561-49/Vitis_HLS_folder/ContourDetec_ver2/ContourDetect_ver2/solution1/.autopilot/db/a.g.1.bc -f -phase std-opt 
INFO: [HLS 200-111] Finished Standard Transforms: CPU user time: 0.02 seconds. CPU system time: 0 seconds. Elapsed time: 0.04 seconds; current allocated memory: 195.418 MB.
INFO: [HLS 200-10] Checking synthesizability ...
INFO-FLOW: Checking Synthesizability 1/2..
Execute         transform -hls -syn-check -check-rec-only -scalarrepl -norm-name -dce -mem2reg -instcombine -directive-preproc -mem2reg -dse -dce -auto-rom-infer -dce -pag -array-normalize -instcombine -dce -array-seg-normalize -instcombine -dce -data-pack -instcombine -dce -inst-simplify -array-flatten -instcombine -dce -array-burst -dce -deadargelim -promote-global-argument -simplifycfg -mem2reg -globaldce -dce -deadargelim -dce -instcombine -function-inline -globaldce -dce -doublePtrSimplify -doublePtrElim -dce -doublePtrSimplify -promote-dbg-pointer -dce -scalarrepl -dse -adse -instcombine -ptrLegalization -simplifycfg -dce -instcombine -pointer-simplify -ptrArgReplace -dce -instcombine -resolve-double-ptr -scalarrepl -norm-name -dce -mem2reg -instcombine -ptrLegalization -simplifycfg -deadargelim -instcombine -dce -inst-simplify -directive-preproc -mem2reg -dse -dce -globaldce /home/dell3561-49/Vitis_HLS_folder/ContourDetec_ver2/ContourDetect_ver2/solution1/.autopilot/db/a.g.1.bc -o /home/dell3561-49/Vitis_HLS_folder/ContourDetec_ver2/ContourDetect_ver2/solution1/.autopilot/db/a.g.2.prechk.bc -f 
INFO-FLOW: Checking Synthesizability 2/2..
Execute         transform -syn-check /home/dell3561-49/Vitis_HLS_folder/ContourDetec_ver2/ContourDetect_ver2/solution1/.autopilot/db/a.g.2.prechk.bc -o /home/dell3561-49/Vitis_HLS_folder/ContourDetec_ver2/ContourDetect_ver2/solution1/.autopilot/db/a.g.2.bc -f -phase syn-check 
INFO: [HLS 200-111] Finished Checking Synthesizability: CPU user time: 0.01 seconds. CPU system time: 0 seconds. Elapsed time: 0.01 seconds; current allocated memory: 195.797 MB.
INFO-FLOW: Compiler optimizing ...
INFO-FLOW: Share syncheck's 1.bc for syn flow: copy /home/dell3561-49/Vitis_HLS_folder/ContourDetec_ver2/ContourDetect_ver2/solution1/.autopilot/db/a.g.1.bc to /home/dell3561-49/Vitis_HLS_folder/ContourDetec_ver2/ContourDetect_ver2/solution1/.autopilot/db/a.o.1.bc
INFO-FLOW: Presyn 1...
Execute         transform -hls -tmp /home/dell3561-49/Vitis_HLS_folder/ContourDetec_ver2/ContourDetect_ver2/solution1/.autopilot/db -interface-port-rename -directive-preproc -mem2reg -dse -dce -scalarrepl -norm-name -deadargelim -mem2reg -instcombine -dce -simplifycfg -auto-rom-infer -dce -resource-proc -clib-intrinsic-prepare -dce -func-buffer -dce -pag -array-normalize -func-legal -instcombine -gvn -constprop -dce -simplifycfg -mem2reg -globaldce -resolve-double-ptr -dce -deadargelim -dce -instcombine -ptrArgReplace -mem2reg -dce -array-seg-normalize -deadargelim -instcombine -dce -directive-preproc -mem2reg -dse -dce -pointer-simplify -dce -port-alignment -dce -interface-preproc -data-pack -instcombine -dce -basicaa -aggr-aa -aggrmodref-aa -aggr-aa -gvn -gvn -basicaa -aggr-aa -aggrmodref-aa -aggr-aa -dse -adse -adce -loop-simplify -indvars -instcombine -gvn -loop-simplify -mem2reg -dce -find-region -instcombine -auto-loop-pipeline -inst-simplify -interface-preproc -cfgopt -instcombine -indvars -auto-loop-unroll -loop-simplify -loop-bound -xunroll -constprop -instcombine -simplifycfg -indvars -simplifycfg -dce -globaldce -clean-region -attach-range -gvn -inst-simplify -constprop -simplifycfg -dce -pointer-simplify -dce -globalopt -constprop -dce -array-promote -scalar-auto-dep-elim -constprop -dce -ptrArgReplace -mem2reg -simplifycfg -dce -instcombine -dce -array-transform-check -array-reshape -instcombine -simplifycfg -dce -ptrArgReplace -deadargelim -mem2reg -instcombine -simplifycfg -dce -indvars -loop-simplify -loop-bound -xunroll -constprop -instcombine -simplifycfg -indvars -simplifycfg -dce -globaldce -basicaa -aggr-aa -aggrmodref-aa -aggr-aa -dse -duplicate-dataflow-processes -globaldce -instcombine -array-partition -prepare-dynamic-array-partition -instcombine -simplifycfg -dce -ptrArgReplace -global-constprop -deadargelim -mem2reg -func-legal -dce -global-constprop -deadargelim -mem2reg -simplifycfg -dce -merge-param -deadargelim -globalopt -constprop -dce -array-promote -scalar-auto-dep-elim -constprop -dce -ptrArgReplace -mem2reg -simplifycfg -dce -mem-intrinsic-preproc -dce -global-internalize -global-privatize -mem2reg -globaldce -promote-global-argument -ptrArgReplace -mem2reg -dce -globalopt -mergereturn -simplify-global-access -mem2reg -dce -pointer-simplify -dce -functionattrs -basicaa -aggr-aa -aggrmodref-aa -aggr-aa -gvn -gvn -basicaa -aggr-aa -aggrmodref-aa -aggr-aa -dse -adse -adce -dce -norm-name -basicaa -aggr-aa -aggrmodref-aa -aggr-aa -accesses-merge -function-inline -complex-op-raise -inst-simplify -globaldce -func-legal -dce -loop-bound -arraycheck -bitwidthmin2 -bitwidthmin2 -on-by-dataflow -loop-delete -instcombine -simplifycfg -globaldce -dce -gvn -deadargelim -dce -loop-simplify -clean-region -simplifycfg -propagate-stable-arguments -loop-stream -instcombine -simplifycfg -dce -globaldce -duplicate-dataflow-processes -stream-intrinsic-preproc -dce -check-ap-stream -loop-simplify -eliminate-keepreads -extract-dataflow-in-loop -loop-simplify -dce -gvn -deadargelim -dse -duplicate-dataflow-processes -check-dataflow-syntax -legalize-stream-variable -globaldce -legalize-global -extract-subproc -dce -dead-channel-elimination -canonicalize-gep -globaldce -dce -gvn -hls-dead-arg-elim -deadargelim -directive-preproc -canonicalize-dataflow -dce -globaldce -scalar-preprocessing -scalar-propagation2 -deadargelim -globaldce -mem2reg -check-dataflow-channels -function-stream -dce -globaldce -prop-fifo-spec -internal-stream-gen -canonicalize-gep -globaldce -dce -gvn -deadargelim -mergereturn -indvars -loop-simplify -instcombine -array-stream -array-seg-normalize -array-partition -func-legal -instcombine -simplifycfg -dce -bundle-memfifo-ops -deadargelim -directive-preproc -mem2reg -dse -dce -group-axi-access -licm -simplifycfg -dce -loop-delete -hls-display -norm-name /home/dell3561-49/Vitis_HLS_folder/ContourDetec_ver2/ContourDetect_ver2/solution1/.autopilot/db/a.o.1.bc -o /home/dell3561-49/Vitis_HLS_folder/ContourDetec_ver2/ContourDetect_ver2/solution1/.autopilot/db/a.o.1.tmp.bc -f 
INFO-FLOW: Presyn 2...
Execute         transform -hls -keep-callgraph -scalarrepl -mem2reg -port-alignment -attach-range -dce -pipe-mux-gen -indvars -loop-bound -inst-simplify -instcombine -dce -merge-array-access -mem2reg -dce -clean-region -mergereturn -if-conv -instcombine -dce -constprop -basicaa -aggr-aa -aggrmodref-aa -aggr-aa -gvn -gvn -basicaa -aggr-aa -aggrmodref-aa -aggr-aa -dse -adse -adce -scalarrepl -mem2reg -global-constprop -deadargelim -deadargelim -instcombine -dce -simplifycfg -ptrArgReplace -mem2reg -function-inline -globaldce -mem2reg -instcombine -dce -expr-balance -instcombine -dce -bitwidthmin2 -bitwidthmin2 -interface-preproc -directive-preproc -inst-rectify -instcombine -dce -functionattrs -constprop -instcombine -bit-constprop -simplify-global-access -globalopt -globaldce -inst-simplify -instcombine -elimdeaddata -dce -loop-delete -simplifycfg -loop-simplify -barrier -norm-name /home/dell3561-49/Vitis_HLS_folder/ContourDetec_ver2/ContourDetect_ver2/solution1/.autopilot/db/a.o.1.tmp.bc -o /home/dell3561-49/Vitis_HLS_folder/ContourDetec_ver2/ContourDetect_ver2/solution1/.autopilot/db/a.o.2.bc -f -phase presyn 
INFO: [XFORM 203-401] Performing if-conversion on hyperblock from (contourDetect.cpp:36:9) to (contourDetect.cpp:65:31) in function 'sobel_rgb_green_outline_fixed'... converting 5 basic blocks.
INFO: [XFORM 203-401] Performing if-conversion on hyperblock from (contourDetect.cpp:68:20) to (contourDetect.cpp:35:12) in function 'sobel_rgb_green_outline_fixed'... converting 3 basic blocks.
INFO: [HLS 200-111] Finished Loop, function and other optimizations: CPU user time: 0.04 seconds. CPU system time: 0.01 seconds. Elapsed time: 0.05 seconds; current allocated memory: 218.539 MB.
INFO-FLOW: Building ssdm...
Execute         transform -hls -auto-function-inline -globaldce -ptrArgReplace -mem2reg -dce -reset-lda -loop-simplify -indvars -aggr-aa -licm -loop-dep -loop-bound -licm -loop-simplify -loop-sink-hoist -flattenloopnest -array-flatten -gvn -instcombine -dce -array-map -dce -func-legal -gvn -adce -instcombine -cfgopt -simplifycfg-lite -loop-simplify -array-burst -promote-global-argument -dce -array-seg-normalize -basicaa -aggrmodref-aa -globalsmodref-aa -aggr-aa -gvn -gvn -basicaa -aggrmodref-aa -globalsmodref-aa -aggr-aa -dse -adse -adce -licm -inst-simplify -dce -globaldce -instcombine -array-stream -eliminate-keepreads -instcombine -dce -deadargelim -doublePtrSimplify -doublePtrElim -dce -doublePtrSimplify -promote-dbg-pointer -dce -scalarrepl -mem2reg -norm-name -mem2reg -instcombine -dse -adse -adce -ptrLegalization -dce -auto-rom-infer -array-flatten -dce -instcombine -check-doubleptr -loop-rot -constprop -cfgopt -simplifycfg-lite -loop-simplify -indvars -pointer-simplify -dce -loop-bound -loop-simplify -loop-preproc -constprop -global-constprop -gvn -mem2reg -instcombine -dce -loop-bound -loop-merge -dce -deadargelim -dce -canonicalize-dataflow -dce -deadargelim -globaldce -mem2reg -bram-byte-enable -load-elim -read-loop-dep -loop-simplify -loop-extract-inner -directive-preproc -bitwidthmin2 -bitwidthmin2 -read-loop-dep -interface-preproc -directive-preproc -interface-gen -bram-byte-enable-spec-prop -deadargelim -inst-simplify -dce -gvn -mem2reg -instcombine -dce -adse -loop-bound -instcombine -cfgopt -simplifycfg-lite -loop-simplify -clean-region -io-protocol -find-region -mem2reg -bitop-raise -complex-op-raise -inst-simplify -inst-rectify -instcombine -adce -deadargelim -float-op-raise -loop-simplify -phi-opt -bitop-raise -cfgopt -simplifycfg-lite -strip-dead-prototypes -interface-lower -bitop-lower -intrinsic-lower -auto-function-inline -basicaa -aggrmodref-aa -globalsmodref-aa -aggr-aa -inst-simplify -simplifycfg-lite -loop-simplify -mergereturn -inst-simplify -inst-rectify -globaldce -dce -load-elim -bitop-lower -float-op-raise -fma-raise -loop-rewind -pointer-simplify -dce -cfgopt -dce -loop-bound -loop-dep -read-loop-dep -dce -dyn-mem-reuse -dce -recurrence-min -dce -share-scalar-alloca -deadargelim -dce -check-stream -norm-name -legalize -validate-dataflow -inst-clarity -bitwidth -dce -dump-loop-dep-to-ir -check-all-ssdm -dump-complexity-metric -cdfg-build /home/dell3561-49/Vitis_HLS_folder/ContourDetec_ver2/ContourDetect_ver2/solution1/.autopilot/db/a.o.2.bc -o /home/dell3561-49/Vitis_HLS_folder/ContourDetec_ver2/ContourDetect_ver2/solution1/.autopilot/db/a.o.3.bc -f -phase build-ssdm 
WARNING: [ANALYSIS 214-52] Found false inter dependency for variable 'sobel_rgb_green_outline_fixed(stream&,stream<axis,0>&)linebuf'.
WARNING: [ANALYSIS 214-52] Found false inter dependency for variable 'sobel_rgb_green_outline_fixed(stream&,stream<axis,0>&)linebuf.1'.
WARNING: [ANALYSIS 214-52] Found false inter dependency for variable 'sobel_rgb_green_outline_fixed(stream&,stream<axis,0>&)linebuf'.
WARNING: [ANALYSIS 214-52] Found false inter dependency for variable 'sobel_rgb_green_outline_fixed(stream&,stream<axis,0>&)linebuf.1'.
Execute           auto_get_db
INFO: [HLS 200-111] Finished Architecture Synthesis: CPU user time: 0.04 seconds. CPU system time: 0 seconds. Elapsed time: 0.04 seconds; current allocated memory: 218.539 MB.
INFO-FLOW: Finish building internal data model.
Command       opt_and_import_c done; 0.14 sec.
Command     elaborate done; 20.56 sec.
Execute     ap_eval exec zip -j /home/dell3561-49/Vitis_HLS_folder/ContourDetec_ver2/ContourDetect_ver2/solution1/.autopilot/db/dut.hcp $dbDir/a.o.3.bc $dbDir/${topname}.rtl_wrap.cfg.tcl $dbDir/apatb_${topname}.cpp $dbDir/apatb_${topname}_util.cpp $dbDir/apatb_${topname}_ir.ll $dbDir/mapper_${topname}.cpp $dbDir/top-io-fe.xml $dbDir/kernel.internal.xml $workdir/../hls.app 
Execute     autosyn -from_csynth_design=1 
INFO: [HLS 200-10] Starting hardware synthesis ...
INFO-FLOW: Synthesizing C/C++ design ...
INFO: [HLS 200-10] Synthesizing 'sobel_rgb_green_outline_fixed' ...
Execute       ap_set_top_model sobel_rgb_green_outline_fixed 
Execute       get_model_list sobel_rgb_green_outline_fixed -filter all-wo-channel -topdown 
Execute       preproc_iomode -model sobel_rgb_green_outline_fixed 
Execute       get_model_list sobel_rgb_green_outline_fixed -filter all-wo-channel 
INFO-FLOW: Model list for configure: sobel_rgb_green_outline_fixed
INFO-FLOW: Configuring Module : sobel_rgb_green_outline_fixed ...
Execute       set_default_model sobel_rgb_green_outline_fixed 
Execute       apply_spec_resource_limit sobel_rgb_green_outline_fixed 
INFO-FLOW: Model list for preprocess: sobel_rgb_green_outline_fixed
INFO-FLOW: Preprocessing Module: sobel_rgb_green_outline_fixed ...
Execute       set_default_model sobel_rgb_green_outline_fixed 
Execute       cdfg_preprocess -model sobel_rgb_green_outline_fixed 
Execute       rtl_gen_preprocess sobel_rgb_green_outline_fixed 
INFO-FLOW: Model list for synthesis: sobel_rgb_green_outline_fixed
INFO: [HLS 200-10] ----------------------------------------------------------------
INFO: [HLS 200-42] -- Implementing module 'sobel_rgb_green_outline_fixed' 
INFO: [HLS 200-10] ----------------------------------------------------------------
Execute       set_default_model sobel_rgb_green_outline_fixed 
Execute       schedule -model sobel_rgb_green_outline_fixed 
INFO: [SCHED 204-11] Starting scheduling ...
INFO: [HLS 200-486] Changing DSP latency (root=mul_ln46_1) to 3 in order to utilize available DSP registers.
INFO: [HLS 200-486] Changing DSP latency (root=mul_ln81_1) to 3 in order to utilize available DSP registers.
INFO: [SCHED 204-61] Pipelining loop 'OUTER'.
INFO: [HLS 200-1470] Pipelining result : Target II = 2, Final II = 2, Depth = 15, loop 'OUTER'
INFO: [SCHED 204-11] Finished scheduling.
Command       schedule done; 0.17 sec.
INFO: [HLS 200-111] Finished Scheduling: CPU user time: 0.16 seconds. CPU system time: 0.02 seconds. Elapsed time: 0.19 seconds; current allocated memory: 218.539 MB.
Execute       syn_report -verbosereport -o /home/dell3561-49/Vitis_HLS_folder/ContourDetec_ver2/ContourDetect_ver2/solution1/.autopilot/db/sobel_rgb_green_outline_fixed.verbose.sched.rpt 
Execute         list_part -family xc7z020-clg484-1 
Execute           ap_family_info -name xc7z020-clg484-1 -data names 
Execute           ap_part_info -quiet -name xc7z020-clg484-1 -data family 
Execute       db_write -o /home/dell3561-49/Vitis_HLS_folder/ContourDetec_ver2/ContourDetect_ver2/solution1/.autopilot/db/sobel_rgb_green_outline_fixed.sched.adb -f 
INFO-FLOW: Finish scheduling sobel_rgb_green_outline_fixed.
Execute       set_default_model sobel_rgb_green_outline_fixed 
Execute       bind -model sobel_rgb_green_outline_fixed 
INFO: [BIND 205-100] Starting micro-architecture generation ...
INFO: [BIND 205-101] Performing variable lifetime analysis.
INFO: [BIND 205-101] Exploring resource sharing.
INFO: [BIND 205-101] Binding ...
INFO: [BIND 205-100] Finished micro-architecture generation.
INFO: [HLS 200-111] Finished Binding: CPU user time: 0.13 seconds. CPU system time: 0.01 seconds. Elapsed time: 0.14 seconds; current allocated memory: 218.539 MB.
Execute       syn_report -verbosereport -o /home/dell3561-49/Vitis_HLS_folder/ContourDetec_ver2/ContourDetect_ver2/solution1/.autopilot/db/sobel_rgb_green_outline_fixed.verbose.bind.rpt 
Execute         list_part -family xc7z020-clg484-1 
Execute           ap_family_info -name xc7z020-clg484-1 -data names 
Execute           ap_part_info -quiet -name xc7z020-clg484-1 -data family 
Execute       db_write -o /home/dell3561-49/Vitis_HLS_folder/ContourDetec_ver2/ContourDetect_ver2/solution1/.autopilot/db/sobel_rgb_green_outline_fixed.bind.adb -f 
INFO-FLOW: Finish binding sobel_rgb_green_outline_fixed.
Execute       get_model_list sobel_rgb_green_outline_fixed -filter all-wo-channel 
INFO-FLOW: Preprocessing for RTLGen ...
Execute       rtl_gen_preprocess sobel_rgb_green_outline_fixed 
INFO-FLOW: Model list for RTL generation: sobel_rgb_green_outline_fixed
INFO: [HLS 200-10] ----------------------------------------------------------------
INFO: [HLS 200-10] -- Generating RTL for module 'sobel_rgb_green_outline_fixed' 
INFO: [HLS 200-10] ----------------------------------------------------------------
Execute       create_rtl_model sobel_rgb_green_outline_fixed -top_prefix  -sub_prefix sobel_rgb_green_outline_fixed_ -mg_file /home/dell3561-49/Vitis_HLS_folder/ContourDetec_ver2/ContourDetect_ver2/solution1/.autopilot/db/sobel_rgb_green_outline_fixed.compgen.tcl 
WARNING: [RTGEN 206-101] Design contains AXI ports. Reset is fixed to synchronous and active low.
INFO: [RTGEN 206-500] Setting interface mode on port 'sobel_rgb_green_outline_fixed/in_stream_V_data_V' to 'axis' (register, both mode).
INFO: [RTGEN 206-500] Setting interface mode on port 'sobel_rgb_green_outline_fixed/in_stream_V_keep_V' to 'axis' (register, both mode).
INFO: [RTGEN 206-500] Setting interface mode on port 'sobel_rgb_green_outline_fixed/in_stream_V_strb_V' to 'axis' (register, both mode).
INFO: [RTGEN 206-500] Setting interface mode on port 'sobel_rgb_green_outline_fixed/in_stream_V_user_V' to 'axis' (register, both mode).
INFO: [RTGEN 206-500] Setting interface mode on port 'sobel_rgb_green_outline_fixed/in_stream_V_last_V' to 'axis' (register, both mode).
INFO: [RTGEN 206-500] Setting interface mode on port 'sobel_rgb_green_outline_fixed/in_stream_V_id_V' to 'axis' (register, both mode).
INFO: [RTGEN 206-500] Setting interface mode on port 'sobel_rgb_green_outline_fixed/in_stream_V_dest_V' to 'axis' (register, both mode).
INFO: [RTGEN 206-500] Setting interface mode on port 'sobel_rgb_green_outline_fixed/out_stream_V_data_V' to 'axis' (register, both mode).
INFO: [RTGEN 206-500] Setting interface mode on port 'sobel_rgb_green_outline_fixed/out_stream_V_keep_V' to 'axis' (register, both mode).
INFO: [RTGEN 206-500] Setting interface mode on port 'sobel_rgb_green_outline_fixed/out_stream_V_strb_V' to 'axis' (register, both mode).
INFO: [RTGEN 206-500] Setting interface mode on port 'sobel_rgb_green_outline_fixed/out_stream_V_user_V' to 'axis' (register, both mode).
INFO: [RTGEN 206-500] Setting interface mode on port 'sobel_rgb_green_outline_fixed/out_stream_V_last_V' to 'axis' (register, both mode).
INFO: [RTGEN 206-500] Setting interface mode on port 'sobel_rgb_green_outline_fixed/out_stream_V_id_V' to 'axis' (register, both mode).
INFO: [RTGEN 206-500] Setting interface mode on port 'sobel_rgb_green_outline_fixed/out_stream_V_dest_V' to 'axis' (register, both mode).
INFO: [RTGEN 206-500] Setting interface mode on function 'sobel_rgb_green_outline_fixed' to 'ap_ctrl_none'.
WARNING: [HLS 200-2049] Adding the rewind optimization to the pipelined process 'OUTER' with inout ports inside a dataflow region can result in the creation of loop-carried dependencies and errors. Use caution when adding the rewind optimization to such loops.
INFO: [HLS 200-1030] Apply Unified Pipeline Control on module 'sobel_rgb_green_outline_fixed' pipeline 'OUTER' pipeline type 'loop pipeline'
INFO: [RTGEN 206-100] Generating core module 'mac_muladd_11s_11s_21s_21_4_1': 1 instance(s).
INFO: [RTGEN 206-100] Generating core module 'mac_muladd_8ns_4ns_14ns_41_4_1': 1 instance(s).
INFO: [RTGEN 206-100] Generating core module 'mul_11s_11s_21_1_1': 1 instance(s).
INFO: [RTGEN 206-100] Generating core module 'mul_41ns_43ns_56_3_1': 1 instance(s).
INFO: [RTGEN 206-100] Generating core module 'mul_8ns_7ns_14_1_1': 1 instance(s).
INFO: [RTGEN 206-100] Generating core module 'mux_2_1_8_1_1': 2 instance(s).
INFO: [RTGEN 206-100] Finished creating RTL model for 'sobel_rgb_green_outline_fixed'.
INFO: [RTMG 210-278] Implementing memory 'sobel_rgb_green_outline_fixed_sobel_rgb_green_outline_fixed_stream_stream_axis_0_linebuf_1_RAM_AUTO_1R1W' using auto RAMs.
INFO: [HLS 200-111] Finished Creating RTL model: CPU user time: 0.07 seconds. CPU system time: 0 seconds. Elapsed time: 0.07 seconds; current allocated memory: 218.539 MB.
Execute       source /home/dell3561-49/Vitis_HLS_folder/ContourDetec_ver2/ContourDetect_ver2/solution1/.autopilot/db/sobel_rgb_green_outline_fixed.rtl_wrap.cfg.tcl 
Execute       gen_rtl sobel_rgb_green_outline_fixed -istop -style xilinx -f -lang vhdl -o /home/dell3561-49/Vitis_HLS_folder/ContourDetec_ver2/ContourDetect_ver2/solution1/syn/vhdl/sobel_rgb_green_outline_fixed 
Execute       gen_rtl sobel_rgb_green_outline_fixed -istop -style xilinx -f -lang vlog -o /home/dell3561-49/Vitis_HLS_folder/ContourDetec_ver2/ContourDetect_ver2/solution1/syn/verilog/sobel_rgb_green_outline_fixed 
Execute       syn_report -csynth -model sobel_rgb_green_outline_fixed -o /home/dell3561-49/Vitis_HLS_folder/ContourDetec_ver2/ContourDetect_ver2/solution1/syn/report/sobel_rgb_green_outline_fixed_csynth.rpt 
Execute         list_part -family xc7z020-clg484-1 
Execute           ap_family_info -name xc7z020-clg484-1 -data names 
Execute           ap_part_info -quiet -name xc7z020-clg484-1 -data family 
Execute       syn_report -rtlxml -model sobel_rgb_green_outline_fixed -o /home/dell3561-49/Vitis_HLS_folder/ContourDetec_ver2/ContourDetect_ver2/solution1/syn/report/sobel_rgb_green_outline_fixed_csynth.xml 
Execute         list_part -family xc7z020-clg484-1 
Execute           ap_family_info -name xc7z020-clg484-1 -data names 
Execute           ap_part_info -quiet -name xc7z020-clg484-1 -data family 
Execute       syn_report -verbosereport -model sobel_rgb_green_outline_fixed -o /home/dell3561-49/Vitis_HLS_folder/ContourDetec_ver2/ContourDetect_ver2/solution1/.autopilot/db/sobel_rgb_green_outline_fixed.verbose.rpt 
Execute         list_part -family xc7z020-clg484-1 
Execute           ap_family_info -name xc7z020-clg484-1 -data names 
Execute           ap_part_info -quiet -name xc7z020-clg484-1 -data family 
Execute       db_write -model sobel_rgb_green_outline_fixed -f -o /home/dell3561-49/Vitis_HLS_folder/ContourDetec_ver2/ContourDetect_ver2/solution1/.autopilot/db/sobel_rgb_green_outline_fixed.adb 
Execute       db_write -model sobel_rgb_green_outline_fixed -bindview -o /home/dell3561-49/Vitis_HLS_folder/ContourDetec_ver2/ContourDetect_ver2/solution1/.autopilot/db/design.bindinfo.xml 
Execute       gen_tb_info sobel_rgb_green_outline_fixed -p /home/dell3561-49/Vitis_HLS_folder/ContourDetec_ver2/ContourDetect_ver2/solution1/.autopilot/db -o /home/dell3561-49/Vitis_HLS_folder/ContourDetec_ver2/ContourDetect_ver2/solution1/.autopilot/db/sobel_rgb_green_outline_fixed 
Execute       export_constraint_db -f -tool general -o /home/dell3561-49/Vitis_HLS_folder/ContourDetec_ver2/ContourDetect_ver2/solution1/.autopilot/db/sobel_rgb_green_outline_fixed.constraint.tcl 
Execute       syn_report -designview -model sobel_rgb_green_outline_fixed -o /home/dell3561-49/Vitis_HLS_folder/ContourDetec_ver2/ContourDetect_ver2/solution1/.autopilot/db/sobel_rgb_green_outline_fixed.design.xml 
Execute       syn_report -csynthDesign -model sobel_rgb_green_outline_fixed -o /home/dell3561-49/Vitis_HLS_folder/ContourDetec_ver2/ContourDetect_ver2/solution1/syn/report/csynth.rpt -MHOut /home/dell3561-49/Vitis_HLS_folder/ContourDetec_ver2/ContourDetect_ver2/solution1/.autopilot/db/kernel_module_hierarchy.tcl 
Execute         list_part -family xc7z020-clg484-1 
Execute           ap_family_info -name xc7z020-clg484-1 -data names 
Execute           ap_part_info -quiet -name xc7z020-clg484-1 -data family 
Execute       syn_report -wcfg -model sobel_rgb_green_outline_fixed -o /home/dell3561-49/Vitis_HLS_folder/ContourDetec_ver2/ContourDetect_ver2/solution1/.autopilot/db/sobel_rgb_green_outline_fixed_dataflow_ana.wcfg 
Execute       syn_report -protoinst -model sobel_rgb_green_outline_fixed -o /home/dell3561-49/Vitis_HLS_folder/ContourDetec_ver2/ContourDetect_ver2/solution1/.autopilot/db/sobel_rgb_green_outline_fixed.protoinst 
Execute       sc_get_clocks sobel_rgb_green_outline_fixed 
Execute       sc_get_portdomain sobel_rgb_green_outline_fixed 
INFO-FLOW: Model list for RTL component generation: sobel_rgb_green_outline_fixed
INFO-FLOW: Handling components in module [sobel_rgb_green_outline_fixed] ... 
Execute       source /home/dell3561-49/Vitis_HLS_folder/ContourDetec_ver2/ContourDetect_ver2/solution1/.autopilot/db/sobel_rgb_green_outline_fixed.compgen.tcl 
INFO-FLOW: Found component sobel_rgb_green_outline_fixed_mul_41ns_43ns_56_3_1.
INFO-FLOW: Append model sobel_rgb_green_outline_fixed_mul_41ns_43ns_56_3_1
INFO-FLOW: Found component sobel_rgb_green_outline_fixed_mul_8ns_7ns_14_1_1.
INFO-FLOW: Append model sobel_rgb_green_outline_fixed_mul_8ns_7ns_14_1_1
INFO-FLOW: Found component sobel_rgb_green_outline_fixed_mux_2_1_8_1_1.
INFO-FLOW: Append model sobel_rgb_green_outline_fixed_mux_2_1_8_1_1
INFO-FLOW: Found component sobel_rgb_green_outline_fixed_mul_11s_11s_21_1_1.
INFO-FLOW: Append model sobel_rgb_green_outline_fixed_mul_11s_11s_21_1_1
INFO-FLOW: Found component sobel_rgb_green_outline_fixed_mac_muladd_8ns_4ns_14ns_41_4_1.
INFO-FLOW: Append model sobel_rgb_green_outline_fixed_mac_muladd_8ns_4ns_14ns_41_4_1
INFO-FLOW: Found component sobel_rgb_green_outline_fixed_mac_muladd_11s_11s_21s_21_4_1.
INFO-FLOW: Append model sobel_rgb_green_outline_fixed_mac_muladd_11s_11s_21s_21_4_1
INFO-FLOW: Found component sobel_rgb_green_outline_fixed_sobel_rgb_green_outline_fixed_stream_stream_axis_0_linebuf_1_RAM_AUTO_1R1W.
INFO-FLOW: Append model sobel_rgb_green_outline_fixed_sobel_rgb_green_outline_fixed_stream_stream_axis_0_linebuf_1_RAM_AUTO_1R1W
INFO-FLOW: Found component sobel_rgb_green_outline_fixed_regslice_both.
INFO-FLOW: Append model sobel_rgb_green_outline_fixed_regslice_both
INFO-FLOW: Found component sobel_rgb_green_outline_fixed_regslice_both.
INFO-FLOW: Append model sobel_rgb_green_outline_fixed_regslice_both
INFO-FLOW: Found component sobel_rgb_green_outline_fixed_regslice_both.
INFO-FLOW: Append model sobel_rgb_green_outline_fixed_regslice_both
INFO-FLOW: Found component sobel_rgb_green_outline_fixed_regslice_both.
INFO-FLOW: Append model sobel_rgb_green_outline_fixed_regslice_both
INFO-FLOW: Found component sobel_rgb_green_outline_fixed_regslice_both.
INFO-FLOW: Append model sobel_rgb_green_outline_fixed_regslice_both
INFO-FLOW: Found component sobel_rgb_green_outline_fixed_regslice_both.
INFO-FLOW: Append model sobel_rgb_green_outline_fixed_regslice_both
INFO-FLOW: Found component sobel_rgb_green_outline_fixed_regslice_both.
INFO-FLOW: Append model sobel_rgb_green_outline_fixed_regslice_both
INFO-FLOW: Found component sobel_rgb_green_outline_fixed_regslice_both.
INFO-FLOW: Append model sobel_rgb_green_outline_fixed_regslice_both
INFO-FLOW: Found component sobel_rgb_green_outline_fixed_regslice_both.
INFO-FLOW: Append model sobel_rgb_green_outline_fixed_regslice_both
INFO-FLOW: Found component sobel_rgb_green_outline_fixed_regslice_both.
INFO-FLOW: Append model sobel_rgb_green_outline_fixed_regslice_both
INFO-FLOW: Found component sobel_rgb_green_outline_fixed_regslice_both.
INFO-FLOW: Append model sobel_rgb_green_outline_fixed_regslice_both
INFO-FLOW: Found component sobel_rgb_green_outline_fixed_regslice_both.
INFO-FLOW: Append model sobel_rgb_green_outline_fixed_regslice_both
INFO-FLOW: Found component sobel_rgb_green_outline_fixed_regslice_both.
INFO-FLOW: Append model sobel_rgb_green_outline_fixed_regslice_both
INFO-FLOW: Found component sobel_rgb_green_outline_fixed_regslice_both.
INFO-FLOW: Append model sobel_rgb_green_outline_fixed_regslice_both
INFO-FLOW: Found component sobel_rgb_green_outline_fixed_flow_control_loop_pipe_no_ap_cont.
INFO-FLOW: Append model sobel_rgb_green_outline_fixed_flow_control_loop_pipe_no_ap_cont
INFO-FLOW: Append model sobel_rgb_green_outline_fixed
INFO-FLOW: Generating RTL model list ...
INFO-FLOW: All models in this session: sobel_rgb_green_outline_fixed_mul_41ns_43ns_56_3_1 sobel_rgb_green_outline_fixed_mul_8ns_7ns_14_1_1 sobel_rgb_green_outline_fixed_mux_2_1_8_1_1 sobel_rgb_green_outline_fixed_mul_11s_11s_21_1_1 sobel_rgb_green_outline_fixed_mac_muladd_8ns_4ns_14ns_41_4_1 sobel_rgb_green_outline_fixed_mac_muladd_11s_11s_21s_21_4_1 sobel_rgb_green_outline_fixed_sobel_rgb_green_outline_fixed_stream_stream_axis_0_linebuf_1_RAM_AUTO_1R1W sobel_rgb_green_outline_fixed_regslice_both sobel_rgb_green_outline_fixed_regslice_both sobel_rgb_green_outline_fixed_regslice_both sobel_rgb_green_outline_fixed_regslice_both sobel_rgb_green_outline_fixed_regslice_both sobel_rgb_green_outline_fixed_regslice_both sobel_rgb_green_outline_fixed_regslice_both sobel_rgb_green_outline_fixed_regslice_both sobel_rgb_green_outline_fixed_regslice_both sobel_rgb_green_outline_fixed_regslice_both sobel_rgb_green_outline_fixed_regslice_both sobel_rgb_green_outline_fixed_regslice_both sobel_rgb_green_outline_fixed_regslice_both sobel_rgb_green_outline_fixed_regslice_both sobel_rgb_green_outline_fixed_flow_control_loop_pipe_no_ap_cont sobel_rgb_green_outline_fixed
INFO-FLOW: Generating /home/dell3561-49/Vitis_HLS_folder/ContourDetec_ver2/ContourDetect_ver2/solution1/.autopilot/db/autopilot.rtl.models.txt file...
INFO-FLOW: To file: write model sobel_rgb_green_outline_fixed_mul_41ns_43ns_56_3_1
INFO-FLOW: To file: write model sobel_rgb_green_outline_fixed_mul_8ns_7ns_14_1_1
INFO-FLOW: To file: write model sobel_rgb_green_outline_fixed_mux_2_1_8_1_1
INFO-FLOW: To file: write model sobel_rgb_green_outline_fixed_mul_11s_11s_21_1_1
INFO-FLOW: To file: write model sobel_rgb_green_outline_fixed_mac_muladd_8ns_4ns_14ns_41_4_1
INFO-FLOW: To file: write model sobel_rgb_green_outline_fixed_mac_muladd_11s_11s_21s_21_4_1
INFO-FLOW: To file: write model sobel_rgb_green_outline_fixed_sobel_rgb_green_outline_fixed_stream_stream_axis_0_linebuf_1_RAM_AUTO_1R1W
INFO-FLOW: To file: write model sobel_rgb_green_outline_fixed_regslice_both
INFO-FLOW: To file: write model sobel_rgb_green_outline_fixed_regslice_both
INFO-FLOW: To file: write model sobel_rgb_green_outline_fixed_regslice_both
INFO-FLOW: To file: write model sobel_rgb_green_outline_fixed_regslice_both
INFO-FLOW: To file: write model sobel_rgb_green_outline_fixed_regslice_both
INFO-FLOW: To file: write model sobel_rgb_green_outline_fixed_regslice_both
INFO-FLOW: To file: write model sobel_rgb_green_outline_fixed_regslice_both
INFO-FLOW: To file: write model sobel_rgb_green_outline_fixed_regslice_both
INFO-FLOW: To file: write model sobel_rgb_green_outline_fixed_regslice_both
INFO-FLOW: To file: write model sobel_rgb_green_outline_fixed_regslice_both
INFO-FLOW: To file: write model sobel_rgb_green_outline_fixed_regslice_both
INFO-FLOW: To file: write model sobel_rgb_green_outline_fixed_regslice_both
INFO-FLOW: To file: write model sobel_rgb_green_outline_fixed_regslice_both
INFO-FLOW: To file: write model sobel_rgb_green_outline_fixed_regslice_both
INFO-FLOW: To file: write model sobel_rgb_green_outline_fixed_flow_control_loop_pipe_no_ap_cont
INFO-FLOW: To file: write model sobel_rgb_green_outline_fixed
INFO-FLOW: Generating /home/dell3561-49/Vitis_HLS_folder/ContourDetec_ver2/ContourDetect_ver2/solution1/.autopilot/db/autopilot.rtl.models.tcl file...
INFO-FLOW: Finished generating RTL model list.


INFO-FLOW: RTL Generation done.
INFO-FLOW: CAS Generation done.
INFO-FLOW: CBC Generation done.
INFO-FLOW: DBG:PROC: ::AESL_AUTOMG::auto_generate_csynth_design
INFO-FLOW: DBG:PUTS: read_platform_lib /home/dell3561-49/Vitis_HLS_folder/ContourDetec_ver2/ContourDetect_ver2/solution1/.autopilot/db/global.setting.tcl
Execute       source /tools/Xilinx/Vitis_HLS/2023.1/common/technology/generic/autopilot/common.gen 
Execute         source /tools/Xilinx/Vitis_HLS/2023.1/common/technology/generic/autopilot/APCoreGen.gen 
Execute       source /tools/Xilinx/Vitis_HLS/2023.1/common/technology/generic/autopilot/op.gen 
Execute       source /tools/Xilinx/Vitis_HLS/2023.1/common/technology/generic/autopilot/op_simcore.gen 
Execute       source /tools/Xilinx/Vitis_HLS/2023.1/common/technology/generic/autopilot/interface.gen 
Execute       source /home/dell3561-49/Vitis_HLS_folder/ContourDetec_ver2/ContourDetect_ver2/solution1/.autopilot/db/global.setting.tcl 
Execute       source /tools/Xilinx/Vitis_HLS/2023.1/common/technology/xilinx/common/xilinx.gen 
Execute         source /tools/Xilinx/Vitis_HLS/2023.1/common/technology/xilinx/interface/plb46.gen 
Execute         source /tools/Xilinx/Vitis_HLS/2023.1/common/technology/xilinx/interface/axi4.gen 
Execute         source /tools/Xilinx/Vitis_HLS/2023.1/common/technology/xilinx/interface/nativeAXI4.gen 
Execute           source /tools/Xilinx/Vitis_HLS/2023.1/common/technology/xilinx/interface/saxilite.gen 
Execute         source /tools/Xilinx/Vitis_HLS/2023.1/common/technology/xilinx/scripts/xilinxcoregen.gen 
Execute         source /tools/Xilinx/Vitis_HLS/2023.1/common/technology/xilinx/interface/XilEDKCoreGen.gen 
Execute         source /tools/Xilinx/Vitis_HLS/2023.1/common/technology/xilinx/ip/dds_compiler.gen 
Execute         source /tools/Xilinx/Vitis_HLS/2023.1/common/technology/xilinx/ip/util.gen 
Execute         source /tools/Xilinx/Vitis_HLS/2023.1/common/technology/xilinx/ip/xfft.gen 
Execute         source /tools/Xilinx/Vitis_HLS/2023.1/common/technology/xilinx/ip/xfir.gen 
Execute         source /tools/Xilinx/Vitis_HLS/2023.1/common/technology/xilinx/DSP48/dsp48.gen 
INFO-FLOW: DBG:PUTS:   using AESL_AUTOCG::g_clock_period=10.000 (was NA)
INFO-FLOW: DBG:PROC: ::AESL_AUTOMG::generate_ip_cores gen_sim_model='1' gen_fp_models='0' gen_for_export='0' dstSCDir='' dstVhdlDir='/home/dell3561-49/Vitis_HLS_folder/ContourDetec_ver2/ContourDetect_ver2/solution1/.autopilot/db/vhdl' dstVlogDir='/home/dell3561-49/Vitis_HLS_folder/ContourDetec_ver2/ContourDetect_ver2/solution1/.autopilot/db/vlog' tclDir='/home/dell3561-49/Vitis_HLS_folder/ContourDetec_ver2/ContourDetect_ver2/solution1/.autopilot/db' modelList='sobel_rgb_green_outline_fixed_mul_41ns_43ns_56_3_1
sobel_rgb_green_outline_fixed_mul_8ns_7ns_14_1_1
sobel_rgb_green_outline_fixed_mux_2_1_8_1_1
sobel_rgb_green_outline_fixed_mul_11s_11s_21_1_1
sobel_rgb_green_outline_fixed_mac_muladd_8ns_4ns_14ns_41_4_1
sobel_rgb_green_outline_fixed_mac_muladd_11s_11s_21s_21_4_1
sobel_rgb_green_outline_fixed_sobel_rgb_green_outline_fixed_stream_stream_axis_0_linebuf_1_RAM_AUTO_1R1W
sobel_rgb_green_outline_fixed_regslice_both
sobel_rgb_green_outline_fixed_regslice_both
sobel_rgb_green_outline_fixed_regslice_both
sobel_rgb_green_outline_fixed_regslice_both
sobel_rgb_green_outline_fixed_regslice_both
sobel_rgb_green_outline_fixed_regslice_both
sobel_rgb_green_outline_fixed_regslice_both
sobel_rgb_green_outline_fixed_regslice_both
sobel_rgb_green_outline_fixed_regslice_both
sobel_rgb_green_outline_fixed_regslice_both
sobel_rgb_green_outline_fixed_regslice_both
sobel_rgb_green_outline_fixed_regslice_both
sobel_rgb_green_outline_fixed_regslice_both
sobel_rgb_green_outline_fixed_regslice_both
sobel_rgb_green_outline_fixed_flow_control_loop_pipe_no_ap_cont
sobel_rgb_green_outline_fixed
' expOnly='0'
Execute       source /home/dell3561-49/Vitis_HLS_folder/ContourDetec_ver2/ContourDetect_ver2/solution1/.autopilot/db/global.setting.tcl 
Execute       ap_part_info -name xc7z020-clg484-1 -data names -quiet 
Execute       ap_part_info -name xc7z020-clg484-1 -data info -quiet 
Execute       source /home/dell3561-49/Vitis_HLS_folder/ContourDetec_ver2/ContourDetect_ver2/solution1/.autopilot/db/global.setting.tcl 
Execute       source /home/dell3561-49/Vitis_HLS_folder/ContourDetec_ver2/ContourDetect_ver2/solution1/.autopilot/db/global.setting.tcl 
Execute       source /home/dell3561-49/Vitis_HLS_folder/ContourDetec_ver2/ContourDetect_ver2/solution1/.autopilot/db/sobel_rgb_green_outline_fixed.compgen.tcl 
Execute         ap_part_info -name xc7z020-clg484-1 -data names -quiet 
Execute         ap_part_info -name xc7z020-clg484-1 -data info -quiet 
Execute         ap_part_info -name xc7z020-clg484-1 -data names -quiet 
Execute         ap_part_info -name xc7z020-clg484-1 -data info -quiet 
Execute         ap_part_info -name xc7z020-clg484-1 -data info 
Execute         ap_part_info -name xc7z020-clg484-1 -data names -quiet 
Execute         ap_part_info -name xc7z020-clg484-1 -data info -quiet 
Execute         ap_part_info -name xc7z020-clg484-1 -data info 
INFO: [HLS 200-111] Finished Generating all RTL models: CPU user time: 0.55 seconds. CPU system time: 0.01 seconds. Elapsed time: 0.57 seconds; current allocated memory: 218.605 MB.
INFO-FLOW: DBG:PROC: ::HLSREPORTS::create_csynth_xml bind_info_var='bind_info' RtlSubPrefix='sobel_rgb_green_outline_fixed_' outfile=''
INFO-FLOW: Running: create_csynth_xml read xml data
INFO-FLOW: Done: create_csynth_xml read xml data time: 0 seconds per iteration
INFO-FLOW: Running: create_csynth_xml bind info
INFO-FLOW: Done: create_csynth_xml bind info time: 0 seconds per iteration
INFO-FLOW: Running: create_csynth_xml config info
INFO-FLOW: Done: create_csynth_xml config info time: 0 seconds per iteration
INFO-FLOW: Running: create_csynth_xml write xml
INFO-FLOW: Done: create_csynth_xml write xml time: 0 seconds per iteration
INFO-FLOW: DBG:PUTS:      create_csynth_xml wrote csynth_xml=/home/dell3561-49/Vitis_HLS_folder/ContourDetec_ver2/ContourDetect_ver2/solution1/syn/report/csynth.xml
INFO-FLOW: DBG:PROC: ::AP::DESIGN_DATA::generate_json generate_bd_files='0' generate_xo_files='0' modelList='sobel_rgb_green_outline_fixed_mul_41ns_43ns_56_3_1
sobel_rgb_green_outline_fixed_mul_8ns_7ns_14_1_1
sobel_rgb_green_outline_fixed_mux_2_1_8_1_1
sobel_rgb_green_outline_fixed_mul_11s_11s_21_1_1
sobel_rgb_green_outline_fixed_mac_muladd_8ns_4ns_14ns_41_4_1
sobel_rgb_green_outline_fixed_mac_muladd_11s_11s_21s_21_4_1
sobel_rgb_green_outline_fixed_sobel_rgb_green_outline_fixed_stream_stream_axis_0_linebuf_1_RAM_AUTO_1R1W
sobel_rgb_green_outline_fixed_regslice_both
sobel_rgb_green_outline_fixed_regslice_both
sobel_rgb_green_outline_fixed_regslice_both
sobel_rgb_green_outline_fixed_regslice_both
sobel_rgb_green_outline_fixed_regslice_both
sobel_rgb_green_outline_fixed_regslice_both
sobel_rgb_green_outline_fixed_regslice_both
sobel_rgb_green_outline_fixed_regslice_both
sobel_rgb_green_outline_fixed_regslice_both
sobel_rgb_green_outline_fixed_regslice_both
sobel_rgb_green_outline_fixed_regslice_both
sobel_rgb_green_outline_fixed_regslice_both
sobel_rgb_green_outline_fixed_regslice_both
sobel_rgb_green_outline_fixed_regslice_both
sobel_rgb_green_outline_fixed_flow_control_loop_pipe_no_ap_cont
sobel_rgb_green_outline_fixed
' rtl_lang='both' bootstrap_tcl='false' outdir='' outfilename=''
Execute       source /home/dell3561-49/Vitis_HLS_folder/ContourDetec_ver2/ContourDetect_ver2/solution1/.autopilot/db/global.setting.tcl 
Execute       source /home/dell3561-49/Vitis_HLS_folder/ContourDetec_ver2/ContourDetect_ver2/solution1/.autopilot/db/global.setting.tcl 
Execute       source /home/dell3561-49/Vitis_HLS_folder/ContourDetec_ver2/ContourDetect_ver2/solution1/.autopilot/db/top-io-be.tcl 
Execute       source /home/dell3561-49/Vitis_HLS_folder/ContourDetec_ver2/ContourDetect_ver2/solution1/.autopilot/db/sobel_rgb_green_outline_fixed.tbgen.tcl 
Execute       source /home/dell3561-49/Vitis_HLS_folder/ContourDetec_ver2/ContourDetect_ver2/solution1/.autopilot/db/sobel_rgb_green_outline_fixed.rtl_wrap.cfg.tcl 
Execute       source /home/dell3561-49/Vitis_HLS_folder/ContourDetec_ver2/ContourDetect_ver2/solution1/.autopilot/db/sobel_rgb_green_outline_fixed.compgen.dataonly.tcl 
Execute       source /home/dell3561-49/Vitis_HLS_folder/ContourDetec_ver2/ContourDetect_ver2/solution1/.autopilot/db/sobel_rgb_green_outline_fixed.tbgen.tcl 
Execute       source /home/dell3561-49/Vitis_HLS_folder/ContourDetec_ver2/ContourDetect_ver2/solution1/.autopilot/db/global.setting.tcl 
Execute       ap_part_info -name xc7z020-clg484-1 -data names -quiet 
Execute       ap_part_info -name xc7z020-clg484-1 -data info -quiet 
Execute       source /home/dell3561-49/Vitis_HLS_folder/ContourDetec_ver2/ContourDetect_ver2/solution1/.autopilot/db/sobel_rgb_green_outline_fixed.constraint.tcl 
Execute       sc_get_clocks sobel_rgb_green_outline_fixed 
Execute       source /home/dell3561-49/Vitis_HLS_folder/ContourDetec_ver2/ContourDetect_ver2/solution1/.autopilot/db/global.setting.tcl 
INFO-FLOW: DBG:PROC: ::HLSREPORTS::add_csynth_report_sections bind_info_dict='adapter_nodes {} report_dict {TOPINST sobel_rgb_green_outline_fixed MODULE2INSTS {sobel_rgb_green_outline_fixed sobel_rgb_green_outline_fixed} INST2MODULE {sobel_rgb_green_outline_fixed sobel_rgb_green_outline_fixed} INSTDATA {sobel_rgb_green_outline_fixed {DEPTH 1 CHILDREN {}}} MODULEDATA {sobel_rgb_green_outline_fixed {BINDINFO {{BINDTYPE op ID {} IMPL fabric LATENCY 0 OPTYPE add PRAGMA {} RTLNAME i_2_fu_278_p2 SOURCE contourDetect.cpp:35 VARIABLE i_2 LOOP OUTER BUNDLEDNAME {} DSP 0 BRAM 0 URAM 0 DISPNAME {bind_op add}} {BINDTYPE op ID {} IMPL fabric LATENCY 0 OPTYPE sub PRAGMA {} RTLNAME sub_ln46_fu_372_p2 SOURCE contourDetect.cpp:46 VARIABLE sub_ln46 LOOP OUTER BUNDLEDNAME {} DSP 0 BRAM 0 URAM 0 DISPNAME {bind_op sub}} {BINDTYPE op ID {} IMPL auto LATENCY 0 OPTYPE mul PRAGMA {} RTLNAME mul_8ns_7ns_14_1_1_U2 SOURCE contourDetect.cpp:46 VARIABLE mul_ln46 LOOP OUTER BUNDLEDNAME {} DSP 0 BRAM 0 URAM 0 DISPNAME {bind_op mul}} {BINDTYPE op ID {} IMPL dsp48 LATENCY 3 OPTYPE mul PRAGMA {} RTLNAME mac_muladd_8ns_4ns_14ns_41_4_1_U6 SOURCE contourDetect.cpp:46 VARIABLE mul_ln46_1 LOOP OUTER BUNDLEDNAME {} DSP 1 BRAM 0 URAM 0 DISPNAME {bind_op mul}} {BINDTYPE op ID {} IMPL dsp48 LATENCY 3 OPTYPE add PRAGMA {} RTLNAME mac_muladd_8ns_4ns_14ns_41_4_1_U6 SOURCE contourDetect.cpp:46 VARIABLE add_ln46 LOOP OUTER BUNDLEDNAME {} DSP 1 BRAM 0 URAM 0 DISPNAME {bind_op add}} {BINDTYPE op ID {} IMPL fabric LATENCY 0 OPTYPE add PRAGMA {} RTLNAME add_ln46_1_fu_386_p2 SOURCE contourDetect.cpp:46 VARIABLE add_ln46_1 LOOP OUTER BUNDLEDNAME {} DSP 0 BRAM 0 URAM 0 DISPNAME {bind_op add}} {BINDTYPE op ID {} IMPL auto LATENCY 2 OPTYPE mul PRAGMA {} RTLNAME mul_41ns_43ns_56_3_1_U1 SOURCE contourDetect.cpp:46 VARIABLE mul_ln46_2 LOOP OUTER BUNDLEDNAME {} DSP 6 BRAM 0 URAM 0 DISPNAME {bind_op mul}} {BINDTYPE op ID {} IMPL fabric LATENCY 0 OPTYPE sub PRAGMA {} RTLNAME sub_ln74_fu_630_p2 SOURCE contourDetect.cpp:74 VARIABLE sub_ln74 LOOP OUTER BUNDLEDNAME {} DSP 0 BRAM 0 URAM 0 DISPNAME {bind_op sub}} {BINDTYPE op ID {} IMPL fabric LATENCY 0 OPTYPE add PRAGMA {} RTLNAME add_ln76_fu_537_p2 SOURCE contourDetect.cpp:76 VARIABLE add_ln76 LOOP OUTER BUNDLEDNAME {} DSP 0 BRAM 0 URAM 0 DISPNAME {bind_op add}} {BINDTYPE op ID {} IMPL fabric LATENCY 0 OPTYPE sub PRAGMA {} RTLNAME sub_ln76_fu_660_p2 SOURCE contourDetect.cpp:76 VARIABLE sub_ln76 LOOP OUTER BUNDLEDNAME {} DSP 0 BRAM 0 URAM 0 DISPNAME {bind_op sub}} {BINDTYPE op ID {} IMPL fabric LATENCY 0 OPTYPE add PRAGMA {} RTLNAME add_ln79_fu_555_p2 SOURCE contourDetect.cpp:79 VARIABLE add_ln79 LOOP OUTER BUNDLEDNAME {} DSP 0 BRAM 0 URAM 0 DISPNAME {bind_op add}} {BINDTYPE op ID {} IMPL fabric LATENCY 0 OPTYPE sub PRAGMA {} RTLNAME sub_ln79_fu_696_p2 SOURCE contourDetect.cpp:79 VARIABLE sub_ln79 LOOP OUTER BUNDLEDNAME {} DSP 0 BRAM 0 URAM 0 DISPNAME {bind_op sub}} {BINDTYPE op ID {} IMPL fabric LATENCY 0 OPTYPE sub PRAGMA {} RTLNAME sub_ln78_fu_702_p2 SOURCE contourDetect.cpp:78 VARIABLE sub_ln78 LOOP OUTER BUNDLEDNAME {} DSP 0 BRAM 0 URAM 0 DISPNAME {bind_op sub}} {BINDTYPE op ID {} IMPL auto LATENCY 0 OPTYPE mul PRAGMA {} RTLNAME mul_11s_11s_21_1_1_U5 SOURCE contourDetect.cpp:81 VARIABLE mul_ln81 LOOP OUTER BUNDLEDNAME {} DSP 1 BRAM 0 URAM 0 DISPNAME {bind_op mul}} {BINDTYPE op ID {} IMPL dsp48 LATENCY 3 OPTYPE mul PRAGMA {} RTLNAME mac_muladd_11s_11s_21s_21_4_1_U7 SOURCE contourDetect.cpp:81 VARIABLE mul_ln81_1 LOOP OUTER BUNDLEDNAME {} DSP 1 BRAM 0 URAM 0 DISPNAME {bind_op mul}} {BINDTYPE op ID {} IMPL dsp48 LATENCY 3 OPTYPE add PRAGMA {} RTLNAME mac_muladd_11s_11s_21s_21_4_1_U7 SOURCE contourDetect.cpp:81 VARIABLE mag_sq LOOP OUTER BUNDLEDNAME {} DSP 1 BRAM 0 URAM 0 DISPNAME {bind_op add}} {BINDTYPE op ID {} IMPL fabric LATENCY 0 OPTYPE add PRAGMA {} RTLNAME col_1_fu_423_p2 SOURCE contourDetect.cpp:102 VARIABLE col_1 LOOP OUTER BUNDLEDNAME {} DSP 0 BRAM 0 URAM 0 DISPNAME {bind_op add}} {BINDTYPE op ID {} IMPL fabric LATENCY 0 OPTYPE add PRAGMA {} RTLNAME add_ln103_fu_566_p2 SOURCE contourDetect.cpp:103 VARIABLE add_ln103 LOOP OUTER BUNDLEDNAME {} DSP 0 BRAM 0 URAM 0 DISPNAME {bind_op add}} {BINDTYPE storage ID {} IMPL auto LATENCY 1 OPTYPE ram_s2p PRAGMA {} RTLNAME sobel_rgb_green_outline_fixed_stream_stream_axis_0_linebuf_1_U SOURCE {} VARIABLE sobel_rgb_green_outline_fixed_stream_stream_axis_0_linebuf_1 LOOP {} BUNDLEDNAME {} DSP 0 BRAM 1 URAM 0 DISPNAME {bind_storage ram_s2p}} {BINDTYPE storage ID {} IMPL auto LATENCY 1 OPTYPE ram_s2p PRAGMA {} RTLNAME sobel_rgb_green_outline_fixed_stream_stream_axis_0_linebuf_U SOURCE {} VARIABLE sobel_rgb_green_outline_fixed_stream_stream_axis_0_linebuf LOOP {} BUNDLEDNAME {} DSP 0 BRAM 1 URAM 0 DISPNAME {bind_storage ram_s2p}}} AREA {DSP 9 BRAM 2 URAM 0}}}}'
INFO-FLOW: DBG:PUTS:      update_csynth_reports json2rpt_hw_sw_interfaces
INFO-FLOW: Running: gen_csynth_sec_pragma
INFO-FLOW: Done: gen_csynth_sec_pragma time: 0 seconds per iteration
INFO-FLOW: DBG:PUTS:      update_csynth_reports wrote xml
INFO-FLOW: DBG:PUTS:      update_csynth_reports appended to csynth rpt file
INFO: [HLS 200-111] Finished Updating report files: CPU user time: 0.19 seconds. CPU system time: 0.02 seconds. Elapsed time: 0.2 seconds; current allocated memory: 228.266 MB.
INFO: [VHDL 208-304] Generating VHDL RTL for sobel_rgb_green_outline_fixed.
INFO: [VLOG 209-307] Generating Verilog RTL for sobel_rgb_green_outline_fixed.
Execute       syn_report -model sobel_rgb_green_outline_fixed -printsummary 
INFO: [HLS 200-790] **** Loop Constraint Status: All loop constraints were satisfied.
INFO: [HLS 200-789] **** Estimated Fmax: 141.24 MHz
Command     autosyn done; 1.16 sec.
Command   csynth_design done; 21.77 sec.
INFO: [HLS 200-111] Finished Command csynth_design CPU user time: 15.83 seconds. CPU system time: 1.02 seconds. Elapsed time: 21.77 seconds; current allocated memory: 38.938 MB.
Command ap_source done; 22.19 sec.
Execute cleanup_all 
INFO-FLOW: Workspace /home/dell3561-49/Vitis_HLS_folder/ContourDetec_ver2/ContourDetect_ver2/solution1 opened at Tue Nov 04 17:04:04 CET 2025
Execute     ap_set_clock -name default -period 10 -default=false 
INFO: [SYN 201-201] Setting up clock 'default' with a period of 10ns.
Execute     set_part xc7z020clg484-1 
Execute       create_platform xc7z020clg484-1 -board  
DBG:HLSDevice: Trying to load device library: /tools/Xilinx/Vitis_HLS/2023.1/lib/lnx64.o/libxv_hlsvwrap.so
DBG:HLSDevice: first parts/arch.xml in RDI_DATADIR: /tools/Xilinx/Vivado/2023.1/data/parts/arch.xml
DBG:HLSDevice: init success
INFO: [HLS 200-1611] Setting target device to 'xc7z020-clg484-1'
Command       create_platform done; 0.18 sec.
Execute       source /tools/Xilinx/Vitis_HLS/2023.1/common/technology/xilinx/common/xilinx.gen 
Execute         source /tools/Xilinx/Vitis_HLS/2023.1/common/technology/xilinx/interface/plb46.gen 
Execute         source /tools/Xilinx/Vitis_HLS/2023.1/common/technology/xilinx/interface/axi4.gen 
Execute         source /tools/Xilinx/Vitis_HLS/2023.1/common/technology/xilinx/interface/nativeAXI4.gen 
Execute           source /tools/Xilinx/Vitis_HLS/2023.1/common/technology/xilinx/interface/saxilite.gen 
Execute         source /tools/Xilinx/Vitis_HLS/2023.1/common/technology/xilinx/scripts/xilinxcoregen.gen 
Execute         source /tools/Xilinx/Vitis_HLS/2023.1/common/technology/xilinx/interface/XilEDKCoreGen.gen 
Execute         source /tools/Xilinx/Vitis_HLS/2023.1/common/technology/xilinx/ip/dds_compiler.gen 
Execute         source /tools/Xilinx/Vitis_HLS/2023.1/common/technology/xilinx/ip/util.gen 
Execute         source /tools/Xilinx/Vitis_HLS/2023.1/common/technology/xilinx/ip/xfft.gen 
Execute         source /tools/Xilinx/Vitis_HLS/2023.1/common/technology/xilinx/ip/xfir.gen 
Execute         source /tools/Xilinx/Vitis_HLS/2023.1/common/technology/xilinx/DSP48/dsp48.gen 
Execute       ap_part_info -name xc7z020-clg484-1 -data info 
Execute       config_compile -quiet -complex-mul-dsp=0 
Command     set_part done; 0.25 sec.
Execute     send_msg_by_id INFO @200-1505@%s%s  vivado 
INFO: [HLS 200-1505] Using flow_target 'vivado'
Execute     send_msg_by_id INFO @200-1464@%s config_export -output=/home/dell3561-49/Vivado_Project_2023.1/ip_repo/ContourDetection 
INFO: [HLS 200-1464] Running solution command: config_export -output=/home/dell3561-49/Vivado_Project_2023.1/ip_repo/ContourDetection
Execute     config_export -output=/home/dell3561-49/Vivado_Project_2023.1/ip_repo/ContourDetection 
Command   open_solution done; 0.3 sec.
Execute   set_part xc7z020clg484-1 
INFO: [HLS 200-1510] Running: set_part xc7z020clg484-1 
Execute     create_platform xc7z020clg484-1 -board  
Execute     source /tools/Xilinx/Vitis_HLS/2023.1/common/technology/xilinx/common/xilinx.gen 
Execute       source /tools/Xilinx/Vitis_HLS/2023.1/common/technology/xilinx/interface/plb46.gen 
Execute       source /tools/Xilinx/Vitis_HLS/2023.1/common/technology/xilinx/interface/axi4.gen 
Execute       source /tools/Xilinx/Vitis_HLS/2023.1/common/technology/xilinx/interface/nativeAXI4.gen 
Execute         source /tools/Xilinx/Vitis_HLS/2023.1/common/technology/xilinx/interface/saxilite.gen 
Execute       source /tools/Xilinx/Vitis_HLS/2023.1/common/technology/xilinx/scripts/xilinxcoregen.gen 
Execute       source /tools/Xilinx/Vitis_HLS/2023.1/common/technology/xilinx/interface/XilEDKCoreGen.gen 
Execute       source /tools/Xilinx/Vitis_HLS/2023.1/common/technology/xilinx/ip/dds_compiler.gen 
Execute       source /tools/Xilinx/Vitis_HLS/2023.1/common/technology/xilinx/ip/util.gen 
Execute       source /tools/Xilinx/Vitis_HLS/2023.1/common/technology/xilinx/ip/xfft.gen 
Execute       source /tools/Xilinx/Vitis_HLS/2023.1/common/technology/xilinx/ip/xfir.gen 
Execute       source /tools/Xilinx/Vitis_HLS/2023.1/common/technology/xilinx/DSP48/dsp48.gen 
Execute     ap_part_info -name xc7z020-clg484-1 -data info 
Execute     config_compile -quiet -complex-mul-dsp=0 
Execute   create_clock -period 10 -name default 
INFO: [HLS 200-1510] Running: create_clock -period 10 -name default 
Execute     ap_set_clock -name default -period 10 -default=false 
INFO: [SYN 201-201] Setting up clock 'default' with a period of 10ns.
Execute   config_export -output /home/dell3561-49/Vivado_Project_2023.1/ip_repo/ContourDetection 
INFO: [HLS 200-1510] Running: config_export -output /home/dell3561-49/Vivado_Project_2023.1/ip_repo/ContourDetection 
Execute   export_design -rtl verilog -format ip_catalog -output /home/dell3561-49/Vivado_Project_2023.1/ip_repo/ContourDetection 
INFO: [HLS 200-1510] Running: export_design -rtl verilog -format ip_catalog -output /home/dell3561-49/Vivado_Project_2023.1/ip_repo/ContourDetection 
Execute     config_export -format=ip_catalog -output=/home/dell3561-49/Vivado_Project_2023.1/ip_repo/ContourDetection -rtl=verilog 
INFO-FLOW: DBG:PUTS: export_design_wrap: -format ip_catalog -rtl verilog
Execute     source /home/dell3561-49/Vitis_HLS_folder/ContourDetec_ver2/ContourDetect_ver2/solution1/.autopilot/db/global.setting.tcl 
INFO-FLOW: DBG:PUTS:   auto_impl: pack: -export -rtl verilog
INFO-FLOW: DBG:PROC: ::AESL_AUTOIMPL::auto_impl args='-export -rtl verilog'
Execute     source /home/dell3561-49/Vitis_HLS_folder/ContourDetec_ver2/ContourDetect_ver2/solution1/.autopilot/db/global.setting.tcl 
INFO: [IMPL 213-8] Exporting RTL as a Vivado IP.
INFO-FLOW: DBG:PUTS: automg_wrap -export -pcore_version 1.00.a -rtl vlog -tool Vivado -impltomg_flag
INFO-FLOW: DBG:PROC: ::AESL_AUTOMG::auto_generate args='-export -pcore_version 1.00.a -rtl vlog -tool Vivado -impltomg_flag'
INFO-FLOW: DBG:PUTS:     auto_generate -export -pcore_version 1.00.a -rtl vlog -tool Vivado -impltomg_flag
Execute     source /home/dell3561-49/Vitis_HLS_folder/ContourDetec_ver2/ContourDetect_ver2/solution1/.autopilot/db/global.setting.tcl 
INFO-FLOW: DBG:PUTS: read_platform_lib /home/dell3561-49/Vitis_HLS_folder/ContourDetec_ver2/ContourDetect_ver2/solution1/.autopilot/db/global.setting.tcl
Execute     source /tools/Xilinx/Vitis_HLS/2023.1/common/technology/generic/autopilot/common.gen 
Execute       source /tools/Xilinx/Vitis_HLS/2023.1/common/technology/generic/autopilot/APCoreGen.gen 
Execute     source /tools/Xilinx/Vitis_HLS/2023.1/common/technology/generic/autopilot/op.gen 
Execute     source /tools/Xilinx/Vitis_HLS/2023.1/common/technology/generic/autopilot/op_simcore.gen 
Execute     source /tools/Xilinx/Vitis_HLS/2023.1/common/technology/generic/autopilot/interface.gen 
Execute     source /home/dell3561-49/Vitis_HLS_folder/ContourDetec_ver2/ContourDetect_ver2/solution1/.autopilot/db/global.setting.tcl 
Execute     source /tools/Xilinx/Vitis_HLS/2023.1/common/technology/xilinx/common/xilinx.gen 
Execute       source /tools/Xilinx/Vitis_HLS/2023.1/common/technology/xilinx/interface/plb46.gen 
Execute       source /tools/Xilinx/Vitis_HLS/2023.1/common/technology/xilinx/interface/axi4.gen 
Execute       source /tools/Xilinx/Vitis_HLS/2023.1/common/technology/xilinx/interface/nativeAXI4.gen 
Execute         source /tools/Xilinx/Vitis_HLS/2023.1/common/technology/xilinx/interface/saxilite.gen 
Execute       source /tools/Xilinx/Vitis_HLS/2023.1/common/technology/xilinx/scripts/xilinxcoregen.gen 
Execute       source /tools/Xilinx/Vitis_HLS/2023.1/common/technology/xilinx/interface/XilEDKCoreGen.gen 
Execute       source /tools/Xilinx/Vitis_HLS/2023.1/common/technology/xilinx/ip/dds_compiler.gen 
Execute       source /tools/Xilinx/Vitis_HLS/2023.1/common/technology/xilinx/ip/util.gen 
Execute       source /tools/Xilinx/Vitis_HLS/2023.1/common/technology/xilinx/ip/xfft.gen 
Execute       source /tools/Xilinx/Vitis_HLS/2023.1/common/technology/xilinx/ip/xfir.gen 
Execute       source /tools/Xilinx/Vitis_HLS/2023.1/common/technology/xilinx/DSP48/dsp48.gen 
INFO-FLOW: DBG:PUTS:   using AESL_AUTOCG::g_clock_period=10.000 (was NA)
INFO-FLOW: DBG:PUTS:       initCTypeInfo top_module=sobel_rgb_green_outline_fixed xml_exists=0
Execute     source /home/dell3561-49/Vitis_HLS_folder/ContourDetec_ver2/ContourDetect_ver2/solution1/.autopilot/db/sobel_rgb_green_outline_fixed.rtl_wrap.cfg.tcl 
Execute     source /home/dell3561-49/Vitis_HLS_folder/ContourDetec_ver2/ContourDetect_ver2/solution1/.autopilot/db/sobel_rgb_green_outline_fixed.rtl_wrap.cfg.tcl 
Execute     source /home/dell3561-49/Vitis_HLS_folder/ContourDetec_ver2/ContourDetect_ver2/solution1/.autopilot/db/sobel_rgb_green_outline_fixed.rtl_wrap.cfg.tcl 
Execute     source /home/dell3561-49/Vitis_HLS_folder/ContourDetec_ver2/ContourDetect_ver2/solution1/.autopilot/db/sobel_rgb_green_outline_fixed.tbgen.tcl 
Execute     source /home/dell3561-49/Vitis_HLS_folder/ContourDetec_ver2/ContourDetect_ver2/solution1/.autopilot/db/sobel_rgb_green_outline_fixed.tbgen.tcl 
Execute     source /home/dell3561-49/Vitis_HLS_folder/ContourDetec_ver2/ContourDetect_ver2/solution1/.autopilot/db/global.setting.tcl 
Execute     source /home/dell3561-49/Vitis_HLS_folder/ContourDetec_ver2/ContourDetect_ver2/solution1/.autopilot/db/sobel_rgb_green_outline_fixed.tbgen.tcl 
INFO-FLOW: DBG:PUTS:       cosim_export_main adding deadlock detection to sobel_rgb_green_outline_fixed
INFO-FLOW: DBG:PUTS: Skipping loadAnalyze_DB, #g_database=14
INFO-FLOW: DBG:PUTS:       generate_json generate_bd_files=0 generate_xo_files=false #modelList=23 #gSsdmPorts=0
INFO-FLOW: DBG:PROC: ::AP::DESIGN_DATA::generate_json generate_bd_files='0' generate_xo_files='false' modelList='sobel_rgb_green_outline_fixed_mul_41ns_43ns_56_3_1
sobel_rgb_green_outline_fixed_mul_8ns_7ns_14_1_1
sobel_rgb_green_outline_fixed_mux_2_1_8_1_1
sobel_rgb_green_outline_fixed_mul_11s_11s_21_1_1
sobel_rgb_green_outline_fixed_mac_muladd_8ns_4ns_14ns_41_4_1
sobel_rgb_green_outline_fixed_mac_muladd_11s_11s_21s_21_4_1
sobel_rgb_green_outline_fixed_sobel_rgb_green_outline_fixed_stream_stream_axis_0_linebuf_1_RAM_AUTO_1R1W
sobel_rgb_green_outline_fixed_regslice_both
sobel_rgb_green_outline_fixed_regslice_both
sobel_rgb_green_outline_fixed_regslice_both
sobel_rgb_green_outline_fixed_regslice_both
sobel_rgb_green_outline_fixed_regslice_both
sobel_rgb_green_outline_fixed_regslice_both
sobel_rgb_green_outline_fixed_regslice_both
sobel_rgb_green_outline_fixed_regslice_both
sobel_rgb_green_outline_fixed_regslice_both
sobel_rgb_green_outline_fixed_regslice_both
sobel_rgb_green_outline_fixed_regslice_both
sobel_rgb_green_outline_fixed_regslice_both
sobel_rgb_green_outline_fixed_regslice_both
sobel_rgb_green_outline_fixed_regslice_both
sobel_rgb_green_outline_fixed_flow_control_loop_pipe_no_ap_cont
sobel_rgb_green_outline_fixed
' rtl_lang='vlog' bootstrap_tcl='false' outdir='' outfilename=''
Execute     source /tools/Xilinx/Vitis_HLS/2023.1/tps/tcl/tcllib1.11.1/yaml/huddle.tcl 
Execute     source /tools/Xilinx/Vitis_HLS/2023.1/tps/tcl/tcllib1.11.1/yaml/json2huddle.tcl 
Execute       source /tools/Xilinx/Vitis_HLS/2023.1/tps/tcl/tcllib1.11.1/try/try.tcl 
Execute     source /home/dell3561-49/Vitis_HLS_folder/ContourDetec_ver2/ContourDetect_ver2/solution1/.autopilot/db/global.setting.tcl 
Execute     source /home/dell3561-49/Vitis_HLS_folder/ContourDetec_ver2/ContourDetect_ver2/solution1/.autopilot/db/global.setting.tcl 
Execute     source /home/dell3561-49/Vitis_HLS_folder/ContourDetec_ver2/ContourDetect_ver2/solution1/.autopilot/db/top-io-be.tcl 
Execute     source /home/dell3561-49/Vitis_HLS_folder/ContourDetec_ver2/ContourDetect_ver2/solution1/.autopilot/db/sobel_rgb_green_outline_fixed.tbgen.tcl 
Execute     source /home/dell3561-49/Vitis_HLS_folder/ContourDetec_ver2/ContourDetect_ver2/solution1/.autopilot/db/sobel_rgb_green_outline_fixed.rtl_wrap.cfg.tcl 
Execute     source /home/dell3561-49/Vitis_HLS_folder/ContourDetec_ver2/ContourDetect_ver2/solution1/.autopilot/db/sobel_rgb_green_outline_fixed.compgen.dataonly.tcl 
Execute     source /home/dell3561-49/Vitis_HLS_folder/ContourDetec_ver2/ContourDetect_ver2/solution1/.autopilot/db/sobel_rgb_green_outline_fixed.tbgen.tcl 
Execute     source /home/dell3561-49/Vitis_HLS_folder/ContourDetec_ver2/ContourDetect_ver2/solution1/.autopilot/db/global.setting.tcl 
Execute     ap_part_info -name xc7z020-clg484-1 -data names -quiet 
Execute     ap_part_info -name xc7z020-clg484-1 -data info -quiet 
Execute     source /home/dell3561-49/Vitis_HLS_folder/ContourDetec_ver2/ContourDetect_ver2/solution1/.autopilot/db/sobel_rgb_green_outline_fixed.constraint.tcl 
Execute     sc_get_clocks sobel_rgb_green_outline_fixed 
Execute     source /home/dell3561-49/Vitis_HLS_folder/ContourDetec_ver2/ContourDetect_ver2/solution1/.autopilot/db/global.setting.tcl 
Execute     source /home/dell3561-49/Vitis_HLS_folder/ContourDetec_ver2/ContourDetect_ver2/solution1/.autopilot/db/global.setting.tcl 
Execute     source /home/dell3561-49/Vitis_HLS_folder/ContourDetec_ver2/ContourDetect_ver2/solution1/.autopilot/db/sobel_rgb_green_outline_fixed.tbgen.tcl 
INFO-FLOW: DBG:PUTS:       cosim_export_main adding deadlock detection to sobel_rgb_green_outline_fixed
INFO-FLOW: DBG:PUTS:       generate_ip_script #gSsdmPorts=0 g_lang=vlog is_sdaccel=false is_sdsoc=true xo_file=
Execute     ap_part_info -name xc7z020-clg484-1 -data names -quiet 
Execute     ap_part_info -name xc7z020-clg484-1 -data info -quiet 
Execute     ap_part_info -name xc7z020-clg484-1 -data names -quiet 
Execute     ap_part_info -name xc7z020-clg484-1 -data info -quiet 
Execute     source /home/dell3561-49/Vitis_HLS_folder/ContourDetec_ver2/ContourDetect_ver2/solution1/.autopilot/db/sobel_rgb_green_outline_fixed.tbgen.tcl 
Execute     source /home/dell3561-49/Vitis_HLS_folder/ContourDetec_ver2/ContourDetect_ver2/solution1/.autopilot/db/sobel_rgb_green_outline_fixed.tbgen.tcl 
Execute     source /home/dell3561-49/Vitis_HLS_folder/ContourDetec_ver2/ContourDetect_ver2/solution1/.autopilot/db/sobel_rgb_green_outline_fixed.tbgen.tcl 
Execute     source /home/dell3561-49/Vitis_HLS_folder/ContourDetec_ver2/ContourDetect_ver2/solution1/.autopilot/db/sobel_rgb_green_outline_fixed.tbgen.tcl 
Execute     source /home/dell3561-49/Vitis_HLS_folder/ContourDetec_ver2/ContourDetect_ver2/solution1/.autopilot/db/sobel_rgb_green_outline_fixed.tbgen.tcl 
Execute     source /home/dell3561-49/Vitis_HLS_folder/ContourDetec_ver2/ContourDetect_ver2/solution1/.autopilot/db/sobel_rgb_green_outline_fixed.tbgen.tcl 
Execute     source /home/dell3561-49/Vitis_HLS_folder/ContourDetec_ver2/ContourDetect_ver2/solution1/.autopilot/db/sobel_rgb_green_outline_fixed.tbgen.tcl 
Execute     source /home/dell3561-49/Vitis_HLS_folder/ContourDetec_ver2/ContourDetect_ver2/solution1/.autopilot/db/sobel_rgb_green_outline_fixed.tbgen.tcl 
Execute     source /home/dell3561-49/Vitis_HLS_folder/ContourDetec_ver2/ContourDetect_ver2/solution1/.autopilot/db/global.setting.tcl 
INFO-FLOW: DBG:PUTS:       generate_top_info
INFO-FLOW: DBG:PUTS:       prepArgInfo -> loadAnalyze_DB top_module=sobel_rgb_green_outline_fixed
Execute     source /home/dell3561-49/Vitis_HLS_folder/ContourDetec_ver2/ContourDetect_ver2/solution1/.autopilot/db/sobel_rgb_green_outline_fixed.rtl_wrap.cfg.tcl 
Execute     source /home/dell3561-49/Vitis_HLS_folder/ContourDetec_ver2/ContourDetect_ver2/solution1/.autopilot/db/sobel_rgb_green_outline_fixed.rtl_wrap.cfg.tcl 
Execute     source /home/dell3561-49/Vitis_HLS_folder/ContourDetec_ver2/ContourDetect_ver2/solution1/.autopilot/db/sobel_rgb_green_outline_fixed.rtl_wrap.cfg.tcl 
Execute     source /home/dell3561-49/Vitis_HLS_folder/ContourDetec_ver2/ContourDetect_ver2/solution1/.autopilot/db/sobel_rgb_green_outline_fixed.tbgen.tcl 
Execute     source /home/dell3561-49/Vitis_HLS_folder/ContourDetec_ver2/ContourDetect_ver2/solution1/.autopilot/db/sobel_rgb_green_outline_fixed.tbgen.tcl 
Execute     ap_part_info -name xc7z020-clg484-1 -data names -quiet 
Execute     ap_part_info -name xc7z020-clg484-1 -data info -quiet 
Execute     ap_part_info -name xc7z020-clg484-1 -data names -quiet 
Execute     ap_part_info -name xc7z020-clg484-1 -data info -quiet 
Execute     source /home/dell3561-49/Vitis_HLS_folder/ContourDetec_ver2/ContourDetect_ver2/solution1/.autopilot/db/sobel_rgb_green_outline_fixed.tbgen.tcl 
Execute     source /home/dell3561-49/Vitis_HLS_folder/ContourDetec_ver2/ContourDetect_ver2/solution1/.autopilot/db/global.setting.tcl 
Execute     source /home/dell3561-49/Vitis_HLS_folder/ContourDetec_ver2/ContourDetect_ver2/solution1/.autopilot/db/sobel_rgb_green_outline_fixed.constraint.tcl 
INFO-FLOW: DBG:PUTS:       generate_syn_sh
Execute     ap_part_info -name xc7z020-clg484-1 -data names -quiet 
Execute     ap_part_info -name xc7z020-clg484-1 -data info -quiet 
Execute     source /home/dell3561-49/Vitis_HLS_folder/ContourDetec_ver2/ContourDetect_ver2/solution1/.autopilot/db/global.setting.tcl 
INFO-FLOW: DBG:PUTS:       generate_imp_constraints
Execute     ap_part_info -name xc7z020-clg484-1 -data names -quiet 
Execute     ap_part_info -name xc7z020-clg484-1 -data info -quiet 
Execute     source /home/dell3561-49/Vitis_HLS_folder/ContourDetec_ver2/ContourDetect_ver2/solution1/.autopilot/db/sobel_rgb_green_outline_fixed.constraint.tcl 
Execute     source /home/dell3561-49/Vitis_HLS_folder/ContourDetec_ver2/ContourDetect_ver2/solution1/.autopilot/db/sobel_rgb_green_outline_fixed.tbgen.tcl 
INFO-FLOW: DBG:PUTS:       delete-temp-dirs (skipped for debug)
Execute     ap_part_info -name xc7z020-clg484-1 -data names -quiet 
Execute     ap_part_info -name xc7z020-clg484-1 -data info -quiet 
INFO-FLOW: DBG:PUTS: read_platform_lib /home/dell3561-49/Vitis_HLS_folder/ContourDetec_ver2/ContourDetect_ver2/solution1/.autopilot/db/global.setting.tcl
Execute     source /tools/Xilinx/Vitis_HLS/2023.1/common/technology/generic/autopilot/common.gen 
Execute       source /tools/Xilinx/Vitis_HLS/2023.1/common/technology/generic/autopilot/APCoreGen.gen 
Execute     source /tools/Xilinx/Vitis_HLS/2023.1/common/technology/generic/autopilot/op.gen 
Execute     source /tools/Xilinx/Vitis_HLS/2023.1/common/technology/generic/autopilot/op_simcore.gen 
Execute     source /tools/Xilinx/Vitis_HLS/2023.1/common/technology/generic/autopilot/interface.gen 
Execute     source /home/dell3561-49/Vitis_HLS_folder/ContourDetec_ver2/ContourDetect_ver2/solution1/.autopilot/db/global.setting.tcl 
Execute     source /tools/Xilinx/Vitis_HLS/2023.1/common/technology/xilinx/common/xilinx.gen 
Execute       source /tools/Xilinx/Vitis_HLS/2023.1/common/technology/xilinx/interface/plb46.gen 
Execute       source /tools/Xilinx/Vitis_HLS/2023.1/common/technology/xilinx/interface/axi4.gen 
Execute       source /tools/Xilinx/Vitis_HLS/2023.1/common/technology/xilinx/interface/nativeAXI4.gen 
Execute         source /tools/Xilinx/Vitis_HLS/2023.1/common/technology/xilinx/interface/saxilite.gen 
Execute       source /tools/Xilinx/Vitis_HLS/2023.1/common/technology/xilinx/scripts/xilinxcoregen.gen 
Execute       source /tools/Xilinx/Vitis_HLS/2023.1/common/technology/xilinx/interface/XilEDKCoreGen.gen 
Execute       source /tools/Xilinx/Vitis_HLS/2023.1/common/technology/xilinx/ip/dds_compiler.gen 
Execute       source /tools/Xilinx/Vitis_HLS/2023.1/common/technology/xilinx/ip/util.gen 
Execute       source /tools/Xilinx/Vitis_HLS/2023.1/common/technology/xilinx/ip/xfft.gen 
Execute       source /tools/Xilinx/Vitis_HLS/2023.1/common/technology/xilinx/ip/xfir.gen 
Execute       source /tools/Xilinx/Vitis_HLS/2023.1/common/technology/xilinx/DSP48/dsp48.gen 
INFO-FLOW: DBG:PUTS:     IP package: exec /home/dell3561-49/Vitis_HLS_folder/ContourDetec_ver2/ContourDetect_ver2/solution1/impl/ip/pack.sh
INFO-FLOW: DBG:PUTS:     IP package: success /home/dell3561-49/Vitis_HLS_folder/ContourDetec_ver2/ContourDetect_ver2/solution1/impl/ip/pack.sh
Execute     send_msg_by_id INFO @200-802@%s /home/dell3561-49/Vivado_Project_2023.1/ip_repo/ContourDetection/export.zip 
INFO: [HLS 200-802] Generated output file /home/dell3561-49/Vivado_Project_2023.1/ip_repo/ContourDetection/export.zip
Command   export_design done; 13.12 sec.
INFO: [HLS 200-111] Finished Command export_design CPU user time: 9.23 seconds. CPU system time: 0.58 seconds. Elapsed time: 13.12 seconds; current allocated memory: 6.840 MB.
Command ap_source done; 13.5 sec.
Execute cleanup_all 
