/home/dell3561-49/Vitis_HLS_folder/ContourDetec_ver2/ContourDetect_ver2/solution1/.autopilot/db/contourDetect.pp.0.cpp:1452:7: warning: Added loop label VITIS_LOOP_1213_1:   [xilinx-label-all-loops]
      for (i = 0; i < __N - 1; ++i) {
      ^~~
      VITIS_LOOP_1213_1: 
/home/dell3561-49/Vitis_HLS_folder/ContourDetec_ver2/ContourDetect_ver2/solution1/.autopilot/db/contourDetect.pp.0.cpp:1452:7: note: FIX-IT applied suggested code changes
/home/dell3561-49/Vitis_HLS_folder/ContourDetec_ver2/ContourDetect_ver2/solution1/.autopilot/db/contourDetect.pp.0.cpp:2426:5: warning: Added loop label VITIS_LOOP_676_1:   [xilinx-label-all-loops]
    for (unsigned i = low; i != high; ++i) {
    ^~~
    VITIS_LOOP_676_1: 
/home/dell3561-49/Vitis_HLS_folder/ContourDetec_ver2/ContourDetect_ver2/solution1/.autopilot/db/contourDetect.pp.0.cpp:2426:5: note: FIX-IT applied suggested code changes
/home/dell3561-49/Vitis_HLS_folder/ContourDetec_ver2/ContourDetect_ver2/solution1/.autopilot/db/contourDetect.pp.0.cpp:2440:5: warning: Added loop label VITIS_LOOP_690_1:   [xilinx-label-all-loops]
    for (unsigned i = low; i != high; ++i) {
    ^~~
    VITIS_LOOP_690_1: 
/home/dell3561-49/Vitis_HLS_folder/ContourDetec_ver2/ContourDetect_ver2/solution1/.autopilot/db/contourDetect.pp.0.cpp:2440:5: note: FIX-IT applied suggested code changes
/home/dell3561-49/Vitis_HLS_folder/ContourDetec_ver2/ContourDetect_ver2/solution1/.autopilot/db/contourDetect.pp.0.cpp:2454:5: warning: Added loop label VITIS_LOOP_704_1:   [xilinx-label-all-loops]
    for (unsigned i = low; i != high; ++i) {
    ^~~
    VITIS_LOOP_704_1: 
/home/dell3561-49/Vitis_HLS_folder/ContourDetec_ver2/ContourDetect_ver2/solution1/.autopilot/db/contourDetect.pp.0.cpp:2454:5: note: FIX-IT applied suggested code changes
/home/dell3561-49/Vitis_HLS_folder/ContourDetec_ver2/ContourDetect_ver2/solution1/.autopilot/db/contourDetect.pp.0.cpp:4065:7: warning: Added loop label VITIS_LOOP_1247_1:   [xilinx-label-all-loops]
      for (i = 0; i < __N - 1; ++i) {
      ^~~
      VITIS_LOOP_1247_1: 
/home/dell3561-49/Vitis_HLS_folder/ContourDetec_ver2/ContourDetect_ver2/solution1/.autopilot/db/contourDetect.pp.0.cpp:4065:7: note: FIX-IT applied suggested code changes
/home/dell3561-49/Vitis_HLS_folder/ContourDetec_ver2/ContourDetect_ver2/solution1/.autopilot/db/contourDetect.pp.0.cpp:16201:72: error: Invalid Directive: for current device, ROM_1P + LUTRAM is invalid combination for BIND_STORAGE's option 'type + impl' [clang-diagnostic-error]
#pragma HLS BIND_STORAGE variable=fourth_order_double::sin_cos_K0 type=ROM_1P impl=LUTRAM
                                                                       ^
/home/dell3561-49/Vitis_HLS_folder/ContourDetec_ver2/ContourDetect_ver2/solution1/.autopilot/db/contourDetect.pp.0.cpp:16202:72: error: Invalid Directive: for current device, ROM_1P + LUTRAM is invalid combination for BIND_STORAGE's option 'type + impl' [clang-diagnostic-error]
#pragma HLS BIND_STORAGE variable=fourth_order_double::sin_cos_K1 type=ROM_1P impl=LUTRAM
                                                                       ^
/home/dell3561-49/Vitis_HLS_folder/ContourDetec_ver2/ContourDetect_ver2/solution1/.autopilot/db/contourDetect.pp.0.cpp:16203:72: error: Invalid Directive: for current device, ROM_1P + LUTRAM is invalid combination for BIND_STORAGE's option 'type + impl' [clang-diagnostic-error]
#pragma HLS BIND_STORAGE variable=fourth_order_double::sin_cos_K2 type=ROM_1P impl=LUTRAM
                                                                       ^
/home/dell3561-49/Vitis_HLS_folder/ContourDetec_ver2/ContourDetect_ver2/solution1/.autopilot/db/contourDetect.pp.0.cpp:16204:72: error: Invalid Directive: for current device, ROM_1P + LUTRAM is invalid combination for BIND_STORAGE's option 'type + impl' [clang-diagnostic-error]
#pragma HLS BIND_STORAGE variable=fourth_order_double::sin_cos_K3 type=ROM_1P impl=LUTRAM
                                                                       ^
/home/dell3561-49/Vitis_HLS_folder/ContourDetec_ver2/ContourDetect_ver2/solution1/.autopilot/db/contourDetect.pp.0.cpp:16205:72: error: Invalid Directive: for current device, ROM_1P + LUTRAM is invalid combination for BIND_STORAGE's option 'type + impl' [clang-diagnostic-error]
#pragma HLS BIND_STORAGE variable=fourth_order_double::sin_cos_K4 type=ROM_1P impl=LUTRAM
                                                                       ^
/home/dell3561-49/Vitis_HLS_folder/ContourDetec_ver2/ContourDetect_ver2/solution1/.autopilot/db/contourDetect.pp.0.cpp:16235:68: error: Invalid Directive: for current device, ROM_1P + LUTRAM is invalid combination for BIND_STORAGE's option 'type + impl' [clang-diagnostic-error]
#pragma HLS BIND_STORAGE variable=fourth_order_double::cos_K0 type=ROM_1P impl=LUTRAM
                                                                   ^
/home/dell3561-49/Vitis_HLS_folder/ContourDetec_ver2/ContourDetect_ver2/solution1/.autopilot/db/contourDetect.pp.0.cpp:16236:68: error: Invalid Directive: for current device, ROM_1P + LUTRAM is invalid combination for BIND_STORAGE's option 'type + impl' [clang-diagnostic-error]
#pragma HLS BIND_STORAGE variable=fourth_order_double::cos_K1 type=ROM_1P impl=LUTRAM
                                                                   ^
/home/dell3561-49/Vitis_HLS_folder/ContourDetec_ver2/ContourDetect_ver2/solution1/.autopilot/db/contourDetect.pp.0.cpp:16237:68: error: Invalid Directive: for current device, ROM_1P + LUTRAM is invalid combination for BIND_STORAGE's option 'type + impl' [clang-diagnostic-error]
#pragma HLS BIND_STORAGE variable=fourth_order_double::cos_K2 type=ROM_1P impl=LUTRAM
                                                                   ^
/home/dell3561-49/Vitis_HLS_folder/ContourDetec_ver2/ContourDetect_ver2/solution1/.autopilot/db/contourDetect.pp.0.cpp:16238:68: error: Invalid Directive: for current device, ROM_1P + LUTRAM is invalid combination for BIND_STORAGE's option 'type + impl' [clang-diagnostic-error]
#pragma HLS BIND_STORAGE variable=fourth_order_double::cos_K3 type=ROM_1P impl=LUTRAM
                                                                   ^
/home/dell3561-49/Vitis_HLS_folder/ContourDetec_ver2/ContourDetect_ver2/solution1/.autopilot/db/contourDetect.pp.0.cpp:16239:68: error: Invalid Directive: for current device, ROM_1P + LUTRAM is invalid combination for BIND_STORAGE's option 'type + impl' [clang-diagnostic-error]
#pragma HLS BIND_STORAGE variable=fourth_order_double::cos_K4 type=ROM_1P impl=LUTRAM
                                                                   ^
/home/dell3561-49/Vitis_HLS_folder/ContourDetec_ver2/ContourDetect_ver2/solution1/.autopilot/db/contourDetect.pp.0.cpp:16240:68: error: Invalid Directive: for current device, ROM_1P + LUTRAM is invalid combination for BIND_STORAGE's option 'type + impl' [clang-diagnostic-error]
#pragma HLS BIND_STORAGE variable=fourth_order_double::sin_K0 type=ROM_1P impl=LUTRAM
                                                                   ^
/home/dell3561-49/Vitis_HLS_folder/ContourDetec_ver2/ContourDetect_ver2/solution1/.autopilot/db/contourDetect.pp.0.cpp:16241:68: error: Invalid Directive: for current device, ROM_1P + LUTRAM is invalid combination for BIND_STORAGE's option 'type + impl' [clang-diagnostic-error]
#pragma HLS BIND_STORAGE variable=fourth_order_double::sin_K1 type=ROM_1P impl=LUTRAM
                                                                   ^
/home/dell3561-49/Vitis_HLS_folder/ContourDetec_ver2/ContourDetect_ver2/solution1/.autopilot/db/contourDetect.pp.0.cpp:16242:68: error: Invalid Directive: for current device, ROM_1P + LUTRAM is invalid combination for BIND_STORAGE's option 'type + impl' [clang-diagnostic-error]
#pragma HLS BIND_STORAGE variable=fourth_order_double::sin_K2 type=ROM_1P impl=LUTRAM
                                                                   ^
/home/dell3561-49/Vitis_HLS_folder/ContourDetec_ver2/ContourDetect_ver2/solution1/.autopilot/db/contourDetect.pp.0.cpp:16243:68: error: Invalid Directive: for current device, ROM_1P + LUTRAM is invalid combination for BIND_STORAGE's option 'type + impl' [clang-diagnostic-error]
#pragma HLS BIND_STORAGE variable=fourth_order_double::sin_K3 type=ROM_1P impl=LUTRAM
                                                                   ^
/home/dell3561-49/Vitis_HLS_folder/ContourDetec_ver2/ContourDetect_ver2/solution1/.autopilot/db/contourDetect.pp.0.cpp:16244:68: error: Invalid Directive: for current device, ROM_1P + LUTRAM is invalid combination for BIND_STORAGE's option 'type + impl' [clang-diagnostic-error]
#pragma HLS BIND_STORAGE variable=fourth_order_double::sin_K4 type=ROM_1P impl=LUTRAM
                                                                   ^
/home/dell3561-49/Vitis_HLS_folder/ContourDetec_ver2/ContourDetect_ver2/solution1/.autopilot/db/contourDetect.pp.0.cpp:16294:71: error: Invalid Directive: for current device, ROM_1P + LUTRAM is invalid combination for BIND_STORAGE's option 'type + impl' [clang-diagnostic-error]
#pragma HLS BIND_STORAGE variable=second_order_float::sin_cos_K0 type=ROM_1P impl=LUTRAM
                                                                      ^
/home/dell3561-49/Vitis_HLS_folder/ContourDetec_ver2/ContourDetect_ver2/solution1/.autopilot/db/contourDetect.pp.0.cpp:16295:71: error: Invalid Directive: for current device, ROM_1P + LUTRAM is invalid combination for BIND_STORAGE's option 'type + impl' [clang-diagnostic-error]
#pragma HLS BIND_STORAGE variable=second_order_float::sin_cos_K1 type=ROM_1P impl=LUTRAM
                                                                      ^
/home/dell3561-49/Vitis_HLS_folder/ContourDetec_ver2/ContourDetect_ver2/solution1/.autopilot/db/contourDetect.pp.0.cpp:16296:71: error: Invalid Directive: for current device, ROM_1P + LUTRAM is invalid combination for BIND_STORAGE's option 'type + impl' [clang-diagnostic-error]
#pragma HLS BIND_STORAGE variable=second_order_float::sin_cos_K2 type=ROM_1P impl=LUTRAM
                                                                      ^
/home/dell3561-49/Vitis_HLS_folder/ContourDetec_ver2/ContourDetect_ver2/solution1/.autopilot/db/contourDetect.pp.0.cpp:16323:67: error: Invalid Directive: for current device, ROM_1P + LUTRAM is invalid combination for BIND_STORAGE's option 'type + impl' [clang-diagnostic-error]
#pragma HLS BIND_STORAGE variable=second_order_float::cos_K0 type=ROM_1P impl=LUTRAM
                                                                  ^
/home/dell3561-49/Vitis_HLS_folder/ContourDetec_ver2/ContourDetect_ver2/solution1/.autopilot/db/contourDetect.pp.0.cpp:16324:67: error: Invalid Directive: for current device, ROM_1P + LUTRAM is invalid combination for BIND_STORAGE's option 'type + impl' [clang-diagnostic-error]
#pragma HLS BIND_STORAGE variable=second_order_float::cos_K1 type=ROM_1P impl=LUTRAM
                                                                  ^
/home/dell3561-49/Vitis_HLS_folder/ContourDetec_ver2/ContourDetect_ver2/solution1/.autopilot/db/contourDetect.pp.0.cpp:16325:67: error: Invalid Directive: for current device, ROM_1P + LUTRAM is invalid combination for BIND_STORAGE's option 'type + impl' [clang-diagnostic-error]
#pragma HLS BIND_STORAGE variable=second_order_float::cos_K2 type=ROM_1P impl=LUTRAM
                                                                  ^
/home/dell3561-49/Vitis_HLS_folder/ContourDetec_ver2/ContourDetect_ver2/solution1/.autopilot/db/contourDetect.pp.0.cpp:16326:67: error: Invalid Directive: for current device, ROM_1P + LUTRAM is invalid combination for BIND_STORAGE's option 'type + impl' [clang-diagnostic-error]
#pragma HLS BIND_STORAGE variable=second_order_float::sin_K0 type=ROM_1P impl=LUTRAM
                                                                  ^
/home/dell3561-49/Vitis_HLS_folder/ContourDetec_ver2/ContourDetect_ver2/solution1/.autopilot/db/contourDetect.pp.0.cpp:16327:67: error: Invalid Directive: for current device, ROM_1P + LUTRAM is invalid combination for BIND_STORAGE's option 'type + impl' [clang-diagnostic-error]
#pragma HLS BIND_STORAGE variable=second_order_float::sin_K1 type=ROM_1P impl=LUTRAM
                                                                  ^
/home/dell3561-49/Vitis_HLS_folder/ContourDetec_ver2/ContourDetect_ver2/solution1/.autopilot/db/contourDetect.pp.0.cpp:16328:67: error: Invalid Directive: for current device, ROM_1P + LUTRAM is invalid combination for BIND_STORAGE's option 'type + impl' [clang-diagnostic-error]
#pragma HLS BIND_STORAGE variable=second_order_float::sin_K2 type=ROM_1P impl=LUTRAM
                                                                  ^
/home/dell3561-49/Vitis_HLS_folder/ContourDetec_ver2/ContourDetect_ver2/solution1/.autopilot/db/contourDetect.pp.0.cpp:16364:73: error: Invalid Directive: for current device, ROM_1P + LUTRAM is invalid combination for BIND_STORAGE's option 'type + impl' [clang-diagnostic-error]
#pragma HLS BIND_STORAGE variable=first_order_fixed_16::sin_cos_K0 type=ROM_1P impl=LUTRAM
                                                                        ^
/home/dell3561-49/Vitis_HLS_folder/ContourDetec_ver2/ContourDetect_ver2/solution1/.autopilot/db/contourDetect.pp.0.cpp:16365:73: error: Invalid Directive: for current device, ROM_1P + LUTRAM is invalid combination for BIND_STORAGE's option 'type + impl' [clang-diagnostic-error]
#pragma HLS BIND_STORAGE variable=first_order_fixed_16::sin_cos_K1 type=ROM_1P impl=LUTRAM
                                                                        ^
/home/dell3561-49/Vitis_HLS_folder/ContourDetec_ver2/ContourDetect_ver2/solution1/.autopilot/db/contourDetect.pp.0.cpp:16639:5: warning: Added loop label VITIS_LOOP_87_1:   [xilinx-label-all-loops]
    for (int n=0; n<Nmax; n++){
    ^~~
    VITIS_LOOP_87_1: 
/home/dell3561-49/Vitis_HLS_folder/ContourDetec_ver2/ContourDetect_ver2/solution1/.autopilot/db/contourDetect.pp.0.cpp:16639:5: note: FIX-IT applied suggested code changes
/home/dell3561-49/Vitis_HLS_folder/ContourDetec_ver2/ContourDetect_ver2/solution1/.autopilot/db/contourDetect.pp.0.cpp:16685:5: warning: Added loop label VITIS_LOOP_143_1:   [xilinx-label-all-loops]
    for (int n=0; n<Nmax; n++){
    ^~~
    VITIS_LOOP_143_1: 
/home/dell3561-49/Vitis_HLS_folder/ContourDetec_ver2/ContourDetect_ver2/solution1/.autopilot/db/contourDetect.pp.0.cpp:16685:5: note: FIX-IT applied suggested code changes
/home/dell3561-49/Vitis_HLS_folder/ContourDetec_ver2/ContourDetect_ver2/solution1/.autopilot/db/contourDetect.pp.0.cpp:16848:9: warning: Added loop label VITIS_LOOP_315_1:   [xilinx-label-all-loops]
        for(int i=0;i<W-1;i++){
        ^~~
        VITIS_LOOP_315_1: 
/home/dell3561-49/Vitis_HLS_folder/ContourDetec_ver2/ContourDetect_ver2/solution1/.autopilot/db/contourDetect.pp.0.cpp:16848:9: note: FIX-IT applied suggested code changes
/home/dell3561-49/Vitis_HLS_folder/ContourDetec_ver2/ContourDetect_ver2/solution1/.autopilot/db/contourDetect.pp.0.cpp:17000:9: warning: Added loop label VITIS_LOOP_475_1:   [xilinx-label-all-loops]
        for(int i=0;i<W-1;i++){
        ^~~
        VITIS_LOOP_475_1: 
/home/dell3561-49/Vitis_HLS_folder/ContourDetec_ver2/ContourDetect_ver2/solution1/.autopilot/db/contourDetect.pp.0.cpp:17000:9: note: FIX-IT applied suggested code changes
/home/dell3561-49/Vitis_HLS_folder/ContourDetec_ver2/ContourDetect_ver2/solution1/.autopilot/db/contourDetect.pp.0.cpp:17180:5: warning: Added loop label VITIS_LOOP_655_1:   [xilinx-label-all-loops]
    for(int i=0;i<W+1;i++){
    ^~~
    VITIS_LOOP_655_1: 
/home/dell3561-49/Vitis_HLS_folder/ContourDetec_ver2/ContourDetect_ver2/solution1/.autopilot/db/contourDetect.pp.0.cpp:17180:5: note: FIX-IT applied suggested code changes
/home/dell3561-49/Vitis_HLS_folder/ContourDetec_ver2/ContourDetect_ver2/solution1/.autopilot/db/contourDetect.pp.0.cpp:17184:5: warning: Added loop label VITIS_LOOP_659_2:   [xilinx-label-all-loops]
    for(int i=0;i<W+1;i++){
    ^~~
    VITIS_LOOP_659_2: 
/home/dell3561-49/Vitis_HLS_folder/ContourDetec_ver2/ContourDetect_ver2/solution1/.autopilot/db/contourDetect.pp.0.cpp:17184:5: note: FIX-IT applied suggested code changes
/home/dell3561-49/Vitis_HLS_folder/ContourDetec_ver2/ContourDetect_ver2/solution1/.autopilot/db/contourDetect.pp.0.cpp:17294:5: warning: Added loop label VITIS_LOOP_769_1:   [xilinx-label-all-loops]
    for (int n=0; n<Nmax; n++){
    ^~~
    VITIS_LOOP_769_1: 
/home/dell3561-49/Vitis_HLS_folder/ContourDetec_ver2/ContourDetect_ver2/solution1/.autopilot/db/contourDetect.pp.0.cpp:17294:5: note: FIX-IT applied suggested code changes
/home/dell3561-49/Vitis_HLS_folder/ContourDetec_ver2/ContourDetect_ver2/solution1/.autopilot/db/contourDetect.pp.0.cpp:17384:7: warning: Added loop label VITIS_LOOP_866_1:   [xilinx-label-all-loops]
      for(int i=0;i<W-1;i++){
      ^~~
      VITIS_LOOP_866_1: 
/home/dell3561-49/Vitis_HLS_folder/ContourDetec_ver2/ContourDetect_ver2/solution1/.autopilot/db/contourDetect.pp.0.cpp:17384:7: note: FIX-IT applied suggested code changes
/home/dell3561-49/Vitis_HLS_folder/ContourDetec_ver2/ContourDetect_ver2/solution1/.autopilot/db/contourDetect.pp.0.cpp:17403:7: warning: Added loop label VITIS_LOOP_885_2:   [xilinx-label-all-loops]
      for(int i=0;i<W-1;i++){
      ^~~
      VITIS_LOOP_885_2: 
/home/dell3561-49/Vitis_HLS_folder/ContourDetec_ver2/ContourDetect_ver2/solution1/.autopilot/db/contourDetect.pp.0.cpp:17403:7: note: FIX-IT applied suggested code changes
/home/dell3561-49/Vitis_HLS_folder/ContourDetec_ver2/ContourDetect_ver2/solution1/.autopilot/db/contourDetect.pp.0.cpp:17693:5: warning: Added loop label VITIS_LOOP_1199_1:   [xilinx-label-all-loops]
    for(int i=0; i<Nmax; i++) {
    ^~~
    VITIS_LOOP_1199_1: 
/home/dell3561-49/Vitis_HLS_folder/ContourDetec_ver2/ContourDetect_ver2/solution1/.autopilot/db/contourDetect.pp.0.cpp:17693:5: note: FIX-IT applied suggested code changes
/home/dell3561-49/Vitis_HLS_folder/ContourDetec_ver2/ContourDetect_ver2/solution1/.autopilot/db/contourDetect.pp.0.cpp:17776:5: warning: Added loop label VITIS_LOOP_1282_1:   [xilinx-label-all-loops]
    for(int i=0; i<Nmax; i++) {
    ^~~
    VITIS_LOOP_1282_1: 
/home/dell3561-49/Vitis_HLS_folder/ContourDetec_ver2/ContourDetect_ver2/solution1/.autopilot/db/contourDetect.pp.0.cpp:17776:5: note: FIX-IT applied suggested code changes
/home/dell3561-49/Vitis_HLS_folder/ContourDetec_ver2/ContourDetect_ver2/solution1/.autopilot/db/contourDetect.pp.0.cpp:18182:13: warning: Added loop label VITIS_LOOP_94_1:   [xilinx-label-all-loops]
            for (int j = 3; j >= I_+1; j--) {
            ^~~
            VITIS_LOOP_94_1: 
/home/dell3561-49/Vitis_HLS_folder/ContourDetec_ver2/ContourDetect_ver2/solution1/.autopilot/db/contourDetect.pp.0.cpp:18182:13: note: FIX-IT applied suggested code changes
/home/dell3561-49/Vitis_HLS_folder/ContourDetec_ver2/ContourDetect_ver2/solution1/.autopilot/db/contourDetect.pp.0.cpp:18188:17: warning: Added loop label VITIS_LOOP_100_2:   [xilinx-label-all-loops]
                for (int j = 3; j >= I_+1; j--){
                ^~~
                VITIS_LOOP_100_2: 
/home/dell3561-49/Vitis_HLS_folder/ContourDetec_ver2/ContourDetect_ver2/solution1/.autopilot/db/contourDetect.pp.0.cpp:18188:17: note: FIX-IT applied suggested code changes
/home/dell3561-49/Vitis_HLS_folder/ContourDetec_ver2/ContourDetect_ver2/solution1/.autopilot/db/contourDetect.pp.0.cpp:18192:17: warning: Added loop label VITIS_LOOP_104_3:   [xilinx-label-all-loops]
                for (int j = I_; j >= 0; j--){
                ^~~
                VITIS_LOOP_104_3: 
/home/dell3561-49/Vitis_HLS_folder/ContourDetec_ver2/ContourDetect_ver2/solution1/.autopilot/db/contourDetect.pp.0.cpp:18192:17: note: FIX-IT applied suggested code changes
/home/dell3561-49/Vitis_HLS_folder/ContourDetec_ver2/ContourDetect_ver2/solution1/.autopilot/db/contourDetect.pp.0.cpp:18240:13: warning: Added loop label VITIS_LOOP_171_4:   [xilinx-label-all-loops]
            for (int j = 9; j >= I_+4; j--) {
            ^~~
            VITIS_LOOP_171_4: 
/home/dell3561-49/Vitis_HLS_folder/ContourDetec_ver2/ContourDetect_ver2/solution1/.autopilot/db/contourDetect.pp.0.cpp:18240:13: note: FIX-IT applied suggested code changes
/home/dell3561-49/Vitis_HLS_folder/ContourDetec_ver2/ContourDetect_ver2/solution1/.autopilot/db/contourDetect.pp.0.cpp:18246:17: warning: Added loop label VITIS_LOOP_177_5:   [xilinx-label-all-loops]
                for (int j = 9; j >= I_+4; j--){
                ^~~
                VITIS_LOOP_177_5: 
/home/dell3561-49/Vitis_HLS_folder/ContourDetec_ver2/ContourDetect_ver2/solution1/.autopilot/db/contourDetect.pp.0.cpp:18246:17: note: FIX-IT applied suggested code changes
/home/dell3561-49/Vitis_HLS_folder/ContourDetec_ver2/ContourDetect_ver2/solution1/.autopilot/db/contourDetect.pp.0.cpp:18250:17: warning: Added loop label VITIS_LOOP_181_6:   [xilinx-label-all-loops]
                for (int j = I_+3; j >= 0; j--){
                ^~~
                VITIS_LOOP_181_6: 
/home/dell3561-49/Vitis_HLS_folder/ContourDetec_ver2/ContourDetect_ver2/solution1/.autopilot/db/contourDetect.pp.0.cpp:18250:17: note: FIX-IT applied suggested code changes
/home/dell3561-49/Vitis_HLS_folder/ContourDetec_ver2/ContourDetect_ver2/solution1/.autopilot/db/contourDetect.pp.0.cpp:18265:9: warning: Added loop label VITIS_LOOP_196_7:   [xilinx-label-all-loops]
        for (int j = 14; j < 22; j++){
        ^~~
        VITIS_LOOP_196_7: 
/home/dell3561-49/Vitis_HLS_folder/ContourDetec_ver2/ContourDetect_ver2/solution1/.autopilot/db/contourDetect.pp.0.cpp:18265:9: note: FIX-IT applied suggested code changes
/home/dell3561-49/Vitis_HLS_folder/ContourDetec_ver2/ContourDetect_ver2/solution1/.autopilot/db/contourDetect.pp.0.cpp:18273:17: warning: Added loop label VITIS_LOOP_204_8:   [xilinx-label-all-loops]
                for (int j = 0; j < 22; j++){
                ^~~
                VITIS_LOOP_204_8: 
/home/dell3561-49/Vitis_HLS_folder/ContourDetec_ver2/ContourDetect_ver2/solution1/.autopilot/db/contourDetect.pp.0.cpp:18273:17: note: FIX-IT applied suggested code changes
/home/dell3561-49/Vitis_HLS_folder/ContourDetec_ver2/ContourDetect_ver2/solution1/.autopilot/db/contourDetect.pp.0.cpp:18338:13: warning: Added loop label VITIS_LOOP_269_9:   [xilinx-label-all-loops]
            for (int j = 21; j >= I_+10; j--) {
            ^~~
            VITIS_LOOP_269_9: 
/home/dell3561-49/Vitis_HLS_folder/ContourDetec_ver2/ContourDetect_ver2/solution1/.autopilot/db/contourDetect.pp.0.cpp:18338:13: note: FIX-IT applied suggested code changes
/home/dell3561-49/Vitis_HLS_folder/ContourDetec_ver2/ContourDetect_ver2/solution1/.autopilot/db/contourDetect.pp.0.cpp:18344:17: warning: Added loop label VITIS_LOOP_275_10:   [xilinx-label-all-loops]
                for (int j = 21; j >= I_+10; j--) {
                ^~~
                VITIS_LOOP_275_10: 
/home/dell3561-49/Vitis_HLS_folder/ContourDetec_ver2/ContourDetect_ver2/solution1/.autopilot/db/contourDetect.pp.0.cpp:18344:17: note: FIX-IT applied suggested code changes
/home/dell3561-49/Vitis_HLS_folder/ContourDetec_ver2/ContourDetect_ver2/solution1/.autopilot/db/contourDetect.pp.0.cpp:18348:17: warning: Added loop label VITIS_LOOP_279_11:   [xilinx-label-all-loops]
                for (int j = I_+9; j >= 0; j--) {
                ^~~
                VITIS_LOOP_279_11: 
/home/dell3561-49/Vitis_HLS_folder/ContourDetec_ver2/ContourDetect_ver2/solution1/.autopilot/db/contourDetect.pp.0.cpp:18348:17: note: FIX-IT applied suggested code changes
/home/dell3561-49/Vitis_HLS_folder/ContourDetec_ver2/ContourDetect_ver2/solution1/.autopilot/db/contourDetect.pp.0.cpp:18363:9: warning: Added loop label VITIS_LOOP_294_12:   [xilinx-label-all-loops]
        for (int j = 27; j < 46; j++){
        ^~~
        VITIS_LOOP_294_12: 
/home/dell3561-49/Vitis_HLS_folder/ContourDetec_ver2/ContourDetect_ver2/solution1/.autopilot/db/contourDetect.pp.0.cpp:18363:9: note: FIX-IT applied suggested code changes
/home/dell3561-49/Vitis_HLS_folder/ContourDetec_ver2/ContourDetect_ver2/solution1/.autopilot/db/contourDetect.pp.0.cpp:18371:17: warning: Added loop label VITIS_LOOP_302_13:   [xilinx-label-all-loops]
                for (int j = 0; j < 46; j++) {
                ^~~
                VITIS_LOOP_302_13: 
/home/dell3561-49/Vitis_HLS_folder/ContourDetec_ver2/ContourDetect_ver2/solution1/.autopilot/db/contourDetect.pp.0.cpp:18371:17: note: FIX-IT applied suggested code changes
/home/dell3561-49/Vitis_HLS_folder/ContourDetec_ver2/ContourDetect_ver2/solution1/.autopilot/db/contourDetect.pp.0.cpp:18600:13: warning: Added loop label VITIS_LOOP_531_14:   [xilinx-label-all-loops]
            for (int j = 45; j >= I_+22; j--) {
            ^~~
            VITIS_LOOP_531_14: 
/home/dell3561-49/Vitis_HLS_folder/ContourDetec_ver2/ContourDetect_ver2/solution1/.autopilot/db/contourDetect.pp.0.cpp:18600:13: note: FIX-IT applied suggested code changes
/home/dell3561-49/Vitis_HLS_folder/ContourDetec_ver2/ContourDetect_ver2/solution1/.autopilot/db/contourDetect.pp.0.cpp:18606:17: warning: Added loop label VITIS_LOOP_537_15:   [xilinx-label-all-loops]
                for (int j = 45; j >= I_+22; j--){
                ^~~
                VITIS_LOOP_537_15: 
/home/dell3561-49/Vitis_HLS_folder/ContourDetec_ver2/ContourDetect_ver2/solution1/.autopilot/db/contourDetect.pp.0.cpp:18606:17: note: FIX-IT applied suggested code changes
/home/dell3561-49/Vitis_HLS_folder/ContourDetec_ver2/ContourDetect_ver2/solution1/.autopilot/db/contourDetect.pp.0.cpp:18610:17: warning: Added loop label VITIS_LOOP_541_16:   [xilinx-label-all-loops]
                for (int j = I_+21; j >= 0; j--) {
                ^~~
                VITIS_LOOP_541_16: 
/home/dell3561-49/Vitis_HLS_folder/ContourDetec_ver2/ContourDetect_ver2/solution1/.autopilot/db/contourDetect.pp.0.cpp:18610:17: note: FIX-IT applied suggested code changes
/home/dell3561-49/Vitis_HLS_folder/ContourDetec_ver2/ContourDetect_ver2/solution1/.autopilot/db/contourDetect.pp.0.cpp:18620:9: warning: Added loop label VITIS_LOOP_551_17:   [xilinx-label-all-loops]
        for (int j = 32-F_; j < 32+I_; j++){
        ^~~
        VITIS_LOOP_551_17: 
/home/dell3561-49/Vitis_HLS_folder/ContourDetec_ver2/ContourDetect_ver2/solution1/.autopilot/db/contourDetect.pp.0.cpp:18620:9: note: FIX-IT applied suggested code changes
/home/dell3561-49/Vitis_HLS_folder/ContourDetec_ver2/ContourDetect_ver2/solution1/.autopilot/db/contourDetect.pp.0.cpp:18624:9: warning: Added loop label VITIS_LOOP_555_18:   [xilinx-label-all-loops]
        for (int j = 32+I_; j <= 64; j++){
        ^~~
        VITIS_LOOP_555_18: 
/home/dell3561-49/Vitis_HLS_folder/ContourDetec_ver2/ContourDetect_ver2/solution1/.autopilot/db/contourDetect.pp.0.cpp:18624:9: note: FIX-IT applied suggested code changes
/home/dell3561-49/Vitis_HLS_folder/ContourDetec_ver2/ContourDetect_ver2/solution1/.autopilot/db/contourDetect.pp.0.cpp:18634:9: warning: Added loop label VITIS_LOOP_565_19:   [xilinx-label-all-loops]
        for (int j = 37; j < 64; j++) {
        ^~~
        VITIS_LOOP_565_19: 
/home/dell3561-49/Vitis_HLS_folder/ContourDetec_ver2/ContourDetect_ver2/solution1/.autopilot/db/contourDetect.pp.0.cpp:18634:9: note: FIX-IT applied suggested code changes
/home/dell3561-49/Vitis_HLS_folder/ContourDetec_ver2/ContourDetect_ver2/solution1/.autopilot/db/contourDetect.pp.0.cpp:18642:17: warning: Added loop label VITIS_LOOP_573_20:   [xilinx-label-all-loops]
                for (int j = 0; j < 64; j++){
                ^~~
                VITIS_LOOP_573_20: 
/home/dell3561-49/Vitis_HLS_folder/ContourDetec_ver2/ContourDetect_ver2/solution1/.autopilot/db/contourDetect.pp.0.cpp:18642:17: note: FIX-IT applied suggested code changes
/home/dell3561-49/Vitis_HLS_folder/ContourDetec_ver2/ContourDetect_ver2/solution1/.autopilot/db/contourDetect.pp.0.cpp:19003:13: warning: Added loop label VITIS_LOOP_934_21:   [xilinx-label-all-loops]
            for (int j = 63; j >= I_+31; j--) {
            ^~~
            VITIS_LOOP_934_21: 
/home/dell3561-49/Vitis_HLS_folder/ContourDetec_ver2/ContourDetect_ver2/solution1/.autopilot/db/contourDetect.pp.0.cpp:19003:13: note: FIX-IT applied suggested code changes
/home/dell3561-49/Vitis_HLS_folder/ContourDetec_ver2/ContourDetect_ver2/solution1/.autopilot/db/contourDetect.pp.0.cpp:19009:17: warning: Added loop label VITIS_LOOP_940_22:   [xilinx-label-all-loops]
                for (int j = 63; j >= I_+31; j--) {
                ^~~
                VITIS_LOOP_940_22: 
/home/dell3561-49/Vitis_HLS_folder/ContourDetec_ver2/ContourDetect_ver2/solution1/.autopilot/db/contourDetect.pp.0.cpp:19009:17: note: FIX-IT applied suggested code changes
/home/dell3561-49/Vitis_HLS_folder/ContourDetec_ver2/ContourDetect_ver2/solution1/.autopilot/db/contourDetect.pp.0.cpp:19013:17: warning: Added loop label VITIS_LOOP_944_23:   [xilinx-label-all-loops]
                for (int j = I_+30; j >= 0; j--) {
                ^~~
                VITIS_LOOP_944_23: 
/home/dell3561-49/Vitis_HLS_folder/ContourDetec_ver2/ContourDetect_ver2/solution1/.autopilot/db/contourDetect.pp.0.cpp:19013:17: note: FIX-IT applied suggested code changes
/home/dell3561-49/Vitis_HLS_folder/ContourDetec_ver2/ContourDetect_ver2/solution1/.autopilot/db/contourDetect.pp.0.cpp:19129:13: warning: Added loop label VITIS_LOOP_1060_1:   [xilinx-label-all-loops]
            for (int j = 4; j >= I_+1; j--) {
            ^~~
            VITIS_LOOP_1060_1: 
/home/dell3561-49/Vitis_HLS_folder/ContourDetec_ver2/ContourDetect_ver2/solution1/.autopilot/db/contourDetect.pp.0.cpp:19129:13: note: FIX-IT applied suggested code changes
/home/dell3561-49/Vitis_HLS_folder/ContourDetec_ver2/ContourDetect_ver2/solution1/.autopilot/db/contourDetect.pp.0.cpp:19135:17: warning: Added loop label VITIS_LOOP_1066_2:   [xilinx-label-all-loops]
                for (int j = 4; j >= I_+1; j--) {
                ^~~
                VITIS_LOOP_1066_2: 
/home/dell3561-49/Vitis_HLS_folder/ContourDetec_ver2/ContourDetect_ver2/solution1/.autopilot/db/contourDetect.pp.0.cpp:19135:17: note: FIX-IT applied suggested code changes
/home/dell3561-49/Vitis_HLS_folder/ContourDetec_ver2/ContourDetect_ver2/solution1/.autopilot/db/contourDetect.pp.0.cpp:19139:17: warning: Added loop label VITIS_LOOP_1070_3:   [xilinx-label-all-loops]
                for (int j = I_; j >= 0; j--) {
                ^~~
                VITIS_LOOP_1070_3: 
/home/dell3561-49/Vitis_HLS_folder/ContourDetec_ver2/ContourDetect_ver2/solution1/.autopilot/db/contourDetect.pp.0.cpp:19139:17: note: FIX-IT applied suggested code changes
/home/dell3561-49/Vitis_HLS_folder/ContourDetec_ver2/ContourDetect_ver2/solution1/.autopilot/db/contourDetect.pp.0.cpp:19226:13: warning: Added loop label VITIS_LOOP_1157_4:   [xilinx-label-all-loops]
            for (int j = 10; j >= I_+4; j--) {
            ^~~
            VITIS_LOOP_1157_4: 
/home/dell3561-49/Vitis_HLS_folder/ContourDetec_ver2/ContourDetect_ver2/solution1/.autopilot/db/contourDetect.pp.0.cpp:19226:13: note: FIX-IT applied suggested code changes
/home/dell3561-49/Vitis_HLS_folder/ContourDetec_ver2/ContourDetect_ver2/solution1/.autopilot/db/contourDetect.pp.0.cpp:19232:17: warning: Added loop label VITIS_LOOP_1163_5:   [xilinx-label-all-loops]
                for (int j = 10; j >= I_+4; j--) {
                ^~~
                VITIS_LOOP_1163_5: 
/home/dell3561-49/Vitis_HLS_folder/ContourDetec_ver2/ContourDetect_ver2/solution1/.autopilot/db/contourDetect.pp.0.cpp:19232:17: note: FIX-IT applied suggested code changes
/home/dell3561-49/Vitis_HLS_folder/ContourDetec_ver2/ContourDetect_ver2/solution1/.autopilot/db/contourDetect.pp.0.cpp:19236:17: warning: Added loop label VITIS_LOOP_1167_6:   [xilinx-label-all-loops]
                for (int j = I_+3; j >= 0; j--) {
                ^~~
                VITIS_LOOP_1167_6: 
/home/dell3561-49/Vitis_HLS_folder/ContourDetec_ver2/ContourDetect_ver2/solution1/.autopilot/db/contourDetect.pp.0.cpp:19236:17: note: FIX-IT applied suggested code changes
/home/dell3561-49/Vitis_HLS_folder/ContourDetec_ver2/ContourDetect_ver2/solution1/.autopilot/db/contourDetect.pp.0.cpp:19255:9: warning: Added loop label VITIS_LOOP_1186_7:   [xilinx-label-all-loops]
        for (int j = wf+3; j < w-1; j++) {
        ^~~
        VITIS_LOOP_1186_7: 
/home/dell3561-49/Vitis_HLS_folder/ContourDetec_ver2/ContourDetect_ver2/solution1/.autopilot/db/contourDetect.pp.0.cpp:19255:9: note: FIX-IT applied suggested code changes
/home/dell3561-49/Vitis_HLS_folder/ContourDetec_ver2/ContourDetect_ver2/solution1/.autopilot/db/contourDetect.pp.0.cpp:19262:17: warning: Added loop label VITIS_LOOP_1193_8:   [xilinx-label-all-loops]
                for (int j = 0; j < 22; j++) {
                ^~~
                VITIS_LOOP_1193_8: 
/home/dell3561-49/Vitis_HLS_folder/ContourDetec_ver2/ContourDetect_ver2/solution1/.autopilot/db/contourDetect.pp.0.cpp:19262:17: note: FIX-IT applied suggested code changes
/home/dell3561-49/Vitis_HLS_folder/ContourDetec_ver2/ContourDetect_ver2/solution1/.autopilot/db/contourDetect.pp.0.cpp:19378:13: warning: Added loop label VITIS_LOOP_1309_9:   [xilinx-label-all-loops]
            for (int j = 22; j >= I_+10; j--) {
            ^~~
            VITIS_LOOP_1309_9: 
/home/dell3561-49/Vitis_HLS_folder/ContourDetec_ver2/ContourDetect_ver2/solution1/.autopilot/db/contourDetect.pp.0.cpp:19378:13: note: FIX-IT applied suggested code changes
/home/dell3561-49/Vitis_HLS_folder/ContourDetec_ver2/ContourDetect_ver2/solution1/.autopilot/db/contourDetect.pp.0.cpp:19384:17: warning: Added loop label VITIS_LOOP_1315_10:   [xilinx-label-all-loops]
                for (int j = 22; j >= I_+10; j--){
                ^~~
                VITIS_LOOP_1315_10: 
/home/dell3561-49/Vitis_HLS_folder/ContourDetec_ver2/ContourDetect_ver2/solution1/.autopilot/db/contourDetect.pp.0.cpp:19384:17: note: FIX-IT applied suggested code changes
/home/dell3561-49/Vitis_HLS_folder/ContourDetec_ver2/ContourDetect_ver2/solution1/.autopilot/db/contourDetect.pp.0.cpp:19388:17: warning: Added loop label VITIS_LOOP_1319_11:   [xilinx-label-all-loops]
                for (int j = I_+9; j >= 0; j--) {
                ^~~
                VITIS_LOOP_1319_11: 
/home/dell3561-49/Vitis_HLS_folder/ContourDetec_ver2/ContourDetect_ver2/solution1/.autopilot/db/contourDetect.pp.0.cpp:19388:17: note: FIX-IT applied suggested code changes
/home/dell3561-49/Vitis_HLS_folder/ContourDetec_ver2/ContourDetect_ver2/solution1/.autopilot/db/contourDetect.pp.0.cpp:19408:9: warning: Added loop label VITIS_LOOP_1339_12:   [xilinx-label-all-loops]
        for (int j = wf+4; j < w-1; j++){
        ^~~
        VITIS_LOOP_1339_12: 
/home/dell3561-49/Vitis_HLS_folder/ContourDetec_ver2/ContourDetect_ver2/solution1/.autopilot/db/contourDetect.pp.0.cpp:19408:9: note: FIX-IT applied suggested code changes
/home/dell3561-49/Vitis_HLS_folder/ContourDetec_ver2/ContourDetect_ver2/solution1/.autopilot/db/contourDetect.pp.0.cpp:19415:17: warning: Added loop label VITIS_LOOP_1346_13:   [xilinx-label-all-loops]
                for (int j = 0; j < 46; j++) {
                ^~~
                VITIS_LOOP_1346_13: 
/home/dell3561-49/Vitis_HLS_folder/ContourDetec_ver2/ContourDetect_ver2/solution1/.autopilot/db/contourDetect.pp.0.cpp:19415:17: note: FIX-IT applied suggested code changes
/home/dell3561-49/Vitis_HLS_folder/ContourDetec_ver2/ContourDetect_ver2/solution1/.autopilot/db/contourDetect.pp.0.cpp:19677:13: warning: Added loop label VITIS_LOOP_1608_14:   [xilinx-label-all-loops]
            for (int j = 46; j >= I_+22; j--) {
            ^~~
            VITIS_LOOP_1608_14: 
/home/dell3561-49/Vitis_HLS_folder/ContourDetec_ver2/ContourDetect_ver2/solution1/.autopilot/db/contourDetect.pp.0.cpp:19677:13: note: FIX-IT applied suggested code changes
/home/dell3561-49/Vitis_HLS_folder/ContourDetec_ver2/ContourDetect_ver2/solution1/.autopilot/db/contourDetect.pp.0.cpp:19683:17: warning: Added loop label VITIS_LOOP_1614_15:   [xilinx-label-all-loops]
                for (int j = 46; j >= I_+22; j--) {
                ^~~
                VITIS_LOOP_1614_15: 
/home/dell3561-49/Vitis_HLS_folder/ContourDetec_ver2/ContourDetect_ver2/solution1/.autopilot/db/contourDetect.pp.0.cpp:19683:17: note: FIX-IT applied suggested code changes
/home/dell3561-49/Vitis_HLS_folder/ContourDetec_ver2/ContourDetect_ver2/solution1/.autopilot/db/contourDetect.pp.0.cpp:19687:17: warning: Added loop label VITIS_LOOP_1618_16:   [xilinx-label-all-loops]
                for (int j = I_+21; j >= 0; j--) {
                ^~~
                VITIS_LOOP_1618_16: 
/home/dell3561-49/Vitis_HLS_folder/ContourDetec_ver2/ContourDetect_ver2/solution1/.autopilot/db/contourDetect.pp.0.cpp:19687:17: note: FIX-IT applied suggested code changes
/home/dell3561-49/Vitis_HLS_folder/ContourDetec_ver2/ContourDetect_ver2/solution1/.autopilot/db/contourDetect.pp.0.cpp:19711:9: warning: Added loop label VITIS_LOOP_1642_17:   [xilinx-label-all-loops]
        for (int j = wf+5; j < w-1; j++){
        ^~~
        VITIS_LOOP_1642_17: 
/home/dell3561-49/Vitis_HLS_folder/ContourDetec_ver2/ContourDetect_ver2/solution1/.autopilot/db/contourDetect.pp.0.cpp:19711:9: note: FIX-IT applied suggested code changes
/home/dell3561-49/Vitis_HLS_folder/ContourDetec_ver2/ContourDetect_ver2/solution1/.autopilot/db/contourDetect.pp.0.cpp:19718:17: warning: Added loop label VITIS_LOOP_1649_18:   [xilinx-label-all-loops]
                for (int j = 0; j < 64; j++) {
                ^~~
                VITIS_LOOP_1649_18: 
/home/dell3561-49/Vitis_HLS_folder/ContourDetec_ver2/ContourDetect_ver2/solution1/.autopilot/db/contourDetect.pp.0.cpp:19718:17: note: FIX-IT applied suggested code changes
/home/dell3561-49/Vitis_HLS_folder/ContourDetec_ver2/ContourDetect_ver2/solution1/.autopilot/db/contourDetect.pp.0.cpp:20148:13: warning: Added loop label VITIS_LOOP_2079_19:   [xilinx-label-all-loops]
            for (int j = 64; j >= I_+31; j--) {
            ^~~
            VITIS_LOOP_2079_19: 
/home/dell3561-49/Vitis_HLS_folder/ContourDetec_ver2/ContourDetect_ver2/solution1/.autopilot/db/contourDetect.pp.0.cpp:20148:13: note: FIX-IT applied suggested code changes
/home/dell3561-49/Vitis_HLS_folder/ContourDetec_ver2/ContourDetect_ver2/solution1/.autopilot/db/contourDetect.pp.0.cpp:20154:17: warning: Added loop label VITIS_LOOP_2085_20:   [xilinx-label-all-loops]
                for (int j = 64; j >= I_+31; j--) {
                ^~~
                VITIS_LOOP_2085_20: 
/home/dell3561-49/Vitis_HLS_folder/ContourDetec_ver2/ContourDetect_ver2/solution1/.autopilot/db/contourDetect.pp.0.cpp:20154:17: note: FIX-IT applied suggested code changes
/home/dell3561-49/Vitis_HLS_folder/ContourDetec_ver2/ContourDetect_ver2/solution1/.autopilot/db/contourDetect.pp.0.cpp:20158:17: warning: Added loop label VITIS_LOOP_2089_21:   [xilinx-label-all-loops]
                for (int j = I_+30; j >= 0; j--) {
                ^~~
                VITIS_LOOP_2089_21: 
/home/dell3561-49/Vitis_HLS_folder/ContourDetec_ver2/ContourDetect_ver2/solution1/.autopilot/db/contourDetect.pp.0.cpp:20158:17: note: FIX-IT applied suggested code changes
/home/dell3561-49/Vitis_HLS_folder/ContourDetec_ver2/ContourDetect_ver2/solution1/.autopilot/db/contourDetect.pp.0.cpp:20288:13: warning: Added loop label VITIS_LOOP_2219_1:   [xilinx-label-all-loops]
            for(int j=3; j>=I+1; j--) {
            ^~~
            VITIS_LOOP_2219_1: 
/home/dell3561-49/Vitis_HLS_folder/ContourDetec_ver2/ContourDetect_ver2/solution1/.autopilot/db/contourDetect.pp.0.cpp:20288:13: note: FIX-IT applied suggested code changes
/home/dell3561-49/Vitis_HLS_folder/ContourDetec_ver2/ContourDetect_ver2/solution1/.autopilot/db/contourDetect.pp.0.cpp:20295:17: warning: Added loop label VITIS_LOOP_2226_2:   [xilinx-label-all-loops]
                for(int j=3; j>=I+1; j--) {
                ^~~
                VITIS_LOOP_2226_2: 
/home/dell3561-49/Vitis_HLS_folder/ContourDetec_ver2/ContourDetect_ver2/solution1/.autopilot/db/contourDetect.pp.0.cpp:20295:17: note: FIX-IT applied suggested code changes
/home/dell3561-49/Vitis_HLS_folder/ContourDetec_ver2/ContourDetect_ver2/solution1/.autopilot/db/contourDetect.pp.0.cpp:20299:17: warning: Added loop label VITIS_LOOP_2230_3:   [xilinx-label-all-loops]
                for(int j=I; j>=0; j--) {
                ^~~
                VITIS_LOOP_2230_3: 
/home/dell3561-49/Vitis_HLS_folder/ContourDetec_ver2/ContourDetect_ver2/solution1/.autopilot/db/contourDetect.pp.0.cpp:20299:17: note: FIX-IT applied suggested code changes
/home/dell3561-49/Vitis_HLS_folder/ContourDetec_ver2/ContourDetect_ver2/solution1/.autopilot/db/contourDetect.pp.0.cpp:20346:13: warning: Added loop label VITIS_LOOP_2277_4:   [xilinx-label-all-loops]
            for(int j=7; j>=3+I; j--) {
            ^~~
            VITIS_LOOP_2277_4: 
/home/dell3561-49/Vitis_HLS_folder/ContourDetec_ver2/ContourDetect_ver2/solution1/.autopilot/db/contourDetect.pp.0.cpp:20346:13: note: FIX-IT applied suggested code changes
/home/dell3561-49/Vitis_HLS_folder/ContourDetec_ver2/ContourDetect_ver2/solution1/.autopilot/db/contourDetect.pp.0.cpp:20353:17: warning: Added loop label VITIS_LOOP_2284_5:   [xilinx-label-all-loops]
                for(int j=7; j>=3+I; j--) {
                ^~~
                VITIS_LOOP_2284_5: 
/home/dell3561-49/Vitis_HLS_folder/ContourDetec_ver2/ContourDetect_ver2/solution1/.autopilot/db/contourDetect.pp.0.cpp:20353:17: note: FIX-IT applied suggested code changes
/home/dell3561-49/Vitis_HLS_folder/ContourDetec_ver2/ContourDetect_ver2/solution1/.autopilot/db/contourDetect.pp.0.cpp:20357:17: warning: Added loop label VITIS_LOOP_2288_6:   [xilinx-label-all-loops]
                for(int j=I+2; j>=0; j--) {
                ^~~
                VITIS_LOOP_2288_6: 
/home/dell3561-49/Vitis_HLS_folder/ContourDetec_ver2/ContourDetect_ver2/solution1/.autopilot/db/contourDetect.pp.0.cpp:20357:17: note: FIX-IT applied suggested code changes
/home/dell3561-49/Vitis_HLS_folder/ContourDetec_ver2/ContourDetect_ver2/solution1/.autopilot/db/contourDetect.pp.0.cpp:20375:9: warning: Added loop label VITIS_LOOP_2306_7:   [xilinx-label-all-loops]
        for(int j=11; j<16; j++) {
        ^~~
        VITIS_LOOP_2306_7: 
/home/dell3561-49/Vitis_HLS_folder/ContourDetec_ver2/ContourDetect_ver2/solution1/.autopilot/db/contourDetect.pp.0.cpp:20375:9: note: FIX-IT applied suggested code changes
/home/dell3561-49/Vitis_HLS_folder/ContourDetec_ver2/ContourDetect_ver2/solution1/.autopilot/db/contourDetect.pp.0.cpp:20430:13: warning: Added loop label VITIS_LOOP_2361_8:   [xilinx-label-all-loops]
            for(int j=15; j>=7+I; j--) {
            ^~~
            VITIS_LOOP_2361_8: 
/home/dell3561-49/Vitis_HLS_folder/ContourDetec_ver2/ContourDetect_ver2/solution1/.autopilot/db/contourDetect.pp.0.cpp:20430:13: note: FIX-IT applied suggested code changes
/home/dell3561-49/Vitis_HLS_folder/ContourDetec_ver2/ContourDetect_ver2/solution1/.autopilot/db/contourDetect.pp.0.cpp:20437:17: warning: Added loop label VITIS_LOOP_2368_9:   [xilinx-label-all-loops]
                for(int j=15; j>=7+I; j--) {
                ^~~
                VITIS_LOOP_2368_9: 
/home/dell3561-49/Vitis_HLS_folder/ContourDetec_ver2/ContourDetect_ver2/solution1/.autopilot/db/contourDetect.pp.0.cpp:20437:17: note: FIX-IT applied suggested code changes
/home/dell3561-49/Vitis_HLS_folder/ContourDetec_ver2/ContourDetect_ver2/solution1/.autopilot/db/contourDetect.pp.0.cpp:20441:17: warning: Added loop label VITIS_LOOP_2372_10:   [xilinx-label-all-loops]
                for(int j=6+I; j>=0; j--) {
                ^~~
                VITIS_LOOP_2372_10: 
/home/dell3561-49/Vitis_HLS_folder/ContourDetec_ver2/ContourDetect_ver2/solution1/.autopilot/db/contourDetect.pp.0.cpp:20441:17: note: FIX-IT applied suggested code changes
/home/dell3561-49/Vitis_HLS_folder/ContourDetec_ver2/ContourDetect_ver2/solution1/.autopilot/db/contourDetect.pp.0.cpp:20459:9: warning: Added loop label VITIS_LOOP_2390_11:   [xilinx-label-all-loops]
        for(int j=20; j<32; j++) {
        ^~~
        VITIS_LOOP_2390_11: 
/home/dell3561-49/Vitis_HLS_folder/ContourDetec_ver2/ContourDetect_ver2/solution1/.autopilot/db/contourDetect.pp.0.cpp:20459:9: note: FIX-IT applied suggested code changes
/home/dell3561-49/Vitis_HLS_folder/ContourDetec_ver2/ContourDetect_ver2/solution1/.autopilot/db/contourDetect.pp.0.cpp:20548:13: warning: Added loop label VITIS_LOOP_2479_12:   [xilinx-label-all-loops]
            for(int j=31; j>=I+15; j--) {
            ^~~
            VITIS_LOOP_2479_12: 
/home/dell3561-49/Vitis_HLS_folder/ContourDetec_ver2/ContourDetect_ver2/solution1/.autopilot/db/contourDetect.pp.0.cpp:20548:13: note: FIX-IT applied suggested code changes
/home/dell3561-49/Vitis_HLS_folder/ContourDetec_ver2/ContourDetect_ver2/solution1/.autopilot/db/contourDetect.pp.0.cpp:20555:17: warning: Added loop label VITIS_LOOP_2486_13:   [xilinx-label-all-loops]
                for(int j=31; j>=I+15; j--) {
                ^~~
                VITIS_LOOP_2486_13: 
/home/dell3561-49/Vitis_HLS_folder/ContourDetec_ver2/ContourDetect_ver2/solution1/.autopilot/db/contourDetect.pp.0.cpp:20555:17: note: FIX-IT applied suggested code changes
/home/dell3561-49/Vitis_HLS_folder/ContourDetec_ver2/ContourDetect_ver2/solution1/.autopilot/db/contourDetect.pp.0.cpp:20559:17: warning: Added loop label VITIS_LOOP_2490_14:   [xilinx-label-all-loops]
                for(int j=I+14; j>=0; j--) {
                ^~~
                VITIS_LOOP_2490_14: 
/home/dell3561-49/Vitis_HLS_folder/ContourDetec_ver2/ContourDetect_ver2/solution1/.autopilot/db/contourDetect.pp.0.cpp:20559:17: note: FIX-IT applied suggested code changes
/home/dell3561-49/Vitis_HLS_folder/ContourDetec_ver2/ContourDetect_ver2/solution1/.autopilot/db/contourDetect.pp.0.cpp:20569:9: warning: Added loop label VITIS_LOOP_2500_15:   [xilinx-label-all-loops]
        for(int j=32-F; j<32+I; j++) {
        ^~~
        VITIS_LOOP_2500_15: 
/home/dell3561-49/Vitis_HLS_folder/ContourDetec_ver2/ContourDetect_ver2/solution1/.autopilot/db/contourDetect.pp.0.cpp:20569:9: note: FIX-IT applied suggested code changes
/home/dell3561-49/Vitis_HLS_folder/ContourDetec_ver2/ContourDetect_ver2/solution1/.autopilot/db/contourDetect.pp.0.cpp:20573:9: warning: Added loop label VITIS_LOOP_2504_16:   [xilinx-label-all-loops]
        for(int j=32+I; j<=64; j++) {
        ^~~
        VITIS_LOOP_2504_16: 
/home/dell3561-49/Vitis_HLS_folder/ContourDetec_ver2/ContourDetect_ver2/solution1/.autopilot/db/contourDetect.pp.0.cpp:20573:9: note: FIX-IT applied suggested code changes
/home/dell3561-49/Vitis_HLS_folder/ContourDetec_ver2/ContourDetect_ver2/solution1/.autopilot/db/contourDetect.pp.0.cpp:20584:9: warning: Added loop label VITIS_LOOP_2515_17:   [xilinx-label-all-loops]
        for(int j=37; j<64; j++) {
        ^~~
        VITIS_LOOP_2515_17: 
/home/dell3561-49/Vitis_HLS_folder/ContourDetec_ver2/ContourDetect_ver2/solution1/.autopilot/db/contourDetect.pp.0.cpp:20584:9: note: FIX-IT applied suggested code changes
/home/dell3561-49/Vitis_HLS_folder/ContourDetec_ver2/ContourDetect_ver2/solution1/.autopilot/db/contourDetect.pp.0.cpp:20592:17: warning: Added loop label VITIS_LOOP_2523_18:   [xilinx-label-all-loops]
                for(int j=0; j<64; j++) {
                ^~~
                VITIS_LOOP_2523_18: 
/home/dell3561-49/Vitis_HLS_folder/ContourDetec_ver2/ContourDetect_ver2/solution1/.autopilot/db/contourDetect.pp.0.cpp:20592:17: note: FIX-IT applied suggested code changes
/home/dell3561-49/Vitis_HLS_folder/ContourDetec_ver2/ContourDetect_ver2/solution1/.autopilot/db/contourDetect.pp.0.cpp:20917:13: warning: Added loop label VITIS_LOOP_2848_19:   [xilinx-label-all-loops]
            for(int j=63; j>=I+31; j--) {
            ^~~
            VITIS_LOOP_2848_19: 
/home/dell3561-49/Vitis_HLS_folder/ContourDetec_ver2/ContourDetect_ver2/solution1/.autopilot/db/contourDetect.pp.0.cpp:20917:13: note: FIX-IT applied suggested code changes
/home/dell3561-49/Vitis_HLS_folder/ContourDetec_ver2/ContourDetect_ver2/solution1/.autopilot/db/contourDetect.pp.0.cpp:20924:17: warning: Added loop label VITIS_LOOP_2855_20:   [xilinx-label-all-loops]
                for(int j=63; j>=I+31; j--) {
                ^~~
                VITIS_LOOP_2855_20: 
/home/dell3561-49/Vitis_HLS_folder/ContourDetec_ver2/ContourDetect_ver2/solution1/.autopilot/db/contourDetect.pp.0.cpp:20924:17: note: FIX-IT applied suggested code changes
/home/dell3561-49/Vitis_HLS_folder/ContourDetec_ver2/ContourDetect_ver2/solution1/.autopilot/db/contourDetect.pp.0.cpp:20928:17: warning: Added loop label VITIS_LOOP_2859_21:   [xilinx-label-all-loops]
                for(int j=I+30; j>=0; j--) {
                ^~~
                VITIS_LOOP_2859_21: 
/home/dell3561-49/Vitis_HLS_folder/ContourDetec_ver2/ContourDetect_ver2/solution1/.autopilot/db/contourDetect.pp.0.cpp:20928:17: note: FIX-IT applied suggested code changes
/home/dell3561-49/Vitis_HLS_folder/ContourDetec_ver2/ContourDetect_ver2/solution1/.autopilot/db/contourDetect.pp.0.cpp:21016:4: warning: Added loop label VITIS_LOOP_2947_1:   [xilinx-label-all-loops]
   for(int j = 5; j>=I_+2; j--) {
   ^~~
   VITIS_LOOP_2947_1: 
/home/dell3561-49/Vitis_HLS_folder/ContourDetec_ver2/ContourDetect_ver2/solution1/.autopilot/db/contourDetect.pp.0.cpp:21016:4: note: FIX-IT applied suggested code changes
/home/dell3561-49/Vitis_HLS_folder/ContourDetec_ver2/ContourDetect_ver2/solution1/.autopilot/db/contourDetect.pp.0.cpp:21023:5: warning: Added loop label VITIS_LOOP_2954_2:   [xilinx-label-all-loops]
    for(int j = 5; j>=I_+2; j--) {
    ^~~
    VITIS_LOOP_2954_2: 
/home/dell3561-49/Vitis_HLS_folder/ContourDetec_ver2/ContourDetect_ver2/solution1/.autopilot/db/contourDetect.pp.0.cpp:21023:5: note: FIX-IT applied suggested code changes
/home/dell3561-49/Vitis_HLS_folder/ContourDetec_ver2/ContourDetect_ver2/solution1/.autopilot/db/contourDetect.pp.0.cpp:21027:5: warning: Added loop label VITIS_LOOP_2958_3:   [xilinx-label-all-loops]
    for(int j = I_+1; j>=0; j--) {
    ^~~
    VITIS_LOOP_2958_3: 
/home/dell3561-49/Vitis_HLS_folder/ContourDetec_ver2/ContourDetect_ver2/solution1/.autopilot/db/contourDetect.pp.0.cpp:21027:5: note: FIX-IT applied suggested code changes
/home/dell3561-49/Vitis_HLS_folder/ContourDetec_ver2/ContourDetect_ver2/solution1/.autopilot/db/contourDetect.pp.0.cpp:21042:3: warning: Added loop label VITIS_LOOP_2973_4:   [xilinx-label-all-loops]
  for(int j = 11; j >=7; j--) {
  ^~~
  VITIS_LOOP_2973_4: 
/home/dell3561-49/Vitis_HLS_folder/ContourDetec_ver2/ContourDetect_ver2/solution1/.autopilot/db/contourDetect.pp.0.cpp:21042:3: note: FIX-IT applied suggested code changes
/home/dell3561-49/Vitis_HLS_folder/ContourDetec_ver2/ContourDetect_ver2/solution1/.autopilot/db/contourDetect.pp.0.cpp:21074:4: warning: Added loop label VITIS_LOOP_3005_5:   [xilinx-label-all-loops]
   for(int j = 11; j >= I_+5; j--) {
   ^~~
   VITIS_LOOP_3005_5: 
/home/dell3561-49/Vitis_HLS_folder/ContourDetec_ver2/ContourDetect_ver2/solution1/.autopilot/db/contourDetect.pp.0.cpp:21074:4: note: FIX-IT applied suggested code changes
/home/dell3561-49/Vitis_HLS_folder/ContourDetec_ver2/ContourDetect_ver2/solution1/.autopilot/db/contourDetect.pp.0.cpp:21081:5: warning: Added loop label VITIS_LOOP_3012_6:   [xilinx-label-all-loops]
    for(int j = 11; j>= I_+5; j--) {
    ^~~
    VITIS_LOOP_3012_6: 
/home/dell3561-49/Vitis_HLS_folder/ContourDetec_ver2/ContourDetect_ver2/solution1/.autopilot/db/contourDetect.pp.0.cpp:21081:5: note: FIX-IT applied suggested code changes
/home/dell3561-49/Vitis_HLS_folder/ContourDetec_ver2/ContourDetect_ver2/solution1/.autopilot/db/contourDetect.pp.0.cpp:21085:5: warning: Added loop label VITIS_LOOP_3016_7:   [xilinx-label-all-loops]
    for(int j = I_+4; j>=0; j--) {
    ^~~
    VITIS_LOOP_3016_7: 
/home/dell3561-49/Vitis_HLS_folder/ContourDetec_ver2/ContourDetect_ver2/solution1/.autopilot/db/contourDetect.pp.0.cpp:21085:5: note: FIX-IT applied suggested code changes
/home/dell3561-49/Vitis_HLS_folder/ContourDetec_ver2/ContourDetect_ver2/solution1/.autopilot/db/contourDetect.pp.0.cpp:21100:3: warning: Added loop label VITIS_LOOP_3031_8:   [xilinx-label-all-loops]
  for(int j = 25; j>=15; j--) {
  ^~~
  VITIS_LOOP_3031_8: 
/home/dell3561-49/Vitis_HLS_folder/ContourDetec_ver2/ContourDetect_ver2/solution1/.autopilot/db/contourDetect.pp.0.cpp:21100:3: note: FIX-IT applied suggested code changes
/home/dell3561-49/Vitis_HLS_folder/ContourDetec_ver2/ContourDetect_ver2/solution1/.autopilot/db/contourDetect.pp.0.cpp:21150:4: warning: Added loop label VITIS_LOOP_3081_9:   [xilinx-label-all-loops]
   for(int j = 25; j>= I_+12; j--) {
   ^~~
   VITIS_LOOP_3081_9: 
/home/dell3561-49/Vitis_HLS_folder/ContourDetec_ver2/ContourDetect_ver2/solution1/.autopilot/db/contourDetect.pp.0.cpp:21150:4: note: FIX-IT applied suggested code changes
/home/dell3561-49/Vitis_HLS_folder/ContourDetec_ver2/ContourDetect_ver2/solution1/.autopilot/db/contourDetect.pp.0.cpp:21157:5: warning: Added loop label VITIS_LOOP_3088_10:   [xilinx-label-all-loops]
    for(int j = 25; j>=I_+12; j--) {
    ^~~
    VITIS_LOOP_3088_10: 
/home/dell3561-49/Vitis_HLS_folder/ContourDetec_ver2/ContourDetect_ver2/solution1/.autopilot/db/contourDetect.pp.0.cpp:21157:5: note: FIX-IT applied suggested code changes
/home/dell3561-49/Vitis_HLS_folder/ContourDetec_ver2/ContourDetect_ver2/solution1/.autopilot/db/contourDetect.pp.0.cpp:21161:5: warning: Added loop label VITIS_LOOP_3092_11:   [xilinx-label-all-loops]
    for(int j = I_+11; j>=0; j--) {
    ^~~
    VITIS_LOOP_3092_11: 
/home/dell3561-49/Vitis_HLS_folder/ContourDetec_ver2/ContourDetect_ver2/solution1/.autopilot/db/contourDetect.pp.0.cpp:21161:5: note: FIX-IT applied suggested code changes
/home/dell3561-49/Vitis_HLS_folder/ContourDetec_ver2/ContourDetect_ver2/solution1/.autopilot/db/contourDetect.pp.0.cpp:21176:3: warning: Added loop label VITIS_LOOP_3107_12:   [xilinx-label-all-loops]
  for(int j = 51; j >= 29; j--) {
  ^~~
  VITIS_LOOP_3107_12: 
/home/dell3561-49/Vitis_HLS_folder/ContourDetec_ver2/ContourDetect_ver2/solution1/.autopilot/db/contourDetect.pp.0.cpp:21176:3: note: FIX-IT applied suggested code changes
/home/dell3561-49/Vitis_HLS_folder/ContourDetec_ver2/ContourDetect_ver2/solution1/.autopilot/db/contourDetect.pp.0.cpp:21313:4: warning: Added loop label VITIS_LOOP_3244_13:   [xilinx-label-all-loops]
   for(int j = 51; j >= 25 + I_; j--) {
   ^~~
   VITIS_LOOP_3244_13: 
/home/dell3561-49/Vitis_HLS_folder/ContourDetec_ver2/ContourDetect_ver2/solution1/.autopilot/db/contourDetect.pp.0.cpp:21313:4: note: FIX-IT applied suggested code changes
/home/dell3561-49/Vitis_HLS_folder/ContourDetec_ver2/ContourDetect_ver2/solution1/.autopilot/db/contourDetect.pp.0.cpp:21320:5: warning: Added loop label VITIS_LOOP_3251_14:   [xilinx-label-all-loops]
    for(int j = 51; j>=25 + I_; j--) {
    ^~~
    VITIS_LOOP_3251_14: 
/home/dell3561-49/Vitis_HLS_folder/ContourDetec_ver2/ContourDetect_ver2/solution1/.autopilot/db/contourDetect.pp.0.cpp:21320:5: note: FIX-IT applied suggested code changes
/home/dell3561-49/Vitis_HLS_folder/ContourDetec_ver2/ContourDetect_ver2/solution1/.autopilot/db/contourDetect.pp.0.cpp:21324:5: warning: Added loop label VITIS_LOOP_3255_15:   [xilinx-label-all-loops]
    for(int j = 24 + I_; j >= 0; j--) {
    ^~~
    VITIS_LOOP_3255_15: 
/home/dell3561-49/Vitis_HLS_folder/ContourDetec_ver2/ContourDetect_ver2/solution1/.autopilot/db/contourDetect.pp.0.cpp:21324:5: note: FIX-IT applied suggested code changes
/home/dell3561-49/Vitis_HLS_folder/ContourDetec_ver2/ContourDetect_ver2/solution1/.autopilot/db/contourDetect.pp.0.cpp:21339:3: warning: Added loop label VITIS_LOOP_3270_16:   [xilinx-label-all-loops]
  for(int j = 63; j >= 36; j--) {
  ^~~
  VITIS_LOOP_3270_16: 
/home/dell3561-49/Vitis_HLS_folder/ContourDetec_ver2/ContourDetect_ver2/solution1/.autopilot/db/contourDetect.pp.0.cpp:21339:3: note: FIX-IT applied suggested code changes
/home/dell3561-49/Vitis_HLS_folder/ContourDetec_ver2/ContourDetect_ver2/solution1/.autopilot/db/contourDetect.pp.0.cpp:21499:4: warning: Added loop label VITIS_LOOP_3430_17:   [xilinx-label-all-loops]
   for(int j = 63; j >= 31 + I_; j--) {
   ^~~
   VITIS_LOOP_3430_17: 
/home/dell3561-49/Vitis_HLS_folder/ContourDetec_ver2/ContourDetect_ver2/solution1/.autopilot/db/contourDetect.pp.0.cpp:21499:4: note: FIX-IT applied suggested code changes
/home/dell3561-49/Vitis_HLS_folder/ContourDetec_ver2/ContourDetect_ver2/solution1/.autopilot/db/contourDetect.pp.0.cpp:21506:5: warning: Added loop label VITIS_LOOP_3437_18:   [xilinx-label-all-loops]
    for(int j = 63; j >= 31 + I_; j--) {
    ^~~
    VITIS_LOOP_3437_18: 
/home/dell3561-49/Vitis_HLS_folder/ContourDetec_ver2/ContourDetect_ver2/solution1/.autopilot/db/contourDetect.pp.0.cpp:21506:5: note: FIX-IT applied suggested code changes
/home/dell3561-49/Vitis_HLS_folder/ContourDetec_ver2/ContourDetect_ver2/solution1/.autopilot/db/contourDetect.pp.0.cpp:21510:5: warning: Added loop label VITIS_LOOP_3441_19:   [xilinx-label-all-loops]
    for(int j = 30 + I_; j >= 0; j--) {
    ^~~
    VITIS_LOOP_3441_19: 
/home/dell3561-49/Vitis_HLS_folder/ContourDetec_ver2/ContourDetect_ver2/solution1/.autopilot/db/contourDetect.pp.0.cpp:21510:5: note: FIX-IT applied suggested code changes
/home/dell3561-49/Vitis_HLS_folder/ContourDetec_ver2/ContourDetect_ver2/solution1/.autopilot/db/contourDetect.pp.0.cpp:22225:13: warning: Added loop label VITIS_LOOP_729_1:   [xilinx-label-all-loops]
            for (b_exp = I_-1; b_exp >= -F_; b_exp--) {
            ^~~
            VITIS_LOOP_729_1: 
/home/dell3561-49/Vitis_HLS_folder/ContourDetec_ver2/ContourDetect_ver2/solution1/.autopilot/db/contourDetect.pp.0.cpp:22225:13: note: FIX-IT applied suggested code changes
/home/dell3561-49/Vitis_HLS_folder/ContourDetec_ver2/ContourDetect_ver2/solution1/.autopilot/db/contourDetect.pp.0.cpp:22443:13: warning: Added loop label VITIS_LOOP_947_1:   [xilinx-label-all-loops]
            for (b_exp = I_-1; b_exp >= -F_; b_exp--) {
            ^~~
            VITIS_LOOP_947_1: 
/home/dell3561-49/Vitis_HLS_folder/ContourDetec_ver2/ContourDetect_ver2/solution1/.autopilot/db/contourDetect.pp.0.cpp:22443:13: note: FIX-IT applied suggested code changes
/home/dell3561-49/Vitis_HLS_folder/ContourDetec_ver2/ContourDetect_ver2/solution1/.autopilot/db/contourDetect.pp.0.cpp:22860:13: warning: Added loop label VITIS_LOOP_1371_1:   [xilinx-label-all-loops]
            for (b_exp = I_-1; b_exp >= -F_; b_exp--) {
            ^~~
            VITIS_LOOP_1371_1: 
/home/dell3561-49/Vitis_HLS_folder/ContourDetec_ver2/ContourDetect_ver2/solution1/.autopilot/db/contourDetect.pp.0.cpp:22860:13: note: FIX-IT applied suggested code changes
/home/dell3561-49/Vitis_HLS_folder/ContourDetec_ver2/ContourDetect_ver2/solution1/.autopilot/db/contourDetect.pp.0.cpp:23174:9: warning: Added loop label VITIS_LOOP_266_1:   [xilinx-label-all-loops]
        for ( int pos = msbr-1; pos >= 0; pos-- ) {
        ^~~
        VITIS_LOOP_266_1: 
/home/dell3561-49/Vitis_HLS_folder/ContourDetec_ver2/ContourDetect_ver2/solution1/.autopilot/db/contourDetect.pp.0.cpp:23174:9: note: FIX-IT applied suggested code changes
/home/dell3561-49/Vitis_HLS_folder/ContourDetec_ver2/ContourDetect_ver2/solution1/.autopilot/db/contourDetect.pp.0.cpp:23202:9: warning: Added loop label VITIS_LOOP_294_2:   [xilinx-label-all-loops]
        for ( int pos = -1; pos >= -F_-1; pos-- ) {
        ^~~
        VITIS_LOOP_294_2: 
/home/dell3561-49/Vitis_HLS_folder/ContourDetec_ver2/ContourDetect_ver2/solution1/.autopilot/db/contourDetect.pp.0.cpp:23202:9: note: FIX-IT applied suggested code changes
/home/dell3561-49/Vitis_HLS_folder/ContourDetec_ver2/ContourDetect_ver2/solution1/.autopilot/db/contourDetect.pp.0.cpp:23897:13: warning: Added loop label VITIS_LOOP_74_1:   [xilinx-label-all-loops]
            for (int j = 0; j < W_-1; j++){
            ^~~
            VITIS_LOOP_74_1: 
/home/dell3561-49/Vitis_HLS_folder/ContourDetec_ver2/ContourDetect_ver2/solution1/.autopilot/db/contourDetect.pp.0.cpp:23897:13: note: FIX-IT applied suggested code changes
/home/dell3561-49/Vitis_HLS_folder/ContourDetec_ver2/ContourDetect_ver2/solution1/.autopilot/db/contourDetect.pp.0.cpp:23950:5: warning: Added loop label VITIS_LOOP_135_2:   [xilinx-label-all-loops]
    for (int j = F_l+F_+I_m-1; j < F_l+W_+5; j++){
    ^~~
    VITIS_LOOP_135_2: 
/home/dell3561-49/Vitis_HLS_folder/ContourDetec_ver2/ContourDetect_ver2/solution1/.autopilot/db/contourDetect.pp.0.cpp:23950:5: note: FIX-IT applied suggested code changes
/home/dell3561-49/Vitis_HLS_folder/ContourDetec_ver2/ContourDetect_ver2/solution1/.autopilot/db/contourDetect.pp.0.cpp:23964:13: warning: Added loop label VITIS_LOOP_149_3:   [xilinx-label-all-loops]
            for (int j = WO_m-1; j >= W_-1; j--) {
            ^~~
            VITIS_LOOP_149_3: 
/home/dell3561-49/Vitis_HLS_folder/ContourDetec_ver2/ContourDetect_ver2/solution1/.autopilot/db/contourDetect.pp.0.cpp:23964:13: note: FIX-IT applied suggested code changes
/home/dell3561-49/Vitis_HLS_folder/ContourDetec_ver2/ContourDetect_ver2/solution1/.autopilot/db/contourDetect.pp.0.cpp:23994:13: warning: Added loop label VITIS_LOOP_179_4:   [xilinx-label-all-loops]
            for (int j = W_-2; j >= 0; j--){
            ^~~
            VITIS_LOOP_179_4: 
/home/dell3561-49/Vitis_HLS_folder/ContourDetec_ver2/ContourDetect_ver2/solution1/.autopilot/db/contourDetect.pp.0.cpp:23994:13: note: FIX-IT applied suggested code changes
/home/dell3561-49/Vitis_HLS_folder/ContourDetec_ver2/ContourDetect_ver2/solution1/.autopilot/db/contourDetect.pp.0.cpp:24079:12: warning: Added loop label VITIS_LOOP_307_1:   [xilinx-label-all-loops]
           for(int i = wf_log+we_log-2; i > WI_e - 2; --i) {
           ^~~
           VITIS_LOOP_307_1: 
/home/dell3561-49/Vitis_HLS_folder/ContourDetec_ver2/ContourDetect_ver2/solution1/.autopilot/db/contourDetect.pp.0.cpp:24079:12: note: FIX-IT applied suggested code changes
/home/dell3561-49/Vitis_HLS_folder/ContourDetec_ver2/ContourDetect_ver2/solution1/.autopilot/db/contourDetect.pp.0.cpp:24099:16: warning: Added loop label VITIS_LOOP_327_2:   [xilinx-label-all-loops]
               for (int j = WO_e-1; j >= W_-1; j--) {
               ^~~
               VITIS_LOOP_327_2: 
/home/dell3561-49/Vitis_HLS_folder/ContourDetec_ver2/ContourDetect_ver2/solution1/.autopilot/db/contourDetect.pp.0.cpp:24099:16: note: FIX-IT applied suggested code changes
/home/dell3561-49/Vitis_HLS_folder/ContourDetec_ver2/ContourDetect_ver2/solution1/.autopilot/db/contourDetect.pp.0.cpp:24113:20: warning: Added loop label VITIS_LOOP_341_3:   [xilinx-label-all-loops]
                   for(int i = 0; i < W_-1; ++i) {
                   ^~~
                   VITIS_LOOP_341_3: 
/home/dell3561-49/Vitis_HLS_folder/ContourDetec_ver2/ContourDetect_ver2/solution1/.autopilot/db/contourDetect.pp.0.cpp:24113:20: note: FIX-IT applied suggested code changes
/home/dell3561-49/Vitis_HLS_folder/ContourDetec_ver2/ContourDetect_ver2/solution1/.autopilot/db/contourDetect.pp.0.cpp:24206:12: warning: Added loop label VITIS_LOOP_459_1:   [xilinx-label-all-loops]
           for (int j =WO_d-1; j >= W_-1; j--) {
           ^~~
           VITIS_LOOP_459_1: 
/home/dell3561-49/Vitis_HLS_folder/ContourDetec_ver2/ContourDetect_ver2/solution1/.autopilot/db/contourDetect.pp.0.cpp:24206:12: note: FIX-IT applied suggested code changes
/home/dell3561-49/Vitis_HLS_folder/ContourDetec_ver2/ContourDetect_ver2/solution1/.autopilot/db/contourDetect.pp.0.cpp:24220:15: warning: Added loop label VITIS_LOOP_473_2:   [xilinx-label-all-loops]
              for(int i = 0; i < W_-1; ++i) {
              ^~~
              VITIS_LOOP_473_2: 
/home/dell3561-49/Vitis_HLS_folder/ContourDetec_ver2/ContourDetect_ver2/solution1/.autopilot/db/contourDetect.pp.0.cpp:24220:15: note: FIX-IT applied suggested code changes
/home/dell3561-49/Vitis_HLS_folder/ContourDetec_ver2/ContourDetect_ver2/solution1/.autopilot/db/contourDetect.pp.0.cpp:24333:13: warning: Added loop label VITIS_LOOP_59_1:   [xilinx-label-all-loops]
            for (int i = 0; i < W_-1; i++){
            ^~~
            VITIS_LOOP_59_1: 
/home/dell3561-49/Vitis_HLS_folder/ContourDetec_ver2/ContourDetect_ver2/solution1/.autopilot/db/contourDetect.pp.0.cpp:24333:13: note: FIX-IT applied suggested code changes
/home/dell3561-49/Vitis_HLS_folder/ContourDetec_ver2/ContourDetect_ver2/solution1/.autopilot/db/contourDetect.pp.0.cpp:24457:13: warning: Added loop label VITIS_LOOP_209_1:   [xilinx-label-all-loops]
            for (int i = 0; i < W_-1; i++){
            ^~~
            VITIS_LOOP_209_1: 
/home/dell3561-49/Vitis_HLS_folder/ContourDetec_ver2/ContourDetect_ver2/solution1/.autopilot/db/contourDetect.pp.0.cpp:24457:13: note: FIX-IT applied suggested code changes
/home/dell3561-49/Vitis_HLS_folder/ContourDetec_ver2/ContourDetect_ver2/solution1/.autopilot/db/contourDetect.pp.0.cpp:24512:13: warning: Added loop label VITIS_LOOP_274_1:   [xilinx-label-all-loops]
            for (int i = 0; i < W_-1; i++){
            ^~~
            VITIS_LOOP_274_1: 
/home/dell3561-49/Vitis_HLS_folder/ContourDetec_ver2/ContourDetect_ver2/solution1/.autopilot/db/contourDetect.pp.0.cpp:24512:13: note: FIX-IT applied suggested code changes
/home/dell3561-49/Vitis_HLS_folder/ContourDetec_ver2/ContourDetect_ver2/solution1/.autopilot/db/contourDetect.pp.0.cpp:25017:2: warning: Added loop label VITIS_LOOP_42_1:   [xilinx-label-all-loops]
 for (int i=0; i<W_;i++)
 ^~~
 VITIS_LOOP_42_1: 
/home/dell3561-49/Vitis_HLS_folder/ContourDetec_ver2/ContourDetect_ver2/solution1/.autopilot/db/contourDetect.pp.0.cpp:25017:2: note: FIX-IT applied suggested code changes
/home/dell3561-49/Vitis_HLS_folder/ContourDetec_ver2/ContourDetect_ver2/solution1/.autopilot/db/contourDetect.pp.0.cpp:25028:2: warning: Added loop label VITIS_LOOP_53_1:   [xilinx-label-all-loops]
 for (int i=0; i<W_;i++)
 ^~~
 VITIS_LOOP_53_1: 
/home/dell3561-49/Vitis_HLS_folder/ContourDetec_ver2/ContourDetect_ver2/solution1/.autopilot/db/contourDetect.pp.0.cpp:25028:2: note: FIX-IT applied suggested code changes
/home/dell3561-49/Vitis_HLS_folder/ContourDetec_ver2/ContourDetect_ver2/solution1/.autopilot/db/contourDetect.pp.0.cpp:25039:2: warning: Added loop label VITIS_LOOP_64_1:   [xilinx-label-all-loops]
 for (int i=0; i<I_;i++)
 ^~~
 VITIS_LOOP_64_1: 
/home/dell3561-49/Vitis_HLS_folder/ContourDetec_ver2/ContourDetect_ver2/solution1/.autopilot/db/contourDetect.pp.0.cpp:25039:2: note: FIX-IT applied suggested code changes
/home/dell3561-49/Vitis_HLS_folder/ContourDetec_ver2/ContourDetect_ver2/solution1/.autopilot/db/contourDetect.pp.0.cpp:25050:2: warning: Added loop label VITIS_LOOP_75_1:   [xilinx-label-all-loops]
 for (int i=0; i<I_;i++)
 ^~~
 VITIS_LOOP_75_1: 
/home/dell3561-49/Vitis_HLS_folder/ContourDetec_ver2/ContourDetect_ver2/solution1/.autopilot/db/contourDetect.pp.0.cpp:25050:2: note: FIX-IT applied suggested code changes
/home/dell3561-49/Vitis_HLS_folder/ContourDetec_ver2/ContourDetect_ver2/solution1/.autopilot/db/contourDetect.pp.0.cpp:25061:2: warning: Added loop label VITIS_LOOP_86_1:   [xilinx-label-all-loops]
 for (int i=0; i<W_;i++)
 ^~~
 VITIS_LOOP_86_1: 
/home/dell3561-49/Vitis_HLS_folder/ContourDetec_ver2/ContourDetect_ver2/solution1/.autopilot/db/contourDetect.pp.0.cpp:25061:2: note: FIX-IT applied suggested code changes
/home/dell3561-49/Vitis_HLS_folder/ContourDetec_ver2/ContourDetect_ver2/solution1/.autopilot/db/contourDetect.pp.0.cpp:25072:2: warning: Added loop label VITIS_LOOP_97_1:   [xilinx-label-all-loops]
 for (int i=0; i<W_;i++)
 ^~~
 VITIS_LOOP_97_1: 
/home/dell3561-49/Vitis_HLS_folder/ContourDetec_ver2/ContourDetect_ver2/solution1/.autopilot/db/contourDetect.pp.0.cpp:25072:2: note: FIX-IT applied suggested code changes
/home/dell3561-49/Vitis_HLS_folder/ContourDetec_ver2/ContourDetect_ver2/solution1/.autopilot/db/contourDetect.pp.0.cpp:25083:2: warning: Added loop label VITIS_LOOP_108_1:   [xilinx-label-all-loops]
 for (int i=0; i<I_;i++)
 ^~~
 VITIS_LOOP_108_1: 
/home/dell3561-49/Vitis_HLS_folder/ContourDetec_ver2/ContourDetect_ver2/solution1/.autopilot/db/contourDetect.pp.0.cpp:25083:2: note: FIX-IT applied suggested code changes
/home/dell3561-49/Vitis_HLS_folder/ContourDetec_ver2/ContourDetect_ver2/solution1/.autopilot/db/contourDetect.pp.0.cpp:25094:2: warning: Added loop label VITIS_LOOP_119_1:   [xilinx-label-all-loops]
 for (int i=0; i<I_;i++)
 ^~~
 VITIS_LOOP_119_1: 
/home/dell3561-49/Vitis_HLS_folder/ContourDetec_ver2/ContourDetect_ver2/solution1/.autopilot/db/contourDetect.pp.0.cpp:25094:2: note: FIX-IT applied suggested code changes
/home/dell3561-49/Vitis_HLS_folder/ContourDetec_ver2/ContourDetect_ver2/solution1/.autopilot/db/contourDetect.pp.0.cpp:27395:12: warning: Added loop label VITIS_LOOP_23_1:   [xilinx-label-all-loops]
           for(int i = 0; i < W_-1; ++i) {
           ^~~
           VITIS_LOOP_23_1: 
/home/dell3561-49/Vitis_HLS_folder/ContourDetec_ver2/ContourDetect_ver2/solution1/.autopilot/db/contourDetect.pp.0.cpp:27395:12: note: FIX-IT applied suggested code changes
/home/dell3561-49/Vitis_HLS_folder/ContourDetec_ver2/ContourDetect_ver2/solution1/.autopilot/db/contourDetect.pp.0.cpp:27459:7: warning: Added loop label VITIS_LOOP_66_1:   [xilinx-label-all-loops]
      for(int pos = msbr - 1 ; pos >= -F-1; pos--) {
      ^~~
      VITIS_LOOP_66_1: 
/home/dell3561-49/Vitis_HLS_folder/ContourDetec_ver2/ContourDetect_ver2/solution1/.autopilot/db/contourDetect.pp.0.cpp:27459:7: note: FIX-IT applied suggested code changes
/home/dell3561-49/Vitis_HLS_folder/ContourDetec_ver2/ContourDetect_ver2/solution1/.autopilot/db/contourDetect.pp.0.cpp:27576:9: warning: Added loop label VITIS_LOOP_75_1:   [xilinx-label-all-loops]
        for(int pos = msbr - 1; pos >= 0; pos--) {
        ^~~
        VITIS_LOOP_75_1: 
/home/dell3561-49/Vitis_HLS_folder/ContourDetec_ver2/ContourDetect_ver2/solution1/.autopilot/db/contourDetect.pp.0.cpp:27576:9: note: FIX-IT applied suggested code changes
/home/dell3561-49/Vitis_HLS_folder/ContourDetec_ver2/ContourDetect_ver2/solution1/.autopilot/db/contourDetect.pp.0.cpp:27601:5: warning: Added loop label VITIS_LOOP_107_2:   [xilinx-label-all-loops]
    for(int pos = -1; pos >= -F-1; pos--) {
    ^~~
    VITIS_LOOP_107_2: 
/home/dell3561-49/Vitis_HLS_folder/ContourDetec_ver2/ContourDetect_ver2/solution1/.autopilot/db/contourDetect.pp.0.cpp:27601:5: note: FIX-IT applied suggested code changes
/home/dell3561-49/Vitis_HLS_folder/ContourDetec_ver2/ContourDetect_ver2/solution1/.autopilot/db/contourDetect.pp.0.cpp:27671:8: warning: Added loop label VITIS_LOOP_195_3:   [xilinx-label-all-loops]
       for(int i = 0; i < W - 1; ++i) {
       ^~~
       VITIS_LOOP_195_3: 
/home/dell3561-49/Vitis_HLS_folder/ContourDetec_ver2/ContourDetect_ver2/solution1/.autopilot/db/contourDetect.pp.0.cpp:27671:8: note: FIX-IT applied suggested code changes
