

================================================================
== Synthesis Summary Report of 'hls_object_green_classification'
================================================================
+ General Information: 
    * Date:           Wed Nov 12 16:31:55 2025
    * Version:        2023.1 (Build 3854077 on May  4 2023)
    * Project:        Obj_Detect_ver3
    * Solution:       solution1 (Vivado IP Flow Target)
    * Product family: zynq
    * Target device:  xc7z020-clg484-1
    

+ Performance & Resource Estimates: 
    
    PS: '+' for module; 'o' for loop; '*' for dataflow
    +---------------------------------------------------------------------+--------+-------+------------+-----------+----------+---------+-------+----------+------------+---------+-----------+-------------+-----+
    |                               Modules                               |  Issue |       |  Latency   |  Latency  | Iteration|         |  Trip |          |            |         |           |             |     |
    |                               & Loops                               |  Type  | Slack |  (cycles)  |    (ns)   |  Latency | Interval| Count | Pipelined|    BRAM    |   DSP   |     FF    |     LUT     | URAM|
    +---------------------------------------------------------------------+--------+-------+------------+-----------+----------+---------+-------+----------+------------+---------+-----------+-------------+-----+
    |+ hls_object_green_classification                                    |  Timing|  -1.29|           -|          -|         -|        -|      -|        no|  338 (120%)|  20 (9%)|  8987 (8%)|  11640 (21%)|    -|
    | + hls_object_green_classification_Pipeline_InitLoop                 |       -|   2.31|         514|  5.140e+03|         -|      514|      -|        no|           -|        -|   12 (~0%)|     52 (~0%)|    -|
    |  o InitLoop                                                         |       -|   7.30|         512|  5.120e+03|         1|        1|    512|       yes|           -|        -|          -|            -|    -|
    | + hls_object_green_classification_Pipeline_Pass3_outer_Pass3_inner  |  Timing|  -1.12|      153604|  1.536e+06|         -|   153604|      -|        no|           -|        -|  130 (~0%)|    293 (~0%)|    -|
    |  o Pass3_outer_Pass3_inner                                          |       -|   7.30|      153602|  1.536e+06|         5|        2|  76800|       yes|           -|        -|          -|            -|    -|
    | + hls_object_green_classification_Pipeline_PASS_3_5_1               |       -|   1.97|       65537|  6.554e+05|         -|    65537|      -|        no|           -|        -|   46 (~0%)|     97 (~0%)|    -|
    |  o PASS_3_5_1                                                       |       -|   7.30|       65535|  6.554e+05|         3|        1|  65534|       yes|           -|        -|          -|            -|    -|
    | + hls_object_green_classification_Pipeline_pass_4                   |       -|   0.11|           -|          -|         -|        -|      -|        no|           -|        -|  272 (~0%)|    420 (~0%)|    -|
    |  o pass_4                                                           |       -|   7.30|           -|          -|         7|        2|      -|       yes|           -|        -|          -|            -|    -|
    | + hls_object_green_classification_Pipeline_pass5_out_pass5_in       |       -|   0.11|       76814|  7.681e+05|         -|    76814|      -|        no|           -|  2 (~0%)|  732 (~0%)|     819 (1%)|    -|
    |  o pass5_out_pass5_in                                               |       -|   7.30|       76812|  7.681e+05|        14|        1|  76800|       yes|           -|        -|          -|            -|    -|
    | o PASS_1                                                            |       -|   7.30|           -|          -|         -|        -|      -|        no|           -|        -|          -|            -|    -|
    |  o VITIS_LOOP_24_1                                                  |       -|   7.30|           -|          -|         3|        -|      -|        no|           -|        -|          -|            -|    -|
    |  o VITIS_LOOP_26_2                                                  |       -|   7.30|           -|          -|         3|        -|      -|        no|           -|        -|          -|            -|    -|
    |  o VITIS_LOOP_24_1                                                  |       -|   7.30|           -|          -|         3|        -|      -|        no|           -|        -|          -|            -|    -|
    |  o VITIS_LOOP_26_2                                                  |       -|   7.30|           -|          -|         3|        -|      -|        no|           -|        -|          -|            -|    -|
    | o PASS1_5_Outer                                                     |       -|   7.30|       82586|  8.259e+05|       347|        -|    238|        no|           -|        -|          -|            -|    -|
    |  + hls_object_green_classification_Pipeline_Pass1_5_inner0          |       -|   0.63|         334|  3.340e+03|         -|      334|      -|        no|           -|   3 (1%)|  857 (~0%)|    1437 (2%)|    -|
    |   o Pass1_5_inner0                                                  |       -|   7.30|         332|  3.320e+03|        16|        1|    318|       yes|           -|        -|          -|            -|    -|
    | o PASS2                                                             |       -|   7.30|           -|          -|         -|        -|      -|        no|           -|        -|          -|            -|    -|
    |  o VITIS_LOOP_24_1                                                  |       -|   7.30|           -|          -|         3|        -|      -|        no|           -|        -|          -|            -|    -|
    |  o VITIS_LOOP_26_2                                                  |       -|   7.30|           -|          -|         3|        -|      -|        no|           -|        -|          -|            -|    -|
    | o PASS_3_5_2_out                                                    |       -|   7.30|  4295491564|  4.295e+10|     65546|        -|  65534|        no|           -|        -|          -|            -|    -|
    |  + hls_object_green_classification_Pipeline_PASS_3_5_2_in           |       -|   0.99|       65541|  6.554e+05|         -|    65541|      -|        no|           -|        -|  324 (~0%)|    318 (~0%)|    -|
    |   o PASS_3_5_2_in                                                   |       -|   7.30|       65539|  6.554e+05|         7|        1|  65534|       yes|           -|        -|          -|            -|    -|
    +---------------------------------------------------------------------+--------+-------+------------+-----------+----------+---------+-------+----------+------------+---------+-----------+-------------+-----+


================================================================
== HW Interfaces
================================================================
* S_AXILITE Interfaces
+------------+------------+---------------+--------+----------+
| Interface  | Data Width | Address Width | Offset | Register |
+------------+------------+---------------+--------+----------+
| s_axi_CTRL | 32         | 8             | 64     | 0        |
+------------+------------+---------------+--------+----------+

* S_AXILITE Registers
+------------+-------------------+--------+-------+--------+--------------------------------+-----------------------+
| Interface  | Register          | Offset | Width | Access | Description                    | Bit Fields            |
+------------+-------------------+--------+-------+--------+--------------------------------+-----------------------+
| s_axi_CTRL | object_count      | 0x10   | 32    | R      | Data signal of object_count    |                       |
| s_axi_CTRL | object_count_ctrl | 0x14   | 32    | R      | Control signal of object_count | 0=object_count_ap_vld |
+------------+-------------------+--------+-------+--------+--------------------------------+-----------------------+

* AXIS
+------------+-----------+---------------+-------+-------+-----+-------+-------+--------+-------+-------+--------+
| Interface  | Direction | Register Mode | TDATA | TDEST | TID | TKEEP | TLAST | TREADY | TSTRB | TUSER | TVALID |
+------------+-----------+---------------+-------+-------+-----+-------+-------+--------+-------+-------+--------+
| in_stream  | in        | both          | 24    | 1     | 1   | 3     | 1     | 1      | 3     | 1     | 1      |
| out_stream | out       | both          | 24    | 1     | 1   | 3     | 1     | 1      | 3     | 1     | 1      |
+------------+-----------+---------------+-------+-------+-----+-------+-------+--------+-------+-------+--------+

* TOP LEVEL CONTROL
+-----------+------------+-----------------------------------+
| Interface | Type       | Ports                             |
+-----------+------------+-----------------------------------+
| ap_clk    | clock      | ap_clk                            |
| ap_rst_n  | reset      | ap_rst_n                          |
| ap_ctrl   | ap_ctrl_hs | ap_done ap_idle ap_ready ap_start |
+-----------+------------+-----------------------------------+


================================================================
== SW I/O Information
================================================================
* Top Function Arguments
+--------------+-----------+---------------------------------------------+
| Argument     | Direction | Datatype                                    |
+--------------+-----------+---------------------------------------------+
| in_stream    | in        | stream<hls::axis<ap_uint<24>, 1, 1, 1>, 0>& |
| out_stream   | out       | stream<hls::axis<ap_uint<24>, 1, 1, 1>, 0>& |
| obj_x        | out       | short*                                      |
| obj_y        | out       | short*                                      |
| obj_is_green | out       | ap_uint<1>*                                 |
| object_count | out       | ap_uint<16>&                                |
+--------------+-----------+---------------------------------------------+

* SW-to-HW Mapping
+--------------+--------------+-----------+---------------------------------------------+
| Argument     | HW Interface | HW Type   | HW Info                                     |
+--------------+--------------+-----------+---------------------------------------------+
| in_stream    | in_stream    | interface |                                             |
| out_stream   | out_stream   | interface |                                             |
| obj_x        | s_axi_CTRL   | memory    | name=obj_x offset=64 range=64               |
| obj_y        | s_axi_CTRL   | memory    | name=obj_y offset=128 range=64              |
| obj_is_green | s_axi_CTRL   | memory    | name=obj_is_green offset=32 range=32        |
| object_count | s_axi_CTRL   | register  | name=object_count offset=0x10 range=32      |
| object_count | s_axi_CTRL   | register  | name=object_count_ctrl offset=0x14 range=32 |
+--------------+--------------+-----------+---------------------------------------------+


================================================================
== M_AXI Burst Information
================================================================
 Note: All burst requests might be further partitioned into multiple requests during RTL generation based on max_read_burst_length or max_write_burst_length settings.


================================================================
== Bind Op Report
================================================================
+---------------------------------------------------------------------+-----+--------+--------------------+-----+--------+---------+
| Name                                                                | DSP | Pragma | Variable           | Op  | Impl   | Latency |
+---------------------------------------------------------------------+-----+--------+--------------------+-----+--------+---------+
| + hls_object_green_classification                                   | 20  |        |                    |     |        |         |
|   i_8_fu_1214_p2                                                    | -   |        | i_8                | add | fabric | 0       |
|   add_ln139_fu_1240_p2                                              | -   |        | add_ln139          | add | fabric | 0       |
|   mul_32ns_34ns_65_2_1_U129                                         | 4   |        | mul_ln137          | mul | auto   | 1       |
|   mac_muladd_14s_7ns_14ns_14_4_1_U146                               | 1   |        | mul_ln166          | mul | dsp48  | 3       |
|   sub_ln137_fu_1442_p2                                              | -   |        | sub_ln137          | sub | fabric | 0       |
|   add_ln139_1_fu_1350_p2                                            | -   |        | add_ln139_1        | add | fabric | 0       |
|   mul_32ns_34ns_65_2_1_U129                                         | 4   |        | mul_ln137_1        | mul | auto   | 1       |
|   mac_muladd_14s_7ns_14ns_14_4_1_U146                               | 1   |        | add_ln166          | add | dsp48  | 3       |
|   sub_ln137_1_fu_1472_p2                                            | -   |        | sub_ln137_1        | sub | fabric | 0       |
|   sub_ln141_fu_1384_p2                                              | -   |        | sub_ln141          | sub | fabric | 0       |
|   mac_muladd_8ns_6ns_40ns_41_4_1_U144                               | 1   |        | mul_ln141          | mul | dsp48  | 3       |
|   mac_muladd_8ns_6ns_40ns_41_4_1_U144                               | 1   |        | add_ln141          | add | dsp48  | 3       |
|   mac_muladd_8ns_4ns_41ns_41_4_1_U145                               | 1   |        | mul_ln141_1        | mul | dsp48  | 3       |
|   mac_muladd_8ns_4ns_41ns_41_4_1_U145                               | 1   |        | add_ln141_1        | add | dsp48  | 3       |
|   mul_41ns_43ns_56_3_1_U130                                         | 6   |        | mul_ln141_2        | mul | auto   | 2       |
|   sub_ln161_fu_1618_p2                                              | -   |        | sub_ln161          | sub | fabric | 0       |
|   add_ln161_fu_1585_p2                                              | -   |        | add_ln161          | add | fabric | 0       |
|   sub_ln161_1_fu_1648_p2                                            | -   |        | sub_ln161_1        | sub | fabric | 0       |
|   add_ln162_fu_1602_p2                                              | -   |        | add_ln162          | add | fabric | 0       |
|   sub_ln162_fu_1683_p2                                              | -   |        | sub_ln162          | sub | fabric | 0       |
|   sub_ln162_1_fu_1689_p2                                            | -   |        | sub_ln162_1        | sub | fabric | 0       |
|   mul_11s_11s_21_1_1_U135                                           | 1   |        | mul_ln163          | mul | auto   | 0       |
|   mac_muladd_11s_11s_21s_21_4_1_U147                                | 1   |        | mul_ln163_1        | mul | dsp48  | 3       |
|   mac_muladd_11s_11s_21s_21_4_1_U147                                | 1   |        | mag_sq             | add | dsp48  | 3       |
|   add_ln172_fu_1739_p2                                              | -   |        | add_ln172          | add | fabric | 0       |
|   next_label_1_fu_1807_p2                                           | -   |        | next_label_1       | add | fabric | 0       |
|   col_1_fu_1988_p2                                                  | -   |        | col_1              | add | fabric | 0       |
|   add_ln181_fu_2027_p2                                              | -   |        | add_ln181          | add | fabric | 0       |
|   mul_8ns_10ns_17_1_1_U137                                          | -   |        | mul_ln186          | mul | auto   | 0       |
|   mul_7ns_8ns_14_1_1_U138                                           | -   |        | empty_48           | mul | auto   | 0       |
|   empty_49_fu_2126_p2                                               | -   |        | empty_49           | add | fabric | 0       |
|   mul_8ns_10ns_17_1_1_U139                                          | -   |        | mul21              | mul | auto   | 0       |
|   mul_7ns_8ns_14_1_1_U141                                           | -   |        | mul_ln193          | mul | auto   | 0       |
|   indvars_iv_next129_fu_2151_p2                                     | -   |        | indvars_iv_next129 | add | fabric | 0       |
|   mul_8ns_10ns_17_1_1_U140                                          | -   |        | mul19              | mul | auto   | 0       |
|   mul_7ns_8ns_14_1_1_U142                                           | -   |        | mul_ln193_1        | mul | auto   | 0       |
|   add_ln202_fu_2270_p2                                              | -   |        | add_ln202          | add | fabric | 0       |
|   add_ln236_fu_2308_p2                                              | -   |        | add_ln236          | add | fabric | 0       |
|  + hls_object_green_classification_Pipeline_InitLoop                | 0   |        |                    |     |        |         |
|    i_5_fu_179_p2                                                    | -   |        | i_5                | add | fabric | 0       |
|  + hls_object_green_classification_Pipeline_Pass1_5_inner0          | 3   |        |                    |     |        |         |
|    mul_9ns_11ns_19_1_1_U9                                           | 1   |        | mul_ln189          | mul | auto   | 0       |
|    add_ln193_2_fu_883_p2                                            | -   |        | add_ln193_2        | add | fabric | 0       |
|    add_ln193_3_fu_901_p2                                            | -   |        | add_ln193_3        | add | fabric | 0       |
|    add_ln193_4_fu_919_p2                                            | -   |        | add_ln193_4        | add | fabric | 0       |
|    add_ln193_fu_852_p2                                              | -   |        | add_ln193          | add | fabric | 0       |
|    mul_9ns_11ns_19_1_1_U10                                          | 1   |        | mul_ln193_2        | mul | auto   | 0       |
|    add_ln193_5_fu_940_p2                                            | -   |        | add_ln193_5        | add | fabric | 0       |
|    add_ln193_6_fu_958_p2                                            | -   |        | add_ln193_6        | add | fabric | 0       |
|    add_ln193_1_fu_803_p2                                            | -   |        | add_ln193_1        | add | fabric | 0       |
|    mul_9ns_11ns_19_1_1_U8                                           | 1   |        | mul_ln193_3        | mul | auto   | 0       |
|    add_ln193_7_fu_979_p2                                            | -   |        | add_ln193_7        | add | fabric | 0       |
|    add_ln193_8_fu_997_p2                                            | -   |        | add_ln193_8        | add | fabric | 0       |
|    add_ln193_9_fu_1015_p2                                           | -   |        | add_ln193_9        | add | fabric | 0       |
|  + hls_object_green_classification_Pipeline_Pass3_outer_Pass3_inner | 0   |        |                    |     |        |         |
|    add_ln209_fu_201_p2                                              | -   |        | add_ln209          | add | fabric | 0       |
|    y_2_fu_213_p2                                                    | -   |        | y_2                | add | fabric | 0       |
|    x_1_fu_241_p2                                                    | -   |        | x_1                | add | fabric | 0       |
|  + hls_object_green_classification_Pipeline_PASS_3_5_1              | 0   |        |                    |     |        |         |
|    add_ln230_fu_103_p2                                              | -   |        | add_ln230          | add | fabric | 0       |
|  + hls_object_green_classification_Pipeline_pass_4                  | 0   |        |                    |     |        |         |
|    add_ln256_fu_378_p2                                              | -   |        | add_ln256          | add | fabric | 0       |
|    add_ln257_fu_402_p2                                              | -   |        | add_ln257          | add | fabric | 0       |
|    add_ln259_fu_468_p2                                              | -   |        | add_ln259          | add | fabric | 0       |
|    sub_ln260_fu_484_p2                                              | -   |        | sub_ln260          | sub | fabric | 0       |
|    count_2_fu_360_p2                                                | -   |        | count_2            | add | fabric | 0       |
|    i_2_fu_350_p2                                                    | -   |        | i_2                | add | fabric | 0       |
|  + hls_object_green_classification_Pipeline_PASS_3_5_2_in           | 0   |        |                    |     |        |         |
|    add_ln238_fu_212_p2                                              | -   |        | add_ln238          | add | fabric | 0       |
|  + hls_object_green_classification_Pipeline_pass5_out_pass5_in      | 2   |        |                    |     |        |         |
|    add_ln268_1_fu_396_p2                                            | -   |        | add_ln268_1        | add | fabric | 0       |
|    add_ln268_fu_408_p2                                              | -   |        | add_ln268          | add | fabric | 0       |
|    mul_8ns_10ns_17_1_1_U98                                          | -   |        | mul_ln268          | mul | auto   | 0       |
|    mac_muladd_7ns_7ns_8ns_14_4_1_U104                               | 1   |        | mul_ln277          | mul | dsp48  | 3       |
|    mul_9ns_11ns_19_1_1_U99                                          | 1   |        | mul_ln269          | mul | auto   | 0       |
|    mac_muladd_7ns_7ns_8ns_14_4_1_U104                               | 1   |        | add_ln277          | add | dsp48  | 3       |
|    add_ln269_fu_474_p2                                              | -   |        | add_ln269          | add | fabric | 0       |
+---------------------------------------------------------------------+-----+--------+--------------------+-----+--------+---------+


================================================================
== Bind Storage Report
================================================================
+-----------------------------------------------------------------------------------------+------+------+--------+-------------------------------------------------------------------------------------+---------+------+---------+
| Name                                                                                    | BRAM | URAM | Pragma | Variable                                                                            | Storage | Impl | Latency |
+-----------------------------------------------------------------------------------------+------+------+--------+-------------------------------------------------------------------------------------+---------+------+---------+
| + hls_object_green_classification                                                       | 338  | 0    |        |                                                                                     |         |      |         |
|   parent_U                                                                              | 1    | -    | pragma | parent                                                                              | ram_2p  | bram | 1       |
|   min_x_U                                                                               | 1    | -    | pragma | min_x                                                                               | ram_2p  | bram | 1       |
|   max_x_U                                                                               | 1    | -    | pragma | max_x                                                                               | ram_2p  | bram | 1       |
|   min_y_U                                                                               | 1    | -    | pragma | min_y                                                                               | ram_2p  | bram | 1       |
|   max_y_U                                                                               | 1    | -    | pragma | max_y                                                                               | ram_2p  | bram | 1       |
|   center_is_green_U                                                                     | 1    | -    | pragma | center_is_green                                                                     | ram_2p  | bram | 1       |
|   imgR_U                                                                                | 64   | -    | pragma | imgR                                                                                | ram_2p  | bram | 1       |
|   imgG_U                                                                                | 64   | -    | pragma | imgG                                                                                | ram_2p  | bram | 1       |
|   imgB_U                                                                                | 64   | -    | pragma | imgB                                                                                | ram_2p  | bram | 1       |
|   hls_object_green_classification_stream_stream_short_short_ap_uint_ap_uint_1_U         | 1    | -    |        | hls_object_green_classification_stream_stream_short_short_ap_uint_ap_uint_1         | ram_1p  | auto | 1       |
|   hls_mulmulmulobject_green_classification_stream_stream_short_short_ap_uint_ap_uint_U  | 1    | -    |        | hls_mulmulmulobject_green_classification_stream_stream_short_short_ap_uint_ap_uint  | ram_1p  | auto | 1       |
|   p_ZZ31hls_object_green_classificationRN3hls6streamINS_4axisI7ap_uintILi24EELm1ELm_8_U | 1    | -    | pragma | p_ZZ31hls_object_green_classificationRN3hls6streamINS_4axisI7ap_uintILi24EELm1ELm_8 | ram_2p  | bram | 1       |
|   p_ZZ31hls_object_green_classificationRN3hls6streamINS_4axisI7ap_uintILi24EELm1ELm_7_U | 1    | -    | pragma | p_ZZ31hls_object_green_classificationRN3hls6streamINS_4axisI7ap_uintILi24EELm1ELm_7 | ram_2p  | bram | 1       |
|   p_ZZ31hls_object_green_classificationRN3hls6streamINS_4axisI7ap_uintILi24EELm1ELm_6_U | 1    | -    | pragma | p_ZZ31hls_object_green_classificationRN3hls6streamINS_4axisI7ap_uintILi24EELm1ELm_6 | ram_2p  | bram | 1       |
|   p_ZZ31hls_object_green_classificationRN3hls6streamINS_4axisI7ap_uintILi24EELm1ELm_5_U | 1    | -    | pragma | p_ZZ31hls_object_green_classificationRN3hls6streamINS_4axisI7ap_uintILi24EELm1ELm_5 | ram_2p  | bram | 1       |
|   p_ZZ31hls_object_green_classificationRN3hls6streamINS_4axisI7ap_uintILi24EELm1ELm_4_U | 1    | -    | pragma | p_ZZ31hls_object_green_classificationRN3hls6streamINS_4axisI7ap_uintILi24EELm1ELm_4 | ram_2p  | bram | 1       |
|   p_ZZ31hls_object_green_classificationRN3hls6streamINS_4axisI7ap_uintILi24EELm1ELm_3_U | 1    | -    | pragma | p_ZZ31hls_object_green_classificationRN3hls6streamINS_4axisI7ap_uintILi24EELm1ELm_3 | ram_2p  | bram | 1       |
|   p_ZZ31hls_object_green_classificationRN3hls6streamINS_4axisI7ap_uintILi24EELm1ELm_2_U | 1    | -    | pragma | p_ZZ31hls_object_green_classificationRN3hls6streamINS_4axisI7ap_uintILi24EELm1ELm_2 | ram_2p  | bram | 1       |
|   p_ZZ31hls_object_green_classificationRN3hls6streamINS_4axisI7ap_uintILi24EELm1ELm_1_U | 1    | -    | pragma | p_ZZ31hls_object_green_classificationRN3hls6streamINS_4axisI7ap_uintILi24EELm1ELm_1 | ram_2p  | bram | 1       |
|   p_ZZ31hls_object_green_classificationRN3hls6streamINS_4axisI7ap_uintILi24EELm1ELm_U   | 1    | -    | pragma | p_ZZ31hls_object_green_classificationRN3hls6streamINS_4axisI7ap_uintILi24EELm1ELm   | ram_2p  | bram | 1       |
|   label_map_U                                                                           | 128  | -    | pragma | label_map                                                                           | ram_2p  | bram | 1       |
|   is_external_U                                                                         | 1    | -    | pragma | is_external                                                                         | ram_2p  | bram | 1       |
+-----------------------------------------------------------------------------------------+------+------+--------+-------------------------------------------------------------------------------------+---------+------+---------+


================================================================
== Pragma Report
================================================================
* Valid Pragma Syntax
+-----------------+------------------------------------------------+------------------------------------------------------------------------+
| Type            | Options                                        | Location                                                               |
+-----------------+------------------------------------------------+------------------------------------------------------------------------+
| inline          |                                                | obj_detect.cpp:16 in is_green_rgb                                      |
| inline          |                                                | obj_detect.cpp:22 in uf_find                                           |
| inline          |                                                | obj_detect.cpp:52 in uf_union                                          |
| interface       | axis port=in_stream                            | obj_detect.cpp:67 in hls_object_green_classification, in_stream        |
| interface       | axis port=out_stream                           | obj_detect.cpp:68 in hls_object_green_classification, out_stream       |
| interface       | s_axilite port=obj_x bundle=CTRL               | obj_detect.cpp:69 in hls_object_green_classification, obj_x            |
| interface       | s_axilite port=obj_y bundle=CTRL               | obj_detect.cpp:70 in hls_object_green_classification, obj_y            |
| interface       | s_axilite port=obj_is_green bundle=CTRL        | obj_detect.cpp:71 in hls_object_green_classification, obj_is_green     |
| interface       | s_axilite port=object_count bundle=CTRL        | obj_detect.cpp:72 in hls_object_green_classification, object_count     |
| interface       | ap_ctrl_hs port=return                         | obj_detect.cpp:73 in hls_object_green_classification, return           |
| bind_storage    | variable=imgR type=ram_2p impl=bram            | obj_detect.cpp:79 in hls_object_green_classification, imgR             |
| bind_storage    | variable=imgG type=ram_2p impl=bram            | obj_detect.cpp:80 in hls_object_green_classification, imgG             |
| bind_storage    | variable=imgB type=ram_2p impl=bram            | obj_detect.cpp:81 in hls_object_green_classification, imgB             |
| bind_storage    | variable=edge_mask type=ram_2p impl=bram       | obj_detect.cpp:85 in hls_object_green_classification, edge_mask        |
| bind_storage    | variable=label_map type=ram_2p impl=bram       | obj_detect.cpp:89 in hls_object_green_classification, label_map        |
| bind_storage    | variable=parent type=ram_2p impl=bram          | obj_detect.cpp:93 in hls_object_green_classification, parent           |
| bind_storage    | variable=min_x type=ram_2p impl=bram           | obj_detect.cpp:102 in hls_object_green_classification, min_x           |
| bind_storage    | variable=max_x type=ram_2p impl=bram           | obj_detect.cpp:103 in hls_object_green_classification, max_x           |
| bind_storage    | variable=min_y type=ram_2p impl=bram           | obj_detect.cpp:104 in hls_object_green_classification, min_y           |
| bind_storage    | variable=max_y type=ram_2p impl=bram           | obj_detect.cpp:105 in hls_object_green_classification, max_y           |
| bind_storage    | variable=center_is_green type=ram_2p impl=bram | obj_detect.cpp:106 in hls_object_green_classification, center_is_green |
| pipeline        | II=1                                           | obj_detect.cpp:111 in hls_object_green_classification                  |
| array_partition | variable=linebuf complete dim=1                | obj_detect.cpp:121 in hls_object_green_classification, linebuf         |
| array_partition | variable=window complete dim=0                 | obj_detect.cpp:123 in hls_object_green_classification, window          |
| pipeline        | II=2                                           | obj_detect.cpp:131 in hls_object_green_classification                  |
| unroll          |                                                | obj_detect.cpp:146 in hls_object_green_classification                  |
| pipeline        | II=1                                           | obj_detect.cpp:188 in hls_object_green_classification                  |
| unroll          |                                                | obj_detect.cpp:192 in hls_object_green_classification                  |
| pipeline        | II=1                                           | obj_detect.cpp:204 in hls_object_green_classification                  |
| pipeline        | II=2                                           | obj_detect.cpp:212 in hls_object_green_classification                  |
| bind_storage    | variable=is_external type=ram_2p impl=bram     | obj_detect.cpp:227 in hls_object_green_classification, is_external     |
| pipeline        | II=1                                           | obj_detect.cpp:231 in hls_object_green_classification                  |
| pipeline        | II=1                                           | obj_detect.cpp:239 in hls_object_green_classification                  |
| pipeline        | II=2                                           | obj_detect.cpp:254 in hls_object_green_classification                  |
| pipeline        | II=1                                           | obj_detect.cpp:271 in hls_object_green_classification                  |
+-----------------+------------------------------------------------+------------------------------------------------------------------------+


