

================================================================
== Vitis HLS Report for 'hls_object_green_classification_Pipeline_pass_4'
================================================================
* Date:           Wed Nov 12 16:31:54 2025

* Version:        2023.1 (Build 3854077 on May  4 2023)
* Project:        Obj_Detect_ver3
* Solution:       solution1 (Vivado IP Flow Target)
* Product family: zynq
* Target device:  xc7z020-clg484-1


================================================================
== Performance Estimates
================================================================
+ Timing: 
    * Summary: 
    +--------+----------+----------+------------+
    |  Clock |  Target  | Estimated| Uncertainty|
    +--------+----------+----------+------------+
    |ap_clk  |  10.00 ns|  7.186 ns|     2.70 ns|
    +--------+----------+----------+------------+

+ Latency: 
    * Summary: 
    +---------+---------+----------+----------+-----+-----+---------+
    |  Latency (cycles) |  Latency (absolute) |  Interval | Pipeline|
    |   min   |   max   |    min   |    max   | min | max |   Type  |
    +---------+---------+----------+----------+-----+-----+---------+
    |        ?|        ?|         ?|         ?|    ?|    ?|       no|
    +---------+---------+----------+----------+-----+-----+---------+

    + Detail: 
        * Instance: 
        N/A

        * Loop: 
        +----------+---------+---------+----------+-----------+-----------+------+----------+
        |          |  Latency (cycles) | Iteration|  Initiation Interval  | Trip |          |
        | Loop Name|   min   |   max   |  Latency |  achieved |   target  | Count| Pipelined|
        +----------+---------+---------+----------+-----------+-----------+------+----------+
        |- pass_4  |        ?|        ?|         7|          2|          2|     ?|       yes|
        +----------+---------+---------+----------+-----------+-----------+------+----------+



================================================================
== Utilization Estimates
================================================================
* Summary: 
+-----------------+---------+-----+--------+-------+-----+
|       Name      | BRAM_18K| DSP |   FF   |  LUT  | URAM|
+-----------------+---------+-----+--------+-------+-----+
|DSP              |        -|    -|       -|      -|    -|
|Expression       |        -|    -|       0|    247|    -|
|FIFO             |        -|    -|       -|      -|    -|
|Instance         |        -|    -|       -|      -|    -|
|Memory           |        -|    -|       -|      -|    -|
|Multiplexer      |        -|    -|       -|    109|    -|
|Register         |        -|    -|     272|     64|    -|
+-----------------+---------+-----+--------+-------+-----+
|Total            |        0|    0|     272|    420|    0|
+-----------------+---------+-----+--------+-------+-----+
|Available        |      280|  220|  106400|  53200|    0|
+-----------------+---------+-----+--------+-------+-----+
|Utilization (%)  |        0|    0|      ~0|     ~0|    0|
+-----------------+---------+-----+--------+-------+-----+

+ Detail: 
    * Instance: 
    N/A

    * DSP: 
    N/A

    * Memory: 
    N/A

    * FIFO: 
    N/A

    * Expression: 
    +------------------------+----------+----+---+----+------------+------------+
    |      Variable Name     | Operation| DSP| FF| LUT| Bitwidth P0| Bitwidth P1|
    +------------------------+----------+----+---+----+------------+------------+
    |add_ln256_fu_378_p2     |         +|   0|  0|  13|          10|          10|
    |add_ln257_fu_402_p2     |         +|   0|  0|  14|           9|           9|
    |add_ln258_1_fu_455_p2   |         +|   0|  0|  17|          17|          17|
    |add_ln258_fu_446_p2     |         +|   0|  0|  17|          17|          17|
    |add_ln259_fu_468_p2     |         +|   0|  0|  13|          10|           9|
    |count_2_fu_360_p2       |         +|   0|  0|  23|          16|           1|
    |i_2_fu_350_p2           |         +|   0|  0|  23|          16|           1|
    |sub_ln260_fu_484_p2     |         -|   0|  0|  14|           7|           9|
    |and_ln17_1_fu_519_p2    |       and|   0|  0|   2|           1|           1|
    |and_ln17_fu_513_p2      |       and|   0|  0|   2|           1|           1|
    |and_ln253_fu_334_p2     |       and|   0|  0|   2|           1|           1|
    |ap_condition_487        |       and|   0|  0|   2|           1|           1|
    |icmp_ln17_1_fu_501_p2   |      icmp|   0|  0|  15|           8|           8|
    |icmp_ln17_2_fu_507_p2   |      icmp|   0|  0|  15|           8|           7|
    |icmp_ln17_fu_495_p2     |      icmp|   0|  0|  15|           8|           8|
    |icmp_ln253_1_fu_328_p2  |      icmp|   0|  0|  12|          11|           1|
    |icmp_ln253_fu_312_p2    |      icmp|   0|  0|  23|          16|          16|
    |icmp_ln255_fu_345_p2    |      icmp|   0|  0|  23|          16|          16|
    |ap_enable_pp0           |       xor|   0|  0|   2|           1|           2|
    +------------------------+----------+----+---+----+------------+------------+
    |Total                   |          |   0|  0| 247|         174|         135|
    +------------------------+----------+----+---+----+------------+------------+

    * Multiplexer: 
    +----------------------------------+----+-----------+-----+-----------+
    |               Name               | LUT| Input Size| Bits| Total Bits|
    +----------------------------------+----+-----------+-----+-----------+
    |ap_NS_fsm                         |  14|          3|    1|          3|
    |ap_done_int                       |   9|          2|    1|          2|
    |ap_enable_reg_pp0_iter0           |   9|          2|    1|          2|
    |ap_enable_reg_pp0_iter1           |   9|          2|    1|          2|
    |ap_enable_reg_pp0_iter3           |   9|          2|    1|          2|
    |ap_loop_exit_ready_pp0_iter1_reg  |   9|          2|    1|          2|
    |ap_loop_exit_ready_pp0_iter2_reg  |   9|          2|    1|          2|
    |ap_sig_allocacmp_count_1          |  14|          3|   16|         48|
    |ap_sig_allocacmp_i_1              |   9|          2|   16|         32|
    |count_fu_106                      |   9|          2|   16|         32|
    |i_fu_102                          |   9|          2|   16|         32|
    +----------------------------------+----+-----------+-----+-----------+
    |Total                             | 109|         24|   71|        159|
    +----------------------------------+----+-----------+-----+-----------+

    * Register: 
    +----------------------------------------+----+----+-----+-----------+
    |                  Name                  | FF | LUT| Bits| Const Bits|
    +----------------------------------------+----+----+-----+-----------+
    |and_ln17_1_reg_637                      |   1|   0|    1|          0|
    |and_ln253_reg_552                       |   1|   0|    1|          0|
    |and_ln253_reg_552_pp0_iter1_reg         |   1|   0|    1|          0|
    |ap_CS_fsm                               |   2|   0|    2|          0|
    |ap_done_reg                             |   1|   0|    1|          0|
    |ap_enable_reg_pp0_iter0_reg             |   1|   0|    1|          0|
    |ap_enable_reg_pp0_iter1                 |   1|   0|    1|          0|
    |ap_enable_reg_pp0_iter2                 |   1|   0|    1|          0|
    |ap_enable_reg_pp0_iter3                 |   1|   0|    1|          0|
    |ap_loop_exit_ready_pp0_iter1_reg        |   1|   0|    1|          0|
    |ap_loop_exit_ready_pp0_iter2_reg        |   1|   0|    1|          0|
    |count_1_reg_545                         |  16|   0|   16|          0|
    |count_1_reg_545_pp0_iter1_reg           |  16|   0|   16|          0|
    |count_fu_106                            |  16|   0|   16|          0|
    |i_1_reg_539                             |  16|   0|   16|          0|
    |i_fu_102                                |  16|   0|   16|          0|
    |icmp_ln255_reg_571                      |   1|   0|    1|          0|
    |is_external_load_reg_580                |   1|   0|    1|          0|
    |is_external_load_reg_580_pp0_iter2_reg  |   1|   0|    1|          0|
    |lshr_ln1_reg_610                        |   8|   0|    8|          0|
    |lshr_ln_reg_604                         |   9|   0|    9|          0|
    |zext_ln255_reg_556                      |  16|   0|   64|         48|
    |zext_ln259_reg_632                      |  16|   0|   64|         48|
    |icmp_ln255_reg_571                      |  64|  32|    1|          0|
    |zext_ln255_reg_556                      |  64|  32|   64|         48|
    +----------------------------------------+----+----+-----+-----------+
    |Total                                   | 272|  64|  305|        144|
    +----------------------------------------+----+----+-----+-----------+



================================================================
== Interface
================================================================
* Summary: 
+--------------------------+-----+-----+------------+-------------------------------------------------+--------------+
|         RTL Ports        | Dir | Bits|  Protocol  |                  Source Object                  |    C Type    |
+--------------------------+-----+-----+------------+-------------------------------------------------+--------------+
|ap_clk                    |   in|    1|  ap_ctrl_hs|  hls_object_green_classification_Pipeline_pass_4|  return value|
|ap_rst                    |   in|    1|  ap_ctrl_hs|  hls_object_green_classification_Pipeline_pass_4|  return value|
|ap_start                  |   in|    1|  ap_ctrl_hs|  hls_object_green_classification_Pipeline_pass_4|  return value|
|ap_done                   |  out|    1|  ap_ctrl_hs|  hls_object_green_classification_Pipeline_pass_4|  return value|
|ap_idle                   |  out|    1|  ap_ctrl_hs|  hls_object_green_classification_Pipeline_pass_4|  return value|
|ap_ready                  |  out|    1|  ap_ctrl_hs|  hls_object_green_classification_Pipeline_pass_4|  return value|
|next_label_5              |   in|   16|     ap_none|                                     next_label_5|        scalar|
|obj_x_address0            |  out|    5|   ap_memory|                                            obj_x|         array|
|obj_x_ce0                 |  out|    1|   ap_memory|                                            obj_x|         array|
|obj_x_we0                 |  out|    1|   ap_memory|                                            obj_x|         array|
|obj_x_d0                  |  out|   16|   ap_memory|                                            obj_x|         array|
|obj_y_address0            |  out|    5|   ap_memory|                                            obj_y|         array|
|obj_y_ce0                 |  out|    1|   ap_memory|                                            obj_y|         array|
|obj_y_we0                 |  out|    1|   ap_memory|                                            obj_y|         array|
|obj_y_d0                  |  out|   16|   ap_memory|                                            obj_y|         array|
|obj_is_green_address0     |  out|    5|   ap_memory|                                     obj_is_green|         array|
|obj_is_green_ce0          |  out|    1|   ap_memory|                                     obj_is_green|         array|
|obj_is_green_we0          |  out|    1|   ap_memory|                                     obj_is_green|         array|
|obj_is_green_d0           |  out|    1|   ap_memory|                                     obj_is_green|         array|
|count_out                 |  out|   16|      ap_vld|                                        count_out|       pointer|
|count_out_ap_vld          |  out|    1|      ap_vld|                                        count_out|       pointer|
|parent_address0           |  out|    9|   ap_memory|                                           parent|         array|
|parent_ce0                |  out|    1|   ap_memory|                                           parent|         array|
|parent_q0                 |   in|   16|   ap_memory|                                           parent|         array|
|is_external_address0      |  out|    9|   ap_memory|                                      is_external|         array|
|is_external_ce0           |  out|    1|   ap_memory|                                      is_external|         array|
|is_external_q0            |   in|    1|   ap_memory|                                      is_external|         array|
|min_x_address0            |  out|    9|   ap_memory|                                            min_x|         array|
|min_x_ce0                 |  out|    1|   ap_memory|                                            min_x|         array|
|min_x_q0                  |   in|    9|   ap_memory|                                            min_x|         array|
|max_x_address0            |  out|    9|   ap_memory|                                            max_x|         array|
|max_x_ce0                 |  out|    1|   ap_memory|                                            max_x|         array|
|max_x_q0                  |   in|    9|   ap_memory|                                            max_x|         array|
|min_y_address0            |  out|    9|   ap_memory|                                            min_y|         array|
|min_y_ce0                 |  out|    1|   ap_memory|                                            min_y|         array|
|min_y_q0                  |   in|    8|   ap_memory|                                            min_y|         array|
|max_y_address0            |  out|    9|   ap_memory|                                            max_y|         array|
|max_y_ce0                 |  out|    1|   ap_memory|                                            max_y|         array|
|max_y_q0                  |   in|    8|   ap_memory|                                            max_y|         array|
|imgR_address0             |  out|   17|   ap_memory|                                             imgR|         array|
|imgR_ce0                  |  out|    1|   ap_memory|                                             imgR|         array|
|imgR_q0                   |   in|    8|   ap_memory|                                             imgR|         array|
|imgG_address0             |  out|   17|   ap_memory|                                             imgG|         array|
|imgG_ce0                  |  out|    1|   ap_memory|                                             imgG|         array|
|imgG_q0                   |   in|    8|   ap_memory|                                             imgG|         array|
|imgB_address0             |  out|   17|   ap_memory|                                             imgB|         array|
|imgB_ce0                  |  out|    1|   ap_memory|                                             imgB|         array|
|imgB_q0                   |   in|    8|   ap_memory|                                             imgB|         array|
|center_is_green_address1  |  out|    9|   ap_memory|                                  center_is_green|         array|
|center_is_green_ce1       |  out|    1|   ap_memory|                                  center_is_green|         array|
|center_is_green_we1       |  out|    1|   ap_memory|                                  center_is_green|         array|
|center_is_green_d1        |  out|    1|   ap_memory|                                  center_is_green|         array|
+--------------------------+-----+-----+------------+-------------------------------------------------+--------------+

