INFO: [HLS 200-10] Running '/tools/Xilinx/Vitis_HLS/2023.1/bin/unwrapped/lnx64.o/vitis_hls'
INFO: [HLS 200-10] For user 'dell3561-49' on host 'dell3561-49' (Linux_x86_64 version 6.8.0-85-generic) on Wed Oct 22 15:59:43 CEST 2025
INFO: [HLS 200-10] On os Ubuntu 22.04.5 LTS
INFO: [HLS 200-10] In directory '/home/dell3561-49/Vitis_HLS_folder/BackGrRemoval_AXIS'
Sourcing Tcl script '/home/dell3561-49/Vitis_HLS_folder/BackGrRemoval_AXIS/AxiS_BackGrRemoval/solution1/csim.tcl'
INFO: [HLS 200-1510] Running: source /home/dell3561-49/Vitis_HLS_folder/BackGrRemoval_AXIS/AxiS_BackGrRemoval/solution1/csim.tcl
INFO: [HLS 200-1510] Running: open_project AxiS_BackGrRemoval 
INFO: [HLS 200-10] Opening project '/home/dell3561-49/Vitis_HLS_folder/BackGrRemoval_AXIS/AxiS_BackGrRemoval'.
INFO: [HLS 200-1510] Running: set_top BackGrRemoval_stream_v2 
INFO: [HLS 200-1510] Running: add_files BackGrRemoval_stream_v2.cpp 
INFO: [HLS 200-10] Adding design file 'BackGrRemoval_stream_v2.cpp' to the project
INFO: [HLS 200-1510] Running: add_files parameters.h 
INFO: [HLS 200-10] Adding design file 'parameters.h' to the project
INFO: [HLS 200-1510] Running: add_files -tb 13_320x240.bmp -cflags -Wno-unknown-pragmas 
INFO: [HLS 200-10] Adding test bench file '13_320x240.bmp' to the project
INFO: [HLS 200-1510] Running: add_files -tb tb.cpp -cflags -Wno-unknown-pragmas 
INFO: [HLS 200-10] Adding test bench file 'tb.cpp' to the project
INFO: [HLS 200-1510] Running: open_solution solution1 -flow_target vivado 
INFO: [HLS 200-10] Opening solution '/home/dell3561-49/Vitis_HLS_folder/BackGrRemoval_AXIS/AxiS_BackGrRemoval/solution1'.
INFO: [SYN 201-201] Setting up clock 'default' with a period of 10ns.
INFO: [HLS 200-1611] Setting target device to 'xc7z020-clg484-1'
INFO: [HLS 200-1505] Using flow_target 'vivado'
Resolution: For help on HLS 200-1505 see www.xilinx.com/cgi-bin/docs/rdoc?v=2023.1;t=hls+guidance;d=200-1505.html
INFO: [HLS 200-1510] Running: set_part xc7z020-clg484-1 
INFO: [HLS 200-1510] Running: create_clock -period 10 -name default 
INFO: [HLS 200-1510] Running: source ./AxiS_BackGrRemoval/solution1/directives.tcl
INFO: [HLS 200-1510] Running: set_directive_top -name BackGrRemoval_stream_v2 BackGrRemoval_stream_v2 
INFO: [HLS 200-1510] Running: csim_design -quiet 
INFO: [SIM 211-2] *************** CSIM start ***************
INFO: [SIM 211-4] CSIM will launch GCC as the compiler.
INFO: [HLS 200-2036] Building debug C Simulation binaries
   Compiling ../../../../BackGrRemoval_stream_v2.cpp in debug mode
   Generating csim.exe
Loaded image: 320x240
Output stream empty at pixel 75600
Wrote result to output_320x240.bmp
INFO [HLS SIM]: The maximum depth reached by any hls::stream() instance in the design is 76800
INFO: [SIM 211-1] CSim done with 0 errors.
INFO: [SIM 211-3] *************** CSIM finish ***************
INFO: [HLS 200-111] Finished Command csim_design CPU user time: 1.59 seconds. CPU system time: 0.14 seconds. Elapsed time: 1.73 seconds; current allocated memory: 0.000 MB.
INFO: [HLS 200-112] Total CPU user time: 2.38 seconds. Total CPU system time: 0.27 seconds. Total elapsed time: 2.52 seconds; peak allocated memory: 189.520 MB.
