================================================================
== Design Size Report
================================================================

* Instructions per Function for each Compilation Phase
+-----------------------------------+--------------------+-----------------+---------------+----------------------+---------------+
| Function                          | Location           | Compile/Link    | Unroll/Inline | Performance/Pipeline | Optimizations |
+-----------------------------------+--------------------+-----------------+---------------+----------------------+---------------+
| + hls_object_green_classificat... | obj_detect.cpp:368 | 7,130           | 1,124         | 1,081                | 1,216         |
|  + uf_union                       | obj_detect.cpp:359 |   229           |               |                      |               |
|     uf_find                       | obj_detect.cpp:345 |   184 (2 calls) |               |                      |               |
|    uf_find                        | obj_detect.cpp:345 |    92           |               |                      |               |
|    is_green_rgb                   | obj_detect.cpp:339 |    59           |               |                      |               |
+-----------------------------------+--------------------+-----------------+---------------+----------------------+---------------+

* Description of Compilation Phases
+----------------------+------------------------------------------------------------+
| Compilation Phase    | Description                                                |
+----------------------+------------------------------------------------------------+
| Compile/Link         | All functions are compiled and linked into a single design |
| Unroll/Inline        | After user unroll and inline pragmas are applied           |
| Performance/Pipeline | After performance and pipeline pragmas are applied         |
| Optimizations        | After high level synthesis optimizations                   |
+----------------------+------------------------------------------------------------+

* Design Size Message Settings
+---------------------------------------------+--------+------------------------------------------------------------------+
| Message Setting                             | Value  | Description                                                      |
+---------------------------------------------+--------+------------------------------------------------------------------+
| config_compile -design_size_maximum_warning | 100000 | Show a warning when total design instructions exceeds this value |
+---------------------------------------------+--------+------------------------------------------------------------------+


