INFO: [HLS 200-10] Running '/tools/Xilinx/Vitis_HLS/2023.1/bin/unwrapped/lnx64.o/vitis_hls'
INFO: [HLS 200-10] For user 'dell3561-49' on host 'dell3561-49' (Linux_x86_64 version 6.8.0-85-generic) on Wed Oct 22 16:28:58 CEST 2025
INFO: [HLS 200-10] On os Ubuntu 22.04.5 LTS
INFO: [HLS 200-10] In directory '/home/dell3561-49/Vitis_HLS_folder/BackGrRemoval_AXIS_ver2'
Sourcing Tcl script '/home/dell3561-49/Vitis_HLS_folder/BackGrRemoval_AXIS_ver2/BaGrRemoval_AXIs_ver2/solution1/csynth.tcl'
INFO: [HLS 200-1510] Running: source /home/dell3561-49/Vitis_HLS_folder/BackGrRemoval_AXIS_ver2/BaGrRemoval_AXIs_ver2/solution1/csynth.tcl
INFO: [HLS 200-1510] Running: open_project BaGrRemoval_AXIs_ver2 
INFO: [HLS 200-10] Opening project '/home/dell3561-49/Vitis_HLS_folder/BackGrRemoval_AXIS_ver2/BaGrRemoval_AXIs_ver2'.
INFO: [HLS 200-1510] Running: set_top BackGrRemovalStream 
INFO: [HLS 200-1510] Running: add_files BackGrRemoval.cpp 
INFO: [HLS 200-10] Adding design file 'BackGrRemoval.cpp' to the project
INFO: [HLS 200-1510] Running: add_files BackGrRemoval.h 
INFO: [HLS 200-10] Adding design file 'BackGrRemoval.h' to the project
INFO: [HLS 200-1510] Running: add_files RGB2HSV.cpp 
INFO: [HLS 200-10] Adding design file 'RGB2HSV.cpp' to the project
INFO: [HLS 200-1510] Running: add_files RGB2HSV.h 
INFO: [HLS 200-10] Adding design file 'RGB2HSV.h' to the project
INFO: [HLS 200-1510] Running: add_files parameters.h 
INFO: [HLS 200-10] Adding design file 'parameters.h' to the project
INFO: [HLS 200-1510] Running: add_files -tb 13_320x240.bmp 
INFO: [HLS 200-10] Adding test bench file '13_320x240.bmp' to the project
INFO: [HLS 200-1510] Running: add_files -tb BackGrRemoval_tb.cpp 
INFO: [HLS 200-10] Adding test bench file 'BackGrRemoval_tb.cpp' to the project
INFO: [HLS 200-1510] Running: open_solution solution1 -flow_target vivado 
INFO: [HLS 200-10] Opening solution '/home/dell3561-49/Vitis_HLS_folder/BackGrRemoval_AXIS_ver2/BaGrRemoval_AXIs_ver2/solution1'.
INFO: [SYN 201-201] Setting up clock 'default' with a period of 10ns.
INFO: [HLS 200-1611] Setting target device to 'xc7a12ti-csg325-1L'
INFO: [HLS 200-1505] Using flow_target 'vivado'
Resolution: For help on HLS 200-1505 see www.xilinx.com/cgi-bin/docs/rdoc?v=2023.1;t=hls+guidance;d=200-1505.html
INFO: [HLS 200-1510] Running: set_part xc7a12ticsg325-1L 
INFO: [HLS 200-1510] Running: create_clock -period 10 -name default 
INFO: [HLS 200-1510] Running: csynth_design 
INFO: [HLS 200-111] Finished File checks and directory preparation: CPU user time: 0.05 seconds. CPU system time: 0 seconds. Elapsed time: 0.04 seconds; current allocated memory: 189.516 MB.
INFO: [HLS 200-10] Analyzing design file 'BackGrRemoval.cpp' ... 
WARNING: [HLS 207-5531] 'Resource pragma' is deprecated, use 'bind_op/bind_storage pragma' instead (BackGrRemoval.cpp:29:9)
WARNING: [HLS 207-5531] 'Resource pragma' is deprecated, use 'bind_op/bind_storage pragma' instead (BackGrRemoval.cpp:34:9)
WARNING: [HLS 207-5531] 'Resource pragma' is deprecated, use 'bind_op/bind_storage pragma' instead (BackGrRemoval.cpp:107:9)
INFO: [HLS 200-10] Analyzing design file 'RGB2HSV.cpp' ... 
INFO: [HLS 200-111] Finished Source Code Analysis and Preprocessing: CPU user time: 4.87 seconds. CPU system time: 0.75 seconds. Elapsed time: 5.73 seconds; current allocated memory: 190.641 MB.
INFO: [HLS 200-777] Using interface defaults for 'Vivado' flow target.
INFO: [HLS 200-1995] There were 8,507 instructions in the design after the 'Compile/Link' phase of compilation. See the Design Size Report for more details: /home/dell3561-49/Vitis_HLS_folder/BackGrRemoval_AXIS_ver2/BaGrRemoval_AXIs_ver2/solution1/syn/report/csynth_design_size.rpt
INFO: [HLS 200-1995] There were 5,551 instructions in the design after the 'Unroll/Inline' phase of compilation. See the Design Size Report for more details: /home/dell3561-49/Vitis_HLS_folder/BackGrRemoval_AXIS_ver2/BaGrRemoval_AXIs_ver2/solution1/syn/report/csynth_design_size.rpt
WARNING: [HLS 200-1995] There were 170,897 instructions in the design after the 'Performance/Pipeline' phase of compilation. See the Design Size Report for more details: /home/dell3561-49/Vitis_HLS_folder/BackGrRemoval_AXIS_ver2/BaGrRemoval_AXIs_ver2/solution1/syn/report/csynth_design_size.rpt
WARNING: [HLS 200-1995] There were 172,438 instructions in the design after the 'Optimizations' phase of compilation. See the Design Size Report for more details: /home/dell3561-49/Vitis_HLS_folder/BackGrRemoval_AXIS_ver2/BaGrRemoval_AXIs_ver2/solution1/syn/report/csynth_design_size.rpt
INFO: [HLS 214-131] Inlining function 'Minof3(ap_uint<8>, ap_uint<8>, ap_uint<8>)' into 'findHSV(PixelBGR*, ap_uint<8>*, ap_uint<8>*, ap_uint<8>*)' (RGB2HSV.cpp:33:18)
INFO: [HLS 214-131] Inlining function 'MaxOf3(ap_uint<8>, ap_uint<8>, ap_uint<8>)' into 'findHSV(PixelBGR*, ap_uint<8>*, ap_uint<8>*, ap_uint<8>*)' (RGB2HSV.cpp:32:11)
INFO: [HLS 214-291] Loop 'kernel_y' is marked as complete unroll implied by the pipeline pragma (BackGrRemoval.cpp:59:17)
INFO: [HLS 214-291] Loop 'kernel_x' is marked as complete unroll implied by the pipeline pragma (BackGrRemoval.cpp:61:21)
INFO: [HLS 214-291] Loop 'whiten_kernel' is marked as complete unroll implied by the pipeline pragma (BackGrRemoval.cpp:74:21)
INFO: [HLS 214-291] Loop 'VITIS_LOOP_75_2' is marked as complete unroll implied by the pipeline pragma (BackGrRemoval.cpp:75:42)
INFO: [HLS 214-186] Unrolling loop 'kernel_y' (BackGrRemoval.cpp:59:17) in function 'BackGrRemoval' completely with a factor of 11 (BackGrRemoval.cpp:15:0)
INFO: [HLS 214-186] Unrolling loop 'kernel_x' (BackGrRemoval.cpp:61:21) in function 'BackGrRemoval' completely with a factor of 11 (BackGrRemoval.cpp:15:0)
INFO: [HLS 214-186] Unrolling loop 'whiten_kernel' (BackGrRemoval.cpp:74:21) in function 'BackGrRemoval' completely with a factor of 11 (BackGrRemoval.cpp:15:0)
INFO: [HLS 214-186] Unrolling loop 'VITIS_LOOP_75_2' (BackGrRemoval.cpp:75:42) in function 'BackGrRemoval' completely with a factor of 11 (BackGrRemoval.cpp:15:0)
INFO: [HLS 214-188] Unrolling loop 'HSV_LOOP' (RGB2HSV.cpp:29:5) in function 'findHSV' partially with a factor of 4 (RGB2HSV.cpp:22:0)
INFO: [HLS 214-248] Applying array_partition to '_ZZ13BackGrRemovalP8PixelBGR7ap_uintILi8EEE1h': Cyclic partitioning with factor 32 on dimension 1. (BackGrRemoval.cpp:25:0)
INFO: [HLS 214-248] Applying array_partition to '_ZZ13BackGrRemovalP8PixelBGR7ap_uintILi8EEE1s': Cyclic partitioning with factor 8 on dimension 1. (BackGrRemoval.cpp:26:0)
INFO: [HLS 214-248] Applying array_partition to '_ZZ19BackGrRemovalStreamRN3hls6streamINS_4axisI7ap_uintILi24EELm1ELm1ELm1EEELi0EEES6_S2_ILi8EEE3img.r': Cyclic partitioning with factor 8 on dimension 1. (BackGrRemoval.cpp:106:0)
INFO: [HLS 214-248] Applying array_partition to '_ZZ19BackGrRemovalStreamRN3hls6streamINS_4axisI7ap_uintILi24EELm1ELm1ELm1EEELi0EEES6_S2_ILi8EEE3img.g': Cyclic partitioning with factor 8 on dimension 1. (BackGrRemoval.cpp:106:0)
INFO: [HLS 214-248] Applying array_partition to '_ZZ19BackGrRemovalStreamRN3hls6streamINS_4axisI7ap_uintILi24EELm1ELm1ELm1EEELi0EEES6_S2_ILi8EEE3img.b': Cyclic partitioning with factor 8 on dimension 1. (BackGrRemoval.cpp:106:0)
INFO: [HLS 214-270] Inferring pragma 'array_partition type=cyclic factor=2 dim=1' for array 'BackGrRemoval(PixelBGR*, ap_uint<8>)::v' due to pipeline pragma (RGB2HSV.cpp:30:9)
INFO: [HLS 214-270] Inferring pragma 'array_partition type=cyclic factor=141 dim=1' for array 'BackGrRemoval(PixelBGR*, ap_uint<8>)::outBGR (.b)' due to pipeline pragma (BackGrRemoval.cpp:51:9)
INFO: [HLS 214-270] Inferring pragma 'array_partition type=cyclic factor=141 dim=1' for array 'BackGrRemoval(PixelBGR*, ap_uint<8>)::outBGR (.g)' due to pipeline pragma (BackGrRemoval.cpp:51:9)
INFO: [HLS 214-270] Inferring pragma 'array_partition type=cyclic factor=141 dim=1' for array 'BackGrRemoval(PixelBGR*, ap_uint<8>)::outBGR (.r)' due to pipeline pragma (BackGrRemoval.cpp:51:9)
INFO: [HLS 214-248] Applying array_partition to '_ZZ13BackGrRemovalP8PixelBGR7ap_uintILi8EEE6outBGR.r': Cyclic partitioning with factor 141 on dimension 1. (BackGrRemoval.cpp:33:0)
INFO: [HLS 214-248] Applying array_partition to '_ZZ13BackGrRemovalP8PixelBGR7ap_uintILi8EEE6outBGR.g': Cyclic partitioning with factor 141 on dimension 1. (BackGrRemoval.cpp:33:0)
INFO: [HLS 214-248] Applying array_partition to '_ZZ13BackGrRemovalP8PixelBGR7ap_uintILi8EEE6outBGR.b': Cyclic partitioning with factor 141 on dimension 1. (BackGrRemoval.cpp:33:0)
INFO: [HLS 214-248] Applying array_partition to '_ZZ13BackGrRemovalP8PixelBGR7ap_uintILi8EEE1v': Cyclic partitioning with factor 2 on dimension 1. (BackGrRemoval.cpp:27:0)
INFO: [HLS 200-111] Finished Compiling Optimization and Transform: CPU user time: 1445.61 seconds. CPU system time: 1.05 seconds. Elapsed time: 1448.65 seconds; current allocated memory: 192.879 MB.
INFO: [HLS 200-111] Finished Checking Pragmas: CPU user time: 0 seconds. CPU system time: 0 seconds. Elapsed time: 0 seconds; current allocated memory: 192.879 MB.
INFO: [HLS 200-10] Starting code transformations ...
