

================================================================
== Vitis HLS Report for 'hls_object_green_classification_Pipeline_VITIS_LOOP_218_3_VITIS_LOOP_219_4'
================================================================
* Date:           Mon Dec 15 18:24:30 2025

* Version:        2023.1 (Build 3854077 on May  4 2023)
* Project:        Obj_Detect_ver6
* Solution:       solution1 (Vivado IP Flow Target)
* Product family: zynq
* Target device:  xc7z020-clg484-1


================================================================
== Performance Estimates
================================================================
+ Timing: 
    * Summary: 
    +--------+----------+----------+------------+
    |  Clock |  Target  | Estimated| Uncertainty|
    +--------+----------+----------+------------+
    |ap_clk  |  10.00 ns|  7.186 ns|     2.70 ns|
    +--------+----------+----------+------------+

+ Latency: 
    * Summary: 
    +---------+---------+----------+----------+--------+--------+---------+
    |  Latency (cycles) |  Latency (absolute) |     Interval    | Pipeline|
    |   min   |   max   |    min   |    max   |   min  |   max  |   Type  |
    +---------+---------+----------+----------+--------+--------+---------+
    |   230403|   230403|  2.304 ms|  2.304 ms|  230403|  230403|       no|
    +---------+---------+----------+----------+--------+--------+---------+

    + Detail: 
        * Instance: 
        N/A

        * Loop: 
        +-------------------------------------+---------+---------+----------+-----------+-----------+-------+----------+
        |                                     |  Latency (cycles) | Iteration|  Initiation Interval  |  Trip |          |
        |              Loop Name              |   min   |   max   |  Latency |  achieved |   target  | Count | Pipelined|
        +-------------------------------------+---------+---------+----------+-----------+-----------+-------+----------+
        |- VITIS_LOOP_218_3_VITIS_LOOP_219_4  |   230401|   230401|         5|          3|          3|  76800|       yes|
        +-------------------------------------+---------+---------+----------+-----------+-----------+-------+----------+



================================================================
== Utilization Estimates
================================================================
* Summary: 
+-----------------+---------+-----+--------+-------+-----+
|       Name      | BRAM_18K| DSP |   FF   |  LUT  | URAM|
+-----------------+---------+-----+--------+-------+-----+
|DSP              |        -|    -|       -|      -|    -|
|Expression       |        -|    -|       0|    248|    -|
|FIFO             |        -|    -|       -|      -|    -|
|Instance         |        -|    -|       -|      -|    -|
|Memory           |        -|    -|       -|      -|    -|
|Multiplexer      |        -|    -|       -|     74|    -|
|Register         |        -|    -|     125|      -|    -|
+-----------------+---------+-----+--------+-------+-----+
|Total            |        0|    0|     125|    322|    0|
+-----------------+---------+-----+--------+-------+-----+
|Available        |      280|  220|  106400|  53200|    0|
+-----------------+---------+-----+--------+-------+-----+
|Utilization (%)  |        0|    0|      ~0|     ~0|    0|
+-----------------+---------+-----+--------+-------+-----+

+ Detail: 
    * Instance: 
    N/A

    * DSP: 
    N/A

    * Memory: 
    N/A

    * FIFO: 
    N/A

    * Expression: 
    +--------------------------+----------+----+---+----+------------+------------+
    |       Variable Name      | Operation| DSP| FF| LUT| Bitwidth P0| Bitwidth P1|
    +--------------------------+----------+----+---+----+------------+------------+
    |add_ln218_fu_204_p2       |         +|   0|  0|  24|          17|           1|
    |add_ln221_1_fu_296_p2     |         +|   0|  0|  17|          17|          17|
    |add_ln221_fu_287_p2       |         +|   0|  0|  17|          17|          17|
    |pixel_count_d1            |         +|   0|  0|  23|          16|           1|
    |x_1_fu_244_p2             |         +|   0|  0|  14|           9|           1|
    |y_2_fu_216_p2             |         +|   0|  0|  15|           8|           1|
    |icmp_ln218_fu_198_p2      |      icmp|   0|  0|  24|          17|          17|
    |icmp_ln219_fu_222_p2      |      icmp|   0|  0|  14|           9|           9|
    |icmp_ln222_fu_307_p2      |      icmp|   0|  0|  23|          16|           1|
    |icmp_ln223_fu_322_p2      |      icmp|   0|  0|  14|           9|           9|
    |icmp_ln224_fu_327_p2      |      icmp|   0|  0|  14|           9|           9|
    |icmp_ln225_fu_332_p2      |      icmp|   0|  0|  15|           8|           8|
    |icmp_ln226_fu_337_p2      |      icmp|   0|  0|  15|           8|           8|
    |select_ln218_1_fu_236_p3  |    select|   0|  0|   8|           1|           8|
    |select_ln218_fu_228_p3    |    select|   0|  0|   9|           1|           1|
    |ap_enable_pp0             |       xor|   0|  0|   2|           1|           2|
    +--------------------------+----------+----+---+----+------------+------------+
    |Total                     |          |   0|  0| 248|         163|         110|
    +--------------------------+----------+----+---+----+------------+------------+

    * Multiplexer: 
    +-------------------------+----+-----------+-----+-----------+
    |           Name          | LUT| Input Size| Bits| Total Bits|
    +-------------------------+----+-----------+-----+-----------+
    |ap_NS_fsm                |  20|          4|    1|          4|
    |ap_done_int              |   9|          2|    1|          2|
    |ap_enable_reg_pp0_iter0  |   9|          2|    1|          2|
    |ap_enable_reg_pp0_iter1  |   9|          2|    1|          2|
    |indvar_flatten6_fu_78    |   9|          2|   17|         34|
    |x_fu_70                  |   9|          2|    9|         18|
    |y_fu_74                  |   9|          2|    8|         16|
    +-------------------------+----+-----------+-----+-----------+
    |Total                    |  74|         16|   38|         78|
    +-------------------------+----+-----------+-----+-----------+

    * Register: 
    +--------------------------------------+----+----+-----+-----------+
    |                 Name                 | FF | LUT| Bits| Const Bits|
    +--------------------------------------+----+----+-----+-----------+
    |ap_CS_fsm                             |   3|   0|    3|          0|
    |ap_done_reg                           |   1|   0|    1|          0|
    |ap_enable_reg_pp0_iter0_reg           |   1|   0|    1|          0|
    |ap_enable_reg_pp0_iter1               |   1|   0|    1|          0|
    |icmp_ln218_reg_370                    |   1|   0|    1|          0|
    |icmp_ln222_reg_398                    |   1|   0|    1|          0|
    |icmp_ln223_reg_432                    |   1|   0|    1|          0|
    |icmp_ln224_reg_436                    |   1|   0|    1|          0|
    |icmp_ln225_reg_440                    |   1|   0|    1|          0|
    |icmp_ln226_reg_444                    |   1|   0|    1|          0|
    |indvar_flatten6_fu_78                 |  17|   0|   17|          0|
    |max_x_addr_reg_408                    |   9|   0|    9|          0|
    |max_y_addr_reg_420                    |   9|   0|    9|          0|
    |min_x_addr_reg_402                    |   9|   0|    9|          0|
    |min_y_addr_reg_414                    |   9|   0|    9|          0|
    |pixel_count_addr_reg_426              |   9|   0|    9|          0|
    |select_ln218_1_reg_383                |   8|   0|    8|          0|
    |select_ln218_1_reg_383_pp0_iter1_reg  |   8|   0|    8|          0|
    |select_ln218_reg_374                  |   9|   0|    9|          0|
    |select_ln218_reg_374_pp0_iter1_reg    |   9|   0|    9|          0|
    |x_fu_70                               |   9|   0|    9|          0|
    |y_fu_74                               |   8|   0|    8|          0|
    +--------------------------------------+----+----+-----+-----------+
    |Total                                 | 125|   0|  125|          0|
    +--------------------------------------+----+----+-----+-----------+



================================================================
== Interface
================================================================
* Summary: 
+----------------------+-----+-----+------------+----------------------------------------------------------------------------+--------------+
|       RTL Ports      | Dir | Bits|  Protocol  |                                Source Object                               |    C Type    |
+----------------------+-----+-----+------------+----------------------------------------------------------------------------+--------------+
|ap_clk                |   in|    1|  ap_ctrl_hs|  hls_object_green_classification_Pipeline_VITIS_LOOP_218_3_VITIS_LOOP_219_4|  return value|
|ap_rst                |   in|    1|  ap_ctrl_hs|  hls_object_green_classification_Pipeline_VITIS_LOOP_218_3_VITIS_LOOP_219_4|  return value|
|ap_start              |   in|    1|  ap_ctrl_hs|  hls_object_green_classification_Pipeline_VITIS_LOOP_218_3_VITIS_LOOP_219_4|  return value|
|ap_done               |  out|    1|  ap_ctrl_hs|  hls_object_green_classification_Pipeline_VITIS_LOOP_218_3_VITIS_LOOP_219_4|  return value|
|ap_idle               |  out|    1|  ap_ctrl_hs|  hls_object_green_classification_Pipeline_VITIS_LOOP_218_3_VITIS_LOOP_219_4|  return value|
|ap_ready              |  out|    1|  ap_ctrl_hs|  hls_object_green_classification_Pipeline_VITIS_LOOP_218_3_VITIS_LOOP_219_4|  return value|
|label_map_address0    |  out|   17|   ap_memory|                                                                   label_map|         array|
|label_map_ce0         |  out|    1|   ap_memory|                                                                   label_map|         array|
|label_map_q0          |   in|   16|   ap_memory|                                                                   label_map|         array|
|pixel_count_address0  |  out|    9|   ap_memory|                                                                 pixel_count|         array|
|pixel_count_ce0       |  out|    1|   ap_memory|                                                                 pixel_count|         array|
|pixel_count_q0        |   in|   16|   ap_memory|                                                                 pixel_count|         array|
|pixel_count_address1  |  out|    9|   ap_memory|                                                                 pixel_count|         array|
|pixel_count_ce1       |  out|    1|   ap_memory|                                                                 pixel_count|         array|
|pixel_count_we1       |  out|    1|   ap_memory|                                                                 pixel_count|         array|
|pixel_count_d1        |  out|   16|   ap_memory|                                                                 pixel_count|         array|
|max_y_address0        |  out|    9|   ap_memory|                                                                       max_y|         array|
|max_y_ce0             |  out|    1|   ap_memory|                                                                       max_y|         array|
|max_y_q0              |   in|    8|   ap_memory|                                                                       max_y|         array|
|max_y_address1        |  out|    9|   ap_memory|                                                                       max_y|         array|
|max_y_ce1             |  out|    1|   ap_memory|                                                                       max_y|         array|
|max_y_we1             |  out|    1|   ap_memory|                                                                       max_y|         array|
|max_y_d1              |  out|    8|   ap_memory|                                                                       max_y|         array|
|min_y_address0        |  out|    9|   ap_memory|                                                                       min_y|         array|
|min_y_ce0             |  out|    1|   ap_memory|                                                                       min_y|         array|
|min_y_q0              |   in|    8|   ap_memory|                                                                       min_y|         array|
|min_y_address1        |  out|    9|   ap_memory|                                                                       min_y|         array|
|min_y_ce1             |  out|    1|   ap_memory|                                                                       min_y|         array|
|min_y_we1             |  out|    1|   ap_memory|                                                                       min_y|         array|
|min_y_d1              |  out|    8|   ap_memory|                                                                       min_y|         array|
|max_x_address0        |  out|    9|   ap_memory|                                                                       max_x|         array|
|max_x_ce0             |  out|    1|   ap_memory|                                                                       max_x|         array|
|max_x_q0              |   in|    9|   ap_memory|                                                                       max_x|         array|
|max_x_address1        |  out|    9|   ap_memory|                                                                       max_x|         array|
|max_x_ce1             |  out|    1|   ap_memory|                                                                       max_x|         array|
|max_x_we1             |  out|    1|   ap_memory|                                                                       max_x|         array|
|max_x_d1              |  out|    9|   ap_memory|                                                                       max_x|         array|
|min_x_address0        |  out|    9|   ap_memory|                                                                       min_x|         array|
|min_x_ce0             |  out|    1|   ap_memory|                                                                       min_x|         array|
|min_x_q0              |   in|    9|   ap_memory|                                                                       min_x|         array|
|min_x_address1        |  out|    9|   ap_memory|                                                                       min_x|         array|
|min_x_ce1             |  out|    1|   ap_memory|                                                                       min_x|         array|
|min_x_we1             |  out|    1|   ap_memory|                                                                       min_x|         array|
|min_x_d1              |  out|    9|   ap_memory|                                                                       min_x|         array|
+----------------------+-----+-----+------------+----------------------------------------------------------------------------+--------------+

