

================================================================
== Vitis HLS Report for 'hls_object_green_classification'
================================================================
* Date:           Mon Dec 15 18:24:31 2025

* Version:        2023.1 (Build 3854077 on May  4 2023)
* Project:        Obj_Detect_ver6
* Solution:       solution1 (Vivado IP Flow Target)
* Product family: zynq
* Target device:  xc7z020-clg484-1


================================================================
== Performance Estimates
================================================================
+ Timing: 
    * Summary: 
    +--------+----------+----------+------------+
    |  Clock |  Target  | Estimated| Uncertainty|
    +--------+----------+----------+------------+
    |ap_clk  |  10.00 ns|  7.186 ns|     2.70 ns|
    +--------+----------+----------+------------+

+ Latency: 
    * Summary: 
    +---------+---------+----------+----------+-----+-----+---------+
    |  Latency (cycles) |  Latency (absolute) |  Interval | Pipeline|
    |   min   |   max   |    min   |    max   | min | max |   Type  |
    +---------+---------+----------+----------+-----+-----+---------+
    |        ?|        ?|         ?|         ?|    ?|    ?|       no|
    +---------+---------+----------+----------+-----+-----+---------+

    + Detail: 
        * Instance: 
        +---------------------------------------------------------------------------------------+----------------------------------------------------------------------------+---------+---------+-----------+----------+--------+--------+---------+
        |                                                                                       |                                                                            |  Latency (cycles) |  Latency (absolute)  |     Interval    | Pipeline|
        |                                        Instance                                       |                                   Module                                   |   min   |   max   |    min    |    max   |   min  |   max  |   Type  |
        +---------------------------------------------------------------------------------------+----------------------------------------------------------------------------+---------+---------+-----------+----------+--------+--------+---------+
        |grp_hls_object_green_classification_Pipeline_InitLoop_fu_793                           |hls_object_green_classification_Pipeline_InitLoop                           |      514|      514|   5.140 us|  5.140 us|     514|     514|       no|
        |grp_hls_object_green_classification_Pipeline_VITIS_LOOP_26_1_fu_811                    |hls_object_green_classification_Pipeline_VITIS_LOOP_26_1                    |        ?|        ?|          ?|         ?|       ?|       ?|       no|
        |grp_hls_object_green_classification_Pipeline_VITIS_LOOP_28_2_fu_819                    |hls_object_green_classification_Pipeline_VITIS_LOOP_28_2                    |        ?|        ?|          ?|         ?|       ?|       ?|       no|
        |grp_hls_object_green_classification_Pipeline_VITIS_LOOP_26_11_fu_827                   |hls_object_green_classification_Pipeline_VITIS_LOOP_26_11                   |        ?|        ?|          ?|         ?|       ?|       ?|       no|
        |grp_hls_object_green_classification_Pipeline_VITIS_LOOP_28_22_fu_836                   |hls_object_green_classification_Pipeline_VITIS_LOOP_28_22                   |        ?|        ?|          ?|         ?|       ?|       ?|       no|
        |grp_hls_object_green_classification_Pipeline_Pass1_5_inner0_fu_844                     |hls_object_green_classification_Pipeline_Pass1_5_inner0                     |      334|      334|   3.340 us|  3.340 us|     334|     334|       no|
        |grp_hls_object_green_classification_Pipeline_VITIS_LOOP_206_1_VITIS_LOOP_207_2_fu_871  |hls_object_green_classification_Pipeline_VITIS_LOOP_206_1_VITIS_LOOP_207_2  |   230402|   230402|   2.304 ms|  2.304 ms|  230402|  230402|       no|
        |grp_hls_object_green_classification_Pipeline_VITIS_LOOP_26_13_fu_879                   |hls_object_green_classification_Pipeline_VITIS_LOOP_26_13                   |        ?|        ?|          ?|         ?|       ?|       ?|       no|
        |grp_hls_object_green_classification_Pipeline_VITIS_LOOP_28_24_fu_887                   |hls_object_green_classification_Pipeline_VITIS_LOOP_28_24                   |        ?|        ?|          ?|         ?|       ?|       ?|       no|
        |grp_hls_object_green_classification_Pipeline_VITIS_LOOP_218_3_VITIS_LOOP_219_4_fu_895  |hls_object_green_classification_Pipeline_VITIS_LOOP_218_3_VITIS_LOOP_219_4  |   230403|   230403|   2.304 ms|  2.304 ms|  230403|  230403|       no|
        |grp_hls_object_green_classification_Pipeline_PASS_3_5_1_fu_911                         |hls_object_green_classification_Pipeline_PASS_3_5_1                         |        4|    65537|  40.000 ns|  0.655 ms|       4|   65537|       no|
        |grp_hls_object_green_classification_Pipeline_pass_4_fu_920                             |hls_object_green_classification_Pipeline_pass_4                             |        ?|        ?|          ?|         ?|       ?|       ?|       no|
        |grp_hls_object_green_classification_Pipeline_PASS_3_5_2_in_fu_954                      |hls_object_green_classification_Pipeline_PASS_3_5_2_in                      |        8|    65541|  80.000 ns|  0.655 ms|       8|   65541|       no|
        |grp_hls_object_green_classification_Pipeline_VITIS_LOOP_276_5_fu_976                   |hls_object_green_classification_Pipeline_VITIS_LOOP_276_5                   |        2|    65537|  20.000 ns|  0.655 ms|       2|   65537|       no|
        |grp_hls_object_green_classification_Pipeline_pass5_out_pass5_in_fu_993                 |hls_object_green_classification_Pipeline_pass5_out_pass5_in                 |    76814|    76814|   0.768 ms|  0.768 ms|   76814|   76814|       no|
        |grp_hls_object_green_classification_Pipeline_VITIS_LOOP_311_6_fu_1041                  |hls_object_green_classification_Pipeline_VITIS_LOOP_311_6                   |        2|       65|  20.000 ns|  0.650 us|       2|      65|       no|
        +---------------------------------------------------------------------------------------+----------------------------------------------------------------------------+---------+---------+-----------+----------+--------+--------+---------+

        * Loop: 
        +------------------+---------+------------+-----------+-----------+-----------+-----------+----------+
        |                  |   Latency (cycles)   | Iteration |  Initiation Interval  |    Trip   |          |
        |     Loop Name    |   min   |     max    |  Latency  |  achieved |   target  |   Count   | Pipelined|
        +------------------+---------+------------+-----------+-----------+-----------+-----------+----------+
        |- PASS_1          |        ?|           ?|          ?|          -|          -|      76800|        no|
        |- PASS1_5_Outer   |    82586|       82586|        347|          -|          -|        238|        no|
        |- PASS2           |        ?|           ?|          ?|          -|          -|  0 ~ 65535|        no|
        |- PASS_3_5_2_out  |        3|  4295491564|  3 ~ 65546|          -|          -|  1 ~ 65534|        no|
        +------------------+---------+------------+-----------+-----------+-----------+-----------+----------+



================================================================
== Utilization Estimates
================================================================
* Summary: 
+-----------------+---------+-----+--------+-------+-----+
|       Name      | BRAM_18K| DSP |   FF   |  LUT  | URAM|
+-----------------+---------+-----+--------+-------+-----+
|DSP              |        -|    4|       -|      -|    -|
|Expression       |        -|    -|       0|   1146|    -|
|FIFO             |        -|    -|       -|      -|    -|
|Instance         |        0|   16|    4484|   6022|    -|
|Memory           |      337|    -|      66|    153|    0|
|Multiplexer      |        -|    -|       -|   2833|    -|
|Register         |        -|    -|    1072|      -|    -|
+-----------------+---------+-----+--------+-------+-----+
|Total            |      337|   20|    5622|  10154|    0|
+-----------------+---------+-----+--------+-------+-----+
|Available        |      280|  220|  106400|  53200|    0|
+-----------------+---------+-----+--------+-------+-----+
|Utilization (%)  |      120|    9|       5|     19|    0|
+-----------------+---------+-----+--------+-------+-----+

+ Detail: 
    * Instance: 
    +---------------------------------------------------------------------------------------+----------------------------------------------------------------------------+---------+----+-----+------+-----+
    |                                        Instance                                       |                                   Module                                   | BRAM_18K| DSP|  FF |  LUT | URAM|
    +---------------------------------------------------------------------------------------+----------------------------------------------------------------------------+---------+----+-----+------+-----+
    |CTRL_s_axi_U                                                                           |CTRL_s_axi                                                                  |        0|   0|  298|   299|    0|
    |grp_hls_object_green_classification_Pipeline_InitLoop_fu_793                           |hls_object_green_classification_Pipeline_InitLoop                           |        0|   0|   12|    52|    0|
    |grp_hls_object_green_classification_Pipeline_PASS_3_5_1_fu_911                         |hls_object_green_classification_Pipeline_PASS_3_5_1                         |        0|   0|   46|    97|    0|
    |grp_hls_object_green_classification_Pipeline_PASS_3_5_2_in_fu_954                      |hls_object_green_classification_Pipeline_PASS_3_5_2_in                      |        0|   0|  324|   318|    0|
    |grp_hls_object_green_classification_Pipeline_Pass1_5_inner0_fu_844                     |hls_object_green_classification_Pipeline_Pass1_5_inner0                     |        0|   3|  857|  1437|    0|
    |grp_hls_object_green_classification_Pipeline_VITIS_LOOP_206_1_VITIS_LOOP_207_2_fu_871  |hls_object_green_classification_Pipeline_VITIS_LOOP_206_1_VITIS_LOOP_207_2  |        0|   0|   76|   250|    0|
    |grp_hls_object_green_classification_Pipeline_VITIS_LOOP_218_3_VITIS_LOOP_219_4_fu_895  |hls_object_green_classification_Pipeline_VITIS_LOOP_218_3_VITIS_LOOP_219_4  |        0|   0|  125|   322|    0|
    |grp_hls_object_green_classification_Pipeline_VITIS_LOOP_26_1_fu_811                    |hls_object_green_classification_Pipeline_VITIS_LOOP_26_1                    |        0|   0|   35|    64|    0|
    |grp_hls_object_green_classification_Pipeline_VITIS_LOOP_26_11_fu_827                   |hls_object_green_classification_Pipeline_VITIS_LOOP_26_11                   |        0|   0|   44|    64|    0|
    |grp_hls_object_green_classification_Pipeline_VITIS_LOOP_26_13_fu_879                   |hls_object_green_classification_Pipeline_VITIS_LOOP_26_13                   |        0|   0|   35|    64|    0|
    |grp_hls_object_green_classification_Pipeline_VITIS_LOOP_276_5_fu_976                   |hls_object_green_classification_Pipeline_VITIS_LOOP_276_5                   |        0|   0|   15|    75|    0|
    |grp_hls_object_green_classification_Pipeline_VITIS_LOOP_28_2_fu_819                    |hls_object_green_classification_Pipeline_VITIS_LOOP_28_2                    |        0|   0|  121|   194|    0|
    |grp_hls_object_green_classification_Pipeline_VITIS_LOOP_28_22_fu_836                   |hls_object_green_classification_Pipeline_VITIS_LOOP_28_22                   |        0|   0|  121|   194|    0|
    |grp_hls_object_green_classification_Pipeline_VITIS_LOOP_28_24_fu_887                   |hls_object_green_classification_Pipeline_VITIS_LOOP_28_24                   |        0|   0|  121|   194|    0|
    |grp_hls_object_green_classification_Pipeline_VITIS_LOOP_311_6_fu_1041                  |hls_object_green_classification_Pipeline_VITIS_LOOP_311_6                   |        0|   0|   15|    75|    0|
    |grp_hls_object_green_classification_Pipeline_pass5_out_pass5_in_fu_993                 |hls_object_green_classification_Pipeline_pass5_out_pass5_in                 |        0|   2|  732|   844|    0|
    |grp_hls_object_green_classification_Pipeline_pass_4_fu_920                             |hls_object_green_classification_Pipeline_pass_4                             |        0|   0|  210|   408|    0|
    |mul_11s_11s_21_1_1_U173                                                                |mul_11s_11s_21_1_1                                                          |        0|   1|    0|     6|    0|
    |mul_32ns_34ns_65_2_1_U167                                                              |mul_32ns_34ns_65_2_1                                                        |        0|   4|  173|    54|    0|
    |mul_41ns_43ns_56_3_1_U168                                                              |mul_41ns_43ns_56_3_1                                                        |        0|   6|  230|   147|    0|
    |mul_7ns_8ns_14_1_1_U176                                                                |mul_7ns_8ns_14_1_1                                                          |        0|   0|    0|    41|    0|
    |mul_7ns_8ns_14_1_1_U179                                                                |mul_7ns_8ns_14_1_1                                                          |        0|   0|    0|    41|    0|
    |mul_7ns_8ns_14_1_1_U180                                                                |mul_7ns_8ns_14_1_1                                                          |        0|   0|    0|    41|    0|
    |mul_8ns_10ns_17_1_1_U175                                                               |mul_8ns_10ns_17_1_1                                                         |        0|   0|    0|    63|    0|
    |mul_8ns_10ns_17_1_1_U177                                                               |mul_8ns_10ns_17_1_1                                                         |        0|   0|    0|    63|    0|
    |mul_8ns_10ns_17_1_1_U178                                                               |mul_8ns_10ns_17_1_1                                                         |        0|   0|    0|    63|    0|
    |mux_2_1_8_1_1_U171                                                                     |mux_2_1_8_1_1                                                               |        0|   0|    0|     9|    0|
    |mux_2_1_8_1_1_U172                                                                     |mux_2_1_8_1_1                                                               |        0|   0|    0|     9|    0|
    |mux_3_2_1_1_1_U181                                                                     |mux_3_2_1_1_1                                                               |        0|   0|    0|    14|    0|
    |urem_32ns_3ns_2_36_seq_1_U169                                                          |urem_32ns_3ns_2_36_seq_1                                                    |        0|   0|  394|   238|    0|
    |urem_32ns_3ns_2_36_seq_1_U170                                                          |urem_32ns_3ns_2_36_seq_1                                                    |        0|   0|  394|   238|    0|
    |urem_8ns_3ns_2_12_seq_1_U174                                                           |urem_8ns_3ns_2_12_seq_1                                                     |        0|   0|  106|    44|    0|
    +---------------------------------------------------------------------------------------+----------------------------------------------------------------------------+---------+----+-----+------+-----+
    |Total                                                                                  |                                                                            |        0|  16| 4484|  6022|    0|
    +---------------------------------------------------------------------------------------+----------------------------------------------------------------------------+---------+----+-----+------+-----+

    * DSP: 
    +-------------------------------------+--------------------------------+--------------+
    |               Instance              |             Module             |  Expression  |
    +-------------------------------------+--------------------------------+--------------+
    |mac_muladd_11s_11s_21s_21_4_1_U185   |mac_muladd_11s_11s_21s_21_4_1   |  i0 + i1 * i1|
    |mac_muladd_14s_7ns_14ns_14_4_1_U184  |mac_muladd_14s_7ns_14ns_14_4_1  |  i0 * i1 + i2|
    |mac_muladd_8ns_4ns_41ns_41_4_1_U183  |mac_muladd_8ns_4ns_41ns_41_4_1  |  i0 + i1 * i2|
    |mac_muladd_8ns_6ns_40ns_41_4_1_U182  |mac_muladd_8ns_6ns_40ns_41_4_1  |  i0 * i1 + i2|
    +-------------------------------------+--------------------------------+--------------+

    * Memory: 
    +---------------------------------------------------------------------------------------+----------------------------------------------------------------------------------+---------+----+-----+-----+-------+-----+------+-------------+
    |                                         Memory                                        |                                      Module                                      | BRAM_18K| FF | LUT | URAM| Words | Bits| Banks| W*Bits*Banks|
    +---------------------------------------------------------------------------------------+----------------------------------------------------------------------------------+---------+----+-----+-----+-------+-----+------+-------------+
    |center_is_green_U                                                                      |center_is_green_RAM_AUTO_1R1W                                                     |        0|   1|    8|    0|    512|    1|     1|          512|
    |hls_object_green_classification_stream_stream_short_short_ap_uint_ap_uint_1_U          |hls_object_green_classification_stream_stream_short_short_ap_uint_ap_uint_1_Rbkb  |        1|   0|    0|    0|    320|    8|     1|         2560|
    |hls_mulmulmulobject_green_classification_stream_stream_short_short_ap_uint_ap_uint_U   |hls_object_green_classification_stream_stream_short_short_ap_uint_ap_uint_1_Rbkb  |        1|   0|    0|    0|    320|    8|     1|         2560|
    |imgR_U                                                                                 |imgR_RAM_2P_BRAM_1R1W                                                             |       64|   0|    0|    0|  76800|    8|     1|       614400|
    |imgG_U                                                                                 |imgR_RAM_2P_BRAM_1R1W                                                             |       64|   0|    0|    0|  76800|    8|     1|       614400|
    |imgB_U                                                                                 |imgR_RAM_2P_BRAM_1R1W                                                             |       64|   0|    0|    0|  76800|    8|     1|       614400|
    |is_external_U                                                                          |is_external_RAM_2P_BRAM_1R1W                                                      |        1|   0|    0|    0|    512|    1|     1|          512|
    |label_map_U                                                                            |label_map_RAM_2P_BRAM_1R1W                                                        |      128|   0|    0|    0|  76800|   16|     1|      1228800|
    |min_x_U                                                                                |min_x_RAM_2P_BRAM_1R1W                                                            |        1|   0|    0|    0|    512|    9|     1|         4608|
    |max_x_U                                                                                |min_x_RAM_2P_BRAM_1R1W                                                            |        1|   0|    0|    0|    512|    9|     1|         4608|
    |min_y_U                                                                                |min_y_RAM_2P_BRAM_1R1W                                                            |        1|   0|    0|    0|    512|    8|     1|         4096|
    |max_y_U                                                                                |min_y_RAM_2P_BRAM_1R1W                                                            |        1|   0|    0|    0|    512|    8|     1|         4096|
    |obj_is_green_buf_U                                                                     |obj_is_green_buf_RAM_AUTO_1R1W                                                    |        0|   1|    1|    0|     32|    1|     1|           32|
    |obj_x_buf_U                                                                            |obj_x_buf_RAM_AUTO_1R1W                                                           |        0|  16|    8|    0|     32|   16|     1|          512|
    |obj_y_buf_U                                                                            |obj_x_buf_RAM_AUTO_1R1W                                                           |        0|  16|    8|    0|     32|   16|     1|          512|
    |p_ZZ31hls_object_green_classificationRN3hls6streamINS_4axisI7ap_uintILi24EELm1ELm_8_U  |p_ZZ31hls_object_green_classificationRN3hls6streamINS_4axisI7ap_uintILi24EELmdEe  |        1|   0|    0|    0|   8560|    1|     1|         8560|
    |p_ZZ31hls_object_green_classificationRN3hls6streamINS_4axisI7ap_uintILi24EELm1ELm_7_U  |p_ZZ31hls_object_green_classificationRN3hls6streamINS_4axisI7ap_uintILi24EELmdEe  |        1|   0|    0|    0|   8560|    1|     1|         8560|
    |p_ZZ31hls_object_green_classificationRN3hls6streamINS_4axisI7ap_uintILi24EELm1ELm_6_U  |p_ZZ31hls_object_green_classificationRN3hls6streamINS_4axisI7ap_uintILi24EELmdEe  |        1|   0|    0|    0|   8560|    1|     1|         8560|
    |p_ZZ31hls_object_green_classificationRN3hls6streamINS_4axisI7ap_uintILi24EELm1ELm_5_U  |p_ZZ31hls_object_green_classificationRN3hls6streamINS_4axisI7ap_uintILi24EELmdEe  |        1|   0|    0|    0|   8560|    1|     1|         8560|
    |p_ZZ31hls_object_green_classificationRN3hls6streamINS_4axisI7ap_uintILi24EELm1ELm_4_U  |p_ZZ31hls_object_green_classificationRN3hls6streamINS_4axisI7ap_uintILi24EELmdEe  |        1|   0|    0|    0|   8560|    1|     1|         8560|
    |p_ZZ31hls_object_green_classificationRN3hls6streamINS_4axisI7ap_uintILi24EELm1ELm_3_U  |p_ZZ31hls_object_green_classificationRN3hls6streamINS_4axisI7ap_uintILi24EELmdEe  |        1|   0|    0|    0|   8560|    1|     1|         8560|
    |p_ZZ31hls_object_green_classificationRN3hls6streamINS_4axisI7ap_uintILi24EELm1ELm_2_U  |p_ZZ31hls_object_green_classificationRN3hls6streamINS_4axisI7ap_uintILi24EELmdEe  |        1|   0|    0|    0|   8560|    1|     1|         8560|
    |p_ZZ31hls_object_green_classificationRN3hls6streamINS_4axisI7ap_uintILi24EELm1ELm_1_U  |p_ZZ31hls_object_green_classificationRN3hls6streamINS_4axisI7ap_uintILi24EELmdEe  |        1|   0|    0|    0|   8560|    1|     1|         8560|
    |p_ZZ31hls_object_green_classificationRN3hls6streamINS_4axisI7ap_uintILi24EELm1ELm_U    |p_ZZ31hls_object_green_classificationRN3hls6streamINS_4axisI7ap_uintILi24EELmdEe  |        1|   0|    0|    0|   8560|    1|     1|         8560|
    |parent_U                                                                               |parent_RAM_2P_BRAM_1R1W                                                           |        1|   0|    0|    0|    512|   16|     1|         8192|
    |pixel_count_U                                                                          |pixel_count_RAM_2P_LUTRAM_1R1W                                                    |        0|  32|  128|    0|    512|   16|     1|         8192|
    +---------------------------------------------------------------------------------------+----------------------------------------------------------------------------------+---------+----+-----+-----+-------+-----+------+-------------+
    |Total                                                                                  |                                                                                  |      337|  66|  153|    0| 389072|  166|    26|      3190032|
    +---------------------------------------------------------------------------------------+----------------------------------------------------------------------------------+---------+----+-----+-----+-------+-----+------+-------------+

    * FIFO: 
    N/A

    * Expression: 
    +------------------------------------------------------------------------------------------+----------+----+---+----+------------+------------+
    |                                       Variable Name                                      | Operation| DSP| FF| LUT| Bitwidth P0| Bitwidth P1|
    +------------------------------------------------------------------------------------------+----------+----+---+----+------------+------------+
    |add_ln136_1_fu_1277_p2                                                                    |         +|   0|  0|  24|          17|          17|
    |add_ln136_fu_1167_p2                                                                      |         +|   0|  0|  24|          17|          17|
    |add_ln158_1_fu_1581_p2                                                                    |         +|   0|  0|  11|          11|          11|
    |add_ln158_fu_1512_p2                                                                      |         +|   0|  0|  13|          10|          10|
    |add_ln159_1_fu_1626_p2                                                                    |         +|   0|  0|  11|          11|          11|
    |add_ln159_fu_1529_p2                                                                      |         +|   0|  0|  13|          10|          10|
    |add_ln168_1_fu_1661_p2                                                                    |         +|   0|  0|  17|          17|          17|
    |add_ln168_fu_1656_p2                                                                      |         +|   0|  0|  17|          17|           2|
    |add_ln169_1_fu_1695_p2                                                                    |         +|   0|  0|  17|          17|          17|
    |add_ln169_2_fu_1701_p2                                                                    |         +|   0|  0|  17|          17|          17|
    |add_ln169_fu_1666_p2                                                                      |         +|   0|  0|  15|           8|           2|
    |add_ln178_fu_1844_p2                                                                      |         +|   0|  0|  39|          32|           1|
    |add_ln199_fu_2058_p2                                                                      |         +|   0|  0|  23|          16|           1|
    |add_ln243_fu_2096_p2                                                                      |         +|   0|  0|  23|          16|           1|
    |col_1_fu_1805_p2                                                                          |         +|   0|  0|  39|          32|           1|
    |empty_51_fu_1943_p2                                                                       |         +|   0|  0|  15|           8|           2|
    |gx_fu_1587_p2                                                                             |         +|   0|  0|  11|          11|          11|
    |i_9_fu_1141_p2                                                                            |         +|   0|  0|  24|          17|           1|
    |indvars_iv_next118_fu_1968_p2                                                             |         +|   0|  0|  15|           8|           1|
    |next_label_1_fu_1740_p2                                                                   |         +|   0|  0|  23|          16|           1|
    |gy_fu_1632_p2                                                                             |         -|   0|  0|  11|          11|          11|
    |sub_ln134_1_fu_1399_p2                                                                    |         -|   0|  0|  11|           3|           2|
    |sub_ln134_fu_1369_p2                                                                      |         -|   0|  0|  11|           3|           2|
    |sub_ln138_fu_1311_p2                                                                      |         -|   0|  0|  17|          14|          14|
    |sub_ln158_1_fu_1575_p2                                                                    |         -|   0|  0|  12|          11|          11|
    |sub_ln158_fu_1545_p2                                                                      |         -|   0|  0|  14|           9|           9|
    |sub_ln159_1_fu_1616_p2                                                                    |         -|   0|  0|  14|           9|           9|
    |sub_ln159_fu_1610_p2                                                                      |         -|   0|  0|  12|          11|          11|
    |and_ln157_fu_1484_p2                                                                      |       and|   0|  0|   2|           1|           1|
    |and_ln173_1_fu_1776_p2                                                                    |       and|   0|  0|   2|           1|           1|
    |and_ln173_fu_1772_p2                                                                      |       and|   0|  0|   2|           1|           1|
    |ap_block_state85_on_subcall_done                                                          |       and|   0|  0|   2|           1|           1|
    |grp_hls_object_green_classification_Pipeline_pass5_out_pass5_in_fu_993_out_stream_TREADY  |       and|   0|  0|   2|           1|           1|
    |edge_fu_1651_p2                                                                           |      icmp|   0|  0|  28|          21|          16|
    |icmp_ln126_fu_1135_p2                                                                     |      icmp|   0|  0|  24|          17|          17|
    |icmp_ln147_fu_1421_p2                                                                     |      icmp|   0|  0|  38|          31|           1|
    |icmp_ln148_fu_1445_p2                                                                     |      icmp|   0|  0|  39|          32|           1|
    |icmp_ln157_fu_1478_p2                                                                     |      icmp|   0|  0|  38|          31|           1|
    |icmp_ln170_fu_1722_p2                                                                     |      icmp|   0|  0|  23|          16|           1|
    |icmp_ln173_1_fu_1734_p2                                                                   |      icmp|   0|  0|  23|          16|          16|
    |icmp_ln173_fu_1728_p2                                                                     |      icmp|   0|  0|  23|          16|           1|
    |icmp_ln178_fu_1839_p2                                                                     |      icmp|   0|  0|  39|          32|           9|
    |icmp_ln183_fu_1876_p2                                                                     |      icmp|   0|  0|  15|           8|           6|
    |icmp_ln199_1_fu_2038_p2                                                                   |      icmp|   0|  0|  23|          16|          16|
    |icmp_ln199_fu_1898_p2                                                                     |      icmp|   0|  0|  20|          15|           1|
    |icmp_ln202_fu_2049_p2                                                                     |      icmp|   0|  0|  23|          16|          16|
    |icmp_ln243_fu_2076_p2                                                                     |      icmp|   0|  0|  23|          16|          16|
    |icmp_ln244_fu_2091_p2                                                                     |      icmp|   0|  0|  23|          16|          16|
    |icmp_ln41_fu_1789_p2                                                                      |      icmp|   0|  0|  23|          16|          16|
    |ap_block_state90_on_subcall_done                                                          |        or|   0|  0|   2|           1|           1|
    |col_2_fu_1849_p3                                                                          |    select|   0|  0|  32|           1|           1|
    |lbl_1_fu_1753_p3                                                                          |    select|   0|  0|  16|           1|          16|
    |lbl_3_fu_1766_p3                                                                          |    select|   0|  0|  16|           1|          16|
    |middle_3_fu_1460_p3                                                                       |    select|   0|  0|   8|           1|           8|
    |next_label_2_fu_1759_p3                                                                   |    select|   0|  0|  16|           1|          16|
    |next_label_fu_1746_p3                                                                     |    select|   0|  0|  16|           1|          16|
    |row_3_fu_1856_p3                                                                          |    select|   0|  0|  32|           1|          32|
    |select_ln134_1_fu_1405_p3                                                                 |    select|   0|  0|   2|           1|           2|
    |select_ln134_2_fu_1181_p3                                                                 |    select|   0|  0|   2|           1|           2|
    |select_ln134_3_fu_1217_p3                                                                 |    select|   0|  0|   2|           1|           2|
    |select_ln134_fu_1375_p3                                                                   |    select|   0|  0|   2|           1|           2|
    |top_3_fu_1437_p3                                                                          |    select|   0|  0|   8|           1|           8|
    |grp_fu_1195_p0                                                                            |       xor|   0|  0|  32|          32|          32|
    |grp_fu_1231_p0                                                                            |       xor|   0|  0|  32|          32|          32|
    +------------------------------------------------------------------------------------------+----------+----+---+----+------------+------------+
    |Total                                                                                     |          |   0|  0|1146|         776|         561|
    +------------------------------------------------------------------------------------------+----------+----+---+----+------------+------------+

    * Multiplexer: 
    +----------------------------------------------------------------------------------------------+-----+-----------+-----+-----------+
    |                                             Name                                             | LUT | Input Size| Bits| Total Bits|
    +----------------------------------------------------------------------------------------------+-----+-----------+-----+-----------+
    |ap_NS_fsm                                                                                     |  462|         92|    1|         92|
    |center_is_green_address0                                                                      |   20|          4|    9|         36|
    |center_is_green_ce0                                                                           |   20|          4|    1|          4|
    |center_is_green_d0                                                                            |   14|          3|    1|          3|
    |center_is_green_we0                                                                           |   14|          3|    1|          3|
    |col_fu_316                                                                                    |    9|          2|   32|         64|
    |grp_fu_1058_p0                                                                                |   14|          3|   32|         96|
    |i_2_fu_312                                                                                    |    9|          2|   17|         34|
    |i_5_fu_380                                                                                    |    9|          2|   16|         32|
    |i_6_fu_376                                                                                    |    9|          2|   16|         32|
    |imgB_address0                                                                                 |   14|          3|   17|         51|
    |imgB_ce0                                                                                      |   14|          3|    1|          3|
    |imgG_address0                                                                                 |   14|          3|   17|         51|
    |imgG_ce0                                                                                      |   14|          3|    1|          3|
    |imgR_address0                                                                                 |   14|          3|   17|         51|
    |imgR_ce0                                                                                      |   14|          3|    1|          3|
    |in_stream_TDATA_blk_n                                                                         |    9|          2|    1|          2|
    |is_external_address1                                                                          |   14|          3|    9|         27|
    |is_external_ce0                                                                               |    9|          2|    1|          2|
    |is_external_ce1                                                                               |   14|          3|    1|          3|
    |is_external_d1                                                                                |   14|          3|    1|          3|
    |is_external_we1                                                                               |   14|          3|    1|          3|
    |label_map_address0                                                                            |   25|          5|   17|         85|
    |label_map_address1                                                                            |   20|          4|   17|         68|
    |label_map_ce0                                                                                 |   25|          5|    1|          5|
    |label_map_ce1                                                                                 |   14|          3|    1|          3|
    |label_map_d1                                                                                  |   14|          3|   16|         48|
    |label_map_we1                                                                                 |   14|          3|    1|          3|
    |lbl_2_reg_778                                                                                 |    9|          2|   16|         32|
    |lbl_fu_336                                                                                    |    9|          2|   16|         32|
    |max_x_address0                                                                                |   25|          5|    9|         45|
    |max_x_address1                                                                                |   14|          3|    9|         27|
    |max_x_ce0                                                                                     |   25|          5|    1|          5|
    |max_x_ce1                                                                                     |   14|          3|    1|          3|
    |max_x_d1                                                                                      |   14|          3|    9|         27|
    |max_x_we1                                                                                     |   14|          3|    1|          3|
    |max_y_address0                                                                                |   25|          5|    9|         45|
    |max_y_address1                                                                                |   14|          3|    9|         27|
    |max_y_ce0                                                                                     |   25|          5|    1|          5|
    |max_y_ce1                                                                                     |   14|          3|    1|          3|
    |max_y_d1                                                                                      |   14|          3|    8|         24|
    |max_y_we1                                                                                     |   14|          3|    1|          3|
    |min_x_address0                                                                                |   25|          5|    9|         45|
    |min_x_address1                                                                                |   14|          3|    9|         27|
    |min_x_ce0                                                                                     |   25|          5|    1|          5|
    |min_x_ce1                                                                                     |   14|          3|    1|          3|
    |min_x_d1                                                                                      |   14|          3|    9|         27|
    |min_x_we1                                                                                     |   14|          3|    1|          3|
    |min_y_address0                                                                                |   25|          5|    9|         45|
    |min_y_address1                                                                                |   14|          3|    9|         27|
    |min_y_ce0                                                                                     |   25|          5|    1|          5|
    |min_y_ce1                                                                                     |   14|          3|    1|          3|
    |min_y_d1                                                                                      |   14|          3|    8|         24|
    |min_y_we1                                                                                     |   14|          3|    1|          3|
    |obj_is_green_address0                                                                         |   20|          4|    5|         20|
    |obj_is_green_buf_address0                                                                     |   14|          3|    5|         15|
    |obj_is_green_buf_ce0                                                                          |   14|          3|    1|          3|
    |obj_is_green_buf_we0                                                                          |    9|          2|    1|          2|
    |obj_is_green_ce0                                                                              |   20|          4|    1|          4|
    |obj_is_green_d0                                                                               |   14|          3|    1|          3|
    |obj_is_green_we0                                                                              |   14|          3|    1|          3|
    |obj_x_address0                                                                                |   20|          4|    5|         20|
    |obj_x_buf_address0                                                                            |   14|          3|    5|         15|
    |obj_x_buf_ce0                                                                                 |   14|          3|    1|          3|
    |obj_x_buf_we0                                                                                 |    9|          2|    1|          2|
    |obj_x_ce0                                                                                     |   20|          4|    1|          4|
    |obj_x_d0                                                                                      |   14|          3|   16|         48|
    |obj_x_we0                                                                                     |   14|          3|    1|          3|
    |obj_y_address0                                                                                |   20|          4|    5|         20|
    |obj_y_buf_address0                                                                            |   14|          3|    5|         15|
    |obj_y_buf_ce0                                                                                 |   14|          3|    1|          3|
    |obj_y_buf_we0                                                                                 |    9|          2|    1|          2|
    |obj_y_ce0                                                                                     |   20|          4|    1|          4|
    |obj_y_d0                                                                                      |   14|          3|   16|         48|
    |obj_y_we0                                                                                     |   14|          3|    1|          3|
    |p_ZZ31hls_object_green_classificationRN3hls6streamINS_4axisI7ap_uintILi24EELm1ELm_1_address0  |   14|          3|   14|         42|
    |p_ZZ31hls_object_green_classificationRN3hls6streamINS_4axisI7ap_uintILi24EELm1ELm_1_address1  |   14|          3|   14|         42|
    |p_ZZ31hls_object_green_classificationRN3hls6streamINS_4axisI7ap_uintILi24EELm1ELm_1_ce0       |   14|          3|    1|          3|
    |p_ZZ31hls_object_green_classificationRN3hls6streamINS_4axisI7ap_uintILi24EELm1ELm_1_ce1       |   14|          3|    1|          3|
    |p_ZZ31hls_object_green_classificationRN3hls6streamINS_4axisI7ap_uintILi24EELm1ELm_1_d1        |   20|          4|    1|          4|
    |p_ZZ31hls_object_green_classificationRN3hls6streamINS_4axisI7ap_uintILi24EELm1ELm_1_we1       |   14|          3|    1|          3|
    |p_ZZ31hls_object_green_classificationRN3hls6streamINS_4axisI7ap_uintILi24EELm1ELm_2_address0  |   20|          4|   14|         56|
    |p_ZZ31hls_object_green_classificationRN3hls6streamINS_4axisI7ap_uintILi24EELm1ELm_2_address1  |   14|          3|   14|         42|
    |p_ZZ31hls_object_green_classificationRN3hls6streamINS_4axisI7ap_uintILi24EELm1ELm_2_ce0       |   20|          4|    1|          4|
    |p_ZZ31hls_object_green_classificationRN3hls6streamINS_4axisI7ap_uintILi24EELm1ELm_2_ce1       |   14|          3|    1|          3|
    |p_ZZ31hls_object_green_classificationRN3hls6streamINS_4axisI7ap_uintILi24EELm1ELm_2_d1        |   20|          4|    1|          4|
    |p_ZZ31hls_object_green_classificationRN3hls6streamINS_4axisI7ap_uintILi24EELm1ELm_2_we1       |   14|          3|    1|          3|
    |p_ZZ31hls_object_green_classificationRN3hls6streamINS_4axisI7ap_uintILi24EELm1ELm_3_address0  |   14|          3|   14|         42|
    |p_ZZ31hls_object_green_classificationRN3hls6streamINS_4axisI7ap_uintILi24EELm1ELm_3_address1  |   14|          3|   14|         42|
    |p_ZZ31hls_object_green_classificationRN3hls6streamINS_4axisI7ap_uintILi24EELm1ELm_3_ce0       |   14|          3|    1|          3|
    |p_ZZ31hls_object_green_classificationRN3hls6streamINS_4axisI7ap_uintILi24EELm1ELm_3_ce1       |   14|          3|    1|          3|
    |p_ZZ31hls_object_green_classificationRN3hls6streamINS_4axisI7ap_uintILi24EELm1ELm_3_d1        |   20|          4|    1|          4|
    |p_ZZ31hls_object_green_classificationRN3hls6streamINS_4axisI7ap_uintILi24EELm1ELm_3_we1       |   14|          3|    1|          3|
    |p_ZZ31hls_object_green_classificationRN3hls6streamINS_4axisI7ap_uintILi24EELm1ELm_4_address0  |   14|          3|   14|         42|
    |p_ZZ31hls_object_green_classificationRN3hls6streamINS_4axisI7ap_uintILi24EELm1ELm_4_address1  |   14|          3|   14|         42|
    |p_ZZ31hls_object_green_classificationRN3hls6streamINS_4axisI7ap_uintILi24EELm1ELm_4_ce0       |   14|          3|    1|          3|
    |p_ZZ31hls_object_green_classificationRN3hls6streamINS_4axisI7ap_uintILi24EELm1ELm_4_ce1       |   14|          3|    1|          3|
    |p_ZZ31hls_object_green_classificationRN3hls6streamINS_4axisI7ap_uintILi24EELm1ELm_4_d1        |   20|          4|    1|          4|
    |p_ZZ31hls_object_green_classificationRN3hls6streamINS_4axisI7ap_uintILi24EELm1ELm_4_we1       |   14|          3|    1|          3|
    |p_ZZ31hls_object_green_classificationRN3hls6streamINS_4axisI7ap_uintILi24EELm1ELm_5_address0  |   20|          4|   14|         56|
    |p_ZZ31hls_object_green_classificationRN3hls6streamINS_4axisI7ap_uintILi24EELm1ELm_5_address1  |   14|          3|   14|         42|
    |p_ZZ31hls_object_green_classificationRN3hls6streamINS_4axisI7ap_uintILi24EELm1ELm_5_ce0       |   20|          4|    1|          4|
    |p_ZZ31hls_object_green_classificationRN3hls6streamINS_4axisI7ap_uintILi24EELm1ELm_5_ce1       |   14|          3|    1|          3|
    |p_ZZ31hls_object_green_classificationRN3hls6streamINS_4axisI7ap_uintILi24EELm1ELm_5_d1        |   20|          4|    1|          4|
    |p_ZZ31hls_object_green_classificationRN3hls6streamINS_4axisI7ap_uintILi24EELm1ELm_5_we1       |   14|          3|    1|          3|
    |p_ZZ31hls_object_green_classificationRN3hls6streamINS_4axisI7ap_uintILi24EELm1ELm_6_address0  |   14|          3|   14|         42|
    |p_ZZ31hls_object_green_classificationRN3hls6streamINS_4axisI7ap_uintILi24EELm1ELm_6_address1  |   14|          3|   14|         42|
    |p_ZZ31hls_object_green_classificationRN3hls6streamINS_4axisI7ap_uintILi24EELm1ELm_6_ce0       |   14|          3|    1|          3|
    |p_ZZ31hls_object_green_classificationRN3hls6streamINS_4axisI7ap_uintILi24EELm1ELm_6_ce1       |   14|          3|    1|          3|
    |p_ZZ31hls_object_green_classificationRN3hls6streamINS_4axisI7ap_uintILi24EELm1ELm_6_d1        |   20|          4|    1|          4|
    |p_ZZ31hls_object_green_classificationRN3hls6streamINS_4axisI7ap_uintILi24EELm1ELm_6_we1       |   14|          3|    1|          3|
    |p_ZZ31hls_object_green_classificationRN3hls6streamINS_4axisI7ap_uintILi24EELm1ELm_7_address0  |   14|          3|   14|         42|
    |p_ZZ31hls_object_green_classificationRN3hls6streamINS_4axisI7ap_uintILi24EELm1ELm_7_address1  |   14|          3|   14|         42|
    |p_ZZ31hls_object_green_classificationRN3hls6streamINS_4axisI7ap_uintILi24EELm1ELm_7_ce0       |   14|          3|    1|          3|
    |p_ZZ31hls_object_green_classificationRN3hls6streamINS_4axisI7ap_uintILi24EELm1ELm_7_ce1       |   14|          3|    1|          3|
    |p_ZZ31hls_object_green_classificationRN3hls6streamINS_4axisI7ap_uintILi24EELm1ELm_7_d1        |   20|          4|    1|          4|
    |p_ZZ31hls_object_green_classificationRN3hls6streamINS_4axisI7ap_uintILi24EELm1ELm_7_we1       |   14|          3|    1|          3|
    |p_ZZ31hls_object_green_classificationRN3hls6streamINS_4axisI7ap_uintILi24EELm1ELm_8_address0  |   20|          4|   14|         56|
    |p_ZZ31hls_object_green_classificationRN3hls6streamINS_4axisI7ap_uintILi24EELm1ELm_8_address1  |   14|          3|   14|         42|
    |p_ZZ31hls_object_green_classificationRN3hls6streamINS_4axisI7ap_uintILi24EELm1ELm_8_ce0       |   20|          4|    1|          4|
    |p_ZZ31hls_object_green_classificationRN3hls6streamINS_4axisI7ap_uintILi24EELm1ELm_8_ce1       |   14|          3|    1|          3|
    |p_ZZ31hls_object_green_classificationRN3hls6streamINS_4axisI7ap_uintILi24EELm1ELm_8_d1        |   20|          4|    1|          4|
    |p_ZZ31hls_object_green_classificationRN3hls6streamINS_4axisI7ap_uintILi24EELm1ELm_8_we1       |   14|          3|    1|          3|
    |p_ZZ31hls_object_green_classificationRN3hls6streamINS_4axisI7ap_uintILi24EELm1ELm_address0    |   14|          3|   14|         42|
    |p_ZZ31hls_object_green_classificationRN3hls6streamINS_4axisI7ap_uintILi24EELm1ELm_address1    |   14|          3|   14|         42|
    |p_ZZ31hls_object_green_classificationRN3hls6streamINS_4axisI7ap_uintILi24EELm1ELm_ce0         |   14|          3|    1|          3|
    |p_ZZ31hls_object_green_classificationRN3hls6streamINS_4axisI7ap_uintILi24EELm1ELm_ce1         |   14|          3|    1|          3|
    |p_ZZ31hls_object_green_classificationRN3hls6streamINS_4axisI7ap_uintILi24EELm1ELm_d1          |   20|          4|    1|          4|
    |p_ZZ31hls_object_green_classificationRN3hls6streamINS_4axisI7ap_uintILi24EELm1ELm_we1         |   14|          3|    1|          3|
    |parent_address0                                                                               |   65|         13|    9|        117|
    |parent_address1                                                                               |   37|          7|    9|         63|
    |parent_ce0                                                                                    |   65|         12|    1|         12|
    |parent_ce1                                                                                    |   31|          6|    1|          6|
    |parent_d1                                                                                     |   37|          7|   16|        112|
    |parent_we1                                                                                    |   31|          6|    1|          6|
    |pixel_count_address0                                                                          |   20|          4|    9|         36|
    |pixel_count_address1                                                                          |   14|          3|    9|         27|
    |pixel_count_ce0                                                                               |   20|          4|    1|          4|
    |pixel_count_ce1                                                                               |   14|          3|    1|          3|
    |pixel_count_d1                                                                                |   14|          3|   16|         48|
    |pixel_count_we1                                                                               |   14|          3|    1|          3|
    |row_fu_320                                                                                    |    9|          2|   32|         64|
    |y_fu_372                                                                                      |    9|          2|    8|         16|
    +----------------------------------------------------------------------------------------------+-----+-----------+-----+-----------+
    |Total                                                                                         | 2833|        584|  874|       2983|
    +----------------------------------------------------------------------------------------------+-----+-----------+-----+-----------+

    * Register: 
    +----------------------------------------------------------------------------------------------------+----+----+-----+-----------+
    |                                                Name                                                | FF | LUT| Bits| Const Bits|
    +----------------------------------------------------------------------------------------------------+----+----+-----+-----------+
    |B_reg_2309                                                                                          |   8|   0|    8|          0|
    |G_reg_2304                                                                                          |   8|   0|    8|          0|
    |R_reg_2297                                                                                          |   8|   0|    8|          0|
    |add_ln136_reg_2269                                                                                  |  11|   0|   17|          6|
    |add_ln138_1_reg_2350                                                                                |  41|   0|   41|          0|
    |add_ln158_reg_2467                                                                                  |  10|   0|   10|          0|
    |add_ln159_reg_2472                                                                                  |  10|   0|   10|          0|
    |add_ln168_1_reg_2506                                                                                |  17|   0|   17|          0|
    |add_ln169_2_reg_2511                                                                                |  17|   0|   17|          0|
    |and_ln157_reg_2463                                                                                  |   1|   0|    1|          0|
    |and_ln173_1_reg_2577                                                                                |   1|   0|    1|          0|
    |ap_CS_fsm                                                                                           |  91|   0|   91|          0|
    |col_1_reg_2596                                                                                      |  32|   0|   32|          0|
    |col_fu_316                                                                                          |  32|   0|   32|          0|
    |col_load_1_reg_2256                                                                                 |  32|   0|   32|          0|
    |cur_7_reg_2537                                                                                      |  16|   0|   16|          0|
    |cur_reg_2526                                                                                        |  16|   0|   16|          0|
    |edge_reg_2493                                                                                       |   1|   0|    1|          0|
    |empty_50_reg_2626                                                                                   |  14|   0|   14|          0|
    |gray_pix_1_fu_348                                                                                   |   8|   0|    8|          0|
    |gray_pix_1_load_load_fu_1124_p1                                                                     |   8|   0|    8|          0|
    |gray_pix_reg_2380                                                                                   |   8|   0|    8|          0|
    |grp_hls_object_green_classification_Pipeline_InitLoop_fu_793_ap_start_reg                           |   1|   0|    1|          0|
    |grp_hls_object_green_classification_Pipeline_PASS_3_5_1_fu_911_ap_start_reg                         |   1|   0|    1|          0|
    |grp_hls_object_green_classification_Pipeline_PASS_3_5_2_in_fu_954_ap_start_reg                      |   1|   0|    1|          0|
    |grp_hls_object_green_classification_Pipeline_Pass1_5_inner0_fu_844_ap_start_reg                     |   1|   0|    1|          0|
    |grp_hls_object_green_classification_Pipeline_VITIS_LOOP_206_1_VITIS_LOOP_207_2_fu_871_ap_start_reg  |   1|   0|    1|          0|
    |grp_hls_object_green_classification_Pipeline_VITIS_LOOP_218_3_VITIS_LOOP_219_4_fu_895_ap_start_reg  |   1|   0|    1|          0|
    |grp_hls_object_green_classification_Pipeline_VITIS_LOOP_26_11_fu_827_ap_start_reg                   |   1|   0|    1|          0|
    |grp_hls_object_green_classification_Pipeline_VITIS_LOOP_26_13_fu_879_ap_start_reg                   |   1|   0|    1|          0|
    |grp_hls_object_green_classification_Pipeline_VITIS_LOOP_26_1_fu_811_ap_start_reg                    |   1|   0|    1|          0|
    |grp_hls_object_green_classification_Pipeline_VITIS_LOOP_276_5_fu_976_ap_start_reg                   |   1|   0|    1|          0|
    |grp_hls_object_green_classification_Pipeline_VITIS_LOOP_28_22_fu_836_ap_start_reg                   |   1|   0|    1|          0|
    |grp_hls_object_green_classification_Pipeline_VITIS_LOOP_28_24_fu_887_ap_start_reg                   |   1|   0|    1|          0|
    |grp_hls_object_green_classification_Pipeline_VITIS_LOOP_28_2_fu_819_ap_start_reg                    |   1|   0|    1|          0|
    |grp_hls_object_green_classification_Pipeline_VITIS_LOOP_311_6_fu_1041_ap_start_reg                  |   1|   0|    1|          0|
    |grp_hls_object_green_classification_Pipeline_pass5_out_pass5_in_fu_993_ap_start_reg                 |   1|   0|    1|          0|
    |grp_hls_object_green_classification_Pipeline_pass_4_fu_920_ap_start_reg                             |   1|   0|    1|          0|
    |gx_reg_2477                                                                                         |  11|   0|   11|          0|
    |hls_object_green_classification_stream_stream_short_short_ap_uint_ap_uint_2_reg_2365                |   9|   0|    9|          0|
    |hls_object_green_classification_stream_stream_short_short_ap_uint_ap_uint_3_reg_2370                |   9|   0|    9|          0|
    |i_2_fu_312                                                                                          |  17|   0|   17|          0|
    |i_5_fu_380                                                                                          |  16|   0|   16|          0|
    |i_6_fu_376                                                                                          |  16|   0|   16|          0|
    |i_9_reg_2251                                                                                        |  17|   0|   17|          0|
    |icmp_ln170_reg_2548                                                                                 |   1|   0|    1|          0|
    |icmp_ln173_1_reg_2562                                                                               |   1|   0|    1|          0|
    |icmp_ln173_reg_2555                                                                                 |   1|   0|    1|          0|
    |icmp_ln199_reg_2617                                                                                 |   1|   0|    1|          0|
    |icmp_ln202_reg_2709                                                                                 |   1|   0|    1|          0|
    |icmp_ln244_reg_2747                                                                                 |   1|   0|    1|          0|
    |icmp_ln41_reg_2587                                                                                  |   1|   0|    1|          0|
    |label_map_addr_reg_2325                                                                             |  17|   0|   17|          0|
    |lbl_2_reg_778                                                                                       |  16|   0|   16|          0|
    |lbl_3_reg_2572                                                                                      |  16|   0|   16|          0|
    |lbl_fu_336                                                                                          |  16|   0|   16|          0|
    |max_x_load_reg_2776                                                                                 |   9|   0|    9|          0|
    |max_y_load_reg_2786                                                                                 |   8|   0|    8|          0|
    |middle_2_fu_344                                                                                     |   8|   0|    8|          0|
    |middle_2_load_load_fu_1121_p1                                                                       |   8|   0|    8|          0|
    |middle_3_reg_2457                                                                                   |   8|   0|    8|          0|
    |min_x_load_reg_2771                                                                                 |   9|   0|    9|          0|
    |min_y_load_reg_2781                                                                                 |   8|   0|    8|          0|
    |mul_ln160_reg_2488                                                                                  |  21|   0|   21|          0|
    |mul_ln190_1_reg_2662                                                                                |  14|   0|   14|          0|
    |mul_ln190_reg_2657                                                                                  |  14|   0|   14|          0|
    |next_label_2_reg_2567                                                                               |  16|   0|   16|          0|
    |p_0_0_0182869_fu_324                                                                                |   8|   0|    8|          0|
    |p_0_0_01828_171_fu_328                                                                              |   8|   0|    8|          0|
    |p_0_0_01828_273_fu_332                                                                              |   8|   0|    8|          0|
    |p_ZZ31hls_object_green_classificationRN3hls6streamINS_4axisI7ap_uintILi24EELm1ELm_171_reg_2401      |  14|   0|   14|          0|
    |p_ZZ31hls_object_green_classificationRN3hls6streamINS_4axisI7ap_uintILi24EELm1ELm_172_reg_2406      |  14|   0|   14|          0|
    |p_ZZ31hls_object_green_classificationRN3hls6streamINS_4axisI7ap_uintILi24EELm1ELm_173_reg_2411      |  14|   0|   14|          0|
    |p_ZZ31hls_object_green_classificationRN3hls6streamINS_4axisI7ap_uintILi24EELm1ELm_174_reg_2416      |  14|   0|   14|          0|
    |p_ZZ31hls_object_green_classificationRN3hls6streamINS_4axisI7ap_uintILi24EELm1ELm_175_reg_2421      |  14|   0|   14|          0|
    |p_ZZ31hls_object_green_classificationRN3hls6streamINS_4axisI7ap_uintILi24EELm1ELm_176_reg_2426      |  14|   0|   14|          0|
    |p_ZZ31hls_object_green_classificationRN3hls6streamINS_4axisI7ap_uintILi24EELm1ELm_177_reg_2431      |  14|   0|   14|          0|
    |p_ZZ31hls_object_green_classificationRN3hls6streamINS_4axisI7ap_uintILi24EELm1ELm_178_reg_2436      |  14|   0|   14|          0|
    |p_ZZ31hls_object_green_classificationRN3hls6streamINS_4axisI7ap_uintILi24EELm1ELm_179_reg_2441      |  14|   0|   14|          0|
    |p_ZZ31hls_object_green_classificationRN3hls6streamINS_4axisI7ap_uintILi24EELm1ELm_183_reg_2667      |   1|   0|    1|          0|
    |p_ZZ31hls_object_green_classificationRN3hls6streamINS_4axisI7ap_uintILi24EELm1ELm_184_reg_2672      |   1|   0|    1|          0|
    |p_ZZ31hls_object_green_classificationRN3hls6streamINS_4axisI7ap_uintILi24EELm1ELm_185_reg_2677      |   1|   0|    1|          0|
    |parent_addr_reg_2703                                                                                |   9|   0|    9|          0|
    |reg_1086                                                                                            |  16|   0|   16|          0|
    |row_fu_320                                                                                          |  32|   0|   32|          0|
    |select_ln134_1_reg_2446                                                                             |   2|   0|    2|          0|
    |select_ln134_reg_2397                                                                               |   2|   0|    2|          0|
    |tmp_37_reg_2280                                                                                     |   1|   0|    1|          0|
    |tmp_41_reg_2621                                                                                     |   7|   0|    7|          0|
    |tmp_42_reg_2647                                                                                     |   7|   0|    7|          0|
    |tmp_43_reg_2652                                                                                     |   7|   0|    7|          0|
    |tmp_reg_2687                                                                                        |   1|   0|    1|          0|
    |top_2_fu_340                                                                                        |   8|   0|    8|          0|
    |top_2_load_load_fu_1118_p1                                                                          |   8|   0|    8|          0|
    |top_3_reg_2450                                                                                      |   8|   0|    8|          0|
    |trunc_ln126_2_reg_2389                                                                              |   8|   0|    8|          0|
    |trunc_ln126_3_reg_2262                                                                              |  17|   0|   17|          0|
    |trunc_ln183_reg_2682                                                                                |   2|   0|    2|          0|
    |trunc_ln199_reg_2695                                                                                |   9|   0|    9|          0|
    |trunc_ln27_1_reg_2543                                                                               |   9|   0|    9|          0|
    |trunc_ln27_reg_2532                                                                                 |   9|   0|    9|          0|
    |udiv_ln134_1_cast_reg_2375                                                                          |  14|   0|   14|          0|
    |udiv_ln_cast_reg_2345                                                                               |  14|   0|   14|          0|
    |y_fu_372                                                                                            |   8|   0|    8|          0|
    |zext_ln243_reg_2729                                                                                 |  16|   0|   64|         48|
    |zext_ln26_2_reload_cast_reg_2591                                                                    |   9|   0|   64|         55|
    +----------------------------------------------------------------------------------------------------+----+----+-----+-----------+
    |Total                                                                                               |1072|   0| 1181|        109|
    +----------------------------------------------------------------------------------------------------+----+----+-----+-----------+



================================================================
== Interface
================================================================
* Summary: 
+--------------------+-----+-----+------------+---------------------------------+--------------+
|      RTL Ports     | Dir | Bits|  Protocol  |          Source Object          |    C Type    |
+--------------------+-----+-----+------------+---------------------------------+--------------+
|s_axi_CTRL_AWVALID  |   in|    1|       s_axi|                             CTRL|         array|
|s_axi_CTRL_AWREADY  |  out|    1|       s_axi|                             CTRL|         array|
|s_axi_CTRL_AWADDR   |   in|    8|       s_axi|                             CTRL|         array|
|s_axi_CTRL_WVALID   |   in|    1|       s_axi|                             CTRL|         array|
|s_axi_CTRL_WREADY   |  out|    1|       s_axi|                             CTRL|         array|
|s_axi_CTRL_WDATA    |   in|   32|       s_axi|                             CTRL|         array|
|s_axi_CTRL_WSTRB    |   in|    4|       s_axi|                             CTRL|         array|
|s_axi_CTRL_ARVALID  |   in|    1|       s_axi|                             CTRL|         array|
|s_axi_CTRL_ARREADY  |  out|    1|       s_axi|                             CTRL|         array|
|s_axi_CTRL_ARADDR   |   in|    8|       s_axi|                             CTRL|         array|
|s_axi_CTRL_RVALID   |  out|    1|       s_axi|                             CTRL|         array|
|s_axi_CTRL_RREADY   |   in|    1|       s_axi|                             CTRL|         array|
|s_axi_CTRL_RDATA    |  out|   32|       s_axi|                             CTRL|         array|
|s_axi_CTRL_RRESP    |  out|    2|       s_axi|                             CTRL|         array|
|s_axi_CTRL_BVALID   |  out|    1|       s_axi|                             CTRL|         array|
|s_axi_CTRL_BREADY   |   in|    1|       s_axi|                             CTRL|         array|
|s_axi_CTRL_BRESP    |  out|    2|       s_axi|                             CTRL|         array|
|ap_clk              |   in|    1|  ap_ctrl_hs|  hls_object_green_classification|  return value|
|ap_rst_n            |   in|    1|  ap_ctrl_hs|  hls_object_green_classification|  return value|
|interrupt           |  out|    1|  ap_ctrl_hs|  hls_object_green_classification|  return value|
|in_stream_TDATA     |   in|   24|        axis|               in_stream_V_data_V|       pointer|
|in_stream_TVALID    |   in|    1|        axis|               in_stream_V_dest_V|       pointer|
|in_stream_TREADY    |  out|    1|        axis|               in_stream_V_dest_V|       pointer|
|in_stream_TDEST     |   in|    1|        axis|               in_stream_V_dest_V|       pointer|
|in_stream_TKEEP     |   in|    3|        axis|               in_stream_V_keep_V|       pointer|
|in_stream_TSTRB     |   in|    3|        axis|               in_stream_V_strb_V|       pointer|
|in_stream_TUSER     |   in|    1|        axis|               in_stream_V_user_V|       pointer|
|in_stream_TLAST     |   in|    1|        axis|               in_stream_V_last_V|       pointer|
|in_stream_TID       |   in|    1|        axis|                 in_stream_V_id_V|       pointer|
|out_stream_TDATA    |  out|   24|        axis|              out_stream_V_data_V|       pointer|
|out_stream_TVALID   |  out|    1|        axis|              out_stream_V_dest_V|       pointer|
|out_stream_TREADY   |   in|    1|        axis|              out_stream_V_dest_V|       pointer|
|out_stream_TDEST    |  out|    1|        axis|              out_stream_V_dest_V|       pointer|
|out_stream_TKEEP    |  out|    3|        axis|              out_stream_V_keep_V|       pointer|
|out_stream_TSTRB    |  out|    3|        axis|              out_stream_V_strb_V|       pointer|
|out_stream_TUSER    |  out|    1|        axis|              out_stream_V_user_V|       pointer|
|out_stream_TLAST    |  out|    1|        axis|              out_stream_V_last_V|       pointer|
|out_stream_TID      |  out|    1|        axis|                out_stream_V_id_V|       pointer|
+--------------------+-----+-----+------------+---------------------------------+--------------+

