

================================================================
== Vitis HLS Report for 'hls_object_green_classification_Pipeline_pass_4'
================================================================
* Date:           Mon Dec 15 18:24:30 2025

* Version:        2023.1 (Build 3854077 on May  4 2023)
* Project:        Obj_Detect_ver6
* Solution:       solution1 (Vivado IP Flow Target)
* Product family: zynq
* Target device:  xc7z020-clg484-1


================================================================
== Performance Estimates
================================================================
+ Timing: 
    * Summary: 
    +--------+----------+----------+------------+
    |  Clock |  Target  | Estimated| Uncertainty|
    +--------+----------+----------+------------+
    |ap_clk  |  10.00 ns|  7.186 ns|     2.70 ns|
    +--------+----------+----------+------------+

+ Latency: 
    * Summary: 
    +---------+---------+----------+----------+-----+-----+---------+
    |  Latency (cycles) |  Latency (absolute) |  Interval | Pipeline|
    |   min   |   max   |    min   |    max   | min | max |   Type  |
    +---------+---------+----------+----------+-----+-----+---------+
    |        ?|        ?|         ?|         ?|    ?|    ?|       no|
    +---------+---------+----------+----------+-----+-----+---------+

    + Detail: 
        * Instance: 
        N/A

        * Loop: 
        +----------+---------+---------+----------+-----------+-----------+------+----------+
        |          |  Latency (cycles) | Iteration|  Initiation Interval  | Trip |          |
        | Loop Name|   min   |   max   |  Latency |  achieved |   target  | Count| Pipelined|
        +----------+---------+---------+----------+-----------+-----------+------+----------+
        |- pass_4  |        ?|        ?|         8|          3|          3|     ?|       yes|
        +----------+---------+---------+----------+-----------+-----------+------+----------+



================================================================
== Utilization Estimates
================================================================
* Summary: 
+-----------------+---------+-----+--------+-------+-----+
|       Name      | BRAM_18K| DSP |   FF   |  LUT  | URAM|
+-----------------+---------+-----+--------+-------+-----+
|DSP              |        -|    -|       -|      -|    -|
|Expression       |        -|    -|       0|    270|    -|
|FIFO             |        -|    -|       -|      -|    -|
|Instance         |        -|    -|       -|      -|    -|
|Memory           |        -|    -|       -|      -|    -|
|Multiplexer      |        -|    -|       -|    106|    -|
|Register         |        -|    -|     210|     32|    -|
+-----------------+---------+-----+--------+-------+-----+
|Total            |        0|    0|     210|    408|    0|
+-----------------+---------+-----+--------+-------+-----+
|Available        |      280|  220|  106400|  53200|    0|
+-----------------+---------+-----+--------+-------+-----+
|Utilization (%)  |        0|    0|      ~0|     ~0|    0|
+-----------------+---------+-----+--------+-------+-----+

+ Detail: 
    * Instance: 
    N/A

    * DSP: 
    N/A

    * Memory: 
    N/A

    * FIFO: 
    N/A

    * Expression: 
    +------------------------+----------+----+---+----+------------+------------+
    |      Variable Name     | Operation| DSP| FF| LUT| Bitwidth P0| Bitwidth P1|
    +------------------------+----------+----+---+----+------------+------------+
    |add_ln265_fu_399_p2     |         +|   0|  0|  13|          10|          10|
    |add_ln266_fu_423_p2     |         +|   0|  0|  14|           9|           9|
    |add_ln267_1_fu_476_p2   |         +|   0|  0|  17|          17|          17|
    |add_ln267_fu_467_p2     |         +|   0|  0|  17|          17|          17|
    |add_ln268_fu_489_p2     |         +|   0|  0|  13|          10|           9|
    |count_2_fu_381_p2       |         +|   0|  0|  23|          16|           1|
    |i_2_fu_365_p2           |         +|   0|  0|  23|          16|           1|
    |sub_ln269_fu_505_p2     |         -|   0|  0|  14|           7|           9|
    |and_ln18_1_fu_540_p2    |       and|   0|  0|   2|           1|           1|
    |and_ln18_fu_534_p2      |       and|   0|  0|   2|           1|           1|
    |and_ln260_fu_349_p2     |       and|   0|  0|   2|           1|           1|
    |ap_condition_527        |       and|   0|  0|   2|           1|           1|
    |icmp_ln18_1_fu_522_p2   |      icmp|   0|  0|  15|           8|           8|
    |icmp_ln18_2_fu_528_p2   |      icmp|   0|  0|  15|           8|           7|
    |icmp_ln18_fu_516_p2     |      icmp|   0|  0|  15|           8|           8|
    |icmp_ln260_1_fu_343_p2  |      icmp|   0|  0|  12|          11|           1|
    |icmp_ln260_fu_327_p2    |      icmp|   0|  0|  23|          16|          16|
    |icmp_ln262_fu_360_p2    |      icmp|   0|  0|  23|          16|          16|
    |icmp_ln264_fu_375_p2    |      icmp|   0|  0|  23|          16|           8|
    |ap_enable_pp0           |       xor|   0|  0|   2|           1|           2|
    +------------------------+----------+----+---+----+------------+------------+
    |Total                   |          |   0|  0| 270|         190|         143|
    +------------------------+----------+----+---+----+------------+------------+

    * Multiplexer: 
    +----------------------------------+----+-----------+-----+-----------+
    |               Name               | LUT| Input Size| Bits| Total Bits|
    +----------------------------------+----+-----------+-----+-----------+
    |ap_NS_fsm                         |  20|          4|    1|          4|
    |ap_done_int                       |   9|          2|    1|          2|
    |ap_enable_reg_pp0_iter0           |   9|          2|    1|          2|
    |ap_enable_reg_pp0_iter1           |   9|          2|    1|          2|
    |ap_enable_reg_pp0_iter2           |   9|          2|    1|          2|
    |ap_loop_exit_ready_pp0_iter1_reg  |   9|          2|    1|          2|
    |ap_sig_allocacmp_count_1          |  14|          3|   16|         48|
    |ap_sig_allocacmp_i_1              |   9|          2|   16|         32|
    |count_fu_112                      |   9|          2|   16|         32|
    |i_fu_108                          |   9|          2|   16|         32|
    +----------------------------------+----+-----------+-----+-----------+
    |Total                             | 106|         23|   70|        158|
    +----------------------------------+----+-----------+-----+-----------+

    * Register: 
    +----------------------------------------+----+----+-----+-----------+
    |                  Name                  | FF | LUT| Bits| Const Bits|
    +----------------------------------------+----+----+-----+-----------+
    |and_ln18_1_reg_668                      |   1|   0|    1|          0|
    |and_ln260_reg_573                       |   1|   0|    1|          0|
    |and_ln260_reg_573_pp0_iter1_reg         |   1|   0|    1|          0|
    |ap_CS_fsm                               |   3|   0|    3|          0|
    |ap_done_reg                             |   1|   0|    1|          0|
    |ap_enable_reg_pp0_iter0_reg             |   1|   0|    1|          0|
    |ap_enable_reg_pp0_iter1                 |   1|   0|    1|          0|
    |ap_enable_reg_pp0_iter2                 |   1|   0|    1|          0|
    |ap_loop_exit_ready_pp0_iter1_reg        |   1|   0|    1|          0|
    |count_1_reg_566                         |  16|   0|   16|          0|
    |count_1_reg_566_pp0_iter1_reg           |  16|   0|   16|          0|
    |count_fu_112                            |  16|   0|   16|          0|
    |i_1_reg_560                             |  16|   0|   16|          0|
    |i_fu_108                                |  16|   0|   16|          0|
    |icmp_ln262_reg_593                      |   1|   0|    1|          0|
    |icmp_ln262_reg_593_pp0_iter1_reg        |   1|   0|    1|          0|
    |icmp_ln264_reg_611                      |   1|   0|    1|          0|
    |icmp_ln264_reg_611_pp0_iter2_reg        |   1|   0|    1|          0|
    |is_external_load_reg_602                |   1|   0|    1|          0|
    |is_external_load_reg_602_pp0_iter1_reg  |   1|   0|    1|          0|
    |lshr_ln1_reg_641                        |   8|   0|    8|          0|
    |lshr_ln_reg_635                         |   9|   0|    9|          0|
    |zext_ln262_reg_577                      |  16|   0|   64|         48|
    |zext_ln268_reg_663                      |  16|   0|   64|         48|
    |zext_ln262_reg_577                      |  64|  32|   64|         48|
    +----------------------------------------+----+----+-----+-----------+
    |Total                                   | 210|  32|  306|        144|
    +----------------------------------------+----+----+-----+-----------+



================================================================
== Interface
================================================================
* Summary: 
+--------------------------+-----+-----+------------+-------------------------------------------------+--------------+
|         RTL Ports        | Dir | Bits|  Protocol  |                  Source Object                  |    C Type    |
+--------------------------+-----+-----+------------+-------------------------------------------------+--------------+
|ap_clk                    |   in|    1|  ap_ctrl_hs|  hls_object_green_classification_Pipeline_pass_4|  return value|
|ap_rst                    |   in|    1|  ap_ctrl_hs|  hls_object_green_classification_Pipeline_pass_4|  return value|
|ap_start                  |   in|    1|  ap_ctrl_hs|  hls_object_green_classification_Pipeline_pass_4|  return value|
|ap_done                   |  out|    1|  ap_ctrl_hs|  hls_object_green_classification_Pipeline_pass_4|  return value|
|ap_idle                   |  out|    1|  ap_ctrl_hs|  hls_object_green_classification_Pipeline_pass_4|  return value|
|ap_ready                  |  out|    1|  ap_ctrl_hs|  hls_object_green_classification_Pipeline_pass_4|  return value|
|next_label_5              |   in|   16|     ap_none|                                     next_label_5|        scalar|
|obj_x_address0            |  out|    5|   ap_memory|                                            obj_x|         array|
|obj_x_ce0                 |  out|    1|   ap_memory|                                            obj_x|         array|
|obj_x_we0                 |  out|    1|   ap_memory|                                            obj_x|         array|
|obj_x_d0                  |  out|   16|   ap_memory|                                            obj_x|         array|
|obj_y_address0            |  out|    5|   ap_memory|                                            obj_y|         array|
|obj_y_ce0                 |  out|    1|   ap_memory|                                            obj_y|         array|
|obj_y_we0                 |  out|    1|   ap_memory|                                            obj_y|         array|
|obj_y_d0                  |  out|   16|   ap_memory|                                            obj_y|         array|
|obj_is_green_address0     |  out|    5|   ap_memory|                                     obj_is_green|         array|
|obj_is_green_ce0          |  out|    1|   ap_memory|                                     obj_is_green|         array|
|obj_is_green_we0          |  out|    1|   ap_memory|                                     obj_is_green|         array|
|obj_is_green_d0           |  out|    1|   ap_memory|                                     obj_is_green|         array|
|count_out                 |  out|   16|      ap_vld|                                        count_out|       pointer|
|count_out_ap_vld          |  out|    1|      ap_vld|                                        count_out|       pointer|
|parent_address0           |  out|    9|   ap_memory|                                           parent|         array|
|parent_ce0                |  out|    1|   ap_memory|                                           parent|         array|
|parent_q0                 |   in|   16|   ap_memory|                                           parent|         array|
|is_external_address0      |  out|    9|   ap_memory|                                      is_external|         array|
|is_external_ce0           |  out|    1|   ap_memory|                                      is_external|         array|
|is_external_q0            |   in|    1|   ap_memory|                                      is_external|         array|
|pixel_count_address0      |  out|    9|   ap_memory|                                      pixel_count|         array|
|pixel_count_ce0           |  out|    1|   ap_memory|                                      pixel_count|         array|
|pixel_count_q0            |   in|   16|   ap_memory|                                      pixel_count|         array|
|min_x_address0            |  out|    9|   ap_memory|                                            min_x|         array|
|min_x_ce0                 |  out|    1|   ap_memory|                                            min_x|         array|
|min_x_q0                  |   in|    9|   ap_memory|                                            min_x|         array|
|max_x_address0            |  out|    9|   ap_memory|                                            max_x|         array|
|max_x_ce0                 |  out|    1|   ap_memory|                                            max_x|         array|
|max_x_q0                  |   in|    9|   ap_memory|                                            max_x|         array|
|min_y_address0            |  out|    9|   ap_memory|                                            min_y|         array|
|min_y_ce0                 |  out|    1|   ap_memory|                                            min_y|         array|
|min_y_q0                  |   in|    8|   ap_memory|                                            min_y|         array|
|max_y_address0            |  out|    9|   ap_memory|                                            max_y|         array|
|max_y_ce0                 |  out|    1|   ap_memory|                                            max_y|         array|
|max_y_q0                  |   in|    8|   ap_memory|                                            max_y|         array|
|imgR_address0             |  out|   17|   ap_memory|                                             imgR|         array|
|imgR_ce0                  |  out|    1|   ap_memory|                                             imgR|         array|
|imgR_q0                   |   in|    8|   ap_memory|                                             imgR|         array|
|imgG_address0             |  out|   17|   ap_memory|                                             imgG|         array|
|imgG_ce0                  |  out|    1|   ap_memory|                                             imgG|         array|
|imgG_q0                   |   in|    8|   ap_memory|                                             imgG|         array|
|imgB_address0             |  out|   17|   ap_memory|                                             imgB|         array|
|imgB_ce0                  |  out|    1|   ap_memory|                                             imgB|         array|
|imgB_q0                   |   in|    8|   ap_memory|                                             imgB|         array|
|center_is_green_address0  |  out|    9|   ap_memory|                                  center_is_green|         array|
|center_is_green_ce0       |  out|    1|   ap_memory|                                  center_is_green|         array|
|center_is_green_we0       |  out|    1|   ap_memory|                                  center_is_green|         array|
|center_is_green_d0        |  out|    1|   ap_memory|                                  center_is_green|         array|
+--------------------------+-----+-----+------------+-------------------------------------------------+--------------+

