

================================================================
== Vitis HLS Report for 'algo_Pipeline_REMAINDER_LOOP'
================================================================
* Date:           Tue Oct  7 16:23:27 2025

* Version:        2023.1 (Build 3854077 on May  4 2023)
* Project:        ping_pong
* Solution:       solution1 (Vivado IP Flow Target)
* Product family: zynq
* Target device:  xc7z020-clg484-1


================================================================
== Performance Estimates
================================================================
+ Timing: 
    * Summary: 
    +--------+----------+----------+------------+
    |  Clock |  Target  | Estimated| Uncertainty|
    +--------+----------+----------+------------+
    |ap_clk  |  10.00 ns|  6.708 ns|     2.70 ns|
    +--------+----------+----------+------------+

+ Latency: 
    * Summary: 
    +---------+---------+----------+----------+-----+-----+---------+
    |  Latency (cycles) |  Latency (absolute) |  Interval | Pipeline|
    |   min   |   max   |    min   |    max   | min | max |   Type  |
    +---------+---------+----------+----------+-----+-----+---------+
    |      114|      114|  1.140 us|  1.140 us|  114|  114|       no|
    +---------+---------+----------+----------+-----+-----+---------+

    + Detail: 
        * Instance: 
        N/A

        * Loop: 
        +------------------+---------+---------+----------+-----------+-----------+------+----------+
        |                  |  Latency (cycles) | Iteration|  Initiation Interval  | Trip |          |
        |     Loop Name    |   min   |   max   |  Latency |  achieved |   target  | Count| Pipelined|
        +------------------+---------+---------+----------+-----------+-----------+------+----------+
        |- REMAINDER_LOOP  |      112|      112|        14|          1|          1|   100|       yes|
        +------------------+---------+---------+----------+-----------+-----------+------+----------+

============================================================
+ Verbose Summary: Synthesis Manager
============================================================
InlineROM: 1
ExposeGlobal: 0
============================================================
+ Verbose Summary: CDFG Model
============================================================
IsTopModel: 0
ResetActiveHigh: 1
IsCombinational: 0
IsDatapathOnly: 0
HasWiredReturn: 1
HasMFsm: 2
HasVarLatency: 1
IsPipeline: 0
IsRtlPipelined: 0
IsInstanceOverlapped: 0
IsDontTouch: 0
HasImplIP: 0
IsGatedGlobalClock: 0

+ Individual pipeline summary: 
  * Pipeline-0: initiation interval (II) = 1, depth = 14


============================================================
+ Verbose Summary: Schedule
============================================================
* Number of FSM states : 14
* Pipeline : 1
  Pipeline-0 : II = 1, D = 14, States = { 1 2 3 4 5 6 7 8 9 10 11 12 13 14 }
* Dataflow Pipeline: 0

* FSM state transitions: 
1 --> 2 
2 --> 3 
3 --> 4 
4 --> 5 
5 --> 6 
6 --> 7 
7 --> 8 
8 --> 9 
9 --> 10 
10 --> 11 
11 --> 12 
12 --> 13 
13 --> 14 
14 --> 

* FSM state operations: 

State 1 <SV = 0> <Delay = 3.45>
ST_1 : Operation 17 [1/1] (0.00ns)   --->   "%i = alloca i32 1"   --->   Operation 17 'alloca' 'i' <Predicate = true> <Delay = 0.00>
ST_1 : Operation 18 [1/1] (0.00ns)   --->   "%specinterface_ln0 = specinterface void @_ssdm_op_SpecInterface, i8 %vecIn_1, void @empty, i32 0, i32 0, void @empty_0, i32 4294967295, i32 0, void @empty_0, void @empty_0, void @empty_0, i32 0, i32 0, i32 0, i32 0, void @empty_0, void @empty_0, i32 4294967295, i32 0"   --->   Operation 18 'specinterface' 'specinterface_ln0' <Predicate = true> <Delay = 0.00>
ST_1 : Operation 19 [1/1] (0.00ns)   --->   "%specinterface_ln0 = specinterface void @_ssdm_op_SpecInterface, i8 %vecIn_0, void @empty, i32 0, i32 0, void @empty_0, i32 4294967295, i32 0, void @empty_0, void @empty_0, void @empty_0, i32 0, i32 0, i32 0, i32 0, void @empty_0, void @empty_0, i32 4294967295, i32 0"   --->   Operation 19 'specinterface' 'specinterface_ln0' <Predicate = true> <Delay = 0.00>
ST_1 : Operation 20 [1/1] (1.58ns)   --->   "%store_ln0 = store i7 0, i7 %i"   --->   Operation 20 'store' 'store_ln0' <Predicate = true> <Delay = 1.58>
ST_1 : Operation 21 [1/1] (0.00ns)   --->   "%br_ln0 = br void %for.inc.i"   --->   Operation 21 'br' 'br_ln0' <Predicate = true> <Delay = 0.00>
ST_1 : Operation 22 [1/1] (0.00ns)   --->   "%i_1 = load i7 %i"   --->   Operation 22 'load' 'i_1' <Predicate = true> <Delay = 0.00>
ST_1 : Operation 23 [1/1] (0.00ns)   --->   "%specpipeline_ln0 = specpipeline void @_ssdm_op_SpecPipeline, i32 4294967295, i32 0, i32 1, i32 0, void @p_str"   --->   Operation 23 'specpipeline' 'specpipeline_ln0' <Predicate = true> <Delay = 0.00>
ST_1 : Operation 24 [1/1] (1.87ns)   --->   "%icmp_ln24 = icmp_eq  i7 %i_1, i7 100" [../../C_PROGRAM/5.Ping_pong_HLS/ping_pong.c:24->../../C_PROGRAM/5.Ping_pong_HLS/ping_pong.c:13]   --->   Operation 24 'icmp' 'icmp_ln24' <Predicate = true> <Delay = 1.87> <CoreInst = "Cmp">   --->   Core 9 'Cmp' <Latency = 0> <II = 1> <Delay = 1.87> <FuncUnit> <Opcode : 'icmp'> <InPorts = 2> <OutPorts = 1>
ST_1 : Operation 25 [1/1] (1.87ns)   --->   "%add_ln24 = add i7 %i_1, i7 1" [../../C_PROGRAM/5.Ping_pong_HLS/ping_pong.c:24->../../C_PROGRAM/5.Ping_pong_HLS/ping_pong.c:13]   --->   Operation 25 'add' 'add_ln24' <Predicate = true> <Delay = 1.87> <CoreInst = "Adder">   --->   Core 1 'Adder' <Latency = 0> <II = 1> <Delay = 1.87> <FuncUnit> <Opcode : 'add' 'sub'> <InPorts = 2> <OutPorts = 1>
ST_1 : Operation 26 [1/1] (0.00ns)   --->   "%br_ln24 = br i1 %icmp_ln24, void %for.inc.i.split, void %for.inc.i9.preheader.exitStub" [../../C_PROGRAM/5.Ping_pong_HLS/ping_pong.c:24->../../C_PROGRAM/5.Ping_pong_HLS/ping_pong.c:13]   --->   Operation 26 'br' 'br_ln24' <Predicate = true> <Delay = 0.00>
ST_1 : Operation 27 [1/1] (0.00ns)   --->   "%lshr_ln = partselect i6 @_ssdm_op_PartSelect.i6.i7.i32.i32, i7 %i_1, i32 1, i32 6" [../../C_PROGRAM/5.Ping_pong_HLS/ping_pong.c:24->../../C_PROGRAM/5.Ping_pong_HLS/ping_pong.c:13]   --->   Operation 27 'partselect' 'lshr_ln' <Predicate = (!icmp_ln24)> <Delay = 0.00>
ST_1 : Operation 28 [1/1] (0.00ns)   --->   "%zext_ln24 = zext i6 %lshr_ln" [../../C_PROGRAM/5.Ping_pong_HLS/ping_pong.c:24->../../C_PROGRAM/5.Ping_pong_HLS/ping_pong.c:13]   --->   Operation 28 'zext' 'zext_ln24' <Predicate = (!icmp_ln24)> <Delay = 0.00>
ST_1 : Operation 29 [1/1] (0.00ns)   --->   "%vecIn_0_addr = getelementptr i8 %vecIn_0, i64 0, i64 %zext_ln24" [../../C_PROGRAM/5.Ping_pong_HLS/ping_pong.c:27->../../C_PROGRAM/5.Ping_pong_HLS/ping_pong.c:13]   --->   Operation 29 'getelementptr' 'vecIn_0_addr' <Predicate = (!icmp_ln24)> <Delay = 0.00>
ST_1 : Operation 30 [2/2] (2.32ns)   --->   "%vecIn_0_load = load i6 %vecIn_0_addr" [../../C_PROGRAM/5.Ping_pong_HLS/ping_pong.c:27->../../C_PROGRAM/5.Ping_pong_HLS/ping_pong.c:13]   --->   Operation 30 'load' 'vecIn_0_load' <Predicate = (!icmp_ln24)> <Delay = 2.32> <CoreInst = "RAM">   --->   Core 82 'RAM' <Latency = 1> <II = 1> <Delay = 2.32> <Storage> <Opcode : 'load' 'store'> <Ports = 2> <Width = 8> <Depth = 50> <RAM>
ST_1 : Operation 31 [1/1] (0.00ns)   --->   "%vecIn_1_addr = getelementptr i8 %vecIn_1, i64 0, i64 %zext_ln24" [../../C_PROGRAM/5.Ping_pong_HLS/ping_pong.c:27->../../C_PROGRAM/5.Ping_pong_HLS/ping_pong.c:13]   --->   Operation 31 'getelementptr' 'vecIn_1_addr' <Predicate = (!icmp_ln24)> <Delay = 0.00>
ST_1 : Operation 32 [2/2] (2.32ns)   --->   "%vecIn_1_load = load i6 %vecIn_1_addr" [../../C_PROGRAM/5.Ping_pong_HLS/ping_pong.c:27->../../C_PROGRAM/5.Ping_pong_HLS/ping_pong.c:13]   --->   Operation 32 'load' 'vecIn_1_load' <Predicate = (!icmp_ln24)> <Delay = 2.32> <CoreInst = "RAM">   --->   Core 82 'RAM' <Latency = 1> <II = 1> <Delay = 2.32> <Storage> <Opcode : 'load' 'store'> <Ports = 2> <Width = 8> <Depth = 50> <RAM>
ST_1 : Operation 33 [1/1] (1.58ns)   --->   "%store_ln24 = store i7 %add_ln24, i7 %i" [../../C_PROGRAM/5.Ping_pong_HLS/ping_pong.c:24->../../C_PROGRAM/5.Ping_pong_HLS/ping_pong.c:13]   --->   Operation 33 'store' 'store_ln24' <Predicate = (!icmp_ln24)> <Delay = 1.58>

State 2 <SV = 1> <Delay = 6.23>
ST_2 : Operation 34 [1/1] (0.00ns)   --->   "%i_cast1 = zext i7 %i_1"   --->   Operation 34 'zext' 'i_cast1' <Predicate = true> <Delay = 0.00>
ST_2 : Operation 35 [1/1] (0.00ns)   --->   "%empty = trunc i7 %i_1"   --->   Operation 35 'trunc' 'empty' <Predicate = true> <Delay = 0.00>
ST_2 : Operation 36 [1/2] (2.32ns)   --->   "%vecIn_0_load = load i6 %vecIn_0_addr" [../../C_PROGRAM/5.Ping_pong_HLS/ping_pong.c:27->../../C_PROGRAM/5.Ping_pong_HLS/ping_pong.c:13]   --->   Operation 36 'load' 'vecIn_0_load' <Predicate = true> <Delay = 2.32> <CoreInst = "RAM">   --->   Core 82 'RAM' <Latency = 1> <II = 1> <Delay = 2.32> <Storage> <Opcode : 'load' 'store'> <Ports = 2> <Width = 8> <Depth = 50> <RAM>
ST_2 : Operation 37 [1/2] (2.32ns)   --->   "%vecIn_1_load = load i6 %vecIn_1_addr" [../../C_PROGRAM/5.Ping_pong_HLS/ping_pong.c:27->../../C_PROGRAM/5.Ping_pong_HLS/ping_pong.c:13]   --->   Operation 37 'load' 'vecIn_1_load' <Predicate = true> <Delay = 2.32> <CoreInst = "RAM">   --->   Core 82 'RAM' <Latency = 1> <II = 1> <Delay = 2.32> <Storage> <Opcode : 'load' 'store'> <Ports = 2> <Width = 8> <Depth = 50> <RAM>
ST_2 : Operation 38 [1/1] (1.58ns)   --->   "%tmp = mux i8 @_ssdm_op_Mux.ap_auto.2i8.i1, i8 %vecIn_0_load, i8 %vecIn_1_load, i1 %empty" [../../C_PROGRAM/5.Ping_pong_HLS/ping_pong.c:27->../../C_PROGRAM/5.Ping_pong_HLS/ping_pong.c:13]   --->   Operation 38 'mux' 'tmp' <Predicate = true> <Delay = 1.58> <CoreInst = "Multiplexer">   --->   Core 76 'Multiplexer' <Latency = 0> <II = 1> <Delay = 1.58> <FuncUnit> <Opcode : 'mux'> <InPorts = 2> <OutPorts = 1>
ST_2 : Operation 39 [1/1] (0.00ns)   --->   "%trunc_ln27 = trunc i8 %tmp" [../../C_PROGRAM/5.Ping_pong_HLS/ping_pong.c:27->../../C_PROGRAM/5.Ping_pong_HLS/ping_pong.c:13]   --->   Operation 39 'trunc' 'trunc_ln27' <Predicate = true> <Delay = 0.00>
ST_2 : Operation 40 [1/1] (0.00ns)   --->   "%a_addr = getelementptr i2 %a, i64 0, i64 %i_cast1" [../../C_PROGRAM/5.Ping_pong_HLS/ping_pong.c:27->../../C_PROGRAM/5.Ping_pong_HLS/ping_pong.c:13]   --->   Operation 40 'getelementptr' 'a_addr' <Predicate = true> <Delay = 0.00>
ST_2 : Operation 41 [1/1] (2.32ns)   --->   "%store_ln27 = store i2 %trunc_ln27, i7 %a_addr" [../../C_PROGRAM/5.Ping_pong_HLS/ping_pong.c:27->../../C_PROGRAM/5.Ping_pong_HLS/ping_pong.c:13]   --->   Operation 41 'store' 'store_ln27' <Predicate = true> <Delay = 2.32> <CoreInst = "RAM">   --->   Core 82 'RAM' <Latency = 1> <II = 1> <Delay = 2.32> <Storage> <Opcode : 'load' 'store'> <Ports = 2> <Width = 2> <Depth = 100> <RAM>

State 3 <SV = 2> <Delay = 4.38>
ST_3 : Operation 42 [12/12] (4.38ns)   --->   "%urem_ln28 = urem i8 %tmp, i8 9" [../../C_PROGRAM/5.Ping_pong_HLS/ping_pong.c:28->../../C_PROGRAM/5.Ping_pong_HLS/ping_pong.c:13]   --->   Operation 42 'urem' 'urem_ln28' <Predicate = true> <Delay = 4.38> <CoreInst = "Divider">   --->   Core 6 'Divider' <Latency = 11> <II = 1> <Delay = 4.38> <FuncUnit> <Opcode : 'sdiv' 'srem' 'udiv' 'urem'> <InPorts = 2> <OutPorts = 1>

State 4 <SV = 3> <Delay = 4.38>
ST_4 : Operation 43 [11/12] (4.38ns)   --->   "%urem_ln28 = urem i8 %tmp, i8 9" [../../C_PROGRAM/5.Ping_pong_HLS/ping_pong.c:28->../../C_PROGRAM/5.Ping_pong_HLS/ping_pong.c:13]   --->   Operation 43 'urem' 'urem_ln28' <Predicate = true> <Delay = 4.38> <CoreInst = "Divider">   --->   Core 6 'Divider' <Latency = 11> <II = 1> <Delay = 4.38> <FuncUnit> <Opcode : 'sdiv' 'srem' 'udiv' 'urem'> <InPorts = 2> <OutPorts = 1>

State 5 <SV = 4> <Delay = 4.38>
ST_5 : Operation 44 [10/12] (4.38ns)   --->   "%urem_ln28 = urem i8 %tmp, i8 9" [../../C_PROGRAM/5.Ping_pong_HLS/ping_pong.c:28->../../C_PROGRAM/5.Ping_pong_HLS/ping_pong.c:13]   --->   Operation 44 'urem' 'urem_ln28' <Predicate = true> <Delay = 4.38> <CoreInst = "Divider">   --->   Core 6 'Divider' <Latency = 11> <II = 1> <Delay = 4.38> <FuncUnit> <Opcode : 'sdiv' 'srem' 'udiv' 'urem'> <InPorts = 2> <OutPorts = 1>

State 6 <SV = 5> <Delay = 4.38>
ST_6 : Operation 45 [9/12] (4.38ns)   --->   "%urem_ln28 = urem i8 %tmp, i8 9" [../../C_PROGRAM/5.Ping_pong_HLS/ping_pong.c:28->../../C_PROGRAM/5.Ping_pong_HLS/ping_pong.c:13]   --->   Operation 45 'urem' 'urem_ln28' <Predicate = true> <Delay = 4.38> <CoreInst = "Divider">   --->   Core 6 'Divider' <Latency = 11> <II = 1> <Delay = 4.38> <FuncUnit> <Opcode : 'sdiv' 'srem' 'udiv' 'urem'> <InPorts = 2> <OutPorts = 1>

State 7 <SV = 6> <Delay = 4.38>
ST_7 : Operation 46 [8/12] (4.38ns)   --->   "%urem_ln28 = urem i8 %tmp, i8 9" [../../C_PROGRAM/5.Ping_pong_HLS/ping_pong.c:28->../../C_PROGRAM/5.Ping_pong_HLS/ping_pong.c:13]   --->   Operation 46 'urem' 'urem_ln28' <Predicate = true> <Delay = 4.38> <CoreInst = "Divider">   --->   Core 6 'Divider' <Latency = 11> <II = 1> <Delay = 4.38> <FuncUnit> <Opcode : 'sdiv' 'srem' 'udiv' 'urem'> <InPorts = 2> <OutPorts = 1>

State 8 <SV = 7> <Delay = 4.38>
ST_8 : Operation 47 [7/12] (4.38ns)   --->   "%urem_ln28 = urem i8 %tmp, i8 9" [../../C_PROGRAM/5.Ping_pong_HLS/ping_pong.c:28->../../C_PROGRAM/5.Ping_pong_HLS/ping_pong.c:13]   --->   Operation 47 'urem' 'urem_ln28' <Predicate = true> <Delay = 4.38> <CoreInst = "Divider">   --->   Core 6 'Divider' <Latency = 11> <II = 1> <Delay = 4.38> <FuncUnit> <Opcode : 'sdiv' 'srem' 'udiv' 'urem'> <InPorts = 2> <OutPorts = 1>

State 9 <SV = 8> <Delay = 4.38>
ST_9 : Operation 48 [6/12] (4.38ns)   --->   "%urem_ln28 = urem i8 %tmp, i8 9" [../../C_PROGRAM/5.Ping_pong_HLS/ping_pong.c:28->../../C_PROGRAM/5.Ping_pong_HLS/ping_pong.c:13]   --->   Operation 48 'urem' 'urem_ln28' <Predicate = true> <Delay = 4.38> <CoreInst = "Divider">   --->   Core 6 'Divider' <Latency = 11> <II = 1> <Delay = 4.38> <FuncUnit> <Opcode : 'sdiv' 'srem' 'udiv' 'urem'> <InPorts = 2> <OutPorts = 1>

State 10 <SV = 9> <Delay = 4.38>
ST_10 : Operation 49 [5/12] (4.38ns)   --->   "%urem_ln28 = urem i8 %tmp, i8 9" [../../C_PROGRAM/5.Ping_pong_HLS/ping_pong.c:28->../../C_PROGRAM/5.Ping_pong_HLS/ping_pong.c:13]   --->   Operation 49 'urem' 'urem_ln28' <Predicate = true> <Delay = 4.38> <CoreInst = "Divider">   --->   Core 6 'Divider' <Latency = 11> <II = 1> <Delay = 4.38> <FuncUnit> <Opcode : 'sdiv' 'srem' 'udiv' 'urem'> <InPorts = 2> <OutPorts = 1>

State 11 <SV = 10> <Delay = 4.38>
ST_11 : Operation 50 [4/12] (4.38ns)   --->   "%urem_ln28 = urem i8 %tmp, i8 9" [../../C_PROGRAM/5.Ping_pong_HLS/ping_pong.c:28->../../C_PROGRAM/5.Ping_pong_HLS/ping_pong.c:13]   --->   Operation 50 'urem' 'urem_ln28' <Predicate = true> <Delay = 4.38> <CoreInst = "Divider">   --->   Core 6 'Divider' <Latency = 11> <II = 1> <Delay = 4.38> <FuncUnit> <Opcode : 'sdiv' 'srem' 'udiv' 'urem'> <InPorts = 2> <OutPorts = 1>

State 12 <SV = 11> <Delay = 4.38>
ST_12 : Operation 51 [3/12] (4.38ns)   --->   "%urem_ln28 = urem i8 %tmp, i8 9" [../../C_PROGRAM/5.Ping_pong_HLS/ping_pong.c:28->../../C_PROGRAM/5.Ping_pong_HLS/ping_pong.c:13]   --->   Operation 51 'urem' 'urem_ln28' <Predicate = true> <Delay = 4.38> <CoreInst = "Divider">   --->   Core 6 'Divider' <Latency = 11> <II = 1> <Delay = 4.38> <FuncUnit> <Opcode : 'sdiv' 'srem' 'udiv' 'urem'> <InPorts = 2> <OutPorts = 1>

State 13 <SV = 12> <Delay = 4.38>
ST_13 : Operation 52 [2/12] (4.38ns)   --->   "%urem_ln28 = urem i8 %tmp, i8 9" [../../C_PROGRAM/5.Ping_pong_HLS/ping_pong.c:28->../../C_PROGRAM/5.Ping_pong_HLS/ping_pong.c:13]   --->   Operation 52 'urem' 'urem_ln28' <Predicate = true> <Delay = 4.38> <CoreInst = "Divider">   --->   Core 6 'Divider' <Latency = 11> <II = 1> <Delay = 4.38> <FuncUnit> <Opcode : 'sdiv' 'srem' 'udiv' 'urem'> <InPorts = 2> <OutPorts = 1>
ST_13 : Operation 60 [1/1] (0.00ns)   --->   "%ret_ln0 = ret"   --->   Operation 60 'ret' 'ret_ln0' <Predicate = (icmp_ln24)> <Delay = 0.00>

State 14 <SV = 13> <Delay = 6.70>
ST_14 : Operation 53 [1/1] (0.00ns)   --->   "%speclooptripcount_ln24 = speclooptripcount void @_ssdm_op_SpecLoopTripCount, i64 100, i64 100, i64 100" [../../C_PROGRAM/5.Ping_pong_HLS/ping_pong.c:24->../../C_PROGRAM/5.Ping_pong_HLS/ping_pong.c:13]   --->   Operation 53 'speclooptripcount' 'speclooptripcount_ln24' <Predicate = true> <Delay = 0.00>
ST_14 : Operation 54 [1/1] (0.00ns)   --->   "%specloopname_ln24 = specloopname void @_ssdm_op_SpecLoopName, void @empty_5" [../../C_PROGRAM/5.Ping_pong_HLS/ping_pong.c:24->../../C_PROGRAM/5.Ping_pong_HLS/ping_pong.c:13]   --->   Operation 54 'specloopname' 'specloopname_ln24' <Predicate = true> <Delay = 0.00>
ST_14 : Operation 55 [1/12] (4.38ns)   --->   "%urem_ln28 = urem i8 %tmp, i8 9" [../../C_PROGRAM/5.Ping_pong_HLS/ping_pong.c:28->../../C_PROGRAM/5.Ping_pong_HLS/ping_pong.c:13]   --->   Operation 55 'urem' 'urem_ln28' <Predicate = true> <Delay = 4.38> <CoreInst = "Divider">   --->   Core 6 'Divider' <Latency = 11> <II = 1> <Delay = 4.38> <FuncUnit> <Opcode : 'sdiv' 'srem' 'udiv' 'urem'> <InPorts = 2> <OutPorts = 1>
ST_14 : Operation 56 [1/1] (0.00ns)   --->   "%trunc_ln28 = trunc i4 %urem_ln28" [../../C_PROGRAM/5.Ping_pong_HLS/ping_pong.c:28->../../C_PROGRAM/5.Ping_pong_HLS/ping_pong.c:13]   --->   Operation 56 'trunc' 'trunc_ln28' <Predicate = true> <Delay = 0.00>
ST_14 : Operation 57 [1/1] (0.00ns)   --->   "%b_addr = getelementptr i4 %b, i64 0, i64 %i_cast1" [../../C_PROGRAM/5.Ping_pong_HLS/ping_pong.c:28->../../C_PROGRAM/5.Ping_pong_HLS/ping_pong.c:13]   --->   Operation 57 'getelementptr' 'b_addr' <Predicate = true> <Delay = 0.00>
ST_14 : Operation 58 [1/1] (2.32ns)   --->   "%store_ln28 = store i4 %trunc_ln28, i7 %b_addr" [../../C_PROGRAM/5.Ping_pong_HLS/ping_pong.c:28->../../C_PROGRAM/5.Ping_pong_HLS/ping_pong.c:13]   --->   Operation 58 'store' 'store_ln28' <Predicate = true> <Delay = 2.32> <CoreInst = "RAM">   --->   Core 82 'RAM' <Latency = 1> <II = 1> <Delay = 2.32> <Storage> <Opcode : 'load' 'store'> <Ports = 2> <Width = 4> <Depth = 100> <RAM>
ST_14 : Operation 59 [1/1] (0.00ns)   --->   "%br_ln24 = br void %for.inc.i" [../../C_PROGRAM/5.Ping_pong_HLS/ping_pong.c:24->../../C_PROGRAM/5.Ping_pong_HLS/ping_pong.c:13]   --->   Operation 59 'br' 'br_ln24' <Predicate = true> <Delay = 0.00>


============================================================
+ Verbose Summary: Timing violations
============================================================
Target clock period: 10.000ns, clock uncertainty: 2.700ns.

 <State 1>: 3.458ns
The critical path consists of the following:
	'alloca' operation ('i') [5]  (0.000 ns)
	'load' operation ('i') on local variable 'i' [11]  (0.000 ns)
	'add' operation ('add_ln24', ../../C_PROGRAM/5.Ping_pong_HLS/ping_pong.c:24->../../C_PROGRAM/5.Ping_pong_HLS/ping_pong.c:13) [14]  (1.870 ns)
	'store' operation ('store_ln24', ../../C_PROGRAM/5.Ping_pong_HLS/ping_pong.c:24->../../C_PROGRAM/5.Ping_pong_HLS/ping_pong.c:13) of variable 'add_ln24', ../../C_PROGRAM/5.Ping_pong_HLS/ping_pong.c:24->../../C_PROGRAM/5.Ping_pong_HLS/ping_pong.c:13 on local variable 'i' [35]  (1.588 ns)

 <State 2>: 6.232ns
The critical path consists of the following:
	'load' operation ('vecIn_0_load', ../../C_PROGRAM/5.Ping_pong_HLS/ping_pong.c:27->../../C_PROGRAM/5.Ping_pong_HLS/ping_pong.c:13) on array 'vecIn_0' [24]  (2.322 ns)
	'mux' operation ('tmp', ../../C_PROGRAM/5.Ping_pong_HLS/ping_pong.c:27->../../C_PROGRAM/5.Ping_pong_HLS/ping_pong.c:13) [27]  (1.588 ns)
	'store' operation ('store_ln27', ../../C_PROGRAM/5.Ping_pong_HLS/ping_pong.c:27->../../C_PROGRAM/5.Ping_pong_HLS/ping_pong.c:13) of variable 'trunc_ln27', ../../C_PROGRAM/5.Ping_pong_HLS/ping_pong.c:27->../../C_PROGRAM/5.Ping_pong_HLS/ping_pong.c:13 on array 'a' [30]  (2.322 ns)

 <State 3>: 4.386ns
The critical path consists of the following:
	'urem' operation ('urem_ln28', ../../C_PROGRAM/5.Ping_pong_HLS/ping_pong.c:28->../../C_PROGRAM/5.Ping_pong_HLS/ping_pong.c:13) [31]  (4.386 ns)

 <State 4>: 4.386ns
The critical path consists of the following:
	'urem' operation ('urem_ln28', ../../C_PROGRAM/5.Ping_pong_HLS/ping_pong.c:28->../../C_PROGRAM/5.Ping_pong_HLS/ping_pong.c:13) [31]  (4.386 ns)

 <State 5>: 4.386ns
The critical path consists of the following:
	'urem' operation ('urem_ln28', ../../C_PROGRAM/5.Ping_pong_HLS/ping_pong.c:28->../../C_PROGRAM/5.Ping_pong_HLS/ping_pong.c:13) [31]  (4.386 ns)

 <State 6>: 4.386ns
The critical path consists of the following:
	'urem' operation ('urem_ln28', ../../C_PROGRAM/5.Ping_pong_HLS/ping_pong.c:28->../../C_PROGRAM/5.Ping_pong_HLS/ping_pong.c:13) [31]  (4.386 ns)

 <State 7>: 4.386ns
The critical path consists of the following:
	'urem' operation ('urem_ln28', ../../C_PROGRAM/5.Ping_pong_HLS/ping_pong.c:28->../../C_PROGRAM/5.Ping_pong_HLS/ping_pong.c:13) [31]  (4.386 ns)

 <State 8>: 4.386ns
The critical path consists of the following:
	'urem' operation ('urem_ln28', ../../C_PROGRAM/5.Ping_pong_HLS/ping_pong.c:28->../../C_PROGRAM/5.Ping_pong_HLS/ping_pong.c:13) [31]  (4.386 ns)

 <State 9>: 4.386ns
The critical path consists of the following:
	'urem' operation ('urem_ln28', ../../C_PROGRAM/5.Ping_pong_HLS/ping_pong.c:28->../../C_PROGRAM/5.Ping_pong_HLS/ping_pong.c:13) [31]  (4.386 ns)

 <State 10>: 4.386ns
The critical path consists of the following:
	'urem' operation ('urem_ln28', ../../C_PROGRAM/5.Ping_pong_HLS/ping_pong.c:28->../../C_PROGRAM/5.Ping_pong_HLS/ping_pong.c:13) [31]  (4.386 ns)

 <State 11>: 4.386ns
The critical path consists of the following:
	'urem' operation ('urem_ln28', ../../C_PROGRAM/5.Ping_pong_HLS/ping_pong.c:28->../../C_PROGRAM/5.Ping_pong_HLS/ping_pong.c:13) [31]  (4.386 ns)

 <State 12>: 4.386ns
The critical path consists of the following:
	'urem' operation ('urem_ln28', ../../C_PROGRAM/5.Ping_pong_HLS/ping_pong.c:28->../../C_PROGRAM/5.Ping_pong_HLS/ping_pong.c:13) [31]  (4.386 ns)

 <State 13>: 4.386ns
The critical path consists of the following:
	'urem' operation ('urem_ln28', ../../C_PROGRAM/5.Ping_pong_HLS/ping_pong.c:28->../../C_PROGRAM/5.Ping_pong_HLS/ping_pong.c:13) [31]  (4.386 ns)

 <State 14>: 6.708ns
The critical path consists of the following:
	'urem' operation ('urem_ln28', ../../C_PROGRAM/5.Ping_pong_HLS/ping_pong.c:28->../../C_PROGRAM/5.Ping_pong_HLS/ping_pong.c:13) [31]  (4.386 ns)
	'store' operation ('store_ln28', ../../C_PROGRAM/5.Ping_pong_HLS/ping_pong.c:28->../../C_PROGRAM/5.Ping_pong_HLS/ping_pong.c:13) of variable 'trunc_ln28', ../../C_PROGRAM/5.Ping_pong_HLS/ping_pong.c:28->../../C_PROGRAM/5.Ping_pong_HLS/ping_pong.c:13 on array 'b' [34]  (2.322 ns)


============================================================
+ Verbose Summary: Binding
============================================================
N/A
* FSMD analyzer results:
  - Output states:
 - Input state : 
  - Chain level:
	State 1
	State 2
	State 3
	State 4
	State 5
	State 6
	State 7
	State 8
	State 9
	State 10
	State 11
	State 12
	State 13
	State 14


============================================================
+ Verbose Summary: Datapath Resource usage 
============================================================
N/A
