INFO: [HLS 200-10] Running '/tools/Xilinx/Vitis_HLS/2023.1/bin/unwrapped/lnx64.o/vitis_hls'
INFO: [HLS 200-10] For user 'dell3561-49' on host 'dell3561-49' (Linux_x86_64 version 6.8.0-87-generic) on Fri Nov 21 11:24:42 CET 2025
INFO: [HLS 200-10] On os Ubuntu 22.04.5 LTS
INFO: [HLS 200-10] In directory '/home/dell3561-49/Vitis_HLS_folder/Obj_detect_ver5'
Sourcing Tcl script '/home/dell3561-49/Vitis_HLS_folder/Obj_detect_ver5/Obj_detect_ver5/solution1/csim.tcl'
INFO: [HLS 200-1510] Running: source /home/dell3561-49/Vitis_HLS_folder/Obj_detect_ver5/Obj_detect_ver5/solution1/csim.tcl
INFO: [HLS 200-1510] Running: open_project Obj_detect_ver5 
INFO: [HLS 200-10] Opening project '/home/dell3561-49/Vitis_HLS_folder/Obj_detect_ver5/Obj_detect_ver5'.
INFO: [HLS 200-1510] Running: set_top hls_object_green_classification 
INFO: [HLS 200-1510] Running: add_files obj_detect.cpp 
INFO: [HLS 200-10] Adding design file 'obj_detect.cpp' to the project
INFO: [HLS 200-1510] Running: add_files -tb _output.bmp -cflags -Wno-unknown-pragmas 
INFO: [HLS 200-10] Adding test bench file '_output.bmp' to the project
INFO: [HLS 200-1510] Running: add_files -tb output_.bmp -cflags -Wno-unknown-pragmas 
INFO: [HLS 200-10] Adding test bench file 'output_.bmp' to the project
INFO: [HLS 200-1510] Running: add_files -tb rb.cpp -cflags -Wno-unknown-pragmas 
INFO: [HLS 200-10] Adding test bench file 'rb.cpp' to the project
INFO: [HLS 200-1510] Running: open_solution solution1 -flow_target vivado 
INFO: [HLS 200-10] Opening solution '/home/dell3561-49/Vitis_HLS_folder/Obj_detect_ver5/Obj_detect_ver5/solution1'.
INFO: [SYN 201-201] Setting up clock 'default' with a period of 10ns.
INFO: [HLS 200-1611] Setting target device to 'xc7z020-clg484-1'
INFO: [HLS 200-1505] Using flow_target 'vivado'
Resolution: For help on HLS 200-1505 see www.xilinx.com/cgi-bin/docs/rdoc?v=2023.1;t=hls+guidance;d=200-1505.html
INFO: [HLS 200-1464] Running solution command: config_cosim -tool=xsim
INFO: [HLS 200-1464] Running solution command: config_export -format=ip_catalog
INFO: [HLS 200-1464] Running solution command: config_export -output=/home/dell3561-49/Vivado_Project_2023.1/ip_repo/Object_detect
INFO: [HLS 200-1464] Running solution command: config_export -rtl=verilog
INFO: [HLS 200-1510] Running: set_part xc7z020-clg484-1 
INFO: [HLS 200-1510] Running: create_clock -period 10 -name default 
INFO: [HLS 200-1510] Running: config_cosim -tool xsim 
INFO: [HLS 200-1510] Running: config_export -format ip_catalog -output /home/dell3561-49/Vivado_Project_2023.1/ip_repo/Object_detect -rtl verilog 
INFO: [HLS 200-1510] Running: source ./Obj_detect_ver5/solution1/directives.tcl
INFO: [HLS 200-1510] Running: set_directive_top -name hls_object_green_classification hls_object_green_classification 
INFO: [HLS 200-1510] Running: csim_design -quiet 
INFO: [SIM 211-2] *************** CSIM start ***************
INFO: [SIM 211-4] CSIM will launch GCC as the compiler.
INFO: [HLS 200-2036] Building debug C Simulation binaries
   Compiling ../../../../rb.cpp in debug mode
   Generating csim.exe
Reading input.bmp...
Software execution time: 343.437 ms
Writing output.bmp...

Detected Objects: 4
Obj[0] x=-85, y=28, green=1
Obj[1] x=132, y=0, green=0
Obj[2] x=95, y=2, green=0
Obj[3] x=-54, y=-22, green=0
INFO [HLS SIM]: The maximum depth reached by any hls::stream() instance in the design is 76800
INFO: [SIM 211-1] CSim done with 0 errors.
INFO: [SIM 211-3] *************** CSIM finish ***************
INFO: [HLS 200-111] Finished Command csim_design CPU user time: 4.97 seconds. CPU system time: 0.29 seconds. Elapsed time: 5.27 seconds; current allocated memory: 0.000 MB.
INFO: [HLS 200-112] Total CPU user time: 5.8 seconds. Total CPU system time: 0.43 seconds. Total elapsed time: 6.12 seconds; peak allocated memory: 189.742 MB.
