

================================================================
== Vitis HLS Report for 'ContourApproximation_Pipeline_WRITE_BACK'
================================================================
* Date:           Thu Dec  5 15:29:02 2024

* Version:        2023.1 (Build 3854077 on May  4 2023)
* Project:        contour_approximation
* Solution:       solution1 (Vivado IP Flow Target)
* Product family: zynq
* Target device:  xc7z020-clg484-1


================================================================
== Performance Estimates
================================================================
+ Timing: 
    * Summary: 
    +--------+----------+----------+------------+
    |  Clock |  Target  | Estimated| Uncertainty|
    +--------+----------+----------+------------+
    |ap_clk  |  10.00 ns|  8.685 ns|        0 ns|
    +--------+----------+----------+------------+

+ Latency: 
    * Summary: 
    +---------+---------+-----------+----------+-----+-----+---------+
    |  Latency (cycles) |  Latency (absolute)  |  Interval | Pipeline|
    |   min   |   max   |    min    |    max   | min | max |   Type  |
    +---------+---------+-----------+----------+-----+-----+---------+
    |        6|      257|  60.000 ns|  2.570 us|    6|  257|       no|
    +---------+---------+-----------+----------+-----+-----+---------+

    + Detail: 
        * Instance: 
        N/A

        * Loop: 
        +--------------+---------+---------+----------+-----------+-----------+---------+----------+
        |              |  Latency (cycles) | Iteration|  Initiation Interval  |   Trip  |          |
        |   Loop Name  |   min   |   max   |  Latency |  achieved |   target  |  Count  | Pipelined|
        +--------------+---------+---------+----------+-----------+-----------+---------+----------+
        |- WRITE_BACK  |        4|      254|         5|          1|          1|  0 ~ 250|       yes|
        +--------------+---------+---------+----------+-----------+-----------+---------+----------+



================================================================
== Utilization Estimates
================================================================
* Summary: 
+-----------------+---------+-----+--------+-------+-----+
|       Name      | BRAM_18K| DSP |   FF   |  LUT  | URAM|
+-----------------+---------+-----+--------+-------+-----+
|DSP              |        -|    -|       -|      -|    -|
|Expression       |        -|    -|       0|    277|    -|
|FIFO             |        -|    -|       -|      -|    -|
|Instance         |        -|    -|       -|      -|    -|
|Memory           |        -|    -|       -|      -|    -|
|Multiplexer      |        -|    -|       -|     70|    -|
|Register         |        -|    -|     348|     32|    -|
+-----------------+---------+-----+--------+-------+-----+
|Total            |        0|    0|     348|    379|    0|
+-----------------+---------+-----+--------+-------+-----+
|Available        |      280|  220|  106400|  53200|    0|
+-----------------+---------+-----+--------+-------+-----+
|Utilization (%)  |        0|    0|      ~0|     ~0|    0|
+-----------------+---------+-----+--------+-------+-----+

+ Detail: 
    * Instance: 
    N/A

    * DSP: 
    N/A

    * Memory: 
    N/A

    * FIFO: 
    N/A

    * Expression: 
    +------------------------------+----------+----+---+----+------------+------------+
    |         Variable Name        | Operation| DSP| FF| LUT| Bitwidth P0| Bitwidth P1|
    +------------------------------+----------+----+---+----+------------+------------+
    |add_ln128_fu_2914_p2          |         +|   0|  0|  15|           8|           1|
    |newcnt_2_fu_3151_p2           |         +|   0|  0|  23|          16|           1|
    |and_ln145_1_fu_3038_p2        |       and|   0|  0|   2|           1|           1|
    |and_ln145_2_fu_3139_p2        |       and|   0|  0|   2|           1|           1|
    |and_ln145_3_fu_3145_p2        |       and|   0|  0|   2|           1|           1|
    |and_ln145_fu_3032_p2          |       and|   0|  0|   2|           1|           1|
    |ap_predicate_tran6to7_state2  |       and|   0|  0|   2|           1|           1|
    |icmp_ln126_fu_2908_p2         |      icmp|   0|  0|  15|           8|           4|
    |icmp_ln132_fu_2934_p2         |      icmp|   0|  0|  24|          17|          17|
    |icmp_ln145_1_fu_2996_p2       |      icmp|   0|  0|  30|          23|           1|
    |icmp_ln145_2_fu_3002_p2       |      icmp|   0|  0|  15|           8|           2|
    |icmp_ln145_3_fu_3008_p2       |      icmp|   0|  0|  30|          23|           1|
    |icmp_ln145_4_fu_3117_p2       |      icmp|   0|  0|  15|           8|           2|
    |icmp_ln145_5_fu_3123_p2       |      icmp|   0|  0|  30|          23|           1|
    |icmp_ln145_6_fu_3080_p2       |      icmp|   0|  0|  15|           8|           2|
    |icmp_ln145_7_fu_3086_p2       |      icmp|   0|  0|  30|          23|           1|
    |icmp_ln145_fu_2990_p2         |      icmp|   0|  0|  15|           8|           2|
    |or_ln145_1_fu_3028_p2         |        or|   0|  0|   2|           1|           1|
    |or_ln145_2_fu_3129_p2         |        or|   0|  0|   2|           1|           1|
    |or_ln145_3_fu_3135_p2         |        or|   0|  0|   2|           1|           1|
    |or_ln145_fu_3024_p2           |        or|   0|  0|   2|           1|           1|
    |ap_enable_pp0                 |       xor|   0|  0|   2|           1|           2|
    +------------------------------+----------+----+---+----+------------+------------+
    |Total                         |          |   0|  0| 277|         183|          46|
    +------------------------------+----------+----+---+----+------------+------------+

    * Multiplexer: 
    +-----------------------------------------+----+-----------+-----+-----------+
    |                   Name                  | LUT| Input Size| Bits| Total Bits|
    +-----------------------------------------+----+-----------+-----+-----------+
    |ap_NS_fsm                                |  25|          5|    1|          5|
    |ap_enable_reg_pp0_iter4                  |   9|          2|    1|          2|
    |ap_phi_mux_UnifiedRetVal_phi_fu_2879_p4  |   9|          2|    1|          2|
    |ap_return                                |   9|          2|    1|          2|
    |i_fu_1072                                |   9|          2|    8|         16|
    |newcnt_fu_1076                           |   9|          2|   16|         32|
    +-----------------------------------------+----+-----------+-----+-----------+
    |Total                                    |  70|         15|   28|         59|
    +-----------------------------------------+----+-----------+-----+-----------+

    * Register: 
    +-------------------------------+----+----+-----+-----------+
    |              Name             | FF | LUT| Bits| Const Bits|
    +-------------------------------+----+----+-----+-----------+
    |UnifiedRetVal_reg_2875         |   1|   0|    1|          0|
    |and_ln145_1_reg_3505           |   1|   0|    1|          0|
    |ap_CS_fsm                      |   4|   0|    4|          0|
    |ap_enable_reg_pp0_iter0        |   1|   0|    1|          0|
    |ap_enable_reg_pp0_iter1        |   1|   0|    1|          0|
    |ap_enable_reg_pp0_iter2        |   1|   0|    1|          0|
    |ap_enable_reg_pp0_iter3        |   1|   0|    1|          0|
    |ap_enable_reg_pp0_iter4        |   1|   0|    1|          0|
    |ap_exit_tran_regpp0            |   1|   0|    2|          1|
    |ap_return_preg                 |   1|   0|    1|          0|
    |i_fu_1072                      |   8|   0|    8|          0|
    |icmp_ln126_reg_3189            |   1|   0|    1|          0|
    |icmp_ln145_1_reg_3485          |   1|   0|    1|          0|
    |icmp_ln145_2_reg_3490          |   1|   0|    1|          0|
    |icmp_ln145_3_reg_3495          |   1|   0|    1|          0|
    |icmp_ln145_6_reg_3519          |   1|   0|    1|          0|
    |icmp_ln145_7_reg_3524          |   1|   0|    1|          0|
    |icmp_ln145_reg_3480            |   1|   0|    1|          0|
    |newcnt_fu_1076                 |  16|   0|   16|          0|
    |p_load_1_reg_3468              |  64|   0|   64|          0|
    |p_load_reg_3207                |  64|   0|   64|          0|
    |p_load_reg_3207_pp0_iter2_reg  |  64|   0|   64|          0|
    |trunc_ln126_reg_3529           |   8|   0|    8|          0|
    |trunc_ln132_reg_3537           |   8|   0|    8|          0|
    |trunc_ln4_reg_3500             |  32|   0|   32|          0|
    |icmp_ln126_reg_3189            |  64|  32|    1|          0|
    +-------------------------------+----+----+-----+-----------+
    |Total                          | 348|  32|  286|          1|
    +-------------------------------+----+----+-----+-----------+



================================================================
== Interface
================================================================
* Summary: 
+-----------------------+-----+-----+------------+------------------------------------------+--------------+
|       RTL Ports       | Dir | Bits|  Protocol  |               Source Object              |    C Type    |
+-----------------------+-----+-----+------------+------------------------------------------+--------------+
|ap_clk                 |   in|    1|  ap_ctrl_hs|  ContourApproximation_Pipeline_WRITE_BACK|  return value|
|ap_rst                 |   in|    1|  ap_ctrl_hs|  ContourApproximation_Pipeline_WRITE_BACK|  return value|
|ap_start               |   in|    1|  ap_ctrl_hs|  ContourApproximation_Pipeline_WRITE_BACK|  return value|
|ap_done                |  out|    1|  ap_ctrl_hs|  ContourApproximation_Pipeline_WRITE_BACK|  return value|
|ap_idle                |  out|    1|  ap_ctrl_hs|  ContourApproximation_Pipeline_WRITE_BACK|  return value|
|ap_ready               |  out|    1|  ap_ctrl_hs|  ContourApproximation_Pipeline_WRITE_BACK|  return value|
|ap_return              |  out|    1|  ap_ctrl_hs|  ContourApproximation_Pipeline_WRITE_BACK|  return value|
|grp_fu_21023_p_din0    |  out|   32|  ap_ctrl_hs|  ContourApproximation_Pipeline_WRITE_BACK|  return value|
|grp_fu_21023_p_din1    |  out|   32|  ap_ctrl_hs|  ContourApproximation_Pipeline_WRITE_BACK|  return value|
|grp_fu_21023_p_opcode  |  out|    5|  ap_ctrl_hs|  ContourApproximation_Pipeline_WRITE_BACK|  return value|
|grp_fu_21023_p_dout0   |   in|    1|  ap_ctrl_hs|  ContourApproximation_Pipeline_WRITE_BACK|  return value|
|grp_fu_21023_p_ce      |  out|    1|  ap_ctrl_hs|  ContourApproximation_Pipeline_WRITE_BACK|  return value|
|grp_fu_42943_p_din0    |  out|   32|  ap_ctrl_hs|  ContourApproximation_Pipeline_WRITE_BACK|  return value|
|grp_fu_42943_p_din1    |  out|   32|  ap_ctrl_hs|  ContourApproximation_Pipeline_WRITE_BACK|  return value|
|grp_fu_42943_p_opcode  |  out|    5|  ap_ctrl_hs|  ContourApproximation_Pipeline_WRITE_BACK|  return value|
|grp_fu_42943_p_dout0   |   in|    1|  ap_ctrl_hs|  ContourApproximation_Pipeline_WRITE_BACK|  return value|
|grp_fu_42943_p_ce      |  out|    1|  ap_ctrl_hs|  ContourApproximation_Pipeline_WRITE_BACK|  return value|
|add_ln75               |   in|   17|     ap_none|                                  add_ln75|        scalar|
|new_p_249              |  out|   64|      ap_vld|                                 new_p_249|       pointer|
|new_p_249_ap_vld       |  out|    1|      ap_vld|                                 new_p_249|       pointer|
|new_p_248              |  out|   64|      ap_vld|                                 new_p_248|       pointer|
|new_p_248_ap_vld       |  out|    1|      ap_vld|                                 new_p_248|       pointer|
|new_p_247              |  out|   64|      ap_vld|                                 new_p_247|       pointer|
|new_p_247_ap_vld       |  out|    1|      ap_vld|                                 new_p_247|       pointer|
|new_p_246              |  out|   64|      ap_vld|                                 new_p_246|       pointer|
|new_p_246_ap_vld       |  out|    1|      ap_vld|                                 new_p_246|       pointer|
|new_p_245              |  out|   64|      ap_vld|                                 new_p_245|       pointer|
|new_p_245_ap_vld       |  out|    1|      ap_vld|                                 new_p_245|       pointer|
|new_p_244              |  out|   64|      ap_vld|                                 new_p_244|       pointer|
|new_p_244_ap_vld       |  out|    1|      ap_vld|                                 new_p_244|       pointer|
|new_p_243              |  out|   64|      ap_vld|                                 new_p_243|       pointer|
|new_p_243_ap_vld       |  out|    1|      ap_vld|                                 new_p_243|       pointer|
|new_p_242              |  out|   64|      ap_vld|                                 new_p_242|       pointer|
|new_p_242_ap_vld       |  out|    1|      ap_vld|                                 new_p_242|       pointer|
|new_p_241              |  out|   64|      ap_vld|                                 new_p_241|       pointer|
|new_p_241_ap_vld       |  out|    1|      ap_vld|                                 new_p_241|       pointer|
|new_p_240              |  out|   64|      ap_vld|                                 new_p_240|       pointer|
|new_p_240_ap_vld       |  out|    1|      ap_vld|                                 new_p_240|       pointer|
|new_p_239              |  out|   64|      ap_vld|                                 new_p_239|       pointer|
|new_p_239_ap_vld       |  out|    1|      ap_vld|                                 new_p_239|       pointer|
|new_p_238              |  out|   64|      ap_vld|                                 new_p_238|       pointer|
|new_p_238_ap_vld       |  out|    1|      ap_vld|                                 new_p_238|       pointer|
|new_p_237              |  out|   64|      ap_vld|                                 new_p_237|       pointer|
|new_p_237_ap_vld       |  out|    1|      ap_vld|                                 new_p_237|       pointer|
|new_p_236              |  out|   64|      ap_vld|                                 new_p_236|       pointer|
|new_p_236_ap_vld       |  out|    1|      ap_vld|                                 new_p_236|       pointer|
|new_p_235              |  out|   64|      ap_vld|                                 new_p_235|       pointer|
|new_p_235_ap_vld       |  out|    1|      ap_vld|                                 new_p_235|       pointer|
|new_p_234              |  out|   64|      ap_vld|                                 new_p_234|       pointer|
|new_p_234_ap_vld       |  out|    1|      ap_vld|                                 new_p_234|       pointer|
|new_p_233              |  out|   64|      ap_vld|                                 new_p_233|       pointer|
|new_p_233_ap_vld       |  out|    1|      ap_vld|                                 new_p_233|       pointer|
|new_p_232              |  out|   64|      ap_vld|                                 new_p_232|       pointer|
|new_p_232_ap_vld       |  out|    1|      ap_vld|                                 new_p_232|       pointer|
|new_p_231              |  out|   64|      ap_vld|                                 new_p_231|       pointer|
|new_p_231_ap_vld       |  out|    1|      ap_vld|                                 new_p_231|       pointer|
|new_p_230              |  out|   64|      ap_vld|                                 new_p_230|       pointer|
|new_p_230_ap_vld       |  out|    1|      ap_vld|                                 new_p_230|       pointer|
|new_p_229              |  out|   64|      ap_vld|                                 new_p_229|       pointer|
|new_p_229_ap_vld       |  out|    1|      ap_vld|                                 new_p_229|       pointer|
|new_p_228              |  out|   64|      ap_vld|                                 new_p_228|       pointer|
|new_p_228_ap_vld       |  out|    1|      ap_vld|                                 new_p_228|       pointer|
|new_p_227              |  out|   64|      ap_vld|                                 new_p_227|       pointer|
|new_p_227_ap_vld       |  out|    1|      ap_vld|                                 new_p_227|       pointer|
|new_p_226              |  out|   64|      ap_vld|                                 new_p_226|       pointer|
|new_p_226_ap_vld       |  out|    1|      ap_vld|                                 new_p_226|       pointer|
|new_p_225              |  out|   64|      ap_vld|                                 new_p_225|       pointer|
|new_p_225_ap_vld       |  out|    1|      ap_vld|                                 new_p_225|       pointer|
|new_p_224              |  out|   64|      ap_vld|                                 new_p_224|       pointer|
|new_p_224_ap_vld       |  out|    1|      ap_vld|                                 new_p_224|       pointer|
|new_p_223              |  out|   64|      ap_vld|                                 new_p_223|       pointer|
|new_p_223_ap_vld       |  out|    1|      ap_vld|                                 new_p_223|       pointer|
|new_p_222              |  out|   64|      ap_vld|                                 new_p_222|       pointer|
|new_p_222_ap_vld       |  out|    1|      ap_vld|                                 new_p_222|       pointer|
|new_p_221              |  out|   64|      ap_vld|                                 new_p_221|       pointer|
|new_p_221_ap_vld       |  out|    1|      ap_vld|                                 new_p_221|       pointer|
|new_p_220              |  out|   64|      ap_vld|                                 new_p_220|       pointer|
|new_p_220_ap_vld       |  out|    1|      ap_vld|                                 new_p_220|       pointer|
|new_p_219              |  out|   64|      ap_vld|                                 new_p_219|       pointer|
|new_p_219_ap_vld       |  out|    1|      ap_vld|                                 new_p_219|       pointer|
|new_p_218              |  out|   64|      ap_vld|                                 new_p_218|       pointer|
|new_p_218_ap_vld       |  out|    1|      ap_vld|                                 new_p_218|       pointer|
|new_p_217              |  out|   64|      ap_vld|                                 new_p_217|       pointer|
|new_p_217_ap_vld       |  out|    1|      ap_vld|                                 new_p_217|       pointer|
|new_p_216              |  out|   64|      ap_vld|                                 new_p_216|       pointer|
|new_p_216_ap_vld       |  out|    1|      ap_vld|                                 new_p_216|       pointer|
|new_p_215              |  out|   64|      ap_vld|                                 new_p_215|       pointer|
|new_p_215_ap_vld       |  out|    1|      ap_vld|                                 new_p_215|       pointer|
|new_p_214              |  out|   64|      ap_vld|                                 new_p_214|       pointer|
|new_p_214_ap_vld       |  out|    1|      ap_vld|                                 new_p_214|       pointer|
|new_p_213              |  out|   64|      ap_vld|                                 new_p_213|       pointer|
|new_p_213_ap_vld       |  out|    1|      ap_vld|                                 new_p_213|       pointer|
|new_p_212              |  out|   64|      ap_vld|                                 new_p_212|       pointer|
|new_p_212_ap_vld       |  out|    1|      ap_vld|                                 new_p_212|       pointer|
|new_p_211              |  out|   64|      ap_vld|                                 new_p_211|       pointer|
|new_p_211_ap_vld       |  out|    1|      ap_vld|                                 new_p_211|       pointer|
|new_p_210              |  out|   64|      ap_vld|                                 new_p_210|       pointer|
|new_p_210_ap_vld       |  out|    1|      ap_vld|                                 new_p_210|       pointer|
|new_p_209              |  out|   64|      ap_vld|                                 new_p_209|       pointer|
|new_p_209_ap_vld       |  out|    1|      ap_vld|                                 new_p_209|       pointer|
|new_p_208              |  out|   64|      ap_vld|                                 new_p_208|       pointer|
|new_p_208_ap_vld       |  out|    1|      ap_vld|                                 new_p_208|       pointer|
|new_p_207              |  out|   64|      ap_vld|                                 new_p_207|       pointer|
|new_p_207_ap_vld       |  out|    1|      ap_vld|                                 new_p_207|       pointer|
|new_p_206              |  out|   64|      ap_vld|                                 new_p_206|       pointer|
|new_p_206_ap_vld       |  out|    1|      ap_vld|                                 new_p_206|       pointer|
|new_p_205              |  out|   64|      ap_vld|                                 new_p_205|       pointer|
|new_p_205_ap_vld       |  out|    1|      ap_vld|                                 new_p_205|       pointer|
|new_p_204              |  out|   64|      ap_vld|                                 new_p_204|       pointer|
|new_p_204_ap_vld       |  out|    1|      ap_vld|                                 new_p_204|       pointer|
|new_p_203              |  out|   64|      ap_vld|                                 new_p_203|       pointer|
|new_p_203_ap_vld       |  out|    1|      ap_vld|                                 new_p_203|       pointer|
|new_p_202              |  out|   64|      ap_vld|                                 new_p_202|       pointer|
|new_p_202_ap_vld       |  out|    1|      ap_vld|                                 new_p_202|       pointer|
|new_p_201              |  out|   64|      ap_vld|                                 new_p_201|       pointer|
|new_p_201_ap_vld       |  out|    1|      ap_vld|                                 new_p_201|       pointer|
|new_p_200              |  out|   64|      ap_vld|                                 new_p_200|       pointer|
|new_p_200_ap_vld       |  out|    1|      ap_vld|                                 new_p_200|       pointer|
|new_p_199              |  out|   64|      ap_vld|                                 new_p_199|       pointer|
|new_p_199_ap_vld       |  out|    1|      ap_vld|                                 new_p_199|       pointer|
|new_p_198              |  out|   64|      ap_vld|                                 new_p_198|       pointer|
|new_p_198_ap_vld       |  out|    1|      ap_vld|                                 new_p_198|       pointer|
|new_p_197              |  out|   64|      ap_vld|                                 new_p_197|       pointer|
|new_p_197_ap_vld       |  out|    1|      ap_vld|                                 new_p_197|       pointer|
|new_p_196              |  out|   64|      ap_vld|                                 new_p_196|       pointer|
|new_p_196_ap_vld       |  out|    1|      ap_vld|                                 new_p_196|       pointer|
|new_p_195              |  out|   64|      ap_vld|                                 new_p_195|       pointer|
|new_p_195_ap_vld       |  out|    1|      ap_vld|                                 new_p_195|       pointer|
|new_p_194              |  out|   64|      ap_vld|                                 new_p_194|       pointer|
|new_p_194_ap_vld       |  out|    1|      ap_vld|                                 new_p_194|       pointer|
|new_p_193              |  out|   64|      ap_vld|                                 new_p_193|       pointer|
|new_p_193_ap_vld       |  out|    1|      ap_vld|                                 new_p_193|       pointer|
|new_p_192              |  out|   64|      ap_vld|                                 new_p_192|       pointer|
|new_p_192_ap_vld       |  out|    1|      ap_vld|                                 new_p_192|       pointer|
|new_p_191              |  out|   64|      ap_vld|                                 new_p_191|       pointer|
|new_p_191_ap_vld       |  out|    1|      ap_vld|                                 new_p_191|       pointer|
|new_p_190              |  out|   64|      ap_vld|                                 new_p_190|       pointer|
|new_p_190_ap_vld       |  out|    1|      ap_vld|                                 new_p_190|       pointer|
|new_p_189              |  out|   64|      ap_vld|                                 new_p_189|       pointer|
|new_p_189_ap_vld       |  out|    1|      ap_vld|                                 new_p_189|       pointer|
|new_p_188              |  out|   64|      ap_vld|                                 new_p_188|       pointer|
|new_p_188_ap_vld       |  out|    1|      ap_vld|                                 new_p_188|       pointer|
|new_p_187              |  out|   64|      ap_vld|                                 new_p_187|       pointer|
|new_p_187_ap_vld       |  out|    1|      ap_vld|                                 new_p_187|       pointer|
|new_p_186              |  out|   64|      ap_vld|                                 new_p_186|       pointer|
|new_p_186_ap_vld       |  out|    1|      ap_vld|                                 new_p_186|       pointer|
|new_p_185              |  out|   64|      ap_vld|                                 new_p_185|       pointer|
|new_p_185_ap_vld       |  out|    1|      ap_vld|                                 new_p_185|       pointer|
|new_p_184              |  out|   64|      ap_vld|                                 new_p_184|       pointer|
|new_p_184_ap_vld       |  out|    1|      ap_vld|                                 new_p_184|       pointer|
|new_p_183              |  out|   64|      ap_vld|                                 new_p_183|       pointer|
|new_p_183_ap_vld       |  out|    1|      ap_vld|                                 new_p_183|       pointer|
|new_p_182              |  out|   64|      ap_vld|                                 new_p_182|       pointer|
|new_p_182_ap_vld       |  out|    1|      ap_vld|                                 new_p_182|       pointer|
|new_p_181              |  out|   64|      ap_vld|                                 new_p_181|       pointer|
|new_p_181_ap_vld       |  out|    1|      ap_vld|                                 new_p_181|       pointer|
|new_p_180              |  out|   64|      ap_vld|                                 new_p_180|       pointer|
|new_p_180_ap_vld       |  out|    1|      ap_vld|                                 new_p_180|       pointer|
|new_p_179              |  out|   64|      ap_vld|                                 new_p_179|       pointer|
|new_p_179_ap_vld       |  out|    1|      ap_vld|                                 new_p_179|       pointer|
|new_p_178              |  out|   64|      ap_vld|                                 new_p_178|       pointer|
|new_p_178_ap_vld       |  out|    1|      ap_vld|                                 new_p_178|       pointer|
|new_p_177              |  out|   64|      ap_vld|                                 new_p_177|       pointer|
|new_p_177_ap_vld       |  out|    1|      ap_vld|                                 new_p_177|       pointer|
|new_p_176              |  out|   64|      ap_vld|                                 new_p_176|       pointer|
|new_p_176_ap_vld       |  out|    1|      ap_vld|                                 new_p_176|       pointer|
|new_p_175              |  out|   64|      ap_vld|                                 new_p_175|       pointer|
|new_p_175_ap_vld       |  out|    1|      ap_vld|                                 new_p_175|       pointer|
|new_p_174              |  out|   64|      ap_vld|                                 new_p_174|       pointer|
|new_p_174_ap_vld       |  out|    1|      ap_vld|                                 new_p_174|       pointer|
|new_p_173              |  out|   64|      ap_vld|                                 new_p_173|       pointer|
|new_p_173_ap_vld       |  out|    1|      ap_vld|                                 new_p_173|       pointer|
|new_p_172              |  out|   64|      ap_vld|                                 new_p_172|       pointer|
|new_p_172_ap_vld       |  out|    1|      ap_vld|                                 new_p_172|       pointer|
|new_p_171              |  out|   64|      ap_vld|                                 new_p_171|       pointer|
|new_p_171_ap_vld       |  out|    1|      ap_vld|                                 new_p_171|       pointer|
|new_p_170              |  out|   64|      ap_vld|                                 new_p_170|       pointer|
|new_p_170_ap_vld       |  out|    1|      ap_vld|                                 new_p_170|       pointer|
|new_p_169              |  out|   64|      ap_vld|                                 new_p_169|       pointer|
|new_p_169_ap_vld       |  out|    1|      ap_vld|                                 new_p_169|       pointer|
|new_p_168              |  out|   64|      ap_vld|                                 new_p_168|       pointer|
|new_p_168_ap_vld       |  out|    1|      ap_vld|                                 new_p_168|       pointer|
|new_p_167              |  out|   64|      ap_vld|                                 new_p_167|       pointer|
|new_p_167_ap_vld       |  out|    1|      ap_vld|                                 new_p_167|       pointer|
|new_p_166              |  out|   64|      ap_vld|                                 new_p_166|       pointer|
|new_p_166_ap_vld       |  out|    1|      ap_vld|                                 new_p_166|       pointer|
|new_p_165              |  out|   64|      ap_vld|                                 new_p_165|       pointer|
|new_p_165_ap_vld       |  out|    1|      ap_vld|                                 new_p_165|       pointer|
|new_p_164              |  out|   64|      ap_vld|                                 new_p_164|       pointer|
|new_p_164_ap_vld       |  out|    1|      ap_vld|                                 new_p_164|       pointer|
|new_p_163              |  out|   64|      ap_vld|                                 new_p_163|       pointer|
|new_p_163_ap_vld       |  out|    1|      ap_vld|                                 new_p_163|       pointer|
|new_p_162              |  out|   64|      ap_vld|                                 new_p_162|       pointer|
|new_p_162_ap_vld       |  out|    1|      ap_vld|                                 new_p_162|       pointer|
|new_p_161              |  out|   64|      ap_vld|                                 new_p_161|       pointer|
|new_p_161_ap_vld       |  out|    1|      ap_vld|                                 new_p_161|       pointer|
|new_p_160              |  out|   64|      ap_vld|                                 new_p_160|       pointer|
|new_p_160_ap_vld       |  out|    1|      ap_vld|                                 new_p_160|       pointer|
|new_p_159              |  out|   64|      ap_vld|                                 new_p_159|       pointer|
|new_p_159_ap_vld       |  out|    1|      ap_vld|                                 new_p_159|       pointer|
|new_p_158              |  out|   64|      ap_vld|                                 new_p_158|       pointer|
|new_p_158_ap_vld       |  out|    1|      ap_vld|                                 new_p_158|       pointer|
|new_p_157              |  out|   64|      ap_vld|                                 new_p_157|       pointer|
|new_p_157_ap_vld       |  out|    1|      ap_vld|                                 new_p_157|       pointer|
|new_p_156              |  out|   64|      ap_vld|                                 new_p_156|       pointer|
|new_p_156_ap_vld       |  out|    1|      ap_vld|                                 new_p_156|       pointer|
|new_p_155              |  out|   64|      ap_vld|                                 new_p_155|       pointer|
|new_p_155_ap_vld       |  out|    1|      ap_vld|                                 new_p_155|       pointer|
|new_p_154              |  out|   64|      ap_vld|                                 new_p_154|       pointer|
|new_p_154_ap_vld       |  out|    1|      ap_vld|                                 new_p_154|       pointer|
|new_p_153              |  out|   64|      ap_vld|                                 new_p_153|       pointer|
|new_p_153_ap_vld       |  out|    1|      ap_vld|                                 new_p_153|       pointer|
|new_p_152              |  out|   64|      ap_vld|                                 new_p_152|       pointer|
|new_p_152_ap_vld       |  out|    1|      ap_vld|                                 new_p_152|       pointer|
|new_p_151              |  out|   64|      ap_vld|                                 new_p_151|       pointer|
|new_p_151_ap_vld       |  out|    1|      ap_vld|                                 new_p_151|       pointer|
|new_p_150              |  out|   64|      ap_vld|                                 new_p_150|       pointer|
|new_p_150_ap_vld       |  out|    1|      ap_vld|                                 new_p_150|       pointer|
|new_p_149              |  out|   64|      ap_vld|                                 new_p_149|       pointer|
|new_p_149_ap_vld       |  out|    1|      ap_vld|                                 new_p_149|       pointer|
|new_p_148              |  out|   64|      ap_vld|                                 new_p_148|       pointer|
|new_p_148_ap_vld       |  out|    1|      ap_vld|                                 new_p_148|       pointer|
|new_p_147              |  out|   64|      ap_vld|                                 new_p_147|       pointer|
|new_p_147_ap_vld       |  out|    1|      ap_vld|                                 new_p_147|       pointer|
|new_p_146              |  out|   64|      ap_vld|                                 new_p_146|       pointer|
|new_p_146_ap_vld       |  out|    1|      ap_vld|                                 new_p_146|       pointer|
|new_p_145              |  out|   64|      ap_vld|                                 new_p_145|       pointer|
|new_p_145_ap_vld       |  out|    1|      ap_vld|                                 new_p_145|       pointer|
|new_p_144              |  out|   64|      ap_vld|                                 new_p_144|       pointer|
|new_p_144_ap_vld       |  out|    1|      ap_vld|                                 new_p_144|       pointer|
|new_p_143              |  out|   64|      ap_vld|                                 new_p_143|       pointer|
|new_p_143_ap_vld       |  out|    1|      ap_vld|                                 new_p_143|       pointer|
|new_p_142              |  out|   64|      ap_vld|                                 new_p_142|       pointer|
|new_p_142_ap_vld       |  out|    1|      ap_vld|                                 new_p_142|       pointer|
|new_p_141              |  out|   64|      ap_vld|                                 new_p_141|       pointer|
|new_p_141_ap_vld       |  out|    1|      ap_vld|                                 new_p_141|       pointer|
|new_p_140              |  out|   64|      ap_vld|                                 new_p_140|       pointer|
|new_p_140_ap_vld       |  out|    1|      ap_vld|                                 new_p_140|       pointer|
|new_p_139              |  out|   64|      ap_vld|                                 new_p_139|       pointer|
|new_p_139_ap_vld       |  out|    1|      ap_vld|                                 new_p_139|       pointer|
|new_p_138              |  out|   64|      ap_vld|                                 new_p_138|       pointer|
|new_p_138_ap_vld       |  out|    1|      ap_vld|                                 new_p_138|       pointer|
|new_p_137              |  out|   64|      ap_vld|                                 new_p_137|       pointer|
|new_p_137_ap_vld       |  out|    1|      ap_vld|                                 new_p_137|       pointer|
|new_p_136              |  out|   64|      ap_vld|                                 new_p_136|       pointer|
|new_p_136_ap_vld       |  out|    1|      ap_vld|                                 new_p_136|       pointer|
|new_p_135              |  out|   64|      ap_vld|                                 new_p_135|       pointer|
|new_p_135_ap_vld       |  out|    1|      ap_vld|                                 new_p_135|       pointer|
|new_p_134              |  out|   64|      ap_vld|                                 new_p_134|       pointer|
|new_p_134_ap_vld       |  out|    1|      ap_vld|                                 new_p_134|       pointer|
|new_p_133              |  out|   64|      ap_vld|                                 new_p_133|       pointer|
|new_p_133_ap_vld       |  out|    1|      ap_vld|                                 new_p_133|       pointer|
|new_p_132              |  out|   64|      ap_vld|                                 new_p_132|       pointer|
|new_p_132_ap_vld       |  out|    1|      ap_vld|                                 new_p_132|       pointer|
|new_p_131              |  out|   64|      ap_vld|                                 new_p_131|       pointer|
|new_p_131_ap_vld       |  out|    1|      ap_vld|                                 new_p_131|       pointer|
|new_p_130              |  out|   64|      ap_vld|                                 new_p_130|       pointer|
|new_p_130_ap_vld       |  out|    1|      ap_vld|                                 new_p_130|       pointer|
|new_p_129              |  out|   64|      ap_vld|                                 new_p_129|       pointer|
|new_p_129_ap_vld       |  out|    1|      ap_vld|                                 new_p_129|       pointer|
|new_p_128              |  out|   64|      ap_vld|                                 new_p_128|       pointer|
|new_p_128_ap_vld       |  out|    1|      ap_vld|                                 new_p_128|       pointer|
|new_p_127              |  out|   64|      ap_vld|                                 new_p_127|       pointer|
|new_p_127_ap_vld       |  out|    1|      ap_vld|                                 new_p_127|       pointer|
|new_p_126              |  out|   64|      ap_vld|                                 new_p_126|       pointer|
|new_p_126_ap_vld       |  out|    1|      ap_vld|                                 new_p_126|       pointer|
|new_p_125              |  out|   64|      ap_vld|                                 new_p_125|       pointer|
|new_p_125_ap_vld       |  out|    1|      ap_vld|                                 new_p_125|       pointer|
|new_p_124              |  out|   64|      ap_vld|                                 new_p_124|       pointer|
|new_p_124_ap_vld       |  out|    1|      ap_vld|                                 new_p_124|       pointer|
|new_p_123              |  out|   64|      ap_vld|                                 new_p_123|       pointer|
|new_p_123_ap_vld       |  out|    1|      ap_vld|                                 new_p_123|       pointer|
|new_p_122              |  out|   64|      ap_vld|                                 new_p_122|       pointer|
|new_p_122_ap_vld       |  out|    1|      ap_vld|                                 new_p_122|       pointer|
|new_p_121              |  out|   64|      ap_vld|                                 new_p_121|       pointer|
|new_p_121_ap_vld       |  out|    1|      ap_vld|                                 new_p_121|       pointer|
|new_p_120              |  out|   64|      ap_vld|                                 new_p_120|       pointer|
|new_p_120_ap_vld       |  out|    1|      ap_vld|                                 new_p_120|       pointer|
|new_p_119              |  out|   64|      ap_vld|                                 new_p_119|       pointer|
|new_p_119_ap_vld       |  out|    1|      ap_vld|                                 new_p_119|       pointer|
|new_p_118              |  out|   64|      ap_vld|                                 new_p_118|       pointer|
|new_p_118_ap_vld       |  out|    1|      ap_vld|                                 new_p_118|       pointer|
|new_p_117              |  out|   64|      ap_vld|                                 new_p_117|       pointer|
|new_p_117_ap_vld       |  out|    1|      ap_vld|                                 new_p_117|       pointer|
|new_p_116              |  out|   64|      ap_vld|                                 new_p_116|       pointer|
|new_p_116_ap_vld       |  out|    1|      ap_vld|                                 new_p_116|       pointer|
|new_p_115              |  out|   64|      ap_vld|                                 new_p_115|       pointer|
|new_p_115_ap_vld       |  out|    1|      ap_vld|                                 new_p_115|       pointer|
|new_p_114              |  out|   64|      ap_vld|                                 new_p_114|       pointer|
|new_p_114_ap_vld       |  out|    1|      ap_vld|                                 new_p_114|       pointer|
|new_p_113              |  out|   64|      ap_vld|                                 new_p_113|       pointer|
|new_p_113_ap_vld       |  out|    1|      ap_vld|                                 new_p_113|       pointer|
|new_p_112              |  out|   64|      ap_vld|                                 new_p_112|       pointer|
|new_p_112_ap_vld       |  out|    1|      ap_vld|                                 new_p_112|       pointer|
|new_p_111              |  out|   64|      ap_vld|                                 new_p_111|       pointer|
|new_p_111_ap_vld       |  out|    1|      ap_vld|                                 new_p_111|       pointer|
|new_p_110              |  out|   64|      ap_vld|                                 new_p_110|       pointer|
|new_p_110_ap_vld       |  out|    1|      ap_vld|                                 new_p_110|       pointer|
|new_p_109              |  out|   64|      ap_vld|                                 new_p_109|       pointer|
|new_p_109_ap_vld       |  out|    1|      ap_vld|                                 new_p_109|       pointer|
|new_p_108              |  out|   64|      ap_vld|                                 new_p_108|       pointer|
|new_p_108_ap_vld       |  out|    1|      ap_vld|                                 new_p_108|       pointer|
|new_p_107              |  out|   64|      ap_vld|                                 new_p_107|       pointer|
|new_p_107_ap_vld       |  out|    1|      ap_vld|                                 new_p_107|       pointer|
|new_p_106              |  out|   64|      ap_vld|                                 new_p_106|       pointer|
|new_p_106_ap_vld       |  out|    1|      ap_vld|                                 new_p_106|       pointer|
|new_p_105              |  out|   64|      ap_vld|                                 new_p_105|       pointer|
|new_p_105_ap_vld       |  out|    1|      ap_vld|                                 new_p_105|       pointer|
|new_p_104              |  out|   64|      ap_vld|                                 new_p_104|       pointer|
|new_p_104_ap_vld       |  out|    1|      ap_vld|                                 new_p_104|       pointer|
|new_p_103              |  out|   64|      ap_vld|                                 new_p_103|       pointer|
|new_p_103_ap_vld       |  out|    1|      ap_vld|                                 new_p_103|       pointer|
|new_p_102              |  out|   64|      ap_vld|                                 new_p_102|       pointer|
|new_p_102_ap_vld       |  out|    1|      ap_vld|                                 new_p_102|       pointer|
|new_p_101              |  out|   64|      ap_vld|                                 new_p_101|       pointer|
|new_p_101_ap_vld       |  out|    1|      ap_vld|                                 new_p_101|       pointer|
|new_p_100              |  out|   64|      ap_vld|                                 new_p_100|       pointer|
|new_p_100_ap_vld       |  out|    1|      ap_vld|                                 new_p_100|       pointer|
|new_p_99               |  out|   64|      ap_vld|                                  new_p_99|       pointer|
|new_p_99_ap_vld        |  out|    1|      ap_vld|                                  new_p_99|       pointer|
|new_p_98               |  out|   64|      ap_vld|                                  new_p_98|       pointer|
|new_p_98_ap_vld        |  out|    1|      ap_vld|                                  new_p_98|       pointer|
|new_p_97               |  out|   64|      ap_vld|                                  new_p_97|       pointer|
|new_p_97_ap_vld        |  out|    1|      ap_vld|                                  new_p_97|       pointer|
|new_p_96               |  out|   64|      ap_vld|                                  new_p_96|       pointer|
|new_p_96_ap_vld        |  out|    1|      ap_vld|                                  new_p_96|       pointer|
|new_p_95               |  out|   64|      ap_vld|                                  new_p_95|       pointer|
|new_p_95_ap_vld        |  out|    1|      ap_vld|                                  new_p_95|       pointer|
|new_p_94               |  out|   64|      ap_vld|                                  new_p_94|       pointer|
|new_p_94_ap_vld        |  out|    1|      ap_vld|                                  new_p_94|       pointer|
|new_p_93               |  out|   64|      ap_vld|                                  new_p_93|       pointer|
|new_p_93_ap_vld        |  out|    1|      ap_vld|                                  new_p_93|       pointer|
|new_p_92               |  out|   64|      ap_vld|                                  new_p_92|       pointer|
|new_p_92_ap_vld        |  out|    1|      ap_vld|                                  new_p_92|       pointer|
|new_p_91               |  out|   64|      ap_vld|                                  new_p_91|       pointer|
|new_p_91_ap_vld        |  out|    1|      ap_vld|                                  new_p_91|       pointer|
|new_p_90               |  out|   64|      ap_vld|                                  new_p_90|       pointer|
|new_p_90_ap_vld        |  out|    1|      ap_vld|                                  new_p_90|       pointer|
|new_p_89               |  out|   64|      ap_vld|                                  new_p_89|       pointer|
|new_p_89_ap_vld        |  out|    1|      ap_vld|                                  new_p_89|       pointer|
|new_p_88               |  out|   64|      ap_vld|                                  new_p_88|       pointer|
|new_p_88_ap_vld        |  out|    1|      ap_vld|                                  new_p_88|       pointer|
|new_p_87               |  out|   64|      ap_vld|                                  new_p_87|       pointer|
|new_p_87_ap_vld        |  out|    1|      ap_vld|                                  new_p_87|       pointer|
|new_p_86               |  out|   64|      ap_vld|                                  new_p_86|       pointer|
|new_p_86_ap_vld        |  out|    1|      ap_vld|                                  new_p_86|       pointer|
|new_p_85               |  out|   64|      ap_vld|                                  new_p_85|       pointer|
|new_p_85_ap_vld        |  out|    1|      ap_vld|                                  new_p_85|       pointer|
|new_p_84               |  out|   64|      ap_vld|                                  new_p_84|       pointer|
|new_p_84_ap_vld        |  out|    1|      ap_vld|                                  new_p_84|       pointer|
|new_p_83               |  out|   64|      ap_vld|                                  new_p_83|       pointer|
|new_p_83_ap_vld        |  out|    1|      ap_vld|                                  new_p_83|       pointer|
|new_p_82               |  out|   64|      ap_vld|                                  new_p_82|       pointer|
|new_p_82_ap_vld        |  out|    1|      ap_vld|                                  new_p_82|       pointer|
|new_p_81               |  out|   64|      ap_vld|                                  new_p_81|       pointer|
|new_p_81_ap_vld        |  out|    1|      ap_vld|                                  new_p_81|       pointer|
|new_p_80               |  out|   64|      ap_vld|                                  new_p_80|       pointer|
|new_p_80_ap_vld        |  out|    1|      ap_vld|                                  new_p_80|       pointer|
|new_p_79               |  out|   64|      ap_vld|                                  new_p_79|       pointer|
|new_p_79_ap_vld        |  out|    1|      ap_vld|                                  new_p_79|       pointer|
|new_p_78               |  out|   64|      ap_vld|                                  new_p_78|       pointer|
|new_p_78_ap_vld        |  out|    1|      ap_vld|                                  new_p_78|       pointer|
|new_p_77               |  out|   64|      ap_vld|                                  new_p_77|       pointer|
|new_p_77_ap_vld        |  out|    1|      ap_vld|                                  new_p_77|       pointer|
|new_p_76               |  out|   64|      ap_vld|                                  new_p_76|       pointer|
|new_p_76_ap_vld        |  out|    1|      ap_vld|                                  new_p_76|       pointer|
|new_p_75               |  out|   64|      ap_vld|                                  new_p_75|       pointer|
|new_p_75_ap_vld        |  out|    1|      ap_vld|                                  new_p_75|       pointer|
|new_p_74               |  out|   64|      ap_vld|                                  new_p_74|       pointer|
|new_p_74_ap_vld        |  out|    1|      ap_vld|                                  new_p_74|       pointer|
|new_p_73               |  out|   64|      ap_vld|                                  new_p_73|       pointer|
|new_p_73_ap_vld        |  out|    1|      ap_vld|                                  new_p_73|       pointer|
|new_p_72               |  out|   64|      ap_vld|                                  new_p_72|       pointer|
|new_p_72_ap_vld        |  out|    1|      ap_vld|                                  new_p_72|       pointer|
|new_p_71               |  out|   64|      ap_vld|                                  new_p_71|       pointer|
|new_p_71_ap_vld        |  out|    1|      ap_vld|                                  new_p_71|       pointer|
|new_p_70               |  out|   64|      ap_vld|                                  new_p_70|       pointer|
|new_p_70_ap_vld        |  out|    1|      ap_vld|                                  new_p_70|       pointer|
|new_p_69               |  out|   64|      ap_vld|                                  new_p_69|       pointer|
|new_p_69_ap_vld        |  out|    1|      ap_vld|                                  new_p_69|       pointer|
|new_p_68               |  out|   64|      ap_vld|                                  new_p_68|       pointer|
|new_p_68_ap_vld        |  out|    1|      ap_vld|                                  new_p_68|       pointer|
|new_p_67               |  out|   64|      ap_vld|                                  new_p_67|       pointer|
|new_p_67_ap_vld        |  out|    1|      ap_vld|                                  new_p_67|       pointer|
|new_p_66               |  out|   64|      ap_vld|                                  new_p_66|       pointer|
|new_p_66_ap_vld        |  out|    1|      ap_vld|                                  new_p_66|       pointer|
|new_p_65               |  out|   64|      ap_vld|                                  new_p_65|       pointer|
|new_p_65_ap_vld        |  out|    1|      ap_vld|                                  new_p_65|       pointer|
|new_p_64               |  out|   64|      ap_vld|                                  new_p_64|       pointer|
|new_p_64_ap_vld        |  out|    1|      ap_vld|                                  new_p_64|       pointer|
|new_p_63               |  out|   64|      ap_vld|                                  new_p_63|       pointer|
|new_p_63_ap_vld        |  out|    1|      ap_vld|                                  new_p_63|       pointer|
|new_p_62               |  out|   64|      ap_vld|                                  new_p_62|       pointer|
|new_p_62_ap_vld        |  out|    1|      ap_vld|                                  new_p_62|       pointer|
|new_p_61               |  out|   64|      ap_vld|                                  new_p_61|       pointer|
|new_p_61_ap_vld        |  out|    1|      ap_vld|                                  new_p_61|       pointer|
|new_p_60               |  out|   64|      ap_vld|                                  new_p_60|       pointer|
|new_p_60_ap_vld        |  out|    1|      ap_vld|                                  new_p_60|       pointer|
|new_p_59               |  out|   64|      ap_vld|                                  new_p_59|       pointer|
|new_p_59_ap_vld        |  out|    1|      ap_vld|                                  new_p_59|       pointer|
|new_p_58               |  out|   64|      ap_vld|                                  new_p_58|       pointer|
|new_p_58_ap_vld        |  out|    1|      ap_vld|                                  new_p_58|       pointer|
|new_p_57               |  out|   64|      ap_vld|                                  new_p_57|       pointer|
|new_p_57_ap_vld        |  out|    1|      ap_vld|                                  new_p_57|       pointer|
|new_p_56               |  out|   64|      ap_vld|                                  new_p_56|       pointer|
|new_p_56_ap_vld        |  out|    1|      ap_vld|                                  new_p_56|       pointer|
|new_p_55               |  out|   64|      ap_vld|                                  new_p_55|       pointer|
|new_p_55_ap_vld        |  out|    1|      ap_vld|                                  new_p_55|       pointer|
|new_p_54               |  out|   64|      ap_vld|                                  new_p_54|       pointer|
|new_p_54_ap_vld        |  out|    1|      ap_vld|                                  new_p_54|       pointer|
|new_p_53               |  out|   64|      ap_vld|                                  new_p_53|       pointer|
|new_p_53_ap_vld        |  out|    1|      ap_vld|                                  new_p_53|       pointer|
|new_p_52               |  out|   64|      ap_vld|                                  new_p_52|       pointer|
|new_p_52_ap_vld        |  out|    1|      ap_vld|                                  new_p_52|       pointer|
|new_p_51               |  out|   64|      ap_vld|                                  new_p_51|       pointer|
|new_p_51_ap_vld        |  out|    1|      ap_vld|                                  new_p_51|       pointer|
|new_p_50               |  out|   64|      ap_vld|                                  new_p_50|       pointer|
|new_p_50_ap_vld        |  out|    1|      ap_vld|                                  new_p_50|       pointer|
|new_p_49               |  out|   64|      ap_vld|                                  new_p_49|       pointer|
|new_p_49_ap_vld        |  out|    1|      ap_vld|                                  new_p_49|       pointer|
|new_p_48               |  out|   64|      ap_vld|                                  new_p_48|       pointer|
|new_p_48_ap_vld        |  out|    1|      ap_vld|                                  new_p_48|       pointer|
|new_p_47               |  out|   64|      ap_vld|                                  new_p_47|       pointer|
|new_p_47_ap_vld        |  out|    1|      ap_vld|                                  new_p_47|       pointer|
|new_p_46               |  out|   64|      ap_vld|                                  new_p_46|       pointer|
|new_p_46_ap_vld        |  out|    1|      ap_vld|                                  new_p_46|       pointer|
|new_p_45               |  out|   64|      ap_vld|                                  new_p_45|       pointer|
|new_p_45_ap_vld        |  out|    1|      ap_vld|                                  new_p_45|       pointer|
|new_p_44               |  out|   64|      ap_vld|                                  new_p_44|       pointer|
|new_p_44_ap_vld        |  out|    1|      ap_vld|                                  new_p_44|       pointer|
|new_p_43               |  out|   64|      ap_vld|                                  new_p_43|       pointer|
|new_p_43_ap_vld        |  out|    1|      ap_vld|                                  new_p_43|       pointer|
|new_p_42               |  out|   64|      ap_vld|                                  new_p_42|       pointer|
|new_p_42_ap_vld        |  out|    1|      ap_vld|                                  new_p_42|       pointer|
|new_p_41               |  out|   64|      ap_vld|                                  new_p_41|       pointer|
|new_p_41_ap_vld        |  out|    1|      ap_vld|                                  new_p_41|       pointer|
|new_p_40               |  out|   64|      ap_vld|                                  new_p_40|       pointer|
|new_p_40_ap_vld        |  out|    1|      ap_vld|                                  new_p_40|       pointer|
|new_p_39               |  out|   64|      ap_vld|                                  new_p_39|       pointer|
|new_p_39_ap_vld        |  out|    1|      ap_vld|                                  new_p_39|       pointer|
|new_p_38               |  out|   64|      ap_vld|                                  new_p_38|       pointer|
|new_p_38_ap_vld        |  out|    1|      ap_vld|                                  new_p_38|       pointer|
|new_p_37               |  out|   64|      ap_vld|                                  new_p_37|       pointer|
|new_p_37_ap_vld        |  out|    1|      ap_vld|                                  new_p_37|       pointer|
|new_p_36               |  out|   64|      ap_vld|                                  new_p_36|       pointer|
|new_p_36_ap_vld        |  out|    1|      ap_vld|                                  new_p_36|       pointer|
|new_p_35               |  out|   64|      ap_vld|                                  new_p_35|       pointer|
|new_p_35_ap_vld        |  out|    1|      ap_vld|                                  new_p_35|       pointer|
|new_p_34               |  out|   64|      ap_vld|                                  new_p_34|       pointer|
|new_p_34_ap_vld        |  out|    1|      ap_vld|                                  new_p_34|       pointer|
|new_p_33               |  out|   64|      ap_vld|                                  new_p_33|       pointer|
|new_p_33_ap_vld        |  out|    1|      ap_vld|                                  new_p_33|       pointer|
|new_p_32               |  out|   64|      ap_vld|                                  new_p_32|       pointer|
|new_p_32_ap_vld        |  out|    1|      ap_vld|                                  new_p_32|       pointer|
|new_p_31               |  out|   64|      ap_vld|                                  new_p_31|       pointer|
|new_p_31_ap_vld        |  out|    1|      ap_vld|                                  new_p_31|       pointer|
|new_p_30               |  out|   64|      ap_vld|                                  new_p_30|       pointer|
|new_p_30_ap_vld        |  out|    1|      ap_vld|                                  new_p_30|       pointer|
|new_p_29               |  out|   64|      ap_vld|                                  new_p_29|       pointer|
|new_p_29_ap_vld        |  out|    1|      ap_vld|                                  new_p_29|       pointer|
|new_p_28               |  out|   64|      ap_vld|                                  new_p_28|       pointer|
|new_p_28_ap_vld        |  out|    1|      ap_vld|                                  new_p_28|       pointer|
|new_p_27               |  out|   64|      ap_vld|                                  new_p_27|       pointer|
|new_p_27_ap_vld        |  out|    1|      ap_vld|                                  new_p_27|       pointer|
|new_p_26               |  out|   64|      ap_vld|                                  new_p_26|       pointer|
|new_p_26_ap_vld        |  out|    1|      ap_vld|                                  new_p_26|       pointer|
|new_p_25               |  out|   64|      ap_vld|                                  new_p_25|       pointer|
|new_p_25_ap_vld        |  out|    1|      ap_vld|                                  new_p_25|       pointer|
|new_p_24               |  out|   64|      ap_vld|                                  new_p_24|       pointer|
|new_p_24_ap_vld        |  out|    1|      ap_vld|                                  new_p_24|       pointer|
|new_p_23               |  out|   64|      ap_vld|                                  new_p_23|       pointer|
|new_p_23_ap_vld        |  out|    1|      ap_vld|                                  new_p_23|       pointer|
|new_p_22               |  out|   64|      ap_vld|                                  new_p_22|       pointer|
|new_p_22_ap_vld        |  out|    1|      ap_vld|                                  new_p_22|       pointer|
|new_p_21               |  out|   64|      ap_vld|                                  new_p_21|       pointer|
|new_p_21_ap_vld        |  out|    1|      ap_vld|                                  new_p_21|       pointer|
|new_p_20               |  out|   64|      ap_vld|                                  new_p_20|       pointer|
|new_p_20_ap_vld        |  out|    1|      ap_vld|                                  new_p_20|       pointer|
|new_p_19               |  out|   64|      ap_vld|                                  new_p_19|       pointer|
|new_p_19_ap_vld        |  out|    1|      ap_vld|                                  new_p_19|       pointer|
|new_p_18               |  out|   64|      ap_vld|                                  new_p_18|       pointer|
|new_p_18_ap_vld        |  out|    1|      ap_vld|                                  new_p_18|       pointer|
|new_p_17               |  out|   64|      ap_vld|                                  new_p_17|       pointer|
|new_p_17_ap_vld        |  out|    1|      ap_vld|                                  new_p_17|       pointer|
|new_p_16               |  out|   64|      ap_vld|                                  new_p_16|       pointer|
|new_p_16_ap_vld        |  out|    1|      ap_vld|                                  new_p_16|       pointer|
|new_p_15               |  out|   64|      ap_vld|                                  new_p_15|       pointer|
|new_p_15_ap_vld        |  out|    1|      ap_vld|                                  new_p_15|       pointer|
|new_p_14               |  out|   64|      ap_vld|                                  new_p_14|       pointer|
|new_p_14_ap_vld        |  out|    1|      ap_vld|                                  new_p_14|       pointer|
|new_p_13               |  out|   64|      ap_vld|                                  new_p_13|       pointer|
|new_p_13_ap_vld        |  out|    1|      ap_vld|                                  new_p_13|       pointer|
|new_p_12               |  out|   64|      ap_vld|                                  new_p_12|       pointer|
|new_p_12_ap_vld        |  out|    1|      ap_vld|                                  new_p_12|       pointer|
|new_p_11               |  out|   64|      ap_vld|                                  new_p_11|       pointer|
|new_p_11_ap_vld        |  out|    1|      ap_vld|                                  new_p_11|       pointer|
|new_p_10               |  out|   64|      ap_vld|                                  new_p_10|       pointer|
|new_p_10_ap_vld        |  out|    1|      ap_vld|                                  new_p_10|       pointer|
|new_p_9                |  out|   64|      ap_vld|                                   new_p_9|       pointer|
|new_p_9_ap_vld         |  out|    1|      ap_vld|                                   new_p_9|       pointer|
|new_p_8                |  out|   64|      ap_vld|                                   new_p_8|       pointer|
|new_p_8_ap_vld         |  out|    1|      ap_vld|                                   new_p_8|       pointer|
|new_p_7                |  out|   64|      ap_vld|                                   new_p_7|       pointer|
|new_p_7_ap_vld         |  out|    1|      ap_vld|                                   new_p_7|       pointer|
|new_p_6                |  out|   64|      ap_vld|                                   new_p_6|       pointer|
|new_p_6_ap_vld         |  out|    1|      ap_vld|                                   new_p_6|       pointer|
|new_p_5                |  out|   64|      ap_vld|                                   new_p_5|       pointer|
|new_p_5_ap_vld         |  out|    1|      ap_vld|                                   new_p_5|       pointer|
|new_p_4                |  out|   64|      ap_vld|                                   new_p_4|       pointer|
|new_p_4_ap_vld         |  out|    1|      ap_vld|                                   new_p_4|       pointer|
|new_p_3                |  out|   64|      ap_vld|                                   new_p_3|       pointer|
|new_p_3_ap_vld         |  out|    1|      ap_vld|                                   new_p_3|       pointer|
|new_p_2                |  out|   64|      ap_vld|                                   new_p_2|       pointer|
|new_p_2_ap_vld         |  out|    1|      ap_vld|                                   new_p_2|       pointer|
|new_p_1                |  out|   64|      ap_vld|                                   new_p_1|       pointer|
|new_p_1_ap_vld         |  out|    1|      ap_vld|                                   new_p_1|       pointer|
|new_p_0                |  out|   64|      ap_vld|                                   new_p_0|       pointer|
|new_p_0_ap_vld         |  out|    1|      ap_vld|                                   new_p_0|       pointer|
|p_address0             |  out|    8|   ap_memory|                                         p|         array|
|p_ce0                  |  out|    1|   ap_memory|                                         p|         array|
|p_q0                   |   in|   64|   ap_memory|                                         p|         array|
|p_address1             |  out|    8|   ap_memory|                                         p|         array|
|p_ce1                  |  out|    1|   ap_memory|                                         p|         array|
|p_q1                   |   in|   64|   ap_memory|                                         p|         array|
|newcnt_out             |  out|    8|      ap_vld|                                newcnt_out|       pointer|
|newcnt_out_ap_vld      |  out|    1|      ap_vld|                                newcnt_out|       pointer|
|newcnt_1_out           |  out|    8|      ap_vld|                              newcnt_1_out|       pointer|
|newcnt_1_out_ap_vld    |  out|    1|      ap_vld|                              newcnt_1_out|       pointer|
+-----------------------+-----+-----+------------+------------------------------------------+--------------+

