

================================================================
== Vitis HLS Report for 'ContourApproximation_Pipeline_CHECK_DIFFER_LOOP'
================================================================
* Date:           Thu Dec  5 15:29:02 2024

* Version:        2023.1 (Build 3854077 on May  4 2023)
* Project:        contour_approximation
* Solution:       solution1 (Vivado IP Flow Target)
* Product family: zynq
* Target device:  xc7z020-clg484-1


================================================================
== Performance Estimates
================================================================
+ Timing: 
    * Summary: 
    +--------+----------+----------+------------+
    |  Clock |  Target  | Estimated| Uncertainty|
    +--------+----------+----------+------------+
    |ap_clk  |  10.00 ns|  9.780 ns|        0 ns|
    +--------+----------+----------+------------+

+ Latency: 
    * Summary: 
    +---------+---------+-----------+----------+-----+-----+---------+
    |  Latency (cycles) |  Latency (absolute)  |  Interval | Pipeline|
    |   min   |   max   |    min    |    max   | min | max |   Type  |
    +---------+---------+-----------+----------+-----+-----+---------+
    |        4|      255|  40.000 ns|  2.550 us|    4|  255|       no|
    +---------+---------+-----------+----------+-----+-----+---------+

    + Detail: 
        * Instance: 
        N/A

        * Loop: 
        +---------------------+---------+---------+----------+-----------+-----------+---------+----------+
        |                     |  Latency (cycles) | Iteration|  Initiation Interval  |   Trip  |          |
        |      Loop Name      |   min   |   max   |  Latency |  achieved |   target  |  Count  | Pipelined|
        +---------------------+---------+---------+----------+-----------+-----------+---------+----------+
        |- CHECK_DIFFER_LOOP  |        2|      252|         3|          1|          1|  0 ~ 250|       yes|
        +---------------------+---------+---------+----------+-----------+-----------+---------+----------+



================================================================
== Utilization Estimates
================================================================
* Summary: 
+-----------------+---------+-----+--------+-------+-----+
|       Name      | BRAM_18K| DSP |   FF   |  LUT  | URAM|
+-----------------+---------+-----+--------+-------+-----+
|DSP              |        -|    -|       -|      -|    -|
|Expression       |        -|    -|       0|    358|    -|
|FIFO             |        -|    -|       -|      -|    -|
|Instance         |        -|    -|       -|      -|    -|
|Memory           |        -|    -|       -|      -|    -|
|Multiplexer      |        -|    -|       -|     84|    -|
|Register         |        -|    -|     134|      -|    -|
+-----------------+---------+-----+--------+-------+-----+
|Total            |        0|    0|     134|    442|    0|
+-----------------+---------+-----+--------+-------+-----+
|Available        |      280|  220|  106400|  53200|    0|
+-----------------+---------+-----+--------+-------+-----+
|Utilization (%)  |        0|    0|      ~0|     ~0|    0|
+-----------------+---------+-----+--------+-------+-----+

+ Detail: 
    * Instance: 
    N/A

    * DSP: 
    N/A

    * Memory: 
    N/A

    * FIFO: 
    N/A

    * Expression: 
    +------------------------------+----------+----+---+----+------------+------------+
    |         Variable Name        | Operation| DSP| FF| LUT| Bitwidth P0| Bitwidth P1|
    +------------------------------+----------+----+---+----+------------+------------+
    |add_ln160_fu_172_p2           |         +|   0|  0|  39|          32|           1|
    |add_ln161_fu_382_p2           |         +|   0|  0|  23|          16|           1|
    |and_ln145_1_fu_376_p2         |       and|   0|  0|   2|           1|           1|
    |and_ln145_2_fu_396_p2         |       and|   0|  0|   2|           1|           1|
    |and_ln145_3_fu_402_p2         |       and|   0|  0|   2|           1|           1|
    |and_ln145_4_fu_408_p2         |       and|   0|  0|   2|           1|           1|
    |and_ln145_fu_370_p2           |       and|   0|  0|   2|           1|           1|
    |ap_predicate_tran4to5_state2  |       and|   0|  0|   2|           1|           1|
    |icmp_ln145_1_fu_250_p2        |      icmp|   0|  0|  30|          23|           1|
    |icmp_ln145_2_fu_256_p2        |      icmp|   0|  0|  15|           8|           2|
    |icmp_ln145_3_fu_262_p2        |      icmp|   0|  0|  30|          23|           1|
    |icmp_ln145_4_fu_338_p2        |      icmp|   0|  0|  15|           8|           2|
    |icmp_ln145_5_fu_344_p2        |      icmp|   0|  0|  30|          23|           1|
    |icmp_ln145_6_fu_350_p2        |      icmp|   0|  0|  15|           8|           2|
    |icmp_ln145_7_fu_356_p2        |      icmp|   0|  0|  30|          23|           1|
    |icmp_ln145_fu_244_p2          |      icmp|   0|  0|  15|           8|           2|
    |icmp_ln158_fu_166_p2          |      icmp|   0|  0|  39|          32|           8|
    |icmp_ln163_fu_188_p2          |      icmp|   0|  0|  39|          32|          32|
    |or_ln145_1_fu_366_p2          |        or|   0|  0|   2|           1|           1|
    |or_ln145_2_fu_388_p2          |        or|   0|  0|   2|           1|           1|
    |or_ln145_3_fu_392_p2          |        or|   0|  0|   2|           1|           1|
    |or_ln145_fu_362_p2            |        or|   0|  0|   2|           1|           1|
    |nb_pts_reduce_1_fu_414_p3     |    select|   0|  0|  16|           1|          16|
    |ap_enable_pp0                 |       xor|   0|  0|   2|           1|           2|
    +------------------------------+----------+----+---+----+------------+------------+
    |Total                         |          |   0|  0| 358|         248|          82|
    +------------------------------+----------+----+---+----+------------+------------+

    * Multiplexer: 
    +----------------------------------------+----+-----------+-----+-----------+
    |                  Name                  | LUT| Input Size| Bits| Total Bits|
    +----------------------------------------+----+-----------+-----+-----------+
    |ap_NS_fsm                               |  25|          5|    1|          5|
    |ap_enable_reg_pp0_iter2                 |   9|          2|    1|          2|
    |ap_phi_mux_UnifiedRetVal_phi_fu_129_p4  |   9|          2|    1|          2|
    |ap_return                               |   9|          2|    1|          2|
    |i_fu_76                                 |   9|          2|   32|         64|
    |nb_pts_reduce_fu_72                     |   9|          2|   16|         32|
    |nb_pts_reduce_out                       |  14|          3|   16|         48|
    +----------------------------------------+----+-----------+-----+-----------+
    |Total                                   |  84|         18|   68|        155|
    +----------------------------------------+----+-----------+-----+-----------+

    * Register: 
    +----------------------------------+----+----+-----+-----------+
    |               Name               | FF | LUT| Bits| Const Bits|
    +----------------------------------+----+----+-----+-----------+
    |UnifiedRetVal_reg_125             |   1|   0|    1|          0|
    |ap_CS_fsm                         |   4|   0|    4|          0|
    |ap_enable_reg_pp0_iter0           |   1|   0|    1|          0|
    |ap_enable_reg_pp0_iter1           |   1|   0|    1|          0|
    |ap_enable_reg_pp0_iter2           |   1|   0|    1|          0|
    |ap_exit_tran_regpp0               |   1|   0|    2|          1|
    |ap_return_preg                    |   1|   0|    1|          0|
    |i_fu_76                           |  32|   0|   32|          0|
    |icmp_ln145_1_reg_479              |   1|   0|    1|          0|
    |icmp_ln145_2_reg_484              |   1|   0|    1|          0|
    |icmp_ln145_3_reg_489              |   1|   0|    1|          0|
    |icmp_ln145_4_reg_504              |   1|   0|    1|          0|
    |icmp_ln145_5_reg_509              |   1|   0|    1|          0|
    |icmp_ln145_6_reg_514              |   1|   0|    1|          0|
    |icmp_ln145_7_reg_519              |   1|   0|    1|          0|
    |icmp_ln145_reg_474                |   1|   0|    1|          0|
    |icmp_ln158_reg_446                |   1|   0|    1|          0|
    |icmp_ln158_reg_446_pp0_iter1_reg  |   1|   0|    1|          0|
    |icmp_ln163_reg_460                |   1|   0|    1|          0|
    |icmp_ln163_reg_460_pp0_iter1_reg  |   1|   0|    1|          0|
    |nb_pts_reduce_1_reg_529           |  16|   0|   16|          0|
    |nb_pts_reduce_fu_72               |  16|   0|   16|          0|
    |nb_pts_reduce_load_reg_524        |  16|   0|   16|          0|
    |sext_ln75_cast_reg_441            |  32|   0|   32|          0|
    +----------------------------------+----+----+-----+-----------+
    |Total                             | 134|   0|  135|          1|
    +----------------------------------+----+----+-----+-----------+



================================================================
== Interface
================================================================
* Summary: 
+----------------------------+-----+-----+------------+-------------------------------------------------+--------------+
|          RTL Ports         | Dir | Bits|  Protocol  |                  Source Object                  |    C Type    |
+----------------------------+-----+-----+------------+-------------------------------------------------+--------------+
|ap_clk                      |   in|    1|  ap_ctrl_hs|  ContourApproximation_Pipeline_CHECK_DIFFER_LOOP|  return value|
|ap_rst                      |   in|    1|  ap_ctrl_hs|  ContourApproximation_Pipeline_CHECK_DIFFER_LOOP|  return value|
|ap_start                    |   in|    1|  ap_ctrl_hs|  ContourApproximation_Pipeline_CHECK_DIFFER_LOOP|  return value|
|ap_done                     |  out|    1|  ap_ctrl_hs|  ContourApproximation_Pipeline_CHECK_DIFFER_LOOP|  return value|
|ap_idle                     |  out|    1|  ap_ctrl_hs|  ContourApproximation_Pipeline_CHECK_DIFFER_LOOP|  return value|
|ap_ready                    |  out|    1|  ap_ctrl_hs|  ContourApproximation_Pipeline_CHECK_DIFFER_LOOP|  return value|
|ap_return                   |  out|    1|  ap_ctrl_hs|  ContourApproximation_Pipeline_CHECK_DIFFER_LOOP|  return value|
|grp_fu_21023_p_din0         |  out|   32|  ap_ctrl_hs|  ContourApproximation_Pipeline_CHECK_DIFFER_LOOP|  return value|
|grp_fu_21023_p_din1         |  out|   32|  ap_ctrl_hs|  ContourApproximation_Pipeline_CHECK_DIFFER_LOOP|  return value|
|grp_fu_21023_p_opcode       |  out|    5|  ap_ctrl_hs|  ContourApproximation_Pipeline_CHECK_DIFFER_LOOP|  return value|
|grp_fu_21023_p_dout0        |   in|    1|  ap_ctrl_hs|  ContourApproximation_Pipeline_CHECK_DIFFER_LOOP|  return value|
|grp_fu_21023_p_ce           |  out|    1|  ap_ctrl_hs|  ContourApproximation_Pipeline_CHECK_DIFFER_LOOP|  return value|
|grp_fu_42943_p_din0         |  out|   32|  ap_ctrl_hs|  ContourApproximation_Pipeline_CHECK_DIFFER_LOOP|  return value|
|grp_fu_42943_p_din1         |  out|   32|  ap_ctrl_hs|  ContourApproximation_Pipeline_CHECK_DIFFER_LOOP|  return value|
|grp_fu_42943_p_opcode       |  out|    5|  ap_ctrl_hs|  ContourApproximation_Pipeline_CHECK_DIFFER_LOOP|  return value|
|grp_fu_42943_p_dout0        |   in|    1|  ap_ctrl_hs|  ContourApproximation_Pipeline_CHECK_DIFFER_LOOP|  return value|
|grp_fu_42943_p_ce           |  out|    1|  ap_ctrl_hs|  ContourApproximation_Pipeline_CHECK_DIFFER_LOOP|  return value|
|p_address0                  |  out|    8|   ap_memory|                                                p|         array|
|p_ce0                       |  out|    1|   ap_memory|                                                p|         array|
|p_q0                        |   in|   64|   ap_memory|                                                p|         array|
|p_address1                  |  out|    8|   ap_memory|                                                p|         array|
|p_ce1                       |  out|    1|   ap_memory|                                                p|         array|
|p_q1                        |   in|   64|   ap_memory|                                                p|         array|
|sext_ln75                   |   in|   17|     ap_none|                                        sext_ln75|        scalar|
|nb_pts_reduce_out           |  out|   16|      ap_vld|                                nb_pts_reduce_out|       pointer|
|nb_pts_reduce_out_ap_vld    |  out|    1|      ap_vld|                                nb_pts_reduce_out|       pointer|
|nb_pts_reduce_1_out         |  out|   16|      ap_vld|                              nb_pts_reduce_1_out|       pointer|
|nb_pts_reduce_1_out_ap_vld  |  out|    1|      ap_vld|                              nb_pts_reduce_1_out|       pointer|
+----------------------------+-----+-----+------------+-------------------------------------------------+--------------+

