================================================================
== Design Size Report
================================================================

* Instructions per Function for each Compilation Phase
+-------------------------------+-----------------------------+---------------+--------------------+----------------------+--------------------+
| Function                      | Location                    | Compile/Link  | Unroll/Inline      | Performance/Pipeline | Optimizations      |
+-------------------------------+-----------------------------+---------------+--------------------+----------------------+--------------------+
| + ContourApproximation        | contour_approximation.c:55  | 340           | 25,588             | 25,824               | 23,819             |
|    LinearLine                 | contour_approximation.c:5   | 140 (2 calls) | 12,750 (250 calls) | 10,500 (250 calls)   |  8,500 (250 calls) |
|    Distance_Point_Line_Square | contour_approximation.c:45  |  32           |  6,225 (249 calls) |  5,727 (249 calls)   |  4,731 (249 calls) |
|  + PointNbReduction           | contour_approximation.c:152 |  49           |     48             |                      |                    |
|     isDiffer                  | contour_approximation.c:144 |  16           |     16             |                      |                    |
|    isDiffer                   | contour_approximation.c:144 |  16           |     16             |                      |                    |
+-------------------------------+-----------------------------+---------------+--------------------+----------------------+--------------------+

* Description of Compilation Phases
+----------------------+------------------------------------------------------------+
| Compilation Phase    | Description                                                |
+----------------------+------------------------------------------------------------+
| Compile/Link         | All functions are compiled and linked into a single design |
| Unroll/Inline        | After user unroll and inline pragmas are applied           |
| Performance/Pipeline | After performance and pipeline pragmas are applied         |
| Optimizations        | After high level synthesis optimizations                   |
+----------------------+------------------------------------------------------------+

* Design Size Message Settings
+---------------------------------------------+--------+------------------------------------------------------------------+
| Message Setting                             | Value  | Description                                                      |
+---------------------------------------------+--------+------------------------------------------------------------------+
| config_compile -design_size_maximum_warning | 100000 | Show a warning when total design instructions exceeds this value |
+---------------------------------------------+--------+------------------------------------------------------------------+


